#
# A fatal error has been detected by the Java Runtime Environment:
#
#  EXCEPTION_ACCESS_VIOLATION (0xc0000005) at pc=0x00007ffa19173854, pid=19144, tid=15560
#
# JRE version: OpenJDK Runtime Environment Temurin-17.0.7+7 (17.0.7+7) (build 17.0.7+7)
# Java VM: OpenJDK 64-Bit Server VM Temurin-17.0.7+7 (17.0.7+7, mixed mode, sharing, tiered, compressed oops, compressed class ptrs, g1 gc, windows-amd64)
# Problematic frame:
# C  [ig11icd64.dll+0x8b3854]
#
# No core dump will be written. Minidumps are not enabled by default on client versions of Windows
#
# If you would like to submit a bug report, please visit:
#   https://github.com/adoptium/adoptium-support/issues
# The crash happened outside the Java Virtual Machine in native code.
# See problematic frame for where to report the bug.
#

---------------  S U M M A R Y ------------

Command Line: -Dfile.encoding=windows-1252 -Duser.country=US -Duser.language=en -Duser.variant main

Host: Intel(R) Core(TM) i5-1035G7 CPU @ 1.20GHz, 8 cores, 7G,  Windows 11 , 64 bit Build 22621 (10.0.22621.1635)
Time: Sun Jun  4 19:25:09 2023 Eastern Daylight Time elapsed time: 26.478167 seconds (0d 0h 0m 26s)

---------------  T H R E A D  ---------------

Current thread (0x000002281982f9a0):  JavaThread "main" [_thread_in_native, id=15560, stack(0x000000badb600000,0x000000badb700000)]

Stack: [0x000000badb600000,0x000000badb700000],  sp=0x000000badb6fe670,  free space=1017k
Native frames: (J=compiled Java code, j=interpreted, Vv=VM code, C=native code)
C  [ig11icd64.dll+0x8b3854]

Java frames: (J=compiled Java code, j=interpreted, Vv=VM code)
j  org.lwjgl.system.JNI.callPV(IIII[FJ)V+0
j  org.lwjgl.opengl.GL11C.glGetTexImage(IIII[F)V+28
j  org.lwjgl.opengl.GL11.glGetTexImage(IIII[F)V+6
j  modules.CA.RDCA.RDCA_NextGen_ComputeShader.get_texture_values()[F+24
j  modules.CA.RDCA.RDCA_NextGen_ComputeShader.computeNextGen([[F[[F)V+77
j  modules.CA.RDCA.RDCA.computeNextGen()V+12
j  modules.CA.RDCA.RDCA.init()V+244
J 928 c1 modules.GUI.SubGUI.CA_Console.render(Limgui/ImBool;)V (284 bytes) @ 0x0000022821469f04 [0x0000022821468e40+0x00000000000010c4]
J 914 c1 modules.GUI.MainGUI.handleToggles()V (71 bytes) @ 0x0000022821466e5c [0x0000022821466c20+0x000000000000023c]
J 887 c1 modules.GUI.MainGUI.renderGUI()V (102 bytes) @ 0x000002282146076c [0x0000022821460240+0x000000000000052c]
J 840 c1 modules.Window.customRender(F)V (11 bytes) @ 0x0000022821454294 [0x0000022821453f40+0x0000000000000354]
j  modules.Window.loop()V+60
j  modules.Window.run()V+48
j  main.main([Ljava/lang/String;)V+8
v  ~StubRoutines::call_stub

siginfo: EXCEPTION_ACCESS_VIOLATION (0xc0000005), reading address 0xffffffffffffffff


Register to memory mapping:

RIP=0x00007ffa19173854 ig11icd64.dll
RAX=0x4000000000000000 is an unknown value
RBX=0x0000000000000080 is an unknown value
RCX=0x0000022841bb5a90 points into unknown readable memory: 0x4000000000000000 | 00 00 00 00 00 00 00 40
RDX=0x0 is NULL
RSP=0x000000badb6fe670 is pointing into the stack for thread: 0x000002281982f9a0
RBP=0x000000badb6fe770 is pointing into the stack for thread: 0x000002281982f9a0
RSI=0x0000000000000001 is an unknown value
RDI=0x0000000000000001 is an unknown value
R8 =0x0000022841967bf8 points into unknown readable memory: 0x0000000400000000 | 00 00 00 00 04 00 00 00
R9 =0x0000000000000001 is an unknown value
R10=0x0000000000000003 is an unknown value
R11=0x000000badb6fe650 is pointing into the stack for thread: 0x000002281982f9a0
R12=0x0 is NULL
R13=0x0000000000000001 is an unknown value
R14=0x0000000000000018 is an unknown value
R15=0x0000000000000003 is an unknown value


Registers:
RAX=0x4000000000000000, RBX=0x0000000000000080, RCX=0x0000022841bb5a90, RDX=0x0000000000000000
RSP=0x000000badb6fe670, RBP=0x000000badb6fe770, RSI=0x0000000000000001, RDI=0x0000000000000001
R8 =0x0000022841967bf8, R9 =0x0000000000000001, R10=0x0000000000000003, R11=0x000000badb6fe650
R12=0x0000000000000000, R13=0x0000000000000001, R14=0x0000000000000018, R15=0x0000000000000003
RIP=0x00007ffa19173854, EFLAGS=0x0000000000010246

Top of Stack: (sp=0x000000badb6fe670)
0x000000badb6fe670:   000002283c7175a0 0000000000000000
0x000000badb6fe680:   0000000000000000 0000000000000000
0x000000badb6fe690:   0000000000000000 0000000000000004
0x000000badb6fe6a0:   000074da00000003 0000000000000001
0x000000badb6fe6b0:   000000000000000a 0000000000000007
0x000000badb6fe6c0:   0000022841bb5a50 000074da00000000
0x000000badb6fe6d0:   0000022841bb5a90 0000022841b81640
0x000000badb6fe6e0:   0000000000000000 0000022841967bf8
0x000000badb6fe6f0:   0000000000000080 000002283c6fe740
0x000000badb6fe700:   0000022800000000 0000022841bb5a50
0x000000badb6fe710:   000000000000000a 00007ffa00000000
0x000000badb6fe720:   0000022841967bf8 0000000000000001
0x000000badb6fe730:   00007ffa19804880 000002283c7175a0
0x000000badb6fe740:   0000022841967c08 0000022800000004
0x000000badb6fe750:   0000022800000003 00007ffa00000001
0x000000badb6fe760:   0000000000000000 000000000000000a 

Instructions: (pc=0x00007ffa19173854)
0x00007ffa19173754:   8d 85 40 01 00 00 48 89 45 f8 33 d2 48 8d 4d d0
0x00007ffa19173764:   e8 37 f4 11 00 90 48 8d 05 cf c8 46 00 48 89 45
0x00007ffa19173774:   d0 48 8b 45 88 48 89 98 c8 8e 01 00 e9 86 00 00
0x00007ffa19173784:   00 48 8b 45 88 48 8b 98 c8 8e 01 00 48 8d 8d 40
0x00007ffa19173794:   01 00 00 48 89 88 c8 8e 01 00 48 8d 4d 40 e8 39
0x00007ffa191737a4:   4f 12 00 48 8b 45 88 48 89 98 c8 8e 01 00 eb 57
0x00007ffa191737b4:   48 8d 4d 40 e8 93 4c 12 00 eb 4c 48 8d 4d 40 e8
0x00007ffa191737c4:   78 80 12 00 eb 41 48 8b 45 88 48 8b 98 c8 8e 01
0x00007ffa191737d4:   00 48 8d 8d 40 01 00 00 48 89 88 c8 8e 01 00 48
0x00007ffa191737e4:   8d 4d 40 e8 c4 53 12 00 48 8b 45 88 48 89 98 c8
0x00007ffa191737f4:   8e 01 00 eb 12 4c 8d 85 40 01 00 00 8b d3 48 8d
0x00007ffa19173804:   4d 40 e8 a5 6e 16 00 ff c6 48 ff c7 49 83 c6 18
0x00007ffa19173814:   48 3b 7d b8 8b 4d 84 4c 8b 45 b0 8b 5d 80 0f 8c
0x00007ffa19173824:   b8 fd ff ff 45 84 e4 74 16 48 8b 8d 88 00 00 00
0x00007ffa19173834:   48 8b 01 b2 01 48 8b 40 78 ff 15 bd bd 24 00 45
0x00007ffa19173844:   84 ed 74 16 48 8b 8d 90 00 00 00 48 8b 01 33 d2
0x00007ffa19173854:   48 8b 40 78 ff 15 a2 bd 24 00 48 8b 05 eb 89 5a
0x00007ffa19173864:   00 83 b8 a8 02 00 00 00 7e 10 48 8d 15 43 2a 4d
0x00007ffa19173874:   00 48 8b 4d 98 e8 62 fb 12 00 48 8b 45 c8 48 c7
0x00007ffa19173884:   40 68 00 00 00 00 bf 01 00 00 00 48 8d 05 72 c9
0x00007ffa19173894:   46 00 48 89 45 40 48 8b 8d 88 00 00 00 48 85 c9
0x00007ffa191738a4:   74 19 48 8b 01 8b d7 48 8b 00 ff 15 4c bd 24 00
0x00007ffa191738b4:   48 c7 85 88 00 00 00 00 00 00 00 48 8b 8d 90 00
0x00007ffa191738c4:   00 00 48 85 c9 74 0e 48 8b 01 8b d7 48 8b 00 ff
0x00007ffa191738d4:   15 27 bd 24 00 48 8b 8d 78 01 00 00 48 33 cc e8
0x00007ffa191738e4:   c8 a9 c4 ff 48 81 c4 88 02 00 00 41 5f 41 5e 41
0x00007ffa191738f4:   5d 41 5c 5f 5e 5b 5d c3 8a 38 8b 00 62 36 8b 00
0x00007ffa19173904:   b4 37 8b 00 85 37 8b 00 bf 37 8b 00 0b 38 8b 00
0x00007ffa19173914:   0b 38 8b 00 05 37 8b 00 ca 37 8b 00 0b 38 8b 00
0x00007ffa19173924:   0b 38 8b 00 0b 38 8b 00 0b 38 8b 00 f9 37 8b 00
0x00007ffa19173934:   cc cc cc cc cc cc cc cc cc cc cc cc 48 89 5c 24
0x00007ffa19173944:   08 48 89 74 24 10 48 89 7c 24 18 4c 89 64 24 20 


Stack slot to memory mapping:
stack at sp + 0 slots: 0x000002283c7175a0 points into unknown readable memory: 0x0000000000000000 | 00 00 00 00 00 00 00 00
stack at sp + 1 slots: 0x0 is NULL
stack at sp + 2 slots: 0x0 is NULL
stack at sp + 3 slots: 0x0 is NULL
stack at sp + 4 slots: 0x0 is NULL
stack at sp + 5 slots: 0x0000000000000004 is an unknown value
stack at sp + 6 slots: 0x000074da00000003 is an unknown value
stack at sp + 7 slots: 0x0000000000000001 is an unknown value


---------------  P R O C E S S  ---------------

Threads class SMR info:
_java_thread_list=0x000002283c6b2fe0, length=12, elements={
0x000002281982f9a0, 0x0000022837892d60, 0x0000022837893910, 0x00000228378ac4b0,
0x00000228378add80, 0x00000228378ae640, 0x00000228378aef00, 0x00000228378b0b00,
0x00000228378b8100, 0x00000228378c6b50, 0x0000022837b00790, 0x0000022837b02c60
}

Java Threads: ( => current thread )
=>0x000002281982f9a0 JavaThread "main" [_thread_in_native, id=15560, stack(0x000000badb600000,0x000000badb700000)]
  0x0000022837892d60 JavaThread "Reference Handler" daemon [_thread_blocked, id=2428, stack(0x000000badbd00000,0x000000badbe00000)]
  0x0000022837893910 JavaThread "Finalizer" daemon [_thread_blocked, id=11984, stack(0x000000badbe00000,0x000000badbf00000)]
  0x00000228378ac4b0 JavaThread "Signal Dispatcher" daemon [_thread_blocked, id=10012, stack(0x000000badbf00000,0x000000badc000000)]
  0x00000228378add80 JavaThread "Attach Listener" daemon [_thread_blocked, id=10292, stack(0x000000badc000000,0x000000badc100000)]
  0x00000228378ae640 JavaThread "Service Thread" daemon [_thread_blocked, id=18096, stack(0x000000badc100000,0x000000badc200000)]
  0x00000228378aef00 JavaThread "Monitor Deflation Thread" daemon [_thread_blocked, id=13596, stack(0x000000badc200000,0x000000badc300000)]
  0x00000228378b0b00 JavaThread "C2 CompilerThread0" daemon [_thread_blocked, id=7924, stack(0x000000badc300000,0x000000badc400000)]
  0x00000228378b8100 JavaThread "C1 CompilerThread0" daemon [_thread_blocked, id=17388, stack(0x000000badc400000,0x000000badc500000)]
  0x00000228378c6b50 JavaThread "Sweeper thread" daemon [_thread_blocked, id=19196, stack(0x000000badc500000,0x000000badc600000)]
  0x0000022837b00790 JavaThread "Notification Thread" daemon [_thread_blocked, id=11960, stack(0x000000badc600000,0x000000badc700000)]
  0x0000022837b02c60 JavaThread "Common-Cleaner" daemon [_thread_blocked, id=17072, stack(0x000000badc800000,0x000000badc900000)]

Other Threads:
  0x000002283788d2b0 VMThread "VM Thread" [stack: 0x000000badbc00000,0x000000badbd00000] [id=3816]
  0x0000022837897880 WatcherThread [stack: 0x000000badc700000,0x000000badc800000] [id=15748]
  0x0000022819887b00 GCTaskThread "GC Thread#0" [stack: 0x000000badb700000,0x000000badb800000] [id=17336]
  0x0000022819899f00 ConcurrentGCThread "G1 Main Marker" [stack: 0x000000badb800000,0x000000badb900000] [id=15144]
  0x000002281989b7c0 ConcurrentGCThread "G1 Conc#0" [stack: 0x000000badb900000,0x000000badba00000] [id=3188]
  0x00000228198ee070 ConcurrentGCThread "G1 Refine#0" [stack: 0x000000badba00000,0x000000badbb00000] [id=592]
  0x00000228198ee930 ConcurrentGCThread "G1 Service" [stack: 0x000000badbb00000,0x000000badbc00000] [id=19792]

Threads with active compile tasks:

VM state: not at safepoint (normal execution)

VM Mutex/Monitor currently owned by a thread: None

Heap address: 0x0000000086600000, size: 1946 MB, Compressed Oops mode: 32-bit

CDS archive(s) mapped at: [0x0000000800000000-0x0000000800bc0000-0x0000000800bc0000), size 12320768, SharedBaseAddress: 0x0000000800000000, ArchiveRelocationMode: 0.
Compressed class space mapped at: 0x0000000801000000-0x0000000841000000, reserved size: 1073741824
Narrow klass base: 0x0000000800000000, Narrow klass shift: 0, Narrow klass range: 0x100000000

GC Precious Log:
 CPUs: 8 total, 8 available
 Memory: 7778M
 Large Page Support: Disabled
 NUMA Support: Disabled
 Compressed Oops: Enabled (32-bit)
 Heap Region Size: 1M
 Heap Min Capacity: 8M
 Heap Initial Capacity: 122M
 Heap Max Capacity: 1946M
 Pre-touch: Disabled
 Parallel Workers: 8
 Concurrent Workers: 2
 Concurrent Refinement Workers: 8
 Periodic GC: Disabled

Heap:
 garbage-first heap   total 124928K, used 12288K [0x0000000086600000, 0x0000000100000000)
  region size 1024K, 13 young (13312K), 0 survivors (0K)
 Metaspace       used 5359K, committed 5568K, reserved 1114112K
  class space    used 292K, committed 384K, reserved 1048576K

Heap Regions: E=young(eden), S=young(survivor), O=old, HS=humongous(starts), HC=humongous(continues), CS=collection set, F=free, OA=open archive, CA=closed archive, TAMS=top-at-mark-start (previous, next)
|   0|0x0000000086600000, 0x0000000086600000, 0x0000000086700000|  0%| F|  |TAMS 0x0000000086600000, 0x0000000086600000| Untracked 
|   1|0x0000000086700000, 0x0000000086700000, 0x0000000086800000|  0%| F|  |TAMS 0x0000000086700000, 0x0000000086700000| Untracked 
|   2|0x0000000086800000, 0x0000000086800000, 0x0000000086900000|  0%| F|  |TAMS 0x0000000086800000, 0x0000000086800000| Untracked 
|   3|0x0000000086900000, 0x0000000086900000, 0x0000000086a00000|  0%| F|  |TAMS 0x0000000086900000, 0x0000000086900000| Untracked 
|   4|0x0000000086a00000, 0x0000000086a00000, 0x0000000086b00000|  0%| F|  |TAMS 0x0000000086a00000, 0x0000000086a00000| Untracked 
|   5|0x0000000086b00000, 0x0000000086b00000, 0x0000000086c00000|  0%| F|  |TAMS 0x0000000086b00000, 0x0000000086b00000| Untracked 
|   6|0x0000000086c00000, 0x0000000086c00000, 0x0000000086d00000|  0%| F|  |TAMS 0x0000000086c00000, 0x0000000086c00000| Untracked 
|   7|0x0000000086d00000, 0x0000000086d00000, 0x0000000086e00000|  0%| F|  |TAMS 0x0000000086d00000, 0x0000000086d00000| Untracked 
|   8|0x0000000086e00000, 0x0000000086e00000, 0x0000000086f00000|  0%| F|  |TAMS 0x0000000086e00000, 0x0000000086e00000| Untracked 
|   9|0x0000000086f00000, 0x0000000086f00000, 0x0000000087000000|  0%| F|  |TAMS 0x0000000086f00000, 0x0000000086f00000| Untracked 
|  10|0x0000000087000000, 0x0000000087000000, 0x0000000087100000|  0%| F|  |TAMS 0x0000000087000000, 0x0000000087000000| Untracked 
|  11|0x0000000087100000, 0x0000000087100000, 0x0000000087200000|  0%| F|  |TAMS 0x0000000087100000, 0x0000000087100000| Untracked 
|  12|0x0000000087200000, 0x0000000087200000, 0x0000000087300000|  0%| F|  |TAMS 0x0000000087200000, 0x0000000087200000| Untracked 
|  13|0x0000000087300000, 0x0000000087300000, 0x0000000087400000|  0%| F|  |TAMS 0x0000000087300000, 0x0000000087300000| Untracked 
|  14|0x0000000087400000, 0x0000000087400000, 0x0000000087500000|  0%| F|  |TAMS 0x0000000087400000, 0x0000000087400000| Untracked 
|  15|0x0000000087500000, 0x0000000087500000, 0x0000000087600000|  0%| F|  |TAMS 0x0000000087500000, 0x0000000087500000| Untracked 
|  16|0x0000000087600000, 0x0000000087600000, 0x0000000087700000|  0%| F|  |TAMS 0x0000000087600000, 0x0000000087600000| Untracked 
|  17|0x0000000087700000, 0x0000000087700000, 0x0000000087800000|  0%| F|  |TAMS 0x0000000087700000, 0x0000000087700000| Untracked 
|  18|0x0000000087800000, 0x0000000087800000, 0x0000000087900000|  0%| F|  |TAMS 0x0000000087800000, 0x0000000087800000| Untracked 
|  19|0x0000000087900000, 0x0000000087900000, 0x0000000087a00000|  0%| F|  |TAMS 0x0000000087900000, 0x0000000087900000| Untracked 
|  20|0x0000000087a00000, 0x0000000087a00000, 0x0000000087b00000|  0%| F|  |TAMS 0x0000000087a00000, 0x0000000087a00000| Untracked 
|  21|0x0000000087b00000, 0x0000000087b00000, 0x0000000087c00000|  0%| F|  |TAMS 0x0000000087b00000, 0x0000000087b00000| Untracked 
|  22|0x0000000087c00000, 0x0000000087c00000, 0x0000000087d00000|  0%| F|  |TAMS 0x0000000087c00000, 0x0000000087c00000| Untracked 
|  23|0x0000000087d00000, 0x0000000087d00000, 0x0000000087e00000|  0%| F|  |TAMS 0x0000000087d00000, 0x0000000087d00000| Untracked 
|  24|0x0000000087e00000, 0x0000000087e00000, 0x0000000087f00000|  0%| F|  |TAMS 0x0000000087e00000, 0x0000000087e00000| Untracked 
|  25|0x0000000087f00000, 0x0000000087f00000, 0x0000000088000000|  0%| F|  |TAMS 0x0000000087f00000, 0x0000000087f00000| Untracked 
|  26|0x0000000088000000, 0x0000000088000000, 0x0000000088100000|  0%| F|  |TAMS 0x0000000088000000, 0x0000000088000000| Untracked 
|  27|0x0000000088100000, 0x0000000088100000, 0x0000000088200000|  0%| F|  |TAMS 0x0000000088100000, 0x0000000088100000| Untracked 
|  28|0x0000000088200000, 0x0000000088200000, 0x0000000088300000|  0%| F|  |TAMS 0x0000000088200000, 0x0000000088200000| Untracked 
|  29|0x0000000088300000, 0x0000000088300000, 0x0000000088400000|  0%| F|  |TAMS 0x0000000088300000, 0x0000000088300000| Untracked 
|  30|0x0000000088400000, 0x0000000088400000, 0x0000000088500000|  0%| F|  |TAMS 0x0000000088400000, 0x0000000088400000| Untracked 
|  31|0x0000000088500000, 0x0000000088500000, 0x0000000088600000|  0%| F|  |TAMS 0x0000000088500000, 0x0000000088500000| Untracked 
|  32|0x0000000088600000, 0x0000000088600000, 0x0000000088700000|  0%| F|  |TAMS 0x0000000088600000, 0x0000000088600000| Untracked 
|  33|0x0000000088700000, 0x0000000088700000, 0x0000000088800000|  0%| F|  |TAMS 0x0000000088700000, 0x0000000088700000| Untracked 
|  34|0x0000000088800000, 0x0000000088800000, 0x0000000088900000|  0%| F|  |TAMS 0x0000000088800000, 0x0000000088800000| Untracked 
|  35|0x0000000088900000, 0x0000000088900000, 0x0000000088a00000|  0%| F|  |TAMS 0x0000000088900000, 0x0000000088900000| Untracked 
|  36|0x0000000088a00000, 0x0000000088a00000, 0x0000000088b00000|  0%| F|  |TAMS 0x0000000088a00000, 0x0000000088a00000| Untracked 
|  37|0x0000000088b00000, 0x0000000088b00000, 0x0000000088c00000|  0%| F|  |TAMS 0x0000000088b00000, 0x0000000088b00000| Untracked 
|  38|0x0000000088c00000, 0x0000000088c00000, 0x0000000088d00000|  0%| F|  |TAMS 0x0000000088c00000, 0x0000000088c00000| Untracked 
|  39|0x0000000088d00000, 0x0000000088d00000, 0x0000000088e00000|  0%| F|  |TAMS 0x0000000088d00000, 0x0000000088d00000| Untracked 
|  40|0x0000000088e00000, 0x0000000088e00000, 0x0000000088f00000|  0%| F|  |TAMS 0x0000000088e00000, 0x0000000088e00000| Untracked 
|  41|0x0000000088f00000, 0x0000000088f00000, 0x0000000089000000|  0%| F|  |TAMS 0x0000000088f00000, 0x0000000088f00000| Untracked 
|  42|0x0000000089000000, 0x0000000089000000, 0x0000000089100000|  0%| F|  |TAMS 0x0000000089000000, 0x0000000089000000| Untracked 
|  43|0x0000000089100000, 0x0000000089100000, 0x0000000089200000|  0%| F|  |TAMS 0x0000000089100000, 0x0000000089100000| Untracked 
|  44|0x0000000089200000, 0x0000000089200000, 0x0000000089300000|  0%| F|  |TAMS 0x0000000089200000, 0x0000000089200000| Untracked 
|  45|0x0000000089300000, 0x0000000089300000, 0x0000000089400000|  0%| F|  |TAMS 0x0000000089300000, 0x0000000089300000| Untracked 
|  46|0x0000000089400000, 0x0000000089400000, 0x0000000089500000|  0%| F|  |TAMS 0x0000000089400000, 0x0000000089400000| Untracked 
|  47|0x0000000089500000, 0x0000000089500000, 0x0000000089600000|  0%| F|  |TAMS 0x0000000089500000, 0x0000000089500000| Untracked 
|  48|0x0000000089600000, 0x0000000089600000, 0x0000000089700000|  0%| F|  |TAMS 0x0000000089600000, 0x0000000089600000| Untracked 
|  49|0x0000000089700000, 0x0000000089700000, 0x0000000089800000|  0%| F|  |TAMS 0x0000000089700000, 0x0000000089700000| Untracked 
|  50|0x0000000089800000, 0x0000000089800000, 0x0000000089900000|  0%| F|  |TAMS 0x0000000089800000, 0x0000000089800000| Untracked 
|  51|0x0000000089900000, 0x0000000089900000, 0x0000000089a00000|  0%| F|  |TAMS 0x0000000089900000, 0x0000000089900000| Untracked 
|  52|0x0000000089a00000, 0x0000000089a00000, 0x0000000089b00000|  0%| F|  |TAMS 0x0000000089a00000, 0x0000000089a00000| Untracked 
|  53|0x0000000089b00000, 0x0000000089b00000, 0x0000000089c00000|  0%| F|  |TAMS 0x0000000089b00000, 0x0000000089b00000| Untracked 
|  54|0x0000000089c00000, 0x0000000089c00000, 0x0000000089d00000|  0%| F|  |TAMS 0x0000000089c00000, 0x0000000089c00000| Untracked 
|  55|0x0000000089d00000, 0x0000000089d00000, 0x0000000089e00000|  0%| F|  |TAMS 0x0000000089d00000, 0x0000000089d00000| Untracked 
|  56|0x0000000089e00000, 0x0000000089e00000, 0x0000000089f00000|  0%| F|  |TAMS 0x0000000089e00000, 0x0000000089e00000| Untracked 
|  57|0x0000000089f00000, 0x0000000089f00000, 0x000000008a000000|  0%| F|  |TAMS 0x0000000089f00000, 0x0000000089f00000| Untracked 
|  58|0x000000008a000000, 0x000000008a000000, 0x000000008a100000|  0%| F|  |TAMS 0x000000008a000000, 0x000000008a000000| Untracked 
|  59|0x000000008a100000, 0x000000008a100000, 0x000000008a200000|  0%| F|  |TAMS 0x000000008a100000, 0x000000008a100000| Untracked 
|  60|0x000000008a200000, 0x000000008a200000, 0x000000008a300000|  0%| F|  |TAMS 0x000000008a200000, 0x000000008a200000| Untracked 
|  61|0x000000008a300000, 0x000000008a300000, 0x000000008a400000|  0%| F|  |TAMS 0x000000008a300000, 0x000000008a300000| Untracked 
|  62|0x000000008a400000, 0x000000008a400000, 0x000000008a500000|  0%| F|  |TAMS 0x000000008a400000, 0x000000008a400000| Untracked 
|  63|0x000000008a500000, 0x000000008a500000, 0x000000008a600000|  0%| F|  |TAMS 0x000000008a500000, 0x000000008a500000| Untracked 
|  64|0x000000008a600000, 0x000000008a600000, 0x000000008a700000|  0%| F|  |TAMS 0x000000008a600000, 0x000000008a600000| Untracked 
|  65|0x000000008a700000, 0x000000008a700000, 0x000000008a800000|  0%| F|  |TAMS 0x000000008a700000, 0x000000008a700000| Untracked 
|  66|0x000000008a800000, 0x000000008a800000, 0x000000008a900000|  0%| F|  |TAMS 0x000000008a800000, 0x000000008a800000| Untracked 
|  67|0x000000008a900000, 0x000000008a900000, 0x000000008aa00000|  0%| F|  |TAMS 0x000000008a900000, 0x000000008a900000| Untracked 
|  68|0x000000008aa00000, 0x000000008aa00000, 0x000000008ab00000|  0%| F|  |TAMS 0x000000008aa00000, 0x000000008aa00000| Untracked 
|  69|0x000000008ab00000, 0x000000008ab00000, 0x000000008ac00000|  0%| F|  |TAMS 0x000000008ab00000, 0x000000008ab00000| Untracked 
|  70|0x000000008ac00000, 0x000000008ac00000, 0x000000008ad00000|  0%| F|  |TAMS 0x000000008ac00000, 0x000000008ac00000| Untracked 
|  71|0x000000008ad00000, 0x000000008ad00000, 0x000000008ae00000|  0%| F|  |TAMS 0x000000008ad00000, 0x000000008ad00000| Untracked 
|  72|0x000000008ae00000, 0x000000008ae00000, 0x000000008af00000|  0%| F|  |TAMS 0x000000008ae00000, 0x000000008ae00000| Untracked 
|  73|0x000000008af00000, 0x000000008af00000, 0x000000008b000000|  0%| F|  |TAMS 0x000000008af00000, 0x000000008af00000| Untracked 
|  74|0x000000008b000000, 0x000000008b000000, 0x000000008b100000|  0%| F|  |TAMS 0x000000008b000000, 0x000000008b000000| Untracked 
|  75|0x000000008b100000, 0x000000008b100000, 0x000000008b200000|  0%| F|  |TAMS 0x000000008b100000, 0x000000008b100000| Untracked 
|  76|0x000000008b200000, 0x000000008b200000, 0x000000008b300000|  0%| F|  |TAMS 0x000000008b200000, 0x000000008b200000| Untracked 
|  77|0x000000008b300000, 0x000000008b300000, 0x000000008b400000|  0%| F|  |TAMS 0x000000008b300000, 0x000000008b300000| Untracked 
|  78|0x000000008b400000, 0x000000008b400000, 0x000000008b500000|  0%| F|  |TAMS 0x000000008b400000, 0x000000008b400000| Untracked 
|  79|0x000000008b500000, 0x000000008b500000, 0x000000008b600000|  0%| F|  |TAMS 0x000000008b500000, 0x000000008b500000| Untracked 
|  80|0x000000008b600000, 0x000000008b600000, 0x000000008b700000|  0%| F|  |TAMS 0x000000008b600000, 0x000000008b600000| Untracked 
|  81|0x000000008b700000, 0x000000008b700000, 0x000000008b800000|  0%| F|  |TAMS 0x000000008b700000, 0x000000008b700000| Untracked 
|  82|0x000000008b800000, 0x000000008b800000, 0x000000008b900000|  0%| F|  |TAMS 0x000000008b800000, 0x000000008b800000| Untracked 
|  83|0x000000008b900000, 0x000000008b900000, 0x000000008ba00000|  0%| F|  |TAMS 0x000000008b900000, 0x000000008b900000| Untracked 
|  84|0x000000008ba00000, 0x000000008ba00000, 0x000000008bb00000|  0%| F|  |TAMS 0x000000008ba00000, 0x000000008ba00000| Untracked 
|  85|0x000000008bb00000, 0x000000008bb00000, 0x000000008bc00000|  0%| F|  |TAMS 0x000000008bb00000, 0x000000008bb00000| Untracked 
|  86|0x000000008bc00000, 0x000000008bc00000, 0x000000008bd00000|  0%| F|  |TAMS 0x000000008bc00000, 0x000000008bc00000| Untracked 
|  87|0x000000008bd00000, 0x000000008bd00000, 0x000000008be00000|  0%| F|  |TAMS 0x000000008bd00000, 0x000000008bd00000| Untracked 
|  88|0x000000008be00000, 0x000000008be00000, 0x000000008bf00000|  0%| F|  |TAMS 0x000000008be00000, 0x000000008be00000| Untracked 
|  89|0x000000008bf00000, 0x000000008bf00000, 0x000000008c000000|  0%| F|  |TAMS 0x000000008bf00000, 0x000000008bf00000| Untracked 
|  90|0x000000008c000000, 0x000000008c000000, 0x000000008c100000|  0%| F|  |TAMS 0x000000008c000000, 0x000000008c000000| Untracked 
|  91|0x000000008c100000, 0x000000008c100000, 0x000000008c200000|  0%| F|  |TAMS 0x000000008c100000, 0x000000008c100000| Untracked 
|  92|0x000000008c200000, 0x000000008c200000, 0x000000008c300000|  0%| F|  |TAMS 0x000000008c200000, 0x000000008c200000| Untracked 
|  93|0x000000008c300000, 0x000000008c300000, 0x000000008c400000|  0%| F|  |TAMS 0x000000008c300000, 0x000000008c300000| Untracked 
|  94|0x000000008c400000, 0x000000008c400000, 0x000000008c500000|  0%| F|  |TAMS 0x000000008c400000, 0x000000008c400000| Untracked 
|  95|0x000000008c500000, 0x000000008c500000, 0x000000008c600000|  0%| F|  |TAMS 0x000000008c500000, 0x000000008c500000| Untracked 
|  96|0x000000008c600000, 0x000000008c600000, 0x000000008c700000|  0%| F|  |TAMS 0x000000008c600000, 0x000000008c600000| Untracked 
|  97|0x000000008c700000, 0x000000008c700000, 0x000000008c800000|  0%| F|  |TAMS 0x000000008c700000, 0x000000008c700000| Untracked 
|  98|0x000000008c800000, 0x000000008c800000, 0x000000008c900000|  0%| F|  |TAMS 0x000000008c800000, 0x000000008c800000| Untracked 
|  99|0x000000008c900000, 0x000000008c900000, 0x000000008ca00000|  0%| F|  |TAMS 0x000000008c900000, 0x000000008c900000| Untracked 
| 100|0x000000008ca00000, 0x000000008ca00000, 0x000000008cb00000|  0%| F|  |TAMS 0x000000008ca00000, 0x000000008ca00000| Untracked 
| 101|0x000000008cb00000, 0x000000008cb00000, 0x000000008cc00000|  0%| F|  |TAMS 0x000000008cb00000, 0x000000008cb00000| Untracked 
| 102|0x000000008cc00000, 0x000000008cc00000, 0x000000008cd00000|  0%| F|  |TAMS 0x000000008cc00000, 0x000000008cc00000| Untracked 
| 103|0x000000008cd00000, 0x000000008cd00000, 0x000000008ce00000|  0%| F|  |TAMS 0x000000008cd00000, 0x000000008cd00000| Untracked 
| 104|0x000000008ce00000, 0x000000008ce00000, 0x000000008cf00000|  0%| F|  |TAMS 0x000000008ce00000, 0x000000008ce00000| Untracked 
| 105|0x000000008cf00000, 0x000000008cf00000, 0x000000008d000000|  0%| F|  |TAMS 0x000000008cf00000, 0x000000008cf00000| Untracked 
| 106|0x000000008d000000, 0x000000008d000000, 0x000000008d100000|  0%| F|  |TAMS 0x000000008d000000, 0x000000008d000000| Untracked 
| 107|0x000000008d100000, 0x000000008d100000, 0x000000008d200000|  0%| F|  |TAMS 0x000000008d100000, 0x000000008d100000| Untracked 
| 108|0x000000008d200000, 0x000000008d200000, 0x000000008d300000|  0%| F|  |TAMS 0x000000008d200000, 0x000000008d200000| Untracked 
| 109|0x000000008d300000, 0x000000008d376838, 0x000000008d400000| 46%| E|  |TAMS 0x000000008d300000, 0x000000008d300000| Complete 
| 110|0x000000008d400000, 0x000000008d500000, 0x000000008d500000|100%| E|CS|TAMS 0x000000008d400000, 0x000000008d400000| Complete 
| 111|0x000000008d500000, 0x000000008d600000, 0x000000008d600000|100%| E|CS|TAMS 0x000000008d500000, 0x000000008d500000| Complete 
| 112|0x000000008d600000, 0x000000008d700000, 0x000000008d700000|100%| E|CS|TAMS 0x000000008d600000, 0x000000008d600000| Complete 
| 113|0x000000008d700000, 0x000000008d800000, 0x000000008d800000|100%| E|CS|TAMS 0x000000008d700000, 0x000000008d700000| Complete 
| 114|0x000000008d800000, 0x000000008d900000, 0x000000008d900000|100%| E|CS|TAMS 0x000000008d800000, 0x000000008d800000| Complete 
| 115|0x000000008d900000, 0x000000008da00000, 0x000000008da00000|100%| E|CS|TAMS 0x000000008d900000, 0x000000008d900000| Complete 
| 116|0x000000008da00000, 0x000000008db00000, 0x000000008db00000|100%| E|CS|TAMS 0x000000008da00000, 0x000000008da00000| Complete 
| 117|0x000000008db00000, 0x000000008dc00000, 0x000000008dc00000|100%| E|CS|TAMS 0x000000008db00000, 0x000000008db00000| Complete 
| 118|0x000000008dc00000, 0x000000008dd00000, 0x000000008dd00000|100%| E|CS|TAMS 0x000000008dc00000, 0x000000008dc00000| Complete 
| 119|0x000000008dd00000, 0x000000008de00000, 0x000000008de00000|100%| E|CS|TAMS 0x000000008dd00000, 0x000000008dd00000| Complete 
| 120|0x000000008de00000, 0x000000008df00000, 0x000000008df00000|100%| E|CS|TAMS 0x000000008de00000, 0x000000008de00000| Complete 
| 121|0x000000008df00000, 0x000000008e000000, 0x000000008e000000|100%| E|CS|TAMS 0x000000008df00000, 0x000000008df00000| Complete 

Card table byte_map: [0x0000022830a20000,0x0000022830df0000] _byte_map_base: 0x00000228305ed000

Marking Bits (Prev, Next): (CMBitMap*) 0x0000022819888110, (CMBitMap*) 0x0000022819888150
 Prev Bits: [0x00000228311c0000, 0x0000022833028000)
 Next Bits: [0x0000022833030000, 0x0000022834e98000)

Polling page: 0x0000022818ff0000

Metaspace:

Usage:
  Non-class:      4.95 MB used.
      Class:    292.57 KB used.
       Both:      5.23 MB used.

Virtual space:
  Non-class space:       64.00 MB reserved,       5.06 MB (  8%) committed,  1 nodes.
      Class space:        1.00 GB reserved,     384.00 KB ( <1%) committed,  1 nodes.
             Both:        1.06 GB reserved,       5.44 MB ( <1%) committed. 

Chunk freelists:
   Non-Class:  8.83 MB
       Class:  15.57 MB
        Both:  24.40 MB

MaxMetaspaceSize: unlimited
CompressedClassSpaceSize: 1.00 GB
Initial GC threshold: 21.00 MB
Current GC threshold: 21.00 MB
CDS: on
MetaspaceReclaimPolicy: balanced
 - commit_granule_bytes: 65536.
 - commit_granule_words: 8192.
 - virtual_space_node_default_size: 8388608.
 - enlarge_chunks_in_place: 1.
 - new_chunks_are_fully_committed: 0.
 - uncommit_free_chunks: 1.
 - use_allocation_guard: 0.
 - handle_deallocations: 1.


Internal statistics:

num_allocs_failed_limit: 0.
num_arena_births: 118.
num_arena_deaths: 0.
num_vsnodes_births: 2.
num_vsnodes_deaths: 0.
num_space_committed: 85.
num_space_uncommitted: 0.
num_chunks_returned_to_freelist: 0.
num_chunks_taken_from_freelist: 265.
num_chunk_merges: 0.
num_chunk_splits: 179.
num_chunks_enlarged: 119.
num_inconsistent_stats: 0.

CodeHeap 'non-profiled nmethods': size=120000Kb used=333Kb max_used=333Kb free=119666Kb
 bounds [0x0000022828de0000, 0x0000022829050000, 0x0000022830310000]
CodeHeap 'profiled nmethods': size=120000Kb used=1518Kb max_used=1518Kb free=118481Kb
 bounds [0x0000022821310000, 0x0000022821580000, 0x0000022828840000]
CodeHeap 'non-nmethods': size=5760Kb used=1772Kb max_used=1786Kb free=3987Kb
 bounds [0x0000022828840000, 0x0000022828ab0000, 0x0000022828de0000]
 total_blobs=2249 nmethods=1006 adapters=1156
 compilation: enabled
              stopped_count=0, restarted_count=0
 full_count=0

Compilation events (20 events):
Event: 23.139 Thread 0x00000228378b8100  997       3       java.lang.StringConcatHelper::newArray (40 bytes)
Event: 23.140 Thread 0x00000228378b8100 nmethod 997 0x0000022821480310 code [0x00000228214804e0, 0x0000022821480838]
Event: 23.257 Thread 0x00000228378b8100  998       1       jdk.internal.math.FloatingDecimal$BinaryToASCIIBuffer::setSign (6 bytes)
Event: 23.257 Thread 0x00000228378b8100 nmethod 998 0x0000022828e33210 code [0x0000022828e333a0, 0x0000022828e33478]
Event: 24.223 Thread 0x00000228378b8100  999       3       java.lang.invoke.DirectMethodHandle$Holder::invokeStatic (17 bytes)
Event: 24.224 Thread 0x00000228378b8100 nmethod 999 0x0000022821480910 code [0x0000022821480ae0, 0x0000022821480f98]
Event: 24.224 Thread 0x00000228378b8100 1000       3       java.lang.invoke.LambdaForm$MH/0x0000000801001c00::invoke (32 bytes)
Event: 24.224 Thread 0x00000228378b8100 nmethod 1000 0x0000022821481090 code [0x0000022821481260, 0x0000022821481738]
Event: 24.672 Thread 0x00000228378b8100 1001       3       modules.GUI.SubGUI.Settings::render (266 bytes)
Event: 24.673 Thread 0x00000228378b8100 nmethod 1001 0x0000022821481890 code [0x0000022821481f00, 0x0000022821484758]
Event: 25.239 Thread 0x00000228378b8100 1002       3       java.lang.Integer::numberOfTrailingZeros (80 bytes)
Event: 25.239 Thread 0x00000228378b8100 nmethod 1002 0x0000022821485490 code [0x0000022821485640, 0x00000228214858b8]
Event: 25.289 Thread 0x00000228378b8100 1003       3       jdk.internal.math.FloatingDecimal$BinaryToASCIIBuffer::toJavaFormatString (23 bytes)
Event: 25.289 Thread 0x00000228378b8100 nmethod 1003 0x0000022821485990 code [0x0000022821485b40, 0x0000022821485d38]
Event: 25.289 Thread 0x00000228378b8100 1004       3       jdk.internal.math.FloatingDecimal$BinaryToASCIIBuffer::getChars (502 bytes)
Event: 25.290 Thread 0x00000228378b8100 nmethod 1004 0x0000022821485e10 code [0x00000228214860a0, 0x0000022821487118]
Event: 25.390 Thread 0x00000228378b8100 1006       3       jdk.internal.math.FloatingDecimal$BinaryToASCIIBuffer::dtoa (1509 bytes)
Event: 25.393 Thread 0x00000228378b8100 nmethod 1006 0x0000022821487790 code [0x0000022821487c20, 0x000002282148a498]
Event: 25.393 Thread 0x00000228378b8100 1005       3       jdk.internal.math.FloatingDecimal::getBinaryToASCIIBuffer (10 bytes)
Event: 25.393 Thread 0x00000228378b8100 nmethod 1005 0x000002282148b610 code [0x000002282148b7c0, 0x000002282148ba68]

GC Heap History (0 events):
No events

Dll operation events (10 events):
Event: 0.010 Loaded shared library C:\Users\devin\AppData\Local\Programs\Eclipse Adoptium\jdk-17.0.7.7-hotspot\bin\java.dll
Event: 0.027 Loaded shared library C:\Users\devin\AppData\Local\Programs\Eclipse Adoptium\jdk-17.0.7.7-hotspot\bin\jsvml.dll
Event: 0.096 Loaded shared library C:\Users\devin\AppData\Local\Programs\Eclipse Adoptium\jdk-17.0.7.7-hotspot\bin\net.dll
Event: 0.099 Loaded shared library C:\Users\devin\AppData\Local\Programs\Eclipse Adoptium\jdk-17.0.7.7-hotspot\bin\nio.dll
Event: 0.109 Loaded shared library C:\Users\devin\AppData\Local\Programs\Eclipse Adoptium\jdk-17.0.7.7-hotspot\bin\jimage.dll
Event: 0.151 Loaded shared library C:\Users\devin\AppData\Local\Programs\Eclipse Adoptium\jdk-17.0.7.7-hotspot\bin\zip.dll
Event: 0.280 Loaded shared library C:\Users\devin\AppData\Local\Temp\lwjgl_devin\3.3.2+13\x64\lwjgl.dll
Event: 0.783 Loaded shared library C:\Users\devin\AppData\Local\Temp\lwjgl_devin\3.3.2+13\x64\lwjgl_opengl.dll
Event: 0.901 Loaded shared library C:\Users\devin\AppData\Local\Temp\imgui-java-bin_devin\imgui-java64.dll
Event: 13.362 Loaded shared library C:\Users\devin\AppData\Local\Programs\Eclipse Adoptium\jdk-17.0.7.7-hotspot\bin\verify.dll

Deoptimization events (14 events):
Event: 0.269 Thread 0x000002281982f9a0 Uncommon trap: trap_request=0xffffff45 fr.pc=0x0000022828df87e4 relative=0x0000000000000064
Event: 0.269 Thread 0x000002281982f9a0 Uncommon trap: reason=unstable_if action=reinterpret pc=0x0000022828df87e4 method=java.io.WinNTFileSystem.isSlash(C)Z @ 9 c2
Event: 0.270 Thread 0x000002281982f9a0 DEOPT PACKING pc=0x0000022828df87e4 sp=0x000000badb6fb720
Event: 0.270 Thread 0x000002281982f9a0 DEOPT UNPACKING pc=0x000002282889a1a3 sp=0x000000badb6fb6a8 mode 2
Event: 0.932 Thread 0x000002281982f9a0 DEOPT PACKING pc=0x00000228213797e5 sp=0x000000badb6f4170
Event: 0.932 Thread 0x000002281982f9a0 DEOPT UNPACKING pc=0x000002282889ace3 sp=0x000000badb6f35c0 mode 0
Event: 13.367 Thread 0x000002281982f9a0 Uncommon trap: trap_request=0xffffff45 fr.pc=0x0000022828e08a8c relative=0x000000000000054c
Event: 13.367 Thread 0x000002281982f9a0 Uncommon trap: reason=unstable_if action=reinterpret pc=0x0000022828e08a8c method=java.lang.AbstractStringBuilder.putStringAt(ILjava/lang/String;II)V @ 8 c2
Event: 13.367 Thread 0x000002281982f9a0 DEOPT PACKING pc=0x0000022828e08a8c sp=0x000000badb6fe970
Event: 13.367 Thread 0x000002281982f9a0 DEOPT UNPACKING pc=0x000002282889a1a3 sp=0x000000badb6fe7f8 mode 2
Event: 13.367 Thread 0x000002281982f9a0 Uncommon trap: trap_request=0xffffff45 fr.pc=0x0000022828e0a004 relative=0x0000000000000544
Event: 13.367 Thread 0x000002281982f9a0 Uncommon trap: reason=unstable_if action=reinterpret pc=0x0000022828e0a004 method=java.lang.AbstractStringBuilder.putStringAt(ILjava/lang/String;II)V @ 8 c2
Event: 13.367 Thread 0x000002281982f9a0 DEOPT PACKING pc=0x0000022828e0a004 sp=0x000000badb6fe900
Event: 13.367 Thread 0x000002281982f9a0 DEOPT UNPACKING pc=0x000002282889a1a3 sp=0x000000badb6fe7f0 mode 2

Classes unloaded (0 events):
No events

Classes redefined (0 events):
No events

Internal exceptions (20 events):
Event: 0.231 Thread 0x000002281982f9a0 Exception <a 'java/lang/NoSuchMethodError'{0x000000008db3d330}: 'void java.lang.invoke.DirectMethodHandle$Holder.invokeStatic(java.lang.Object, java.lang.Object)'> (0x000000008db3d330) 
thrown [s\src\hotspot\share\interpreter\linkResolver.cpp, line 759]
Event: 0.232 Thread 0x000002281982f9a0 Exception <a 'java/lang/NoSuchMethodError'{0x000000008db42668}: 'void java.lang.invoke.DirectMethodHandle$Holder.invokeSpecial(java.lang.Object, java.lang.Object, java.lang.Object)'> (0x000000008db42668) 
thrown [s\src\hotspot\share\interpreter\linkResolver.cpp, line 759]
Event: 0.236 Thread 0x000002281982f9a0 Exception <a 'java/lang/NoSuchMethodError'{0x000000008db50d38}: 'java.lang.Object java.lang.invoke.DirectMethodHandle$Holder.invokeStatic(java.lang.Object, java.lang.Object, int)'> (0x000000008db50d38) 
thrown [s\src\hotspot\share\interpreter\linkResolver.cpp, line 759]
Event: 0.239 Thread 0x000002281982f9a0 Exception <a 'java/lang/NoSuchMethodError'{0x000000008db5ca28}: 'void java.lang.invoke.DelegatingMethodHandle$Holder.delegate(java.lang.Object, java.lang.Object, int, java.lang.Object)'> (0x000000008db5ca28) 
thrown [s\src\hotspot\share\interpreter\linkResolver.cpp, line 759]
Event: 0.240 Thread 0x000002281982f9a0 Exception <a 'java/lang/NoSuchMethodError'{0x000000008db60c68}: 'int java.lang.invoke.DirectMethodHandle$Holder.invokeSpecial(java.lang.Object, java.lang.Object, java.lang.Object)'> (0x000000008db60c68) 
thrown [s\src\hotspot\share\interpreter\linkResolver.cpp, line 759]
Event: 0.277 Thread 0x000002281982f9a0 Exception <a 'sun/nio/fs/WindowsException'{0x000000008dbb6c88}> (0x000000008dbb6c88) 
thrown [s\src\hotspot\share\prims\jni.cpp, line 516]
Event: 0.278 Thread 0x000002281982f9a0 Exception <a 'sun/nio/fs/WindowsException'{0x000000008dbb71d8}> (0x000000008dbb71d8) 
thrown [s\src\hotspot\share\prims\jni.cpp, line 516]
Event: 0.359 Thread 0x000002281982f9a0 Exception <a 'java/lang/NoSuchMethodError'{0x000000008da74648}: 'int java.lang.invoke.DirectMethodHandle$Holder.invokeStaticInit(java.lang.Object, java.lang.Object, int, long)'> (0x000000008da74648) 
thrown [s\src\hotspot\share\interpreter\linkResolver.cpp, line 759]
Event: 0.363 Thread 0x000002281982f9a0 Exception <a 'java/lang/NoSuchMethodError'{0x000000008da7a428}: 'java.lang.Object java.lang.invoke.DirectMethodHandle$Holder.newInvokeSpecial(java.lang.Object, java.lang.Object, int)'> (0x000000008da7a428) 
thrown [s\src\hotspot\share\interpreter\linkResolver.cpp, line 759]
Event: 0.372 Thread 0x000002281982f9a0 Exception <a 'java/lang/NoSuchMethodError'{0x000000008da8a710}: 'int java.lang.invoke.DirectMethodHandle$Holder.invokeStaticInit(java.lang.Object, java.lang.Object, long, long)'> (0x000000008da8a710) 
thrown [s\src\hotspot\share\interpreter\linkResolver.cpp, line 759]
Event: 0.373 Thread 0x000002281982f9a0 Exception <a 'java/lang/NoSuchMethodError'{0x000000008da90498}: 'java.lang.Object java.lang.invoke.DirectMethodHandle$Holder.newInvokeSpecial(java.lang.Object, java.lang.Object, long)'> (0x000000008da90498) 
thrown [s\src\hotspot\share\interpreter\linkResolver.cpp, line 759]
Event: 0.374 Thread 0x000002281982f9a0 Exception <a 'java/lang/NoSuchMethodError'{0x000000008da93d60}: 'java.lang.Object java.lang.invoke.Invokers$Holder.linkToTargetMethod(java.lang.Object, long, java.lang.Object)'> (0x000000008da93d60) 
thrown [s\src\hotspot\share\interpreter\linkResolver.cpp, line 759]
Event: 0.375 Thread 0x000002281982f9a0 Exception <a 'java/lang/NoSuchMethodError'{0x000000008da9b360}: 'int java.lang.invoke.DirectMethodHandle$Holder.invokeStaticInit(java.lang.Object, java.lang.Object, java.lang.Object, long)'> (0x000000008da9b360) 
thrown [s\src\hotspot\share\interpreter\linkResolver.cpp, line 759]
Event: 0.439 Thread 0x000002281982f9a0 Exception <a 'sun/nio/fs/WindowsException'{0x000000008d95df48}> (0x000000008d95df48) 
thrown [s\src\hotspot\share\prims\jni.cpp, line 516]
Event: 0.439 Thread 0x000002281982f9a0 Exception <a 'sun/nio/fs/WindowsException'{0x000000008d95e2a8}> (0x000000008d95e2a8) 
thrown [s\src\hotspot\share\prims\jni.cpp, line 516]
Event: 0.654 Thread 0x000002281982f9a0 Exception <a 'java/lang/NoSuchMethodError'{0x000000008d9bd180}: 'void java.lang.invoke.DirectMethodHandle$Holder.invokeStatic(java.lang.Object, long, int, int)'> (0x000000008d9bd180) 
thrown [s\src\hotspot\share\interpreter\linkResolver.cpp, line 759]
Event: 0.780 Thread 0x000002281982f9a0 Exception <a 'sun/nio/fs/WindowsException'{0x000000008d802de8}> (0x000000008d802de8) 
thrown [s\src\hotspot\share\prims\jni.cpp, line 516]
Event: 0.780 Thread 0x000002281982f9a0 Exception <a 'sun/nio/fs/WindowsException'{0x000000008d803190}> (0x000000008d803190) 
thrown [s\src\hotspot\share\prims\jni.cpp, line 516]
Event: 0.789 Thread 0x000002281982f9a0 Exception <a 'sun/nio/fs/WindowsException'{0x000000008d80dfd8}> (0x000000008d80dfd8) 
thrown [s\src\hotspot\share\prims\jni.cpp, line 516]
Event: 0.789 Thread 0x000002281982f9a0 Exception <a 'sun/nio/fs/WindowsException'{0x000000008d80e2b8}> (0x000000008d80e2b8) 
thrown [s\src\hotspot\share\prims\jni.cpp, line 516]

VM Operations (20 events):
Event: 0.155 Executing VM operation: HandshakeAllThreads
Event: 0.155 Executing VM operation: HandshakeAllThreads done
Event: 0.269 Executing VM operation: HandshakeAllThreads
Event: 0.269 Executing VM operation: HandshakeAllThreads done
Event: 0.309 Executing VM operation: HandshakeAllThreads
Event: 0.309 Executing VM operation: HandshakeAllThreads done
Event: 1.309 Executing VM operation: Cleanup
Event: 1.309 Executing VM operation: Cleanup done
Event: 8.382 Executing VM operation: Cleanup
Event: 8.382 Executing VM operation: Cleanup done
Event: 13.432 Executing VM operation: Cleanup
Event: 13.433 Executing VM operation: Cleanup done
Event: 18.477 Executing VM operation: Cleanup
Event: 18.477 Executing VM operation: Cleanup done
Event: 19.491 Executing VM operation: Cleanup
Event: 19.491 Executing VM operation: Cleanup done
Event: 20.501 Executing VM operation: Cleanup
Event: 20.501 Executing VM operation: Cleanup done
Event: 25.540 Executing VM operation: Cleanup
Event: 25.540 Executing VM operation: Cleanup done

Events (20 events):
Event: 0.419 loading class java/util/Formatter$FixedString done
Event: 0.439 loading class java/lang/NoSuchFieldError
Event: 0.439 loading class java/lang/NoSuchFieldError done
Event: 0.451 loading class jdk/internal/reflect/UnsafeQualifiedStaticIntegerFieldAccessorImpl
Event: 0.451 loading class jdk/internal/reflect/UnsafeQualifiedStaticIntegerFieldAccessorImpl done
Event: 0.655 Thread 0x000002283c010090 Thread exited: 0x000002283c010090
Event: 0.779 loading class jdk/internal/misc/ScopedMemoryAccess$Scope
Event: 0.779 loading class jdk/internal/misc/ScopedMemoryAccess$Scope done
Event: 0.796 Thread 0x0000022841a8fd80 Thread added: 0x0000022841a8fd80
Event: 0.866 loading class java/io/UncheckedIOException
Event: 0.866 loading class java/io/UncheckedIOException done
Event: 0.868 loading class java/nio/file/StandardCopyOption
Event: 0.869 loading class java/nio/file/StandardCopyOption done
Event: 1.054 Thread 0x0000022841a8fd80 Thread exited: 0x0000022841a8fd80
Event: 13.360 loading class java/io/Externalizable
Event: 13.360 loading class java/io/Externalizable done
Event: 13.367 loading class java/lang/AssertionError
Event: 13.367 loading class java/lang/AssertionError done
Event: 13.411 loading class jdk/internal/math/FDBigInteger
Event: 13.411 loading class jdk/internal/math/FDBigInteger done


Dynamic libraries:
0x00007ff764020000 - 0x00007ff76402e000 	C:\Users\devin\AppData\Local\Programs\Eclipse Adoptium\jdk-17.0.7.7-hotspot\bin\java.exe
0x00007ffa80bf0000 - 0x00007ffa80e04000 	C:\WINDOWS\SYSTEM32\ntdll.dll
0x00007ffa7ec30000 - 0x00007ffa7ecf2000 	C:\WINDOWS\System32\KERNEL32.DLL
0x00007ffa7e240000 - 0x00007ffa7e5e3000 	C:\WINDOWS\System32\KERNELBASE.dll
0x00007ffa7e830000 - 0x00007ffa7e941000 	C:\WINDOWS\System32\ucrtbase.dll
0x00007ffa61240000 - 0x00007ffa61259000 	C:\Users\devin\AppData\Local\Programs\Eclipse Adoptium\jdk-17.0.7.7-hotspot\bin\VCRUNTIME140.dll
0x00007ffa68710000 - 0x00007ffa68727000 	C:\Users\devin\AppData\Local\Programs\Eclipse Adoptium\jdk-17.0.7.7-hotspot\bin\jli.dll
0x00007ffa7f9e0000 - 0x00007ffa7fb8b000 	C:\WINDOWS\System32\USER32.dll
0x00007ffa7e5f0000 - 0x00007ffa7e616000 	C:\WINDOWS\System32\win32u.dll
0x00007ffa60600000 - 0x00007ffa6088e000 	C:\WINDOWS\WinSxS\amd64_microsoft.windows.common-controls_6595b64144ccf1df_6.0.22621.1635_none_270f70857386168e\COMCTL32.dll
0x00007ffa80320000 - 0x00007ffa80349000 	C:\WINDOWS\System32\GDI32.dll
0x00007ffa80af0000 - 0x00007ffa80b97000 	C:\WINDOWS\System32\msvcrt.dll
0x00007ffa7e6a0000 - 0x00007ffa7e7b8000 	C:\WINDOWS\System32\gdi32full.dll
0x00007ffa7e950000 - 0x00007ffa7e9ea000 	C:\WINDOWS\System32\msvcp_win.dll
0x00007ffa7eb00000 - 0x00007ffa7eb31000 	C:\WINDOWS\System32\IMM32.DLL
0x00007ffa76870000 - 0x00007ffa7687c000 	C:\Users\devin\AppData\Local\Programs\Eclipse Adoptium\jdk-17.0.7.7-hotspot\bin\vcruntime140_1.dll
0x00007ffa56bb0000 - 0x00007ffa56c41000 	C:\Users\devin\AppData\Local\Programs\Eclipse Adoptium\jdk-17.0.7.7-hotspot\bin\msvcp140.dll
0x00007ffa2e580000 - 0x00007ffa2f1c8000 	C:\Users\devin\AppData\Local\Programs\Eclipse Adoptium\jdk-17.0.7.7-hotspot\bin\server\jvm.dll
0x00007ffa80a40000 - 0x00007ffa80aee000 	C:\WINDOWS\System32\ADVAPI32.dll
0x00007ffa808a0000 - 0x00007ffa80944000 	C:\WINDOWS\System32\sechost.dll
0x00007ffa7fd30000 - 0x00007ffa7fe47000 	C:\WINDOWS\System32\RPCRT4.dll
0x00007ffa75550000 - 0x00007ffa75584000 	C:\WINDOWS\SYSTEM32\WINMM.dll
0x00007ffa5cfb0000 - 0x00007ffa5cfb9000 	C:\WINDOWS\SYSTEM32\WSOCK32.dll
0x00007ffa6ba00000 - 0x00007ffa6ba0a000 	C:\WINDOWS\SYSTEM32\VERSION.dll
0x00007ffa80820000 - 0x00007ffa80891000 	C:\WINDOWS\System32\WS2_32.dll
0x00007ffa7d020000 - 0x00007ffa7d038000 	C:\WINDOWS\SYSTEM32\kernel.appcore.dll
0x00007ffa68530000 - 0x00007ffa6853a000 	C:\Users\devin\AppData\Local\Programs\Eclipse Adoptium\jdk-17.0.7.7-hotspot\bin\jimage.dll
0x00007ffa7ba30000 - 0x00007ffa7bc5e000 	C:\WINDOWS\SYSTEM32\DBGHELP.DLL
0x00007ffa80490000 - 0x00007ffa80819000 	C:\WINDOWS\System32\combase.dll
0x00007ffa7eb50000 - 0x00007ffa7ec27000 	C:\WINDOWS\System32\OLEAUT32.dll
0x00007ffa5fd70000 - 0x00007ffa5fda2000 	C:\WINDOWS\SYSTEM32\dbgcore.DLL
0x00007ffa7e620000 - 0x00007ffa7e69b000 	C:\WINDOWS\System32\bcryptPrimitives.dll
0x00007ffa5bca0000 - 0x00007ffa5bcc5000 	C:\Users\devin\AppData\Local\Programs\Eclipse Adoptium\jdk-17.0.7.7-hotspot\bin\java.dll
0x00007ffa54c90000 - 0x00007ffa54d66000 	C:\Users\devin\AppData\Local\Programs\Eclipse Adoptium\jdk-17.0.7.7-hotspot\bin\jsvml.dll
0x00007ffa7f1e0000 - 0x00007ffa7f9da000 	C:\WINDOWS\System32\SHELL32.dll
0x00007ffa7bfc0000 - 0x00007ffa7c88e000 	C:\WINDOWS\SYSTEM32\windows.storage.dll
0x00007ffa7be80000 - 0x00007ffa7bfbe000 	C:\WINDOWS\SYSTEM32\wintypes.dll
0x00007ffa7fe50000 - 0x00007ffa7ff41000 	C:\WINDOWS\System32\SHCORE.dll
0x00007ffa7e9f0000 - 0x00007ffa7ea4e000 	C:\WINDOWS\System32\shlwapi.dll
0x00007ffa7df40000 - 0x00007ffa7df61000 	C:\WINDOWS\SYSTEM32\profapi.dll
0x00007ffa61220000 - 0x00007ffa61239000 	C:\Users\devin\AppData\Local\Programs\Eclipse Adoptium\jdk-17.0.7.7-hotspot\bin\net.dll
0x00007ffa755f0000 - 0x00007ffa75727000 	C:\WINDOWS\SYSTEM32\WINHTTP.dll
0x00007ffa7d490000 - 0x00007ffa7d4f9000 	C:\WINDOWS\system32\mswsock.dll
0x00007ffa5a690000 - 0x00007ffa5a6a5000 	C:\Users\devin\AppData\Local\Programs\Eclipse Adoptium\jdk-17.0.7.7-hotspot\bin\nio.dll
0x00007ffa5a670000 - 0x00007ffa5a688000 	C:\Users\devin\AppData\Local\Programs\Eclipse Adoptium\jdk-17.0.7.7-hotspot\bin\zip.dll
0x00007ffa5d1f0000 - 0x00007ffa5d26a000 	C:\Users\devin\AppData\Local\Temp\lwjgl_devin\3.3.2+13\x64\lwjgl.dll
0x00007ffa5a460000 - 0x00007ffa5a4e2000 	C:\Users\devin\AppData\Local\Temp\lwjgl_devin\3.3.2+13\x64\glfw.dll
0x00007ffa5d1a0000 - 0x00007ffa5d1e6000 	C:\WINDOWS\SYSTEM32\dinput8.dll
0x00007ffa76ba0000 - 0x00007ffa76bb1000 	C:\WINDOWS\SYSTEM32\xinput1_4.dll
0x00007ffa7dc10000 - 0x00007ffa7dc5e000 	C:\WINDOWS\SYSTEM32\cfgmgr32.dll
0x00007ffa7dbe0000 - 0x00007ffa7dc0c000 	C:\WINDOWS\SYSTEM32\DEVOBJ.dll
0x00007ffa7b4c0000 - 0x00007ffa7b4eb000 	C:\WINDOWS\SYSTEM32\dwmapi.dll
0x00007ffa6bb80000 - 0x00007ffa6bd81000 	C:\WINDOWS\SYSTEM32\inputhost.dll
0x00007ffa7aac0000 - 0x00007ffa7abf3000 	C:\WINDOWS\SYSTEM32\CoreMessaging.dll
0x00007ffa7b250000 - 0x00007ffa7b2fb000 	C:\WINDOWS\system32\uxtheme.dll
0x00007ffa7d6d0000 - 0x00007ffa7d6dc000 	C:\WINDOWS\SYSTEM32\CRYPTBASE.DLL
0x00007ffa80370000 - 0x00007ffa8048e000 	C:\WINDOWS\System32\MSCTF.dll
0x00007ffa66fd0000 - 0x00007ffa670d0000 	C:\WINDOWS\SYSTEM32\opengl32.dll
0x00007ffa6f730000 - 0x00007ffa6f75d000 	C:\WINDOWS\SYSTEM32\GLU32.dll
0x00007ffa7b370000 - 0x00007ffa7b3a6000 	C:\WINDOWS\SYSTEM32\dxcore.dll
0x00007ffa77bd0000 - 0x00007ffa77c18000 	C:\WINDOWS\SYSTEM32\directxdatabasehelper.dll
0x00007ffa7ea50000 - 0x00007ffa7eb00000 	C:\WINDOWS\System32\clbcatq.dll
0x00007ffa188c0000 - 0x00007ffa198e2000 	C:\WINDOWS\System32\DriverStore\FileRepository\iigd_dch.inf_amd64_d73f88d32ddb95d3\ig11icd64.dll
0x00007ffa7fb90000 - 0x00007ffa7fd2c000 	C:\WINDOWS\System32\ole32.dll
0x00007ffa7b3b0000 - 0x00007ffa7b4a6000 	C:\WINDOWS\system32\dxgi.dll
0x00007ffa184b0000 - 0x00007ffa188b9000 	C:\WINDOWS\System32\DriverStore\FileRepository\iigd_dch.inf_amd64_d73f88d32ddb95d3\igdml64.dll
0x00007ffa6ee80000 - 0x00007ffa6f1b1000 	C:\WINDOWS\System32\DriverStore\FileRepository\iigd_dch.inf_amd64_d73f88d32ddb95d3\igdgmm64.dll
0x00007ffa6c100000 - 0x00007ffa6ee78000 	C:\WINDOWS\System32\DriverStore\FileRepository\iigd_dch.inf_amd64_d73f88d32ddb95d3\igc64.dll
0x00007ffa7dee0000 - 0x00007ffa7df2d000 	C:\WINDOWS\SYSTEM32\powrprof.dll
0x00007ffa7dec0000 - 0x00007ffa7ded3000 	C:\WINDOWS\SYSTEM32\UMPDC.dll
0x00007ffa70b60000 - 0x00007ffa70c8d000 	C:\WINDOWS\SYSTEM32\textinputframework.dll
0x00007ffa76c50000 - 0x00007ffa76fbc000 	C:\WINDOWS\SYSTEM32\CoreUIComponents.dll
0x00007ffa56cf0000 - 0x00007ffa56d59000 	C:\WINDOWS\system32\Oleacc.dll
0x00007ffa5a400000 - 0x00007ffa5a45e000 	C:\Users\devin\AppData\Local\Temp\lwjgl_devin\3.3.2+13\x64\lwjgl_opengl.dll
0x000000006f6c0000 - 0x000000006f872000 	C:\Users\devin\AppData\Local\Temp\imgui-java-bin_devin\imgui-java64.dll
0x00007ffa7d6e0000 - 0x00007ffa7d6fb000 	C:\WINDOWS\SYSTEM32\CRYPTSP.dll
0x00007ffa7cf90000 - 0x00007ffa7cfc5000 	C:\WINDOWS\system32\rsaenh.dll
0x00007ffa78cf0000 - 0x00007ffa78d00000 	C:\Users\devin\AppData\Local\Programs\Eclipse Adoptium\jdk-17.0.7.7-hotspot\bin\verify.dll

dbghelp: loaded successfully - version: 4.0.5 - missing functions: none
symbol engine: initialized successfully - sym options: 0x614 - pdb path: .;C:\Users\devin\AppData\Local\Programs\Eclipse Adoptium\jdk-17.0.7.7-hotspot\bin;C:\WINDOWS\SYSTEM32;C:\WINDOWS\WinSxS\amd64_microsoft.windows.common-controls_6595b64144ccf1df_6.0.22621.1635_none_270f70857386168e;C:\Users\devin\AppData\Local\Programs\Eclipse Adoptium\jdk-17.0.7.7-hotspot\bin\server;C:\Users\devin\AppData\Local\Temp\lwjgl_devin\3.3.2+13\x64;C:\WINDOWS\System32\DriverStore\FileRepository\iigd_dch.inf_amd64_d73f88d32ddb95d3;C:\Users\devin\AppData\Local\Temp\imgui-java-bin_devin

VM Arguments:
jvm_args: -Dfile.encoding=windows-1252 -Duser.country=US -Duser.language=en -Duser.variant 
java_command: main
java_class_path (initial): C:\Users\devin\Downloads\Coding\IntelliJ\Simulation_CA\build\classes\java\main;C:\Users\devin\Downloads\Coding\IntelliJ\Simulation_CA\build\resources\main;C:\Users\devin\.gradle\caches\modules-2\files-2.1\io.imgui.java\lwjgl3\1.76-0.9\e59d2c987f7992b35f69f83e3554590de40c7e79\lwjgl3-1.76-0.9.jar;C:\Users\devin\.gradle\caches\modules-2\files-2.1\io.imgui.java\binding\1.76-0.9\26b8c5547da3642e214d9ace5a6c624e1ed315b7\binding-1.76-0.9.jar;C:\Users\devin\.gradle\caches\modules-2\files-2.1\org.lwjgl\lwjgl-assimp\3.3.2\e5238c13abef6b0fd6e1b4320d3c8cd0c10bfe61\lwjgl-assimp-3.3.2.jar;C:\Users\devin\.gradle\caches\modules-2\files-2.1\org.lwjgl\lwjgl-assimp\3.3.2\54edbc8767bde24b73187c229dbd552228230c8a\lwjgl-assimp-3.3.2-natives-windows.jar;C:\Users\devin\.gradle\caches\modules-2\files-2.1\org.lwjgl\lwjgl-glfw\3.3.2\757920418805fb90bfebb3d46b1d9e7669fca2eb\lwjgl-glfw-3.3.2.jar;C:\Users\devin\.gradle\caches\modules-2\files-2.1\org.lwjgl\lwjgl-glfw\3.3.2\1251e3cb7e5d6159334cfb9244f789ce992f03b\lwjgl-glfw-3.3.2-natives-windows.jar;C:\Users\devin\.gradle\caches\modules-2\files-2.1\org.lwjgl\lwjgl-nfd\3.3.2\ec66452fad5bf48707cbe96c573c6cc3dd8a7a82\lwjgl-nfd-3.3.2.jar;C:\Users\devin\.gradle\caches\modules-2\files-2.1\org.lwjgl\lwjgl-nfd\3.3.2\12c0041066a97f0c74d0f72db1423ac9ea124275\lwjgl-nfd-3.3.2-natives-windows.jar;C:\Users\devin\.gradle\caches\modules-2\files-2.1\org.lwjgl\lwjgl-openal\3.3.2\ae5357ed6d934546d3533993ea84c0cfb75eed95\lwjgl-openal-3.3.2.jar;C:\Users\devin\.gradle\caches\modules-2\files-2.1\org.lwjgl\lwjgl-openal\3.3.2\e74f299a602192faaf14b917632e4cbbb493c940\lwjgl-openal-3.3.2-natives-windows.jar;C:\Users\devin\.gradle\caches\modules-2\files-2.1\org.lwjgl\lwjgl-opengl\3.3.2\ee8e95be0b438602038bc1f02dc5e3d011b1b216\lwjgl-opengl-3.3.2.jar;C:\Users\devin\.gradle\caches\modules-2\files-2.1\org.lwjgl\lwjgl-opengl\3.3.2\83cd34469d4e0bc335bf74c7f62206530a9480bf\lwjgl-opengl-3.3.2-natives-windows.jar;C:\Users\devin\.gradle\caches\modules-2\fil
Launcher Type: SUN_STANDARD

[Global flags]
     intx CICompilerCount                          = 4                                         {product} {ergonomic}
     uint ConcGCThreads                            = 2                                         {product} {ergonomic}
     uint G1ConcRefinementThreads                  = 8                                         {product} {ergonomic}
   size_t G1HeapRegionSize                         = 1048576                                   {product} {ergonomic}
    uintx GCDrainStackTargetSize                   = 64                                        {product} {ergonomic}
   size_t InitialHeapSize                          = 127926272                                 {product} {ergonomic}
   size_t MarkStackSize                            = 4194304                                   {product} {ergonomic}
   size_t MaxHeapSize                              = 2040528896                                {product} {ergonomic}
   size_t MaxNewSize                               = 1223688192                                {product} {ergonomic}
   size_t MinHeapDeltaBytes                        = 1048576                                   {product} {ergonomic}
   size_t MinHeapSize                              = 8388608                                   {product} {ergonomic}
    uintx NonNMethodCodeHeapSize                   = 5839372                                {pd product} {ergonomic}
    uintx NonProfiledCodeHeapSize                  = 122909434                              {pd product} {ergonomic}
    uintx ProfiledCodeHeapSize                     = 122909434                              {pd product} {ergonomic}
    uintx ReservedCodeCacheSize                    = 251658240                              {pd product} {ergonomic}
     bool SegmentedCodeCache                       = true                                      {product} {ergonomic}
   size_t SoftMaxHeapSize                          = 2040528896                             {manageable} {ergonomic}
     bool UseCompressedClassPointers               = true                           {product lp64_product} {ergonomic}
     bool UseCompressedOops                        = true                           {product lp64_product} {ergonomic}
     bool UseG1GC                                  = true                                      {product} {ergonomic}
     bool UseLargePagesIndividualAllocation        = false                                  {pd product} {ergonomic}

Logging:
Log output configuration:
 #0: stdout all=warning uptime,level,tags
 #1: stderr all=off uptime,level,tags

Environment Variables:
JAVA_HOME=C:\Users\devin\AppData\Local\Programs\Eclipse Adoptium\jdk-17.0.7.7-hotspot\
CLASSPATH=.;.;C:\PROGRA~2\JMF21~1.1E\lib\sound.jar;C:\PROGRA~2\JMF21~1.1E\lib\jmf.jar;C:\PROGRA~2\JMF21~1.1E\lib;
PATH=C:\WINDOWS\system32;C:\WINDOWS;C:\WINDOWS\System32\Wbem;C:\WINDOWS\System32\WindowsPowerShell\v1.0\;C:\WINDOWS\System32\OpenSSH\;C:\Program Files\Microsoft SQL Server\150\Tools\Binn\;C:\ProgramData\chocolatey\bin;C:\Program Files\Python311;C:\Users\devin\AppData\Roaming\npm\node_modules;C:\Program Files\Git\cmd;C:\Program Files\Java\jdk-19\bin;C:\Program Files\FFMPEG;C:\Program Files\NodeJS\;C:\Users\devin\AppData\Local\Programs\Eclipse Adoptium\jdk-17.0.7.7-hotspot\bin;C:\Users\devin\AppData\Local\Programs\Python\Python311\Scripts\;C:\Users\devin\AppData\Local\Programs\Python\Python311\;C:\WINDOWS\system32;C:\WINDOWS;C:\WINDOWS\System32\Wbem;C:\WINDOWS\System32\WindowsPowerShell\v1.0\;C:\WINDOWS\System32\OpenSSH\;C:\Program Files\Java\jdk-18.0.2\bin;C:\Program Files\Microsoft SQL Server\150\Tools\Binn\;C:\Users\devin\AppData\Local\Microsoft\WindowsApps;C:\Users\devin\AppData\Local\Programs\Microsoft VS Code\bin;C:\msys64\mingw64\bin;C:\Users\devin\AppData\Roaming\npm\node_modules;C:\tools\dart-sdk\bin;C:\Users\devin\AppData\Roaming\Pub\Cache\bin;;C:\Users\devin\AppData\Local\Microsoft\WindowsApps;C:\Users\devin\AppData\Roaming\npm;C:\Users\devin\AppData\Local\JetBrains\IntelliJ IDEA 2023.1.1\bin;;C:\Program Files\JetBrains\IntelliJ IDEA Community Edition 2023.1.1\bin;
USERNAME=devin
OS=Windows_NT
PROCESSOR_IDENTIFIER=Intel64 Family 6 Model 126 Stepping 5, GenuineIntel
TMP=C:\Users\devin\AppData\Local\Temp
TEMP=C:\Users\devin\AppData\Local\Temp



---------------  S Y S T E M  ---------------

OS:
 Windows 11 , 64 bit Build 22621 (10.0.22621.1635)
OS uptime: 1 days 4:35 hours
Hyper-V role detected

CPU: total 8 (initial active 8) (4 cores per cpu, 2 threads per core) family 6 model 126 stepping 5 microcode 0xb0, cx8, cmov, fxsr, ht, mmx, 3dnowpref, sse, sse2, sse3, ssse3, sse4.1, sse4.2, popcnt, lzcnt, tsc, tscinvbit, avx, avx2, aes, erms, clmul, bmi1, bmi2, adx, avx512f, avx512dq, avx512cd, avx512bw, avx512vl, sha, fma, vzeroupper, avx512_vpopcntdq, avx512_vpclmulqdq, avx512_vaes, avx512_vnni, clflush, clflushopt, avx512_vbmi2, avx512_vbmi, hv

Memory: 4k page, system-wide physical 7778M (556M free)
TotalPageFile size 14117M (AvailPageFile size 2143M)
current process WorkingSet (physical memory assigned to process): 164M, peak: 196M
current process commit charge ("private bytes"): 264M, peak: 272M

vm_info: OpenJDK 64-Bit Server VM (17.0.7+7) for windows-amd64 JRE (17.0.7+7), built on Apr 18 2023 22:10:42 by "temurin" with MS VC++ 16.7 (VS2019)

END.
