#
# A fatal error has been detected by the Java Runtime Environment:
#
#  EXCEPTION_ACCESS_VIOLATION (0xc0000005) at pc=0x00007ffa189485bc, pid=8360, tid=11476
#
# JRE version: OpenJDK Runtime Environment Temurin-17.0.7+7 (17.0.7+7) (build 17.0.7+7)
# Java VM: OpenJDK 64-Bit Server VM Temurin-17.0.7+7 (17.0.7+7, mixed mode, sharing, tiered, compressed oops, compressed class ptrs, g1 gc, windows-amd64)
# Problematic frame:
# C  [ig11icd64.dll+0x885bc]
#
# No core dump will be written. Minidumps are not enabled by default on client versions of Windows
#
# If you would like to submit a bug report, please visit:
#   https://github.com/adoptium/adoptium-support/issues
# The crash happened outside the Java Virtual Machine in native code.
# See problematic frame for where to report the bug.
#

---------------  S U M M A R Y ------------

Command Line: -Dfile.encoding=windows-1252 -Duser.country=US -Duser.language=en -Duser.variant main

Host: Intel(R) Core(TM) i5-1035G7 CPU @ 1.20GHz, 8 cores, 7G,  Windows 11 , 64 bit Build 22621 (10.0.22621.1635)
Time: Sun Jun  4 19:25:44 2023 Eastern Daylight Time elapsed time: 5.758984 seconds (0d 0h 0m 5s)

---------------  T H R E A D  ---------------

Current thread (0x000002b07fb40760):  JavaThread "main" [_thread_in_native, id=11476, stack(0x000000d6ef600000,0x000000d6ef700000)]

Stack: [0x000000d6ef600000,0x000000d6ef700000],  sp=0x000000d6ef6fe1e0,  free space=1016k
Native frames: (J=compiled Java code, j=interpreted, Vv=VM code, C=native code)
C  [ig11icd64.dll+0x885bc]

Java frames: (J=compiled Java code, j=interpreted, Vv=VM code)
j  org.lwjgl.system.JNI.callPV(IIIIIIII[FJ)V+0
j  org.lwjgl.opengl.GL11C.glTexImage2D(IIIIIIII[F)V+36
j  org.lwjgl.opengl.GL11.glTexImage2D(IIIIIIII[F)V+14
j  modules.CA.RDCA.RDCA_NextGen_ComputeShader.set_texture_values([F)V+21
j  modules.CA.RDCA.RDCA_NextGen_ComputeShader.computeNextGen([[F[[F)V+61
j  modules.CA.RDCA.RDCA.computeNextGen()V+12
j  modules.CA.RDCA.RDCA.init()V+244
j  modules.CA.CADriver.setRunningCA(Ljava/lang/String;)V+19
j  modules.GUI.SubGUI.CA_Console.render(Limgui/ImBool;)V+252
j  modules.GUI.MainGUI.handleToggles()V+44
j  modules.GUI.MainGUI.renderGUI()V+95
j  modules.GUI.ImGuiClass.update()V+8
j  modules.Window.customRender(F)V+7
j  modules.Window.loop()V+60
j  modules.Window.run()V+48
j  main.main([Ljava/lang/String;)V+8
v  ~StubRoutines::call_stub

siginfo: EXCEPTION_ACCESS_VIOLATION (0xc0000005), reading address 0x000002b02825e000


Register to memory mapping:

RIP=0x00007ffa189485bc ig11icd64.dll
RAX=0x0000000000000186 is an unknown value
RBX=0x000002b0246d0000 points into unknown readable memory: 0x3f80000000000000 | 00 00 00 00 00 00 80 3f
RCX=0x0 is NULL
RDX=0x000002b02825dfe0 points into unknown readable memory: 0x000002b027e30060 | 60 00 e3 27 b0 02 00 00
RSP=0x000000d6ef6fe1e0 is pointing into the stack for thread: 0x000002b07fb40760
RBP=0x000000d6ef6fe310 is pointing into the stack for thread: 0x000002b07fb40760
RSI=0x0 is NULL
RDI=0x000002b0246dc300 points into unknown readable memory: 0x00ffffff00ffffff | ff ff ff 00 ff ff ff 00
R8 =0x0000000000016800 is an unknown value
R9 =0x00000000000002d0 is an unknown value
R10=0x0000000000000187 is an unknown value
R11=0x000002b022a99214 points into unknown readable memory: 00 00 00 00
R12=0x00000000000001c1 is an unknown value
R13=0x000002b0246d0000 points into unknown readable memory: 0x3f80000000000000 | 00 00 00 00 00 00 80 3f
R14=0x000000d6ef6fe400 is pointing into the stack for thread: 0x000002b07fb40760
R15=0x00007ffa188c0000 ig11icd64.dll


Registers:
RAX=0x0000000000000186, RBX=0x000002b0246d0000, RCX=0x0000000000000000, RDX=0x000002b02825dfe0
RSP=0x000000d6ef6fe1e0, RBP=0x000000d6ef6fe310, RSI=0x0000000000000000, RDI=0x000002b0246dc300
R8 =0x0000000000016800, R9 =0x00000000000002d0, R10=0x0000000000000187, R11=0x000002b022a99214
R12=0x00000000000001c1, R13=0x000002b0246d0000, R14=0x000000d6ef6fe400, R15=0x00007ffa188c0000
RIP=0x00007ffa189485bc, EFLAGS=0x0000000000010207

Top of Stack: (sp=0x000000d6ef6fe1e0)
0x000000d6ef6fe1e0:   0000000000000000 0000000000000000
0x000000d6ef6fe1f0:   0000000000000000 0000000000000000
0x000000d6ef6fe200:   000002b028251ce0 00007ffa19294576
0x000000d6ef6fe210:   0000000000000001 000000d6ef6fe310
0x000000d6ef6fe220:   0000000000000000 0000000000000000
0x000000d6ef6fe230:   000000000000007f 000002b000000001
0x000000d6ef6fe240:   000002b028251ce0 000002b022bef400
0x000000d6ef6fe250:   0000000000000000 0000000000000000
0x000000d6ef6fe260:   00007ffa195e01b8 000002b022a80380
0x000000d6ef6fe270:   0000000300000f00 0000007f00000000
0x000000d6ef6fe280:   0000780000000008 000002b028251ce0
0x000000d6ef6fe290:   0000000822ab007f 00007ffa00007800
0x000000d6ef6fe2a0:   000002b0246d0000 000000d6ef6fe320
0x000000d6ef6fe2b0:   0000000000000003 000000d6ef6fe320
0x000000d6ef6fe2c0:   000000d6ef6fe380 000002b0223a3cd0
0x000000d6ef6fe2d0:   000002b027f72ba0 000002b022ab4c80 

Instructions: (pc=0x00007ffa189485bc)
0x00007ffa189484bc:   00 66 0f 64 c8 f3 0f 6f 02 49 03 d1 66 0f f7 c1
0x00007ffa189484cc:   49 03 f9 41 8b c1 44 8b d1 4c 2b c0 0f 29 74 24
0x00007ffa189484dc:   10 4d 8b c8 0f 29 3c 24 49 c1 e9 07 f6 c2 0f 0f
0x00007ffa189484ec:   84 af 00 00 00 4d 85 c9 74 6b 66 66 0f 1f 84 00
0x00007ffa189484fc:   00 00 00 00 f3 0f 6f 02 41 ff c2 f3 0f 6f 4a 10
0x00007ffa1894850c:   41 8b c2 f3 0f 6f 52 20 f3 0f 6f 5a 30 f3 0f 6f
0x00007ffa1894851c:   62 40 f3 0f 6f 6a 50 f3 0f 6f 72 60 f3 0f 6f 7a
0x00007ffa1894852c:   70 66 0f e7 07 66 0f e7 4f 10 66 0f e7 57 20 66
0x00007ffa1894853c:   0f e7 5f 30 66 0f e7 67 40 66 0f e7 6f 50 66 0f
0x00007ffa1894854c:   e7 77 60 66 0f e7 7f 70 48 83 ef 80 48 83 ea 80
0x00007ffa1894855c:   49 3b c1 72 9f 41 83 e0 7f 0f 84 e0 00 00 00 45
0x00007ffa1894856c:   8b d0 44 8b c9 49 c1 ea 04 4d 85 d2 0f 84 cd 00
0x00007ffa1894857c:   00 00 66 90 f3 0f 6f 02 41 ff c1 48 83 c2 10 41
0x00007ffa1894858c:   8b c1 66 0f e7 07 48 83 c7 10 49 3b c2 72 e5 e9
0x00007ffa1894859c:   ab 00 00 00 4d 85 c9 74 6c 66 66 66 0f 1f 84 00
0x00007ffa189485ac:   00 00 00 00 f3 0f 6f 02 41 ff c2 f3 0f 6f 4a 10
0x00007ffa189485bc:   f3 0f 6f 52 20 f3 0f 6f 5a 30 f3 0f 6f 62 40 f3
0x00007ffa189485cc:   0f 6f 6a 50 f3 0f 6f 72 60 f3 0f 6f 7a 70 48 83
0x00007ffa189485dc:   ea 80 66 0f e7 07 66 0f e7 4f 10 66 0f e7 57 20
0x00007ffa189485ec:   66 0f e7 5f 30 66 0f e7 67 40 66 0f e7 6f 50 66
0x00007ffa189485fc:   0f e7 77 60 66 0f e7 7f 70 48 83 ef 80 41 8b c2
0x00007ffa1894860c:   49 3b c1 72 9f 41 83 e0 7f 74 34 45 8b d0 44 8b
0x00007ffa1894861c:   c9 49 c1 ea 04 4d 85 d2 74 25 66 66 0f 1f 84 00
0x00007ffa1894862c:   00 00 00 00 f3 0f 6f 02 41 ff c1 66 0f e7 07 48
0x00007ffa1894863c:   83 c7 10 41 8b c1 48 83 c2 10 49 3b c2 72 e5 0f
0x00007ffa1894864c:   28 74 24 10 0f 28 3c 24 41 83 e0 0f 74 49 45 8b
0x00007ffa1894865c:   d0 44 8b c9 49 c1 ea 02 4d 85 d2 74 1e 0f 1f 80
0x00007ffa1894866c:   00 00 00 00 8b 02 41 ff c1 89 07 48 83 c2 04 48
0x00007ffa1894867c:   83 c7 04 41 8b c1 49 3b c2 72 e9 41 83 e0 03 76
0x00007ffa1894868c:   16 48 2b d7 0f b6 04 3a ff c1 88 07 48 8d 7f 01
0x00007ffa1894869c:   8b c1 49 3b c0 72 ed 48 83 c4 20 5f c3 cc cc cc
0x00007ffa189486ac:   cc cc cc cc 40 53 48 83 ec 20 48 8b da 48 8b d1 


Stack slot to memory mapping:
stack at sp + 0 slots: 0x0 is NULL
stack at sp + 1 slots: 0x0 is NULL
stack at sp + 2 slots: 0x0 is NULL
stack at sp + 3 slots: 0x0 is NULL
stack at sp + 4 slots: 0x000002b028251ce0 points into unknown readable memory: 0x3f80000000000000 | 00 00 00 00 00 00 80 3f
stack at sp + 5 slots: 0x00007ffa19294576 ig11icd64.dll
stack at sp + 6 slots: 0x0000000000000001 is an unknown value
stack at sp + 7 slots: 0x000000d6ef6fe310 is pointing into the stack for thread: 0x000002b07fb40760


---------------  P R O C E S S  ---------------

Threads class SMR info:
_java_thread_list=0x000002b0220a7300, length=12, elements={
0x000002b07fb40760, 0x000002b01dc75850, 0x000002b01dc76200, 0x000002b01dc8e2a0,
0x000002b01dc8eb60, 0x000002b01dc8fcb0, 0x000002b01dc90e00, 0x000002b01dc92330,
0x000002b01dc9cf40, 0x000002b01dcb1bd0, 0x000002b0220e5c40, 0x000002b0220e8770
}

Java Threads: ( => current thread )
=>0x000002b07fb40760 JavaThread "main" [_thread_in_native, id=11476, stack(0x000000d6ef600000,0x000000d6ef700000)]
  0x000002b01dc75850 JavaThread "Reference Handler" daemon [_thread_blocked, id=8240, stack(0x000000d6efd00000,0x000000d6efe00000)]
  0x000002b01dc76200 JavaThread "Finalizer" daemon [_thread_blocked, id=1592, stack(0x000000d6efe00000,0x000000d6eff00000)]
  0x000002b01dc8e2a0 JavaThread "Signal Dispatcher" daemon [_thread_blocked, id=9836, stack(0x000000d6eff00000,0x000000d6f0000000)]
  0x000002b01dc8eb60 JavaThread "Attach Listener" daemon [_thread_blocked, id=11608, stack(0x000000d6f0000000,0x000000d6f0100000)]
  0x000002b01dc8fcb0 JavaThread "Service Thread" daemon [_thread_blocked, id=16712, stack(0x000000d6f0100000,0x000000d6f0200000)]
  0x000002b01dc90e00 JavaThread "Monitor Deflation Thread" daemon [_thread_blocked, id=10088, stack(0x000000d6f0200000,0x000000d6f0300000)]
  0x000002b01dc92330 JavaThread "C2 CompilerThread0" daemon [_thread_blocked, id=19184, stack(0x000000d6f0300000,0x000000d6f0400000)]
  0x000002b01dc9cf40 JavaThread "C1 CompilerThread0" daemon [_thread_blocked, id=18320, stack(0x000000d6f0400000,0x000000d6f0500000)]
  0x000002b01dcb1bd0 JavaThread "Sweeper thread" daemon [_thread_blocked, id=5544, stack(0x000000d6f0500000,0x000000d6f0600000)]
  0x000002b0220e5c40 JavaThread "Notification Thread" daemon [_thread_blocked, id=2844, stack(0x000000d6f0600000,0x000000d6f0700000)]
  0x000002b0220e8770 JavaThread "Common-Cleaner" daemon [_thread_blocked, id=12228, stack(0x000000d6f0800000,0x000000d6f0900000)]

Other Threads:
  0x000002b01dc6d500 VMThread "VM Thread" [stack: 0x000000d6efc00000,0x000000d6efd00000] [id=17088]
  0x000002b07fbc4370 WatcherThread [stack: 0x000000d6f0700000,0x000000d6f0800000] [id=18580]
  0x000002b07fb9a9e0 GCTaskThread "GC Thread#0" [stack: 0x000000d6ef700000,0x000000d6ef800000] [id=3360]
  0x000002b07fbaac60 ConcurrentGCThread "G1 Main Marker" [stack: 0x000000d6ef800000,0x000000d6ef900000] [id=19056]
  0x000002b07fbab7d0 ConcurrentGCThread "G1 Conc#0" [stack: 0x000000d6ef900000,0x000000d6efa00000] [id=4192]
  0x000002b07fbfeae0 ConcurrentGCThread "G1 Refine#0" [stack: 0x000000d6efa00000,0x000000d6efb00000] [id=20396]
  0x000002b01db274d0 ConcurrentGCThread "G1 Service" [stack: 0x000000d6efb00000,0x000000d6efc00000] [id=5728]

Threads with active compile tasks:

VM state: not at safepoint (normal execution)

VM Mutex/Monitor currently owned by a thread: None

Heap address: 0x0000000086600000, size: 1946 MB, Compressed Oops mode: 32-bit

CDS archive(s) mapped at: [0x0000000800000000-0x0000000800bc0000-0x0000000800bc0000), size 12320768, SharedBaseAddress: 0x0000000800000000, ArchiveRelocationMode: 0.
Compressed class space mapped at: 0x0000000801000000-0x0000000841000000, reserved size: 1073741824
Narrow klass base: 0x0000000800000000, Narrow klass shift: 0, Narrow klass range: 0x100000000

GC Precious Log:
 CPUs: 8 total, 8 available
 Memory: 7778M
 Large Page Support: Disabled
 NUMA Support: Disabled
 Compressed Oops: Enabled (32-bit)
 Heap Region Size: 1M
 Heap Min Capacity: 8M
 Heap Initial Capacity: 122M
 Heap Max Capacity: 1946M
 Pre-touch: Disabled
 Parallel Workers: 8
 Concurrent Workers: 2
 Concurrent Refinement Workers: 8
 Periodic GC: Disabled

Heap:
 garbage-first heap   total 124928K, used 11264K [0x0000000086600000, 0x0000000100000000)
  region size 1024K, 12 young (12288K), 0 survivors (0K)
 Metaspace       used 5172K, committed 5312K, reserved 1114112K
  class space    used 284K, committed 384K, reserved 1048576K

Heap Regions: E=young(eden), S=young(survivor), O=old, HS=humongous(starts), HC=humongous(continues), CS=collection set, F=free, OA=open archive, CA=closed archive, TAMS=top-at-mark-start (previous, next)
|   0|0x0000000086600000, 0x0000000086600000, 0x0000000086700000|  0%| F|  |TAMS 0x0000000086600000, 0x0000000086600000| Untracked 
|   1|0x0000000086700000, 0x0000000086700000, 0x0000000086800000|  0%| F|  |TAMS 0x0000000086700000, 0x0000000086700000| Untracked 
|   2|0x0000000086800000, 0x0000000086800000, 0x0000000086900000|  0%| F|  |TAMS 0x0000000086800000, 0x0000000086800000| Untracked 
|   3|0x0000000086900000, 0x0000000086900000, 0x0000000086a00000|  0%| F|  |TAMS 0x0000000086900000, 0x0000000086900000| Untracked 
|   4|0x0000000086a00000, 0x0000000086a00000, 0x0000000086b00000|  0%| F|  |TAMS 0x0000000086a00000, 0x0000000086a00000| Untracked 
|   5|0x0000000086b00000, 0x0000000086b00000, 0x0000000086c00000|  0%| F|  |TAMS 0x0000000086b00000, 0x0000000086b00000| Untracked 
|   6|0x0000000086c00000, 0x0000000086c00000, 0x0000000086d00000|  0%| F|  |TAMS 0x0000000086c00000, 0x0000000086c00000| Untracked 
|   7|0x0000000086d00000, 0x0000000086d00000, 0x0000000086e00000|  0%| F|  |TAMS 0x0000000086d00000, 0x0000000086d00000| Untracked 
|   8|0x0000000086e00000, 0x0000000086e00000, 0x0000000086f00000|  0%| F|  |TAMS 0x0000000086e00000, 0x0000000086e00000| Untracked 
|   9|0x0000000086f00000, 0x0000000086f00000, 0x0000000087000000|  0%| F|  |TAMS 0x0000000086f00000, 0x0000000086f00000| Untracked 
|  10|0x0000000087000000, 0x0000000087000000, 0x0000000087100000|  0%| F|  |TAMS 0x0000000087000000, 0x0000000087000000| Untracked 
|  11|0x0000000087100000, 0x0000000087100000, 0x0000000087200000|  0%| F|  |TAMS 0x0000000087100000, 0x0000000087100000| Untracked 
|  12|0x0000000087200000, 0x0000000087200000, 0x0000000087300000|  0%| F|  |TAMS 0x0000000087200000, 0x0000000087200000| Untracked 
|  13|0x0000000087300000, 0x0000000087300000, 0x0000000087400000|  0%| F|  |TAMS 0x0000000087300000, 0x0000000087300000| Untracked 
|  14|0x0000000087400000, 0x0000000087400000, 0x0000000087500000|  0%| F|  |TAMS 0x0000000087400000, 0x0000000087400000| Untracked 
|  15|0x0000000087500000, 0x0000000087500000, 0x0000000087600000|  0%| F|  |TAMS 0x0000000087500000, 0x0000000087500000| Untracked 
|  16|0x0000000087600000, 0x0000000087600000, 0x0000000087700000|  0%| F|  |TAMS 0x0000000087600000, 0x0000000087600000| Untracked 
|  17|0x0000000087700000, 0x0000000087700000, 0x0000000087800000|  0%| F|  |TAMS 0x0000000087700000, 0x0000000087700000| Untracked 
|  18|0x0000000087800000, 0x0000000087800000, 0x0000000087900000|  0%| F|  |TAMS 0x0000000087800000, 0x0000000087800000| Untracked 
|  19|0x0000000087900000, 0x0000000087900000, 0x0000000087a00000|  0%| F|  |TAMS 0x0000000087900000, 0x0000000087900000| Untracked 
|  20|0x0000000087a00000, 0x0000000087a00000, 0x0000000087b00000|  0%| F|  |TAMS 0x0000000087a00000, 0x0000000087a00000| Untracked 
|  21|0x0000000087b00000, 0x0000000087b00000, 0x0000000087c00000|  0%| F|  |TAMS 0x0000000087b00000, 0x0000000087b00000| Untracked 
|  22|0x0000000087c00000, 0x0000000087c00000, 0x0000000087d00000|  0%| F|  |TAMS 0x0000000087c00000, 0x0000000087c00000| Untracked 
|  23|0x0000000087d00000, 0x0000000087d00000, 0x0000000087e00000|  0%| F|  |TAMS 0x0000000087d00000, 0x0000000087d00000| Untracked 
|  24|0x0000000087e00000, 0x0000000087e00000, 0x0000000087f00000|  0%| F|  |TAMS 0x0000000087e00000, 0x0000000087e00000| Untracked 
|  25|0x0000000087f00000, 0x0000000087f00000, 0x0000000088000000|  0%| F|  |TAMS 0x0000000087f00000, 0x0000000087f00000| Untracked 
|  26|0x0000000088000000, 0x0000000088000000, 0x0000000088100000|  0%| F|  |TAMS 0x0000000088000000, 0x0000000088000000| Untracked 
|  27|0x0000000088100000, 0x0000000088100000, 0x0000000088200000|  0%| F|  |TAMS 0x0000000088100000, 0x0000000088100000| Untracked 
|  28|0x0000000088200000, 0x0000000088200000, 0x0000000088300000|  0%| F|  |TAMS 0x0000000088200000, 0x0000000088200000| Untracked 
|  29|0x0000000088300000, 0x0000000088300000, 0x0000000088400000|  0%| F|  |TAMS 0x0000000088300000, 0x0000000088300000| Untracked 
|  30|0x0000000088400000, 0x0000000088400000, 0x0000000088500000|  0%| F|  |TAMS 0x0000000088400000, 0x0000000088400000| Untracked 
|  31|0x0000000088500000, 0x0000000088500000, 0x0000000088600000|  0%| F|  |TAMS 0x0000000088500000, 0x0000000088500000| Untracked 
|  32|0x0000000088600000, 0x0000000088600000, 0x0000000088700000|  0%| F|  |TAMS 0x0000000088600000, 0x0000000088600000| Untracked 
|  33|0x0000000088700000, 0x0000000088700000, 0x0000000088800000|  0%| F|  |TAMS 0x0000000088700000, 0x0000000088700000| Untracked 
|  34|0x0000000088800000, 0x0000000088800000, 0x0000000088900000|  0%| F|  |TAMS 0x0000000088800000, 0x0000000088800000| Untracked 
|  35|0x0000000088900000, 0x0000000088900000, 0x0000000088a00000|  0%| F|  |TAMS 0x0000000088900000, 0x0000000088900000| Untracked 
|  36|0x0000000088a00000, 0x0000000088a00000, 0x0000000088b00000|  0%| F|  |TAMS 0x0000000088a00000, 0x0000000088a00000| Untracked 
|  37|0x0000000088b00000, 0x0000000088b00000, 0x0000000088c00000|  0%| F|  |TAMS 0x0000000088b00000, 0x0000000088b00000| Untracked 
|  38|0x0000000088c00000, 0x0000000088c00000, 0x0000000088d00000|  0%| F|  |TAMS 0x0000000088c00000, 0x0000000088c00000| Untracked 
|  39|0x0000000088d00000, 0x0000000088d00000, 0x0000000088e00000|  0%| F|  |TAMS 0x0000000088d00000, 0x0000000088d00000| Untracked 
|  40|0x0000000088e00000, 0x0000000088e00000, 0x0000000088f00000|  0%| F|  |TAMS 0x0000000088e00000, 0x0000000088e00000| Untracked 
|  41|0x0000000088f00000, 0x0000000088f00000, 0x0000000089000000|  0%| F|  |TAMS 0x0000000088f00000, 0x0000000088f00000| Untracked 
|  42|0x0000000089000000, 0x0000000089000000, 0x0000000089100000|  0%| F|  |TAMS 0x0000000089000000, 0x0000000089000000| Untracked 
|  43|0x0000000089100000, 0x0000000089100000, 0x0000000089200000|  0%| F|  |TAMS 0x0000000089100000, 0x0000000089100000| Untracked 
|  44|0x0000000089200000, 0x0000000089200000, 0x0000000089300000|  0%| F|  |TAMS 0x0000000089200000, 0x0000000089200000| Untracked 
|  45|0x0000000089300000, 0x0000000089300000, 0x0000000089400000|  0%| F|  |TAMS 0x0000000089300000, 0x0000000089300000| Untracked 
|  46|0x0000000089400000, 0x0000000089400000, 0x0000000089500000|  0%| F|  |TAMS 0x0000000089400000, 0x0000000089400000| Untracked 
|  47|0x0000000089500000, 0x0000000089500000, 0x0000000089600000|  0%| F|  |TAMS 0x0000000089500000, 0x0000000089500000| Untracked 
|  48|0x0000000089600000, 0x0000000089600000, 0x0000000089700000|  0%| F|  |TAMS 0x0000000089600000, 0x0000000089600000| Untracked 
|  49|0x0000000089700000, 0x0000000089700000, 0x0000000089800000|  0%| F|  |TAMS 0x0000000089700000, 0x0000000089700000| Untracked 
|  50|0x0000000089800000, 0x0000000089800000, 0x0000000089900000|  0%| F|  |TAMS 0x0000000089800000, 0x0000000089800000| Untracked 
|  51|0x0000000089900000, 0x0000000089900000, 0x0000000089a00000|  0%| F|  |TAMS 0x0000000089900000, 0x0000000089900000| Untracked 
|  52|0x0000000089a00000, 0x0000000089a00000, 0x0000000089b00000|  0%| F|  |TAMS 0x0000000089a00000, 0x0000000089a00000| Untracked 
|  53|0x0000000089b00000, 0x0000000089b00000, 0x0000000089c00000|  0%| F|  |TAMS 0x0000000089b00000, 0x0000000089b00000| Untracked 
|  54|0x0000000089c00000, 0x0000000089c00000, 0x0000000089d00000|  0%| F|  |TAMS 0x0000000089c00000, 0x0000000089c00000| Untracked 
|  55|0x0000000089d00000, 0x0000000089d00000, 0x0000000089e00000|  0%| F|  |TAMS 0x0000000089d00000, 0x0000000089d00000| Untracked 
|  56|0x0000000089e00000, 0x0000000089e00000, 0x0000000089f00000|  0%| F|  |TAMS 0x0000000089e00000, 0x0000000089e00000| Untracked 
|  57|0x0000000089f00000, 0x0000000089f00000, 0x000000008a000000|  0%| F|  |TAMS 0x0000000089f00000, 0x0000000089f00000| Untracked 
|  58|0x000000008a000000, 0x000000008a000000, 0x000000008a100000|  0%| F|  |TAMS 0x000000008a000000, 0x000000008a000000| Untracked 
|  59|0x000000008a100000, 0x000000008a100000, 0x000000008a200000|  0%| F|  |TAMS 0x000000008a100000, 0x000000008a100000| Untracked 
|  60|0x000000008a200000, 0x000000008a200000, 0x000000008a300000|  0%| F|  |TAMS 0x000000008a200000, 0x000000008a200000| Untracked 
|  61|0x000000008a300000, 0x000000008a300000, 0x000000008a400000|  0%| F|  |TAMS 0x000000008a300000, 0x000000008a300000| Untracked 
|  62|0x000000008a400000, 0x000000008a400000, 0x000000008a500000|  0%| F|  |TAMS 0x000000008a400000, 0x000000008a400000| Untracked 
|  63|0x000000008a500000, 0x000000008a500000, 0x000000008a600000|  0%| F|  |TAMS 0x000000008a500000, 0x000000008a500000| Untracked 
|  64|0x000000008a600000, 0x000000008a600000, 0x000000008a700000|  0%| F|  |TAMS 0x000000008a600000, 0x000000008a600000| Untracked 
|  65|0x000000008a700000, 0x000000008a700000, 0x000000008a800000|  0%| F|  |TAMS 0x000000008a700000, 0x000000008a700000| Untracked 
|  66|0x000000008a800000, 0x000000008a800000, 0x000000008a900000|  0%| F|  |TAMS 0x000000008a800000, 0x000000008a800000| Untracked 
|  67|0x000000008a900000, 0x000000008a900000, 0x000000008aa00000|  0%| F|  |TAMS 0x000000008a900000, 0x000000008a900000| Untracked 
|  68|0x000000008aa00000, 0x000000008aa00000, 0x000000008ab00000|  0%| F|  |TAMS 0x000000008aa00000, 0x000000008aa00000| Untracked 
|  69|0x000000008ab00000, 0x000000008ab00000, 0x000000008ac00000|  0%| F|  |TAMS 0x000000008ab00000, 0x000000008ab00000| Untracked 
|  70|0x000000008ac00000, 0x000000008ac00000, 0x000000008ad00000|  0%| F|  |TAMS 0x000000008ac00000, 0x000000008ac00000| Untracked 
|  71|0x000000008ad00000, 0x000000008ad00000, 0x000000008ae00000|  0%| F|  |TAMS 0x000000008ad00000, 0x000000008ad00000| Untracked 
|  72|0x000000008ae00000, 0x000000008ae00000, 0x000000008af00000|  0%| F|  |TAMS 0x000000008ae00000, 0x000000008ae00000| Untracked 
|  73|0x000000008af00000, 0x000000008af00000, 0x000000008b000000|  0%| F|  |TAMS 0x000000008af00000, 0x000000008af00000| Untracked 
|  74|0x000000008b000000, 0x000000008b000000, 0x000000008b100000|  0%| F|  |TAMS 0x000000008b000000, 0x000000008b000000| Untracked 
|  75|0x000000008b100000, 0x000000008b100000, 0x000000008b200000|  0%| F|  |TAMS 0x000000008b100000, 0x000000008b100000| Untracked 
|  76|0x000000008b200000, 0x000000008b200000, 0x000000008b300000|  0%| F|  |TAMS 0x000000008b200000, 0x000000008b200000| Untracked 
|  77|0x000000008b300000, 0x000000008b300000, 0x000000008b400000|  0%| F|  |TAMS 0x000000008b300000, 0x000000008b300000| Untracked 
|  78|0x000000008b400000, 0x000000008b400000, 0x000000008b500000|  0%| F|  |TAMS 0x000000008b400000, 0x000000008b400000| Untracked 
|  79|0x000000008b500000, 0x000000008b500000, 0x000000008b600000|  0%| F|  |TAMS 0x000000008b500000, 0x000000008b500000| Untracked 
|  80|0x000000008b600000, 0x000000008b600000, 0x000000008b700000|  0%| F|  |TAMS 0x000000008b600000, 0x000000008b600000| Untracked 
|  81|0x000000008b700000, 0x000000008b700000, 0x000000008b800000|  0%| F|  |TAMS 0x000000008b700000, 0x000000008b700000| Untracked 
|  82|0x000000008b800000, 0x000000008b800000, 0x000000008b900000|  0%| F|  |TAMS 0x000000008b800000, 0x000000008b800000| Untracked 
|  83|0x000000008b900000, 0x000000008b900000, 0x000000008ba00000|  0%| F|  |TAMS 0x000000008b900000, 0x000000008b900000| Untracked 
|  84|0x000000008ba00000, 0x000000008ba00000, 0x000000008bb00000|  0%| F|  |TAMS 0x000000008ba00000, 0x000000008ba00000| Untracked 
|  85|0x000000008bb00000, 0x000000008bb00000, 0x000000008bc00000|  0%| F|  |TAMS 0x000000008bb00000, 0x000000008bb00000| Untracked 
|  86|0x000000008bc00000, 0x000000008bc00000, 0x000000008bd00000|  0%| F|  |TAMS 0x000000008bc00000, 0x000000008bc00000| Untracked 
|  87|0x000000008bd00000, 0x000000008bd00000, 0x000000008be00000|  0%| F|  |TAMS 0x000000008bd00000, 0x000000008bd00000| Untracked 
|  88|0x000000008be00000, 0x000000008be00000, 0x000000008bf00000|  0%| F|  |TAMS 0x000000008be00000, 0x000000008be00000| Untracked 
|  89|0x000000008bf00000, 0x000000008bf00000, 0x000000008c000000|  0%| F|  |TAMS 0x000000008bf00000, 0x000000008bf00000| Untracked 
|  90|0x000000008c000000, 0x000000008c000000, 0x000000008c100000|  0%| F|  |TAMS 0x000000008c000000, 0x000000008c000000| Untracked 
|  91|0x000000008c100000, 0x000000008c100000, 0x000000008c200000|  0%| F|  |TAMS 0x000000008c100000, 0x000000008c100000| Untracked 
|  92|0x000000008c200000, 0x000000008c200000, 0x000000008c300000|  0%| F|  |TAMS 0x000000008c200000, 0x000000008c200000| Untracked 
|  93|0x000000008c300000, 0x000000008c300000, 0x000000008c400000|  0%| F|  |TAMS 0x000000008c300000, 0x000000008c300000| Untracked 
|  94|0x000000008c400000, 0x000000008c400000, 0x000000008c500000|  0%| F|  |TAMS 0x000000008c400000, 0x000000008c400000| Untracked 
|  95|0x000000008c500000, 0x000000008c500000, 0x000000008c600000|  0%| F|  |TAMS 0x000000008c500000, 0x000000008c500000| Untracked 
|  96|0x000000008c600000, 0x000000008c600000, 0x000000008c700000|  0%| F|  |TAMS 0x000000008c600000, 0x000000008c600000| Untracked 
|  97|0x000000008c700000, 0x000000008c700000, 0x000000008c800000|  0%| F|  |TAMS 0x000000008c700000, 0x000000008c700000| Untracked 
|  98|0x000000008c800000, 0x000000008c800000, 0x000000008c900000|  0%| F|  |TAMS 0x000000008c800000, 0x000000008c800000| Untracked 
|  99|0x000000008c900000, 0x000000008c900000, 0x000000008ca00000|  0%| F|  |TAMS 0x000000008c900000, 0x000000008c900000| Untracked 
| 100|0x000000008ca00000, 0x000000008ca00000, 0x000000008cb00000|  0%| F|  |TAMS 0x000000008ca00000, 0x000000008ca00000| Untracked 
| 101|0x000000008cb00000, 0x000000008cb00000, 0x000000008cc00000|  0%| F|  |TAMS 0x000000008cb00000, 0x000000008cb00000| Untracked 
| 102|0x000000008cc00000, 0x000000008cc00000, 0x000000008cd00000|  0%| F|  |TAMS 0x000000008cc00000, 0x000000008cc00000| Untracked 
| 103|0x000000008cd00000, 0x000000008cd00000, 0x000000008ce00000|  0%| F|  |TAMS 0x000000008cd00000, 0x000000008cd00000| Untracked 
| 104|0x000000008ce00000, 0x000000008ce00000, 0x000000008cf00000|  0%| F|  |TAMS 0x000000008ce00000, 0x000000008ce00000| Untracked 
| 105|0x000000008cf00000, 0x000000008cf00000, 0x000000008d000000|  0%| F|  |TAMS 0x000000008cf00000, 0x000000008cf00000| Untracked 
| 106|0x000000008d000000, 0x000000008d000000, 0x000000008d100000|  0%| F|  |TAMS 0x000000008d000000, 0x000000008d000000| Untracked 
| 107|0x000000008d100000, 0x000000008d100000, 0x000000008d200000|  0%| F|  |TAMS 0x000000008d100000, 0x000000008d100000| Untracked 
| 108|0x000000008d200000, 0x000000008d200000, 0x000000008d300000|  0%| F|  |TAMS 0x000000008d200000, 0x000000008d200000| Untracked 
| 109|0x000000008d300000, 0x000000008d300000, 0x000000008d400000|  0%| F|  |TAMS 0x000000008d300000, 0x000000008d300000| Untracked 
| 110|0x000000008d400000, 0x000000008d4f1bc8, 0x000000008d500000| 94%| E|  |TAMS 0x000000008d400000, 0x000000008d400000| Complete 
| 111|0x000000008d500000, 0x000000008d600000, 0x000000008d600000|100%| E|CS|TAMS 0x000000008d500000, 0x000000008d500000| Complete 
| 112|0x000000008d600000, 0x000000008d700000, 0x000000008d700000|100%| E|CS|TAMS 0x000000008d600000, 0x000000008d600000| Complete 
| 113|0x000000008d700000, 0x000000008d800000, 0x000000008d800000|100%| E|CS|TAMS 0x000000008d700000, 0x000000008d700000| Complete 
| 114|0x000000008d800000, 0x000000008d900000, 0x000000008d900000|100%| E|CS|TAMS 0x000000008d800000, 0x000000008d800000| Complete 
| 115|0x000000008d900000, 0x000000008da00000, 0x000000008da00000|100%| E|CS|TAMS 0x000000008d900000, 0x000000008d900000| Complete 
| 116|0x000000008da00000, 0x000000008db00000, 0x000000008db00000|100%| E|CS|TAMS 0x000000008da00000, 0x000000008da00000| Complete 
| 117|0x000000008db00000, 0x000000008dc00000, 0x000000008dc00000|100%| E|CS|TAMS 0x000000008db00000, 0x000000008db00000| Complete 
| 118|0x000000008dc00000, 0x000000008dd00000, 0x000000008dd00000|100%| E|CS|TAMS 0x000000008dc00000, 0x000000008dc00000| Complete 
| 119|0x000000008dd00000, 0x000000008de00000, 0x000000008de00000|100%| E|CS|TAMS 0x000000008dd00000, 0x000000008dd00000| Complete 
| 120|0x000000008de00000, 0x000000008df00000, 0x000000008df00000|100%| E|CS|TAMS 0x000000008de00000, 0x000000008de00000| Complete 
| 121|0x000000008df00000, 0x000000008e000000, 0x000000008e000000|100%| E|CS|TAMS 0x000000008df00000, 0x000000008df00000| Complete 

Card table byte_map: [0x000002b016df0000,0x000002b0171c0000] _byte_map_base: 0x000002b0169bd000

Marking Bits (Prev, Next): (CMBitMap*) 0x000002b07fb9aff0, (CMBitMap*) 0x000002b07fb9b030
 Prev Bits: [0x000002b017590000, 0x000002b0193f8000)
 Next Bits: [0x000002b019400000, 0x000002b01b268000)

Polling page: 0x000002b07db00000

Metaspace:

Usage:
  Non-class:      4.77 MB used.
      Class:    284.48 KB used.
       Both:      5.05 MB used.

Virtual space:
  Non-class space:       64.00 MB reserved,       4.81 MB (  8%) committed,  1 nodes.
      Class space:        1.00 GB reserved,     384.00 KB ( <1%) committed,  1 nodes.
             Both:        1.06 GB reserved,       5.19 MB ( <1%) committed. 

Chunk freelists:
   Non-Class:  8.94 MB
       Class:  15.59 MB
        Both:  24.53 MB

MaxMetaspaceSize: unlimited
CompressedClassSpaceSize: 1.00 GB
Initial GC threshold: 21.00 MB
Current GC threshold: 21.00 MB
CDS: on
MetaspaceReclaimPolicy: balanced
 - commit_granule_bytes: 65536.
 - commit_granule_words: 8192.
 - virtual_space_node_default_size: 8388608.
 - enlarge_chunks_in_place: 1.
 - new_chunks_are_fully_committed: 0.
 - uncommit_free_chunks: 1.
 - use_allocation_guard: 0.
 - handle_deallocations: 1.


Internal statistics:

num_allocs_failed_limit: 0.
num_arena_births: 94.
num_arena_deaths: 0.
num_vsnodes_births: 2.
num_vsnodes_deaths: 0.
num_space_committed: 81.
num_space_uncommitted: 0.
num_chunks_returned_to_freelist: 0.
num_chunks_taken_from_freelist: 227.
num_chunk_merges: 0.
num_chunk_splits: 156.
num_chunks_enlarged: 113.
num_inconsistent_stats: 0.

CodeHeap 'non-profiled nmethods': size=120000Kb used=276Kb max_used=276Kb free=119724Kb
 bounds [0x000002b00f4f0000, 0x000002b00f760000, 0x000002b016a20000]
CodeHeap 'profiled nmethods': size=120000Kb used=1297Kb max_used=1297Kb free=118702Kb
 bounds [0x000002b007a20000, 0x000002b007c90000, 0x000002b00ef50000]
CodeHeap 'non-nmethods': size=5760Kb used=1765Kb max_used=1778Kb free=3994Kb
 bounds [0x000002b00ef50000, 0x000002b00f1c0000, 0x000002b00f4f0000]
 total_blobs=2107 nmethods=873 adapters=1147
 compilation: enabled
              stopped_count=0, restarted_count=0
 full_count=0

Compilation events (20 events):
Event: 5.723 Thread 0x000002b01dc9cf40  860       3       java.util.regex.Pattern$$Lambda$16/0x0000000801047f48::is (5 bytes)
Event: 5.723 Thread 0x000002b01dc9cf40 nmethod 860 0x000002b007b61d10 code [0x000002b007b61ec0, 0x000002b007b62138]
Event: 5.723 Thread 0x000002b01dc9cf40  864       3       java.nio.HeapCharBuffer::ix (7 bytes)
Event: 5.723 Thread 0x000002b01dc9cf40 nmethod 864 0x000002b007b62210 code [0x000002b007b623a0, 0x000002b007b624b8]
Event: 5.724 Thread 0x000002b01dc9cf40  865       3       java.lang.StringBuilder::append (8 bytes)
Event: 5.724 Thread 0x000002b01dc9cf40 nmethod 865 0x000002b007b62590 code [0x000002b007b62720, 0x000002b007b62868]
Event: 5.725 Thread 0x000002b01dc9cf40  866       3       java.lang.AbstractStringBuilder::append (45 bytes)
Event: 5.726 Thread 0x000002b01dc9cf40 nmethod 866 0x000002b007b62910 code [0x000002b007b62ae0, 0x000002b007b62e28]
Event: 5.737 Thread 0x000002b01dc9cf40  868       3       java.lang.ClassLoader::loadClass (7 bytes)
Event: 5.737 Thread 0x000002b01dc9cf40 nmethod 868 0x000002b007b62f90 code [0x000002b007b63140, 0x000002b007b63308]
Event: 5.737 Thread 0x000002b01dc9cf40  869       3       jdk.internal.loader.BuiltinClassLoader::loadClass (22 bytes)
Event: 5.737 Thread 0x000002b01dc9cf40 nmethod 869 0x000002b007b63390 code [0x000002b007b63540, 0x000002b007b637f8]
Event: 5.738 Thread 0x000002b01dc92330  870       4       java.lang.String::checkBoundsBeginEnd (63 bytes)
Event: 5.738 Thread 0x000002b01dc9cf40  871       3       java.nio.Buffer::hasRemaining (17 bytes)
Event: 5.738 Thread 0x000002b01dc9cf40 nmethod 871 0x000002b007b63910 code [0x000002b007b63aa0, 0x000002b007b63c18]
Event: 5.739 Thread 0x000002b01dc92330 nmethod 870 0x000002b00f534d10 code [0x000002b00f534e80, 0x000002b00f534f38]
Event: 5.740 Thread 0x000002b01dc9cf40  872       3       java.util.zip.ZipUtils::CENSIZ (9 bytes)
Event: 5.740 Thread 0x000002b01dc9cf40 nmethod 872 0x000002b007b63c90 code [0x000002b007b63e40, 0x000002b007b64118]
Event: 5.740 Thread 0x000002b01dc9cf40  873       3       java.net.URL::getDefaultPort (8 bytes)
Event: 5.740 Thread 0x000002b01dc9cf40 nmethod 873 0x000002b007b64290 code [0x000002b007b64420, 0x000002b007b64618]

GC Heap History (0 events):
No events

Dll operation events (10 events):
Event: 0.010 Loaded shared library C:\Users\devin\AppData\Local\Programs\Eclipse Adoptium\jdk-17.0.7.7-hotspot\bin\java.dll
Event: 0.032 Loaded shared library C:\Users\devin\AppData\Local\Programs\Eclipse Adoptium\jdk-17.0.7.7-hotspot\bin\jsvml.dll
Event: 0.124 Loaded shared library C:\Users\devin\AppData\Local\Programs\Eclipse Adoptium\jdk-17.0.7.7-hotspot\bin\net.dll
Event: 0.126 Loaded shared library C:\Users\devin\AppData\Local\Programs\Eclipse Adoptium\jdk-17.0.7.7-hotspot\bin\nio.dll
Event: 0.142 Loaded shared library C:\Users\devin\AppData\Local\Programs\Eclipse Adoptium\jdk-17.0.7.7-hotspot\bin\jimage.dll
Event: 0.181 Loaded shared library C:\Users\devin\AppData\Local\Programs\Eclipse Adoptium\jdk-17.0.7.7-hotspot\bin\zip.dll
Event: 0.297 Loaded shared library C:\Users\devin\AppData\Local\Temp\lwjgl_devin\3.3.2+13\x64\lwjgl.dll
Event: 0.719 Loaded shared library C:\Users\devin\AppData\Local\Temp\lwjgl_devin\3.3.2+13\x64\lwjgl_opengl.dll
Event: 0.849 Loaded shared library C:\Users\devin\AppData\Local\Temp\imgui-java-bin_devin\imgui-java64.dll
Event: 5.715 Loaded shared library C:\Users\devin\AppData\Local\Programs\Eclipse Adoptium\jdk-17.0.7.7-hotspot\bin\verify.dll

Deoptimization events (20 events):
Event: 0.463 Thread 0x000002b07fb40760 DEOPT PACKING pc=0x000002b007ac6c4a sp=0x000000d6ef6fe0d0
Event: 0.463 Thread 0x000002b07fb40760 DEOPT UNPACKING pc=0x000002b00efaace3 sp=0x000000d6ef6fd548 mode 0
Event: 0.463 Thread 0x000002b07fb40760 DEOPT PACKING pc=0x000002b007ac6c4a sp=0x000000d6ef6fe0d0
Event: 0.463 Thread 0x000002b07fb40760 DEOPT UNPACKING pc=0x000002b00efaace3 sp=0x000000d6ef6fd548 mode 0
Event: 0.463 Thread 0x000002b07fb40760 DEOPT PACKING pc=0x000002b007ac6d92 sp=0x000000d6ef6fe0d0
Event: 0.463 Thread 0x000002b07fb40760 DEOPT UNPACKING pc=0x000002b00efaace3 sp=0x000000d6ef6fd548 mode 0
Event: 0.761 Thread 0x000002b07fb40760 Uncommon trap: trap_request=0xffffff54 fr.pc=0x000002b00f523fe0 relative=0x0000000000000060
Event: 0.761 Thread 0x000002b07fb40760 Uncommon trap: reason=speculate_null_assert action=make_not_entrant pc=0x000002b00f523fe0 method=sun.misc.Unsafe.putLong(Ljava/lang/Object;JJ)V @ 7 c2
Event: 0.761 Thread 0x000002b07fb40760 DEOPT PACKING pc=0x000002b00f523fe0 sp=0x000000d6ef6fef80
Event: 0.761 Thread 0x000002b07fb40760 DEOPT UNPACKING pc=0x000002b00efaa1a3 sp=0x000000d6ef6feef8 mode 2
Event: 0.903 Thread 0x000002b07fb40760 DEOPT PACKING pc=0x000002b007a80fe5 sp=0x000000d6ef6f4430
Event: 0.903 Thread 0x000002b07fb40760 DEOPT UNPACKING pc=0x000002b00efaace3 sp=0x000000d6ef6f3880 mode 0
Event: 5.721 Thread 0x000002b07fb40760 Uncommon trap: trap_request=0xffffff45 fr.pc=0x000002b00f529a8c relative=0x000000000000054c
Event: 5.721 Thread 0x000002b07fb40760 Uncommon trap: reason=unstable_if action=reinterpret pc=0x000002b00f529a8c method=java.lang.AbstractStringBuilder.putStringAt(ILjava/lang/String;II)V @ 8 c2
Event: 5.721 Thread 0x000002b07fb40760 DEOPT PACKING pc=0x000002b00f529a8c sp=0x000000d6ef6fec00
Event: 5.721 Thread 0x000002b07fb40760 DEOPT UNPACKING pc=0x000002b00efaa1a3 sp=0x000000d6ef6fea88 mode 2
Event: 5.721 Thread 0x000002b07fb40760 Uncommon trap: trap_request=0xffffff45 fr.pc=0x000002b00f51c384 relative=0x0000000000000544
Event: 5.721 Thread 0x000002b07fb40760 Uncommon trap: reason=unstable_if action=reinterpret pc=0x000002b00f51c384 method=java.lang.AbstractStringBuilder.putStringAt(ILjava/lang/String;II)V @ 8 c2
Event: 5.721 Thread 0x000002b07fb40760 DEOPT PACKING pc=0x000002b00f51c384 sp=0x000000d6ef6feba0
Event: 5.721 Thread 0x000002b07fb40760 DEOPT UNPACKING pc=0x000002b00efaa1a3 sp=0x000000d6ef6fea90 mode 2

Classes unloaded (0 events):
No events

Classes redefined (0 events):
No events

Internal exceptions (20 events):
Event: 0.254 Thread 0x000002b07fb40760 Exception <a 'java/lang/NoSuchMethodError'{0x000000008db3d540}: 'void java.lang.invoke.DirectMethodHandle$Holder.invokeStatic(java.lang.Object, java.lang.Object)'> (0x000000008db3d540) 
thrown [s\src\hotspot\share\interpreter\linkResolver.cpp, line 759]
Event: 0.255 Thread 0x000002b07fb40760 Exception <a 'java/lang/NoSuchMethodError'{0x000000008db42878}: 'void java.lang.invoke.DirectMethodHandle$Holder.invokeSpecial(java.lang.Object, java.lang.Object, java.lang.Object)'> (0x000000008db42878) 
thrown [s\src\hotspot\share\interpreter\linkResolver.cpp, line 759]
Event: 0.258 Thread 0x000002b07fb40760 Exception <a 'java/lang/NoSuchMethodError'{0x000000008db50f48}: 'java.lang.Object java.lang.invoke.DirectMethodHandle$Holder.invokeStatic(java.lang.Object, java.lang.Object, int)'> (0x000000008db50f48) 
thrown [s\src\hotspot\share\interpreter\linkResolver.cpp, line 759]
Event: 0.259 Thread 0x000002b07fb40760 Exception <a 'java/lang/NoSuchMethodError'{0x000000008db5cc38}: 'void java.lang.invoke.DelegatingMethodHandle$Holder.delegate(java.lang.Object, java.lang.Object, int, java.lang.Object)'> (0x000000008db5cc38) 
thrown [s\src\hotspot\share\interpreter\linkResolver.cpp, line 759]
Event: 0.260 Thread 0x000002b07fb40760 Exception <a 'java/lang/NoSuchMethodError'{0x000000008db60e78}: 'int java.lang.invoke.DirectMethodHandle$Holder.invokeSpecial(java.lang.Object, java.lang.Object, java.lang.Object)'> (0x000000008db60e78) 
thrown [s\src\hotspot\share\interpreter\linkResolver.cpp, line 759]
Event: 0.296 Thread 0x000002b07fb40760 Exception <a 'sun/nio/fs/WindowsException'{0x000000008dbb6e40}> (0x000000008dbb6e40) 
thrown [s\src\hotspot\share\prims\jni.cpp, line 516]
Event: 0.296 Thread 0x000002b07fb40760 Exception <a 'sun/nio/fs/WindowsException'{0x000000008dbb7390}> (0x000000008dbb7390) 
thrown [s\src\hotspot\share\prims\jni.cpp, line 516]
Event: 0.382 Thread 0x000002b07fb40760 Exception <a 'java/lang/NoSuchMethodError'{0x000000008da74568}: 'int java.lang.invoke.DirectMethodHandle$Holder.invokeStaticInit(java.lang.Object, java.lang.Object, int, long)'> (0x000000008da74568) 
thrown [s\src\hotspot\share\interpreter\linkResolver.cpp, line 759]
Event: 0.383 Thread 0x000002b07fb40760 Exception <a 'java/lang/NoSuchMethodError'{0x000000008da7a430}: 'java.lang.Object java.lang.invoke.DirectMethodHandle$Holder.newInvokeSpecial(java.lang.Object, java.lang.Object, int)'> (0x000000008da7a430) 
thrown [s\src\hotspot\share\interpreter\linkResolver.cpp, line 759]
Event: 0.387 Thread 0x000002b07fb40760 Exception <a 'java/lang/NoSuchMethodError'{0x000000008da8a718}: 'int java.lang.invoke.DirectMethodHandle$Holder.invokeStaticInit(java.lang.Object, java.lang.Object, long, long)'> (0x000000008da8a718) 
thrown [s\src\hotspot\share\interpreter\linkResolver.cpp, line 759]
Event: 0.390 Thread 0x000002b07fb40760 Exception <a 'java/lang/NoSuchMethodError'{0x000000008da904a0}: 'java.lang.Object java.lang.invoke.DirectMethodHandle$Holder.newInvokeSpecial(java.lang.Object, java.lang.Object, long)'> (0x000000008da904a0) 
thrown [s\src\hotspot\share\interpreter\linkResolver.cpp, line 759]
Event: 0.390 Thread 0x000002b07fb40760 Exception <a 'java/lang/NoSuchMethodError'{0x000000008da93d68}: 'java.lang.Object java.lang.invoke.Invokers$Holder.linkToTargetMethod(java.lang.Object, long, java.lang.Object)'> (0x000000008da93d68) 
thrown [s\src\hotspot\share\interpreter\linkResolver.cpp, line 759]
Event: 0.392 Thread 0x000002b07fb40760 Exception <a 'java/lang/NoSuchMethodError'{0x000000008da9b368}: 'int java.lang.invoke.DirectMethodHandle$Holder.invokeStaticInit(java.lang.Object, java.lang.Object, java.lang.Object, long)'> (0x000000008da9b368) 
thrown [s\src\hotspot\share\interpreter\linkResolver.cpp, line 759]
Event: 0.441 Thread 0x000002b07fb40760 Exception <a 'sun/nio/fs/WindowsException'{0x000000008d95e080}> (0x000000008d95e080) 
thrown [s\src\hotspot\share\prims\jni.cpp, line 516]
Event: 0.441 Thread 0x000002b07fb40760 Exception <a 'sun/nio/fs/WindowsException'{0x000000008d95e3e0}> (0x000000008d95e3e0) 
thrown [s\src\hotspot\share\prims\jni.cpp, line 516]
Event: 0.592 Thread 0x000002b07fb40760 Exception <a 'java/lang/NoSuchMethodError'{0x000000008d9bd160}: 'void java.lang.invoke.DirectMethodHandle$Holder.invokeStatic(java.lang.Object, long, int, int)'> (0x000000008d9bd160) 
thrown [s\src\hotspot\share\interpreter\linkResolver.cpp, line 759]
Event: 0.717 Thread 0x000002b07fb40760 Exception <a 'sun/nio/fs/WindowsException'{0x000000008d802de8}> (0x000000008d802de8) 
thrown [s\src\hotspot\share\prims\jni.cpp, line 516]
Event: 0.717 Thread 0x000002b07fb40760 Exception <a 'sun/nio/fs/WindowsException'{0x000000008d803190}> (0x000000008d803190) 
thrown [s\src\hotspot\share\prims\jni.cpp, line 516]
Event: 0.723 Thread 0x000002b07fb40760 Exception <a 'sun/nio/fs/WindowsException'{0x000000008d80dfd8}> (0x000000008d80dfd8) 
thrown [s\src\hotspot\share\prims\jni.cpp, line 516]
Event: 0.723 Thread 0x000002b07fb40760 Exception <a 'sun/nio/fs/WindowsException'{0x000000008d80e2b8}> (0x000000008d80e2b8) 
thrown [s\src\hotspot\share\prims\jni.cpp, line 516]

VM Operations (10 events):
Event: 0.184 Executing VM operation: HandshakeAllThreads
Event: 0.184 Executing VM operation: HandshakeAllThreads done
Event: 0.288 Executing VM operation: HandshakeAllThreads
Event: 0.288 Executing VM operation: HandshakeAllThreads done
Event: 0.326 Executing VM operation: HandshakeAllThreads
Event: 0.326 Executing VM operation: HandshakeAllThreads done
Event: 1.335 Executing VM operation: Cleanup
Event: 1.335 Executing VM operation: Cleanup done
Event: 5.389 Executing VM operation: Cleanup
Event: 5.389 Executing VM operation: Cleanup done

Events (20 events):
Event: 0.396 loading class java/nio/InvalidMarkException
Event: 0.396 loading class java/nio/InvalidMarkException done
Event: 0.396 loading class java/nio/BufferUnderflowException
Event: 0.396 loading class java/nio/BufferUnderflowException done
Event: 0.423 loading class java/util/Formatter$FixedString
Event: 0.424 loading class java/util/Formatter$FixedString done
Event: 0.442 loading class java/lang/NoSuchFieldError
Event: 0.442 loading class java/lang/NoSuchFieldError done
Event: 0.464 loading class jdk/internal/reflect/UnsafeQualifiedStaticIntegerFieldAccessorImpl
Event: 0.464 loading class jdk/internal/reflect/UnsafeQualifiedStaticIntegerFieldAccessorImpl done
Event: 0.716 loading class jdk/internal/misc/ScopedMemoryAccess$Scope
Event: 0.716 loading class jdk/internal/misc/ScopedMemoryAccess$Scope done
Event: 0.799 loading class java/io/UncheckedIOException
Event: 0.799 loading class java/io/UncheckedIOException done
Event: 0.806 loading class java/nio/file/StandardCopyOption
Event: 0.806 loading class java/nio/file/StandardCopyOption done
Event: 5.713 loading class java/io/Externalizable
Event: 5.713 loading class java/io/Externalizable done
Event: 5.721 loading class java/lang/AssertionError
Event: 5.721 loading class java/lang/AssertionError done


Dynamic libraries:
0x00007ff764020000 - 0x00007ff76402e000 	C:\Users\devin\AppData\Local\Programs\Eclipse Adoptium\jdk-17.0.7.7-hotspot\bin\java.exe
0x00007ffa80bf0000 - 0x00007ffa80e04000 	C:\WINDOWS\SYSTEM32\ntdll.dll
0x00007ffa7ec30000 - 0x00007ffa7ecf2000 	C:\WINDOWS\System32\KERNEL32.DLL
0x00007ffa7e240000 - 0x00007ffa7e5e3000 	C:\WINDOWS\System32\KERNELBASE.dll
0x00007ffa7e830000 - 0x00007ffa7e941000 	C:\WINDOWS\System32\ucrtbase.dll
0x00007ffa61240000 - 0x00007ffa61259000 	C:\Users\devin\AppData\Local\Programs\Eclipse Adoptium\jdk-17.0.7.7-hotspot\bin\VCRUNTIME140.dll
0x00007ffa68710000 - 0x00007ffa68727000 	C:\Users\devin\AppData\Local\Programs\Eclipse Adoptium\jdk-17.0.7.7-hotspot\bin\jli.dll
0x00007ffa7f9e0000 - 0x00007ffa7fb8b000 	C:\WINDOWS\System32\USER32.dll
0x00007ffa7e5f0000 - 0x00007ffa7e616000 	C:\WINDOWS\System32\win32u.dll
0x00007ffa60600000 - 0x00007ffa6088e000 	C:\WINDOWS\WinSxS\amd64_microsoft.windows.common-controls_6595b64144ccf1df_6.0.22621.1635_none_270f70857386168e\COMCTL32.dll
0x00007ffa80320000 - 0x00007ffa80349000 	C:\WINDOWS\System32\GDI32.dll
0x00007ffa80af0000 - 0x00007ffa80b97000 	C:\WINDOWS\System32\msvcrt.dll
0x00007ffa7e6a0000 - 0x00007ffa7e7b8000 	C:\WINDOWS\System32\gdi32full.dll
0x00007ffa7e950000 - 0x00007ffa7e9ea000 	C:\WINDOWS\System32\msvcp_win.dll
0x00007ffa7eb00000 - 0x00007ffa7eb31000 	C:\WINDOWS\System32\IMM32.DLL
0x00007ffa76870000 - 0x00007ffa7687c000 	C:\Users\devin\AppData\Local\Programs\Eclipse Adoptium\jdk-17.0.7.7-hotspot\bin\vcruntime140_1.dll
0x00007ffa56bb0000 - 0x00007ffa56c41000 	C:\Users\devin\AppData\Local\Programs\Eclipse Adoptium\jdk-17.0.7.7-hotspot\bin\msvcp140.dll
0x00007ffa2e580000 - 0x00007ffa2f1c8000 	C:\Users\devin\AppData\Local\Programs\Eclipse Adoptium\jdk-17.0.7.7-hotspot\bin\server\jvm.dll
0x00007ffa80a40000 - 0x00007ffa80aee000 	C:\WINDOWS\System32\ADVAPI32.dll
0x00007ffa808a0000 - 0x00007ffa80944000 	C:\WINDOWS\System32\sechost.dll
0x00007ffa7fd30000 - 0x00007ffa7fe47000 	C:\WINDOWS\System32\RPCRT4.dll
0x00007ffa5cfb0000 - 0x00007ffa5cfb9000 	C:\WINDOWS\SYSTEM32\WSOCK32.dll
0x00007ffa6ba00000 - 0x00007ffa6ba0a000 	C:\WINDOWS\SYSTEM32\VERSION.dll
0x00007ffa80820000 - 0x00007ffa80891000 	C:\WINDOWS\System32\WS2_32.dll
0x00007ffa75550000 - 0x00007ffa75584000 	C:\WINDOWS\SYSTEM32\WINMM.dll
0x00007ffa7d020000 - 0x00007ffa7d038000 	C:\WINDOWS\SYSTEM32\kernel.appcore.dll
0x00007ffa68530000 - 0x00007ffa6853a000 	C:\Users\devin\AppData\Local\Programs\Eclipse Adoptium\jdk-17.0.7.7-hotspot\bin\jimage.dll
0x00007ffa7ba30000 - 0x00007ffa7bc5e000 	C:\WINDOWS\SYSTEM32\DBGHELP.DLL
0x00007ffa80490000 - 0x00007ffa80819000 	C:\WINDOWS\System32\combase.dll
0x00007ffa7eb50000 - 0x00007ffa7ec27000 	C:\WINDOWS\System32\OLEAUT32.dll
0x00007ffa5fd70000 - 0x00007ffa5fda2000 	C:\WINDOWS\SYSTEM32\dbgcore.DLL
0x00007ffa7e620000 - 0x00007ffa7e69b000 	C:\WINDOWS\System32\bcryptPrimitives.dll
0x00007ffa5bca0000 - 0x00007ffa5bcc5000 	C:\Users\devin\AppData\Local\Programs\Eclipse Adoptium\jdk-17.0.7.7-hotspot\bin\java.dll
0x00007ffa54c90000 - 0x00007ffa54d66000 	C:\Users\devin\AppData\Local\Programs\Eclipse Adoptium\jdk-17.0.7.7-hotspot\bin\jsvml.dll
0x00007ffa7f1e0000 - 0x00007ffa7f9da000 	C:\WINDOWS\System32\SHELL32.dll
0x00007ffa7bfc0000 - 0x00007ffa7c88e000 	C:\WINDOWS\SYSTEM32\windows.storage.dll
0x00007ffa7be80000 - 0x00007ffa7bfbe000 	C:\WINDOWS\SYSTEM32\wintypes.dll
0x00007ffa7fe50000 - 0x00007ffa7ff41000 	C:\WINDOWS\System32\SHCORE.dll
0x00007ffa7e9f0000 - 0x00007ffa7ea4e000 	C:\WINDOWS\System32\shlwapi.dll
0x00007ffa7df40000 - 0x00007ffa7df61000 	C:\WINDOWS\SYSTEM32\profapi.dll
0x00007ffa61220000 - 0x00007ffa61239000 	C:\Users\devin\AppData\Local\Programs\Eclipse Adoptium\jdk-17.0.7.7-hotspot\bin\net.dll
0x00007ffa755f0000 - 0x00007ffa75727000 	C:\WINDOWS\SYSTEM32\WINHTTP.dll
0x00007ffa7d490000 - 0x00007ffa7d4f9000 	C:\WINDOWS\system32\mswsock.dll
0x00007ffa5a690000 - 0x00007ffa5a6a5000 	C:\Users\devin\AppData\Local\Programs\Eclipse Adoptium\jdk-17.0.7.7-hotspot\bin\nio.dll
0x00007ffa5a670000 - 0x00007ffa5a688000 	C:\Users\devin\AppData\Local\Programs\Eclipse Adoptium\jdk-17.0.7.7-hotspot\bin\zip.dll
0x00007ffa5d1f0000 - 0x00007ffa5d26a000 	C:\Users\devin\AppData\Local\Temp\lwjgl_devin\3.3.2+13\x64\lwjgl.dll
0x00007ffa5a460000 - 0x00007ffa5a4e2000 	C:\Users\devin\AppData\Local\Temp\lwjgl_devin\3.3.2+13\x64\glfw.dll
0x00007ffa5d1a0000 - 0x00007ffa5d1e6000 	C:\WINDOWS\SYSTEM32\dinput8.dll
0x00007ffa76ba0000 - 0x00007ffa76bb1000 	C:\WINDOWS\SYSTEM32\xinput1_4.dll
0x00007ffa7dc10000 - 0x00007ffa7dc5e000 	C:\WINDOWS\SYSTEM32\cfgmgr32.dll
0x00007ffa7dbe0000 - 0x00007ffa7dc0c000 	C:\WINDOWS\SYSTEM32\DEVOBJ.dll
0x00007ffa7b4c0000 - 0x00007ffa7b4eb000 	C:\WINDOWS\SYSTEM32\dwmapi.dll
0x00007ffa6bb80000 - 0x00007ffa6bd81000 	C:\WINDOWS\SYSTEM32\inputhost.dll
0x00007ffa7aac0000 - 0x00007ffa7abf3000 	C:\WINDOWS\SYSTEM32\CoreMessaging.dll
0x00007ffa7b250000 - 0x00007ffa7b2fb000 	C:\WINDOWS\system32\uxtheme.dll
0x00007ffa80370000 - 0x00007ffa8048e000 	C:\WINDOWS\System32\MSCTF.dll
0x00007ffa7d6d0000 - 0x00007ffa7d6dc000 	C:\WINDOWS\SYSTEM32\CRYPTBASE.DLL
0x00007ffa66fd0000 - 0x00007ffa670d0000 	C:\WINDOWS\SYSTEM32\opengl32.dll
0x00007ffa6f730000 - 0x00007ffa6f75d000 	C:\WINDOWS\SYSTEM32\GLU32.dll
0x00007ffa7b370000 - 0x00007ffa7b3a6000 	C:\WINDOWS\SYSTEM32\dxcore.dll
0x00007ffa77bd0000 - 0x00007ffa77c18000 	C:\WINDOWS\SYSTEM32\directxdatabasehelper.dll
0x00007ffa7ea50000 - 0x00007ffa7eb00000 	C:\WINDOWS\System32\clbcatq.dll
0x00007ffa188c0000 - 0x00007ffa198e2000 	C:\WINDOWS\System32\DriverStore\FileRepository\iigd_dch.inf_amd64_d73f88d32ddb95d3\ig11icd64.dll
0x00007ffa7fb90000 - 0x00007ffa7fd2c000 	C:\WINDOWS\System32\ole32.dll
0x00007ffa7b3b0000 - 0x00007ffa7b4a6000 	C:\WINDOWS\system32\dxgi.dll
0x00007ffa184b0000 - 0x00007ffa188b9000 	C:\WINDOWS\System32\DriverStore\FileRepository\iigd_dch.inf_amd64_d73f88d32ddb95d3\igdml64.dll
0x00007ffa6ee80000 - 0x00007ffa6f1b1000 	C:\WINDOWS\System32\DriverStore\FileRepository\iigd_dch.inf_amd64_d73f88d32ddb95d3\igdgmm64.dll
0x00007ffa6c100000 - 0x00007ffa6ee78000 	C:\WINDOWS\System32\DriverStore\FileRepository\iigd_dch.inf_amd64_d73f88d32ddb95d3\igc64.dll
0x00007ffa7dee0000 - 0x00007ffa7df2d000 	C:\WINDOWS\SYSTEM32\powrprof.dll
0x00007ffa7dec0000 - 0x00007ffa7ded3000 	C:\WINDOWS\SYSTEM32\UMPDC.dll
0x00007ffa70b60000 - 0x00007ffa70c8d000 	C:\WINDOWS\SYSTEM32\textinputframework.dll
0x00007ffa76c50000 - 0x00007ffa76fbc000 	C:\WINDOWS\SYSTEM32\CoreUIComponents.dll
0x00007ffa56cf0000 - 0x00007ffa56d59000 	C:\WINDOWS\system32\Oleacc.dll
0x00007ffa5a400000 - 0x00007ffa5a45e000 	C:\Users\devin\AppData\Local\Temp\lwjgl_devin\3.3.2+13\x64\lwjgl_opengl.dll
0x000000006f6c0000 - 0x000000006f872000 	C:\Users\devin\AppData\Local\Temp\imgui-java-bin_devin\imgui-java64.dll
0x00007ffa7d6e0000 - 0x00007ffa7d6fb000 	C:\WINDOWS\SYSTEM32\CRYPTSP.dll
0x00007ffa7cf90000 - 0x00007ffa7cfc5000 	C:\WINDOWS\system32\rsaenh.dll
0x00007ffa78cf0000 - 0x00007ffa78d00000 	C:\Users\devin\AppData\Local\Programs\Eclipse Adoptium\jdk-17.0.7.7-hotspot\bin\verify.dll

dbghelp: loaded successfully - version: 4.0.5 - missing functions: none
symbol engine: initialized successfully - sym options: 0x614 - pdb path: .;C:\Users\devin\AppData\Local\Programs\Eclipse Adoptium\jdk-17.0.7.7-hotspot\bin;C:\WINDOWS\SYSTEM32;C:\WINDOWS\WinSxS\amd64_microsoft.windows.common-controls_6595b64144ccf1df_6.0.22621.1635_none_270f70857386168e;C:\Users\devin\AppData\Local\Programs\Eclipse Adoptium\jdk-17.0.7.7-hotspot\bin\server;C:\Users\devin\AppData\Local\Temp\lwjgl_devin\3.3.2+13\x64;C:\WINDOWS\System32\DriverStore\FileRepository\iigd_dch.inf_amd64_d73f88d32ddb95d3;C:\Users\devin\AppData\Local\Temp\imgui-java-bin_devin

VM Arguments:
jvm_args: -Dfile.encoding=windows-1252 -Duser.country=US -Duser.language=en -Duser.variant 
java_command: main
java_class_path (initial): C:\Users\devin\Downloads\Coding\IntelliJ\Simulation_CA\build\classes\java\main;C:\Users\devin\Downloads\Coding\IntelliJ\Simulation_CA\build\resources\main;C:\Users\devin\.gradle\caches\modules-2\files-2.1\io.imgui.java\lwjgl3\1.76-0.9\e59d2c987f7992b35f69f83e3554590de40c7e79\lwjgl3-1.76-0.9.jar;C:\Users\devin\.gradle\caches\modules-2\files-2.1\io.imgui.java\binding\1.76-0.9\26b8c5547da3642e214d9ace5a6c624e1ed315b7\binding-1.76-0.9.jar;C:\Users\devin\.gradle\caches\modules-2\files-2.1\org.lwjgl\lwjgl-assimp\3.3.2\e5238c13abef6b0fd6e1b4320d3c8cd0c10bfe61\lwjgl-assimp-3.3.2.jar;C:\Users\devin\.gradle\caches\modules-2\files-2.1\org.lwjgl\lwjgl-assimp\3.3.2\54edbc8767bde24b73187c229dbd552228230c8a\lwjgl-assimp-3.3.2-natives-windows.jar;C:\Users\devin\.gradle\caches\modules-2\files-2.1\org.lwjgl\lwjgl-glfw\3.3.2\757920418805fb90bfebb3d46b1d9e7669fca2eb\lwjgl-glfw-3.3.2.jar;C:\Users\devin\.gradle\caches\modules-2\files-2.1\org.lwjgl\lwjgl-glfw\3.3.2\1251e3cb7e5d6159334cfb9244f789ce992f03b\lwjgl-glfw-3.3.2-natives-windows.jar;C:\Users\devin\.gradle\caches\modules-2\files-2.1\org.lwjgl\lwjgl-nfd\3.3.2\ec66452fad5bf48707cbe96c573c6cc3dd8a7a82\lwjgl-nfd-3.3.2.jar;C:\Users\devin\.gradle\caches\modules-2\files-2.1\org.lwjgl\lwjgl-nfd\3.3.2\12c0041066a97f0c74d0f72db1423ac9ea124275\lwjgl-nfd-3.3.2-natives-windows.jar;C:\Users\devin\.gradle\caches\modules-2\files-2.1\org.lwjgl\lwjgl-openal\3.3.2\ae5357ed6d934546d3533993ea84c0cfb75eed95\lwjgl-openal-3.3.2.jar;C:\Users\devin\.gradle\caches\modules-2\files-2.1\org.lwjgl\lwjgl-openal\3.3.2\e74f299a602192faaf14b917632e4cbbb493c940\lwjgl-openal-3.3.2-natives-windows.jar;C:\Users\devin\.gradle\caches\modules-2\files-2.1\org.lwjgl\lwjgl-opengl\3.3.2\ee8e95be0b438602038bc1f02dc5e3d011b1b216\lwjgl-opengl-3.3.2.jar;C:\Users\devin\.gradle\caches\modules-2\files-2.1\org.lwjgl\lwjgl-opengl\3.3.2\83cd34469d4e0bc335bf74c7f62206530a9480bf\lwjgl-opengl-3.3.2-natives-windows.jar;C:\Users\devin\.gradle\caches\modules-2\fil
Launcher Type: SUN_STANDARD

[Global flags]
     intx CICompilerCount                          = 4                                         {product} {ergonomic}
     uint ConcGCThreads                            = 2                                         {product} {ergonomic}
     uint G1ConcRefinementThreads                  = 8                                         {product} {ergonomic}
   size_t G1HeapRegionSize                         = 1048576                                   {product} {ergonomic}
    uintx GCDrainStackTargetSize                   = 64                                        {product} {ergonomic}
   size_t InitialHeapSize                          = 127926272                                 {product} {ergonomic}
   size_t MarkStackSize                            = 4194304                                   {product} {ergonomic}
   size_t MaxHeapSize                              = 2040528896                                {product} {ergonomic}
   size_t MaxNewSize                               = 1223688192                                {product} {ergonomic}
   size_t MinHeapDeltaBytes                        = 1048576                                   {product} {ergonomic}
   size_t MinHeapSize                              = 8388608                                   {product} {ergonomic}
    uintx NonNMethodCodeHeapSize                   = 5839372                                {pd product} {ergonomic}
    uintx NonProfiledCodeHeapSize                  = 122909434                              {pd product} {ergonomic}
    uintx ProfiledCodeHeapSize                     = 122909434                              {pd product} {ergonomic}
    uintx ReservedCodeCacheSize                    = 251658240                              {pd product} {ergonomic}
     bool SegmentedCodeCache                       = true                                      {product} {ergonomic}
   size_t SoftMaxHeapSize                          = 2040528896                             {manageable} {ergonomic}
     bool UseCompressedClassPointers               = true                           {product lp64_product} {ergonomic}
     bool UseCompressedOops                        = true                           {product lp64_product} {ergonomic}
     bool UseG1GC                                  = true                                      {product} {ergonomic}
     bool UseLargePagesIndividualAllocation        = false                                  {pd product} {ergonomic}

Logging:
Log output configuration:
 #0: stdout all=warning uptime,level,tags
 #1: stderr all=off uptime,level,tags

Environment Variables:
JAVA_HOME=C:\Users\devin\AppData\Local\Programs\Eclipse Adoptium\jdk-17.0.7.7-hotspot\
CLASSPATH=.;.;C:\PROGRA~2\JMF21~1.1E\lib\sound.jar;C:\PROGRA~2\JMF21~1.1E\lib\jmf.jar;C:\PROGRA~2\JMF21~1.1E\lib;
PATH=C:\WINDOWS\system32;C:\WINDOWS;C:\WINDOWS\System32\Wbem;C:\WINDOWS\System32\WindowsPowerShell\v1.0\;C:\WINDOWS\System32\OpenSSH\;C:\Program Files\Microsoft SQL Server\150\Tools\Binn\;C:\ProgramData\chocolatey\bin;C:\Program Files\Python311;C:\Users\devin\AppData\Roaming\npm\node_modules;C:\Program Files\Git\cmd;C:\Program Files\Java\jdk-19\bin;C:\Program Files\FFMPEG;C:\Program Files\NodeJS\;C:\Users\devin\AppData\Local\Programs\Eclipse Adoptium\jdk-17.0.7.7-hotspot\bin;C:\Users\devin\AppData\Local\Programs\Python\Python311\Scripts\;C:\Users\devin\AppData\Local\Programs\Python\Python311\;C:\WINDOWS\system32;C:\WINDOWS;C:\WINDOWS\System32\Wbem;C:\WINDOWS\System32\WindowsPowerShell\v1.0\;C:\WINDOWS\System32\OpenSSH\;C:\Program Files\Java\jdk-18.0.2\bin;C:\Program Files\Microsoft SQL Server\150\Tools\Binn\;C:\Users\devin\AppData\Local\Microsoft\WindowsApps;C:\Users\devin\AppData\Local\Programs\Microsoft VS Code\bin;C:\msys64\mingw64\bin;C:\Users\devin\AppData\Roaming\npm\node_modules;C:\tools\dart-sdk\bin;C:\Users\devin\AppData\Roaming\Pub\Cache\bin;;C:\Users\devin\AppData\Local\Microsoft\WindowsApps;C:\Users\devin\AppData\Roaming\npm;C:\Users\devin\AppData\Local\JetBrains\IntelliJ IDEA 2023.1.1\bin;;C:\Program Files\JetBrains\IntelliJ IDEA Community Edition 2023.1.1\bin;
USERNAME=devin
OS=Windows_NT
PROCESSOR_IDENTIFIER=Intel64 Family 6 Model 126 Stepping 5, GenuineIntel
TMP=C:\Users\devin\AppData\Local\Temp
TEMP=C:\Users\devin\AppData\Local\Temp



---------------  S Y S T E M  ---------------

OS:
 Windows 11 , 64 bit Build 22621 (10.0.22621.1635)
OS uptime: 1 days 4:36 hours
Hyper-V role detected

CPU: total 8 (initial active 8) (4 cores per cpu, 2 threads per core) family 6 model 126 stepping 5 microcode 0xb0, cx8, cmov, fxsr, ht, mmx, 3dnowpref, sse, sse2, sse3, ssse3, sse4.1, sse4.2, popcnt, lzcnt, tsc, tscinvbit, avx, avx2, aes, erms, clmul, bmi1, bmi2, adx, avx512f, avx512dq, avx512cd, avx512bw, avx512vl, sha, fma, vzeroupper, avx512_vpopcntdq, avx512_vpclmulqdq, avx512_vaes, avx512_vnni, clflush, clflushopt, avx512_vbmi2, avx512_vbmi, hv

Memory: 4k page, system-wide physical 7778M (535M free)
TotalPageFile size 14117M (AvailPageFile size 2148M)
current process WorkingSet (physical memory assigned to process): 167M, peak: 196M
current process commit charge ("private bytes"): 275M, peak: 275M

vm_info: OpenJDK 64-Bit Server VM (17.0.7+7) for windows-amd64 JRE (17.0.7+7), built on Apr 18 2023 22:10:42 by "temurin" with MS VC++ 16.7 (VS2019)

END.
