#
# A fatal error has been detected by the Java Runtime Environment:
#
#  EXCEPTION_ACCESS_VIOLATION (0xc0000005) at pc=0x00007ffa2e62c23a, pid=18220, tid=4132
#
# JRE version: OpenJDK Runtime Environment Temurin-17.0.7+7 (17.0.7+7) (build 17.0.7+7)
# Java VM: OpenJDK 64-Bit Server VM Temurin-17.0.7+7 (17.0.7+7, mixed mode, sharing, tiered, compressed oops, compressed class ptrs, g1 gc, windows-amd64)
# Problematic frame:
# V  [jvm.dll+0xac23a]
#
# No core dump will be written. Minidumps are not enabled by default on client versions of Windows
#
# If you would like to submit a bug report, please visit:
#   https://github.com/adoptium/adoptium-support/issues
#

---------------  S U M M A R Y ------------

Command Line: -Dfile.encoding=windows-1252 -Duser.country=US -Duser.language=en -Duser.variant main

Host: Intel(R) Core(TM) i5-1035G7 CPU @ 1.20GHz, 8 cores, 7G,  Windows 11 , 64 bit Build 22621 (10.0.22621.1635)
Time: Sun Jun  4 19:34:58 2023 Eastern Daylight Time elapsed time: 7.957339 seconds (0d 0h 0m 7s)

---------------  T H R E A D  ---------------

Current thread (0x0000021fffec9de0):  JavaThread "C1 CompilerThread0" daemon [_thread_in_native, id=4132, stack(0x00000087ac500000,0x00000087ac600000)]


Current CompileTask:
C1:   7957  951       3       jdk.internal.org.objectweb.asm.SymbolTable::addConstantMemberReference (147 bytes)

Stack: [0x00000087ac500000,0x00000087ac600000],  sp=0x00000087ac5fe5e0,  free space=1017k
Native frames: (J=compiled Java code, j=interpreted, Vv=VM code, C=native code)
V  [jvm.dll+0xac23a]
V  [jvm.dll+0xac67c]
V  [jvm.dll+0x176fb3]
V  [jvm.dll+0x17707d]
V  [jvm.dll+0x179843]
V  [jvm.dll+0x17b351]
V  [jvm.dll+0x135ae3]
V  [jvm.dll+0x1353df]
V  [jvm.dll+0x135616]
V  [jvm.dll+0x134aaa]
V  [jvm.dll+0x136771]
V  [jvm.dll+0x2284da]
V  [jvm.dll+0x226615]
V  [jvm.dll+0x7ea90b]
V  [jvm.dll+0x7e4e7a]
V  [jvm.dll+0x676395]
C  [ucrtbase.dll+0x29363]
C  [KERNEL32.DLL+0x126ad]
C  [ntdll.dll+0x5a9f8]


siginfo: EXCEPTION_ACCESS_VIOLATION (0xc0000005), reading address 0xffffffffffffffff


Register to memory mapping:

RIP=0x00007ffa2e62c23a jvm.dll
RAX=0x00000087ac5fe660 is pointing into the stack for thread: 0x0000021fffec9de0
RBX=0x0000021ffc368430 points into unknown readable memory: 0x40000000437e0000 | 00 00 7e 43 00 00 00 40
RCX=0x00000087ac5fe660 is pointing into the stack for thread: 0x0000021fffec9de0
RDX=0x0 is NULL
RSP=0x00000087ac5fe5e0 is pointing into the stack for thread: 0x0000021fffec9de0
RBP=0x0 is NULL
RSI=0x0000000000007fe8 is an unknown value
RDI=0x40000000437e0000 is an unknown value
R8 =0x00000087ac5fe508 is pointing into the stack for thread: 0x0000021fffec9de0
R9 =0x0 is NULL
R10=0x0 is NULL
R11=0x0000000000000246 is an unknown value
R12=0x0000021f9c8bedd0 points into unknown readable memory: 0x00000087ac5ff360 | 60 f3 5f ac 87 00 00 00
R13=0x0000021f9c8bedd0 points into unknown readable memory: 0x00000087ac5ff360 | 60 f3 5f ac 87 00 00 00
R14=0x00000000000013d0 is an unknown value
R15=0x00000000000000fa is an unknown value


Registers:
RAX=0x00000087ac5fe660, RBX=0x0000021ffc368430, RCX=0x00000087ac5fe660, RDX=0x0000000000000000
RSP=0x00000087ac5fe5e0, RBP=0x0000000000000000, RSI=0x0000000000007fe8, RDI=0x40000000437e0000
R8 =0x00000087ac5fe508, R9 =0x0000000000000000, R10=0x0000000000000000, R11=0x0000000000000246
R12=0x0000021f9c8bedd0, R13=0x0000021f9c8bedd0, R14=0x00000000000013d0, R15=0x00000000000000fa
RIP=0x00007ffa2e62c23a, EFLAGS=0x0000000000010206

Top of Stack: (sp=0x00000087ac5fe5e0)
0x00000087ac5fe5e0:   0000021ffc368430 00007ffa2ed2ca31
0x00000087ac5fe5f0:   0000021fffec9de0 00000087ac5fe710
0x00000087ac5fe600:   0000000000000000 00007ffa2eadfc36
0x00000087ac5fe610:   0000000000000000 00007ffa2ed2c6d3
0x00000087ac5fe620:   0000000000000000 00007ffa2ebf037a
0x00000087ac5fe630:   0000021fffec9de0 00007ffa2e8f1542
0x00000087ac5fe640:   0000000800234478 0000000800234478
0x00000087ac5fe650:   0000021f9c8be920 00007ffa2e62c67c
0x00000087ac5fe660:   0000021f9c8c2f50 0000021fffebef60
0x00000087ac5fe670:   0000000000000090 0000000000007fd8
0x00000087ac5fe680:   000000000000027a 00007ffa2e6f6fb3
0x00000087ac5fe690:   0000000000000000 0000000000000106
0x00000087ac5fe6a0:   0000021f9c8bedd0 0000000000000112
0x00000087ac5fe6b0:   0000021f9cc06180 0000021f9c8bedd0
0x00000087ac5fe6c0:   0000000000000000 00007ffa2e6f707d
0x00000087ac5fe6d0:   000000000000027a 00000000000000fa 

Instructions: (pc=0x00007ffa2e62c23a)
0x00007ffa2e62c13a:   49 8b f0 48 8b da 48 8b f9 4d 85 c9 75 1a 48 85
0x00007ffa2e62c14a:   d2 74 76 4a 8d 04 02 48 3b 41 18 75 6c 48 89 51
0x00007ffa2e62c15a:   18 33 c0 e9 80 00 00 00 48 85 db 75 0f 44 8b 44
0x00007ffa2e62c16a:   24 50 49 8b d1 e8 cc a6 ff ff eb 6c 48 8b 49 18
0x00007ffa2e62c17a:   4a 8d 2c 02 4c 3b ce 77 12 48 3b e9 75 08 4a 8d
0x00007ffa2e62c18a:   04 0a 48 89 47 18 48 8b c3 eb 4d 49 8d 41 0f 48
0x00007ffa2e62c19a:   83 e0 f0 48 3b e9 75 09 48 03 c3 48 3b 47 20 76
0x00007ffa2e62c1aa:   e1 44 8b 44 24 50 49 8b d1 48 8b cf e8 85 a6 ff
0x00007ffa2e62c1ba:   ff 4c 8b f0 48 85 c0 75 04 33 c0 eb 1b 4c 8b c6
0x00007ffa2e62c1ca:   48 8b d3 49 8b ce e8 6b 3f 7e 00 48 3b 6f 18 75
0x00007ffa2e62c1da:   04 48 89 5f 18 49 8b c6 48 8b 5c 24 30 48 8b 6c
0x00007ffa2e62c1ea:   24 38 48 8b 74 24 40 48 8b 7c 24 48 48 83 c4 20
0x00007ffa2e62c1fa:   41 5e c3 cc cc cc 48 8b c4 48 89 58 10 48 89 68
0x00007ffa2e62c20a:   18 48 89 70 20 57 48 83 ec 70 48 8b d9 41 8b e8
0x00007ffa2e62c21a:   48 8d 48 08 48 8b f2 e8 8a f3 73 00 48 ff 43 10
0x00007ffa2e62c22a:   48 8d 8c 24 80 00 00 00 48 8b 3b 48 85 ff 74 17
0x00007ffa2e62c23a:   48 8b 17 48 ff 4b 08 48 89 13 e8 d7 f3 73 00 48
0x00007ffa2e62c24a:   8b c7 e9 83 00 00 00 e8 ca f3 73 00 8b 05 94 36
0x00007ffa2e62c25a:   ad 00 83 f8 03 75 0e 33 d2 48 8d 4c 24 50 e8 13
0x00007ffa2e62c26a:   e1 59 00 eb 1d 0f 10 05 32 49 ad 00 48 8d 44 24
0x00007ffa2e62c27a:   30 0f 10 0d 36 49 ad 00 0f 11 44 24 30 0f 11 4c
0x00007ffa2e62c28a:   24 40 4c 8b c0 ba 0d 00 00 00 48 8b ce e8 f4 db
0x00007ffa2e62c29a:   5b 00 48 8b d8 48 85 c0 75 30 85 ed 75 2c 48 8d
0x00007ffa2e62c2aa:   05 e9 73 86 00 41 b9 01 00 00 e0 4c 8b c6 48 89
0x00007ffa2e62c2ba:   44 24 20 8d 53 4e 48 8d 0d e9 73 86 00 e8 14 a6
0x00007ffa2e62c2ca:   19 00 e8 8f ad 5c 00 48 8b c3 4c 8d 5c 24 70 49
0x00007ffa2e62c2da:   8b 5b 18 49 8b 6b 20 49 8b 73 28 49 8b e3 5f c3
0x00007ffa2e62c2ea:   cc cc cc cc cc cc 48 85 c9 0f 84 e6 00 00 00 53
0x00007ffa2e62c2fa:   48 83 ec 40 48 89 74 24 38 48 8b d9 48 89 7c 24
0x00007ffa2e62c30a:   30 0f 1f 44 00 00 48 8b 43 08 48 8b 33 48 3d d8
0x00007ffa2e62c31a:   00 00 00 74 79 48 3d d8 03 00 00 74 59 48 3d d8
0x00007ffa2e62c32a:   27 00 00 74 39 48 3d d8 7f 00 00 74 19 48 8d 4c 


Stack slot to memory mapping:
stack at sp + 0 slots: 0x0000021ffc368430 points into unknown readable memory: 0x40000000437e0000 | 00 00 7e 43 00 00 00 40
stack at sp + 1 slots: 0x00007ffa2ed2ca31 jvm.dll
stack at sp + 2 slots: 0x0000021fffec9de0 is a thread
stack at sp + 3 slots: 0x00000087ac5fe710 is pointing into the stack for thread: 0x0000021fffec9de0
stack at sp + 4 slots: 0x0 is NULL
stack at sp + 5 slots: 0x00007ffa2eadfc36 jvm.dll
stack at sp + 6 slots: 0x0 is NULL
stack at sp + 7 slots: 0x00007ffa2ed2c6d3 jvm.dll


---------------  P R O C E S S  ---------------

Threads class SMR info:
_java_thread_list=0x0000021fa1532600, length=12, elements={
0x0000021ffc57e980, 0x0000021fffea9030, 0x0000021fffea98f0, 0x0000021fffec3dd0,
0x0000021fffec4690, 0x0000021fffec5450, 0x0000021fffec5e00, 0x0000021fffec7330,
0x0000021fffec9de0, 0x0000021fffecbe90, 0x0000021f9c9114b0, 0x0000021f9c915f50
}

Java Threads: ( => current thread )
  0x0000021ffc57e980 JavaThread "main" [_thread_in_vm, id=10612, stack(0x00000087ab700000,0x00000087ab800000)]
  0x0000021fffea9030 JavaThread "Reference Handler" daemon [_thread_blocked, id=14824, stack(0x00000087abe00000,0x00000087abf00000)]
  0x0000021fffea98f0 JavaThread "Finalizer" daemon [_thread_blocked, id=17064, stack(0x00000087abf00000,0x00000087ac000000)]
  0x0000021fffec3dd0 JavaThread "Signal Dispatcher" daemon [_thread_blocked, id=6836, stack(0x00000087ac000000,0x00000087ac100000)]
  0x0000021fffec4690 JavaThread "Attach Listener" daemon [_thread_blocked, id=17136, stack(0x00000087ac100000,0x00000087ac200000)]
  0x0000021fffec5450 JavaThread "Service Thread" daemon [_thread_blocked, id=5244, stack(0x00000087ac200000,0x00000087ac300000)]
  0x0000021fffec5e00 JavaThread "Monitor Deflation Thread" daemon [_thread_blocked, id=14172, stack(0x00000087ac300000,0x00000087ac400000)]
  0x0000021fffec7330 JavaThread "C2 CompilerThread0" daemon [_thread_blocked, id=16264, stack(0x00000087ac400000,0x00000087ac500000)]
=>0x0000021fffec9de0 JavaThread "C1 CompilerThread0" daemon [_thread_in_native, id=4132, stack(0x00000087ac500000,0x00000087ac600000)]
  0x0000021fffecbe90 JavaThread "Sweeper thread" daemon [_thread_blocked, id=8300, stack(0x00000087ac600000,0x00000087ac700000)]
  0x0000021f9c9114b0 JavaThread "Notification Thread" daemon [_thread_blocked, id=8556, stack(0x00000087ac700000,0x00000087ac800000)]
  0x0000021f9c915f50 JavaThread "Common-Cleaner" daemon [_thread_blocked, id=10008, stack(0x00000087ac900000,0x00000087aca00000)]

Other Threads:
  0x0000021fffea0d10 VMThread "VM Thread" [stack: 0x00000087abd00000,0x00000087abe00000] [id=3488]
  0x0000021fffeab760 WatcherThread [stack: 0x00000087ac800000,0x00000087ac900000] [id=3916]
  0x0000021ffc5d9ac0 GCTaskThread "GC Thread#0" [stack: 0x00000087ab800000,0x00000087ab900000] [id=15612]
  0x0000021ffc5e9d40 ConcurrentGCThread "G1 Main Marker" [stack: 0x00000087ab900000,0x00000087aba00000] [id=7704]
  0x0000021ffc5ea8b0 ConcurrentGCThread "G1 Conc#0" [stack: 0x00000087aba00000,0x00000087abb00000] [id=13780]
  0x0000021fffd59160 ConcurrentGCThread "G1 Refine#0" [stack: 0x00000087abb00000,0x00000087abc00000] [id=15700]
  0x0000021fffd59830 ConcurrentGCThread "G1 Service" [stack: 0x00000087abc00000,0x00000087abd00000] [id=10016]

Threads with active compile tasks:
C1 CompilerThread0     8025  951       3       jdk.internal.org.objectweb.asm.SymbolTable::addConstantMemberReference (147 bytes)

VM state: not at safepoint (normal execution)

VM Mutex/Monitor currently owned by a thread: None

Heap address: 0x0000000086600000, size: 1946 MB, Compressed Oops mode: 32-bit

CDS archive(s) mapped at: [0x0000000800000000-0x0000000800bc0000-0x0000000800bc0000), size 12320768, SharedBaseAddress: 0x0000000800000000, ArchiveRelocationMode: 0.
Compressed class space mapped at: 0x0000000801000000-0x0000000841000000, reserved size: 1073741824
Narrow klass base: 0x0000000800000000, Narrow klass shift: 0, Narrow klass range: 0x100000000

GC Precious Log:
 CPUs: 8 total, 8 available
 Memory: 7778M
 Large Page Support: Disabled
 NUMA Support: Disabled
 Compressed Oops: Enabled (32-bit)
 Heap Region Size: 1M
 Heap Min Capacity: 8M
 Heap Initial Capacity: 122M
 Heap Max Capacity: 1946M
 Pre-touch: Disabled
 Parallel Workers: 8
 Concurrent Workers: 2
 Concurrent Refinement Workers: 8
 Periodic GC: Disabled

Heap:
 garbage-first heap   total 124928K, used 11264K [0x0000000086600000, 0x0000000100000000)
  region size 1024K, 12 young (12288K), 0 survivors (0K)
 Metaspace       used 5250K, committed 5440K, reserved 1114112K
  class space    used 286K, committed 384K, reserved 1048576K

Heap Regions: E=young(eden), S=young(survivor), O=old, HS=humongous(starts), HC=humongous(continues), CS=collection set, F=free, OA=open archive, CA=closed archive, TAMS=top-at-mark-start (previous, next)
|   0|0x0000000086600000, 0x0000000086600000, 0x0000000086700000|  0%| F|  |TAMS 0x0000000086600000, 0x0000000086600000| Untracked 
|   1|0x0000000086700000, 0x0000000086700000, 0x0000000086800000|  0%| F|  |TAMS 0x0000000086700000, 0x0000000086700000| Untracked 
|   2|0x0000000086800000, 0x0000000086800000, 0x0000000086900000|  0%| F|  |TAMS 0x0000000086800000, 0x0000000086800000| Untracked 
|   3|0x0000000086900000, 0x0000000086900000, 0x0000000086a00000|  0%| F|  |TAMS 0x0000000086900000, 0x0000000086900000| Untracked 
|   4|0x0000000086a00000, 0x0000000086a00000, 0x0000000086b00000|  0%| F|  |TAMS 0x0000000086a00000, 0x0000000086a00000| Untracked 
|   5|0x0000000086b00000, 0x0000000086b00000, 0x0000000086c00000|  0%| F|  |TAMS 0x0000000086b00000, 0x0000000086b00000| Untracked 
|   6|0x0000000086c00000, 0x0000000086c00000, 0x0000000086d00000|  0%| F|  |TAMS 0x0000000086c00000, 0x0000000086c00000| Untracked 
|   7|0x0000000086d00000, 0x0000000086d00000, 0x0000000086e00000|  0%| F|  |TAMS 0x0000000086d00000, 0x0000000086d00000| Untracked 
|   8|0x0000000086e00000, 0x0000000086e00000, 0x0000000086f00000|  0%| F|  |TAMS 0x0000000086e00000, 0x0000000086e00000| Untracked 
|   9|0x0000000086f00000, 0x0000000086f00000, 0x0000000087000000|  0%| F|  |TAMS 0x0000000086f00000, 0x0000000086f00000| Untracked 
|  10|0x0000000087000000, 0x0000000087000000, 0x0000000087100000|  0%| F|  |TAMS 0x0000000087000000, 0x0000000087000000| Untracked 
|  11|0x0000000087100000, 0x0000000087100000, 0x0000000087200000|  0%| F|  |TAMS 0x0000000087100000, 0x0000000087100000| Untracked 
|  12|0x0000000087200000, 0x0000000087200000, 0x0000000087300000|  0%| F|  |TAMS 0x0000000087200000, 0x0000000087200000| Untracked 
|  13|0x0000000087300000, 0x0000000087300000, 0x0000000087400000|  0%| F|  |TAMS 0x0000000087300000, 0x0000000087300000| Untracked 
|  14|0x0000000087400000, 0x0000000087400000, 0x0000000087500000|  0%| F|  |TAMS 0x0000000087400000, 0x0000000087400000| Untracked 
|  15|0x0000000087500000, 0x0000000087500000, 0x0000000087600000|  0%| F|  |TAMS 0x0000000087500000, 0x0000000087500000| Untracked 
|  16|0x0000000087600000, 0x0000000087600000, 0x0000000087700000|  0%| F|  |TAMS 0x0000000087600000, 0x0000000087600000| Untracked 
|  17|0x0000000087700000, 0x0000000087700000, 0x0000000087800000|  0%| F|  |TAMS 0x0000000087700000, 0x0000000087700000| Untracked 
|  18|0x0000000087800000, 0x0000000087800000, 0x0000000087900000|  0%| F|  |TAMS 0x0000000087800000, 0x0000000087800000| Untracked 
|  19|0x0000000087900000, 0x0000000087900000, 0x0000000087a00000|  0%| F|  |TAMS 0x0000000087900000, 0x0000000087900000| Untracked 
|  20|0x0000000087a00000, 0x0000000087a00000, 0x0000000087b00000|  0%| F|  |TAMS 0x0000000087a00000, 0x0000000087a00000| Untracked 
|  21|0x0000000087b00000, 0x0000000087b00000, 0x0000000087c00000|  0%| F|  |TAMS 0x0000000087b00000, 0x0000000087b00000| Untracked 
|  22|0x0000000087c00000, 0x0000000087c00000, 0x0000000087d00000|  0%| F|  |TAMS 0x0000000087c00000, 0x0000000087c00000| Untracked 
|  23|0x0000000087d00000, 0x0000000087d00000, 0x0000000087e00000|  0%| F|  |TAMS 0x0000000087d00000, 0x0000000087d00000| Untracked 
|  24|0x0000000087e00000, 0x0000000087e00000, 0x0000000087f00000|  0%| F|  |TAMS 0x0000000087e00000, 0x0000000087e00000| Untracked 
|  25|0x0000000087f00000, 0x0000000087f00000, 0x0000000088000000|  0%| F|  |TAMS 0x0000000087f00000, 0x0000000087f00000| Untracked 
|  26|0x0000000088000000, 0x0000000088000000, 0x0000000088100000|  0%| F|  |TAMS 0x0000000088000000, 0x0000000088000000| Untracked 
|  27|0x0000000088100000, 0x0000000088100000, 0x0000000088200000|  0%| F|  |TAMS 0x0000000088100000, 0x0000000088100000| Untracked 
|  28|0x0000000088200000, 0x0000000088200000, 0x0000000088300000|  0%| F|  |TAMS 0x0000000088200000, 0x0000000088200000| Untracked 
|  29|0x0000000088300000, 0x0000000088300000, 0x0000000088400000|  0%| F|  |TAMS 0x0000000088300000, 0x0000000088300000| Untracked 
|  30|0x0000000088400000, 0x0000000088400000, 0x0000000088500000|  0%| F|  |TAMS 0x0000000088400000, 0x0000000088400000| Untracked 
|  31|0x0000000088500000, 0x0000000088500000, 0x0000000088600000|  0%| F|  |TAMS 0x0000000088500000, 0x0000000088500000| Untracked 
|  32|0x0000000088600000, 0x0000000088600000, 0x0000000088700000|  0%| F|  |TAMS 0x0000000088600000, 0x0000000088600000| Untracked 
|  33|0x0000000088700000, 0x0000000088700000, 0x0000000088800000|  0%| F|  |TAMS 0x0000000088700000, 0x0000000088700000| Untracked 
|  34|0x0000000088800000, 0x0000000088800000, 0x0000000088900000|  0%| F|  |TAMS 0x0000000088800000, 0x0000000088800000| Untracked 
|  35|0x0000000088900000, 0x0000000088900000, 0x0000000088a00000|  0%| F|  |TAMS 0x0000000088900000, 0x0000000088900000| Untracked 
|  36|0x0000000088a00000, 0x0000000088a00000, 0x0000000088b00000|  0%| F|  |TAMS 0x0000000088a00000, 0x0000000088a00000| Untracked 
|  37|0x0000000088b00000, 0x0000000088b00000, 0x0000000088c00000|  0%| F|  |TAMS 0x0000000088b00000, 0x0000000088b00000| Untracked 
|  38|0x0000000088c00000, 0x0000000088c00000, 0x0000000088d00000|  0%| F|  |TAMS 0x0000000088c00000, 0x0000000088c00000| Untracked 
|  39|0x0000000088d00000, 0x0000000088d00000, 0x0000000088e00000|  0%| F|  |TAMS 0x0000000088d00000, 0x0000000088d00000| Untracked 
|  40|0x0000000088e00000, 0x0000000088e00000, 0x0000000088f00000|  0%| F|  |TAMS 0x0000000088e00000, 0x0000000088e00000| Untracked 
|  41|0x0000000088f00000, 0x0000000088f00000, 0x0000000089000000|  0%| F|  |TAMS 0x0000000088f00000, 0x0000000088f00000| Untracked 
|  42|0x0000000089000000, 0x0000000089000000, 0x0000000089100000|  0%| F|  |TAMS 0x0000000089000000, 0x0000000089000000| Untracked 
|  43|0x0000000089100000, 0x0000000089100000, 0x0000000089200000|  0%| F|  |TAMS 0x0000000089100000, 0x0000000089100000| Untracked 
|  44|0x0000000089200000, 0x0000000089200000, 0x0000000089300000|  0%| F|  |TAMS 0x0000000089200000, 0x0000000089200000| Untracked 
|  45|0x0000000089300000, 0x0000000089300000, 0x0000000089400000|  0%| F|  |TAMS 0x0000000089300000, 0x0000000089300000| Untracked 
|  46|0x0000000089400000, 0x0000000089400000, 0x0000000089500000|  0%| F|  |TAMS 0x0000000089400000, 0x0000000089400000| Untracked 
|  47|0x0000000089500000, 0x0000000089500000, 0x0000000089600000|  0%| F|  |TAMS 0x0000000089500000, 0x0000000089500000| Untracked 
|  48|0x0000000089600000, 0x0000000089600000, 0x0000000089700000|  0%| F|  |TAMS 0x0000000089600000, 0x0000000089600000| Untracked 
|  49|0x0000000089700000, 0x0000000089700000, 0x0000000089800000|  0%| F|  |TAMS 0x0000000089700000, 0x0000000089700000| Untracked 
|  50|0x0000000089800000, 0x0000000089800000, 0x0000000089900000|  0%| F|  |TAMS 0x0000000089800000, 0x0000000089800000| Untracked 
|  51|0x0000000089900000, 0x0000000089900000, 0x0000000089a00000|  0%| F|  |TAMS 0x0000000089900000, 0x0000000089900000| Untracked 
|  52|0x0000000089a00000, 0x0000000089a00000, 0x0000000089b00000|  0%| F|  |TAMS 0x0000000089a00000, 0x0000000089a00000| Untracked 
|  53|0x0000000089b00000, 0x0000000089b00000, 0x0000000089c00000|  0%| F|  |TAMS 0x0000000089b00000, 0x0000000089b00000| Untracked 
|  54|0x0000000089c00000, 0x0000000089c00000, 0x0000000089d00000|  0%| F|  |TAMS 0x0000000089c00000, 0x0000000089c00000| Untracked 
|  55|0x0000000089d00000, 0x0000000089d00000, 0x0000000089e00000|  0%| F|  |TAMS 0x0000000089d00000, 0x0000000089d00000| Untracked 
|  56|0x0000000089e00000, 0x0000000089e00000, 0x0000000089f00000|  0%| F|  |TAMS 0x0000000089e00000, 0x0000000089e00000| Untracked 
|  57|0x0000000089f00000, 0x0000000089f00000, 0x000000008a000000|  0%| F|  |TAMS 0x0000000089f00000, 0x0000000089f00000| Untracked 
|  58|0x000000008a000000, 0x000000008a000000, 0x000000008a100000|  0%| F|  |TAMS 0x000000008a000000, 0x000000008a000000| Untracked 
|  59|0x000000008a100000, 0x000000008a100000, 0x000000008a200000|  0%| F|  |TAMS 0x000000008a100000, 0x000000008a100000| Untracked 
|  60|0x000000008a200000, 0x000000008a200000, 0x000000008a300000|  0%| F|  |TAMS 0x000000008a200000, 0x000000008a200000| Untracked 
|  61|0x000000008a300000, 0x000000008a300000, 0x000000008a400000|  0%| F|  |TAMS 0x000000008a300000, 0x000000008a300000| Untracked 
|  62|0x000000008a400000, 0x000000008a400000, 0x000000008a500000|  0%| F|  |TAMS 0x000000008a400000, 0x000000008a400000| Untracked 
|  63|0x000000008a500000, 0x000000008a500000, 0x000000008a600000|  0%| F|  |TAMS 0x000000008a500000, 0x000000008a500000| Untracked 
|  64|0x000000008a600000, 0x000000008a600000, 0x000000008a700000|  0%| F|  |TAMS 0x000000008a600000, 0x000000008a600000| Untracked 
|  65|0x000000008a700000, 0x000000008a700000, 0x000000008a800000|  0%| F|  |TAMS 0x000000008a700000, 0x000000008a700000| Untracked 
|  66|0x000000008a800000, 0x000000008a800000, 0x000000008a900000|  0%| F|  |TAMS 0x000000008a800000, 0x000000008a800000| Untracked 
|  67|0x000000008a900000, 0x000000008a900000, 0x000000008aa00000|  0%| F|  |TAMS 0x000000008a900000, 0x000000008a900000| Untracked 
|  68|0x000000008aa00000, 0x000000008aa00000, 0x000000008ab00000|  0%| F|  |TAMS 0x000000008aa00000, 0x000000008aa00000| Untracked 
|  69|0x000000008ab00000, 0x000000008ab00000, 0x000000008ac00000|  0%| F|  |TAMS 0x000000008ab00000, 0x000000008ab00000| Untracked 
|  70|0x000000008ac00000, 0x000000008ac00000, 0x000000008ad00000|  0%| F|  |TAMS 0x000000008ac00000, 0x000000008ac00000| Untracked 
|  71|0x000000008ad00000, 0x000000008ad00000, 0x000000008ae00000|  0%| F|  |TAMS 0x000000008ad00000, 0x000000008ad00000| Untracked 
|  72|0x000000008ae00000, 0x000000008ae00000, 0x000000008af00000|  0%| F|  |TAMS 0x000000008ae00000, 0x000000008ae00000| Untracked 
|  73|0x000000008af00000, 0x000000008af00000, 0x000000008b000000|  0%| F|  |TAMS 0x000000008af00000, 0x000000008af00000| Untracked 
|  74|0x000000008b000000, 0x000000008b000000, 0x000000008b100000|  0%| F|  |TAMS 0x000000008b000000, 0x000000008b000000| Untracked 
|  75|0x000000008b100000, 0x000000008b100000, 0x000000008b200000|  0%| F|  |TAMS 0x000000008b100000, 0x000000008b100000| Untracked 
|  76|0x000000008b200000, 0x000000008b200000, 0x000000008b300000|  0%| F|  |TAMS 0x000000008b200000, 0x000000008b200000| Untracked 
|  77|0x000000008b300000, 0x000000008b300000, 0x000000008b400000|  0%| F|  |TAMS 0x000000008b300000, 0x000000008b300000| Untracked 
|  78|0x000000008b400000, 0x000000008b400000, 0x000000008b500000|  0%| F|  |TAMS 0x000000008b400000, 0x000000008b400000| Untracked 
|  79|0x000000008b500000, 0x000000008b500000, 0x000000008b600000|  0%| F|  |TAMS 0x000000008b500000, 0x000000008b500000| Untracked 
|  80|0x000000008b600000, 0x000000008b600000, 0x000000008b700000|  0%| F|  |TAMS 0x000000008b600000, 0x000000008b600000| Untracked 
|  81|0x000000008b700000, 0x000000008b700000, 0x000000008b800000|  0%| F|  |TAMS 0x000000008b700000, 0x000000008b700000| Untracked 
|  82|0x000000008b800000, 0x000000008b800000, 0x000000008b900000|  0%| F|  |TAMS 0x000000008b800000, 0x000000008b800000| Untracked 
|  83|0x000000008b900000, 0x000000008b900000, 0x000000008ba00000|  0%| F|  |TAMS 0x000000008b900000, 0x000000008b900000| Untracked 
|  84|0x000000008ba00000, 0x000000008ba00000, 0x000000008bb00000|  0%| F|  |TAMS 0x000000008ba00000, 0x000000008ba00000| Untracked 
|  85|0x000000008bb00000, 0x000000008bb00000, 0x000000008bc00000|  0%| F|  |TAMS 0x000000008bb00000, 0x000000008bb00000| Untracked 
|  86|0x000000008bc00000, 0x000000008bc00000, 0x000000008bd00000|  0%| F|  |TAMS 0x000000008bc00000, 0x000000008bc00000| Untracked 
|  87|0x000000008bd00000, 0x000000008bd00000, 0x000000008be00000|  0%| F|  |TAMS 0x000000008bd00000, 0x000000008bd00000| Untracked 
|  88|0x000000008be00000, 0x000000008be00000, 0x000000008bf00000|  0%| F|  |TAMS 0x000000008be00000, 0x000000008be00000| Untracked 
|  89|0x000000008bf00000, 0x000000008bf00000, 0x000000008c000000|  0%| F|  |TAMS 0x000000008bf00000, 0x000000008bf00000| Untracked 
|  90|0x000000008c000000, 0x000000008c000000, 0x000000008c100000|  0%| F|  |TAMS 0x000000008c000000, 0x000000008c000000| Untracked 
|  91|0x000000008c100000, 0x000000008c100000, 0x000000008c200000|  0%| F|  |TAMS 0x000000008c100000, 0x000000008c100000| Untracked 
|  92|0x000000008c200000, 0x000000008c200000, 0x000000008c300000|  0%| F|  |TAMS 0x000000008c200000, 0x000000008c200000| Untracked 
|  93|0x000000008c300000, 0x000000008c300000, 0x000000008c400000|  0%| F|  |TAMS 0x000000008c300000, 0x000000008c300000| Untracked 
|  94|0x000000008c400000, 0x000000008c400000, 0x000000008c500000|  0%| F|  |TAMS 0x000000008c400000, 0x000000008c400000| Untracked 
|  95|0x000000008c500000, 0x000000008c500000, 0x000000008c600000|  0%| F|  |TAMS 0x000000008c500000, 0x000000008c500000| Untracked 
|  96|0x000000008c600000, 0x000000008c600000, 0x000000008c700000|  0%| F|  |TAMS 0x000000008c600000, 0x000000008c600000| Untracked 
|  97|0x000000008c700000, 0x000000008c700000, 0x000000008c800000|  0%| F|  |TAMS 0x000000008c700000, 0x000000008c700000| Untracked 
|  98|0x000000008c800000, 0x000000008c800000, 0x000000008c900000|  0%| F|  |TAMS 0x000000008c800000, 0x000000008c800000| Untracked 
|  99|0x000000008c900000, 0x000000008c900000, 0x000000008ca00000|  0%| F|  |TAMS 0x000000008c900000, 0x000000008c900000| Untracked 
| 100|0x000000008ca00000, 0x000000008ca00000, 0x000000008cb00000|  0%| F|  |TAMS 0x000000008ca00000, 0x000000008ca00000| Untracked 
| 101|0x000000008cb00000, 0x000000008cb00000, 0x000000008cc00000|  0%| F|  |TAMS 0x000000008cb00000, 0x000000008cb00000| Untracked 
| 102|0x000000008cc00000, 0x000000008cc00000, 0x000000008cd00000|  0%| F|  |TAMS 0x000000008cc00000, 0x000000008cc00000| Untracked 
| 103|0x000000008cd00000, 0x000000008cd00000, 0x000000008ce00000|  0%| F|  |TAMS 0x000000008cd00000, 0x000000008cd00000| Untracked 
| 104|0x000000008ce00000, 0x000000008ce00000, 0x000000008cf00000|  0%| F|  |TAMS 0x000000008ce00000, 0x000000008ce00000| Untracked 
| 105|0x000000008cf00000, 0x000000008cf00000, 0x000000008d000000|  0%| F|  |TAMS 0x000000008cf00000, 0x000000008cf00000| Untracked 
| 106|0x000000008d000000, 0x000000008d000000, 0x000000008d100000|  0%| F|  |TAMS 0x000000008d000000, 0x000000008d000000| Untracked 
| 107|0x000000008d100000, 0x000000008d100000, 0x000000008d200000|  0%| F|  |TAMS 0x000000008d100000, 0x000000008d100000| Untracked 
| 108|0x000000008d200000, 0x000000008d200000, 0x000000008d300000|  0%| F|  |TAMS 0x000000008d200000, 0x000000008d200000| Untracked 
| 109|0x000000008d300000, 0x000000008d300000, 0x000000008d400000|  0%| F|  |TAMS 0x000000008d300000, 0x000000008d300000| Untracked 
| 110|0x000000008d400000, 0x000000008d4f78d0, 0x000000008d500000| 96%| E|  |TAMS 0x000000008d400000, 0x000000008d400000| Complete 
| 111|0x000000008d500000, 0x000000008d600000, 0x000000008d600000|100%| E|CS|TAMS 0x000000008d500000, 0x000000008d500000| Complete 
| 112|0x000000008d600000, 0x000000008d700000, 0x000000008d700000|100%| E|CS|TAMS 0x000000008d600000, 0x000000008d600000| Complete 
| 113|0x000000008d700000, 0x000000008d800000, 0x000000008d800000|100%| E|CS|TAMS 0x000000008d700000, 0x000000008d700000| Complete 
| 114|0x000000008d800000, 0x000000008d900000, 0x000000008d900000|100%| E|CS|TAMS 0x000000008d800000, 0x000000008d800000| Complete 
| 115|0x000000008d900000, 0x000000008da00000, 0x000000008da00000|100%| E|CS|TAMS 0x000000008d900000, 0x000000008d900000| Complete 
| 116|0x000000008da00000, 0x000000008db00000, 0x000000008db00000|100%| E|CS|TAMS 0x000000008da00000, 0x000000008da00000| Complete 
| 117|0x000000008db00000, 0x000000008dc00000, 0x000000008dc00000|100%| E|CS|TAMS 0x000000008db00000, 0x000000008db00000| Complete 
| 118|0x000000008dc00000, 0x000000008dd00000, 0x000000008dd00000|100%| E|CS|TAMS 0x000000008dc00000, 0x000000008dc00000| Complete 
| 119|0x000000008dd00000, 0x000000008de00000, 0x000000008de00000|100%| E|CS|TAMS 0x000000008dd00000, 0x000000008dd00000| Complete 
| 120|0x000000008de00000, 0x000000008df00000, 0x000000008df00000|100%| E|CS|TAMS 0x000000008de00000, 0x000000008de00000| Complete 
| 121|0x000000008df00000, 0x000000008e000000, 0x000000008e000000|100%| E|CS|TAMS 0x000000008df00000, 0x000000008df00000| Complete 

Card table byte_map: [0x0000021ffec70000,0x0000021fff040000] _byte_map_base: 0x0000021ffe83d000

Marking Bits (Prev, Next): (CMBitMap*) 0x0000021ffc5da0d0, (CMBitMap*) 0x0000021ffc5da110
 Prev Bits: [0x0000021f96a20000, 0x0000021f98888000)
 Next Bits: [0x0000021f98890000, 0x0000021f9a6f8000)

Polling page: 0x0000021ffc640000

Metaspace:

Usage:
  Non-class:      4.85 MB used.
      Class:    286.48 KB used.
       Both:      5.13 MB used.

Virtual space:
  Non-class space:       64.00 MB reserved,       4.94 MB (  8%) committed,  1 nodes.
      Class space:        1.00 GB reserved,     384.00 KB ( <1%) committed,  1 nodes.
             Both:        1.06 GB reserved,       5.31 MB ( <1%) committed. 

Chunk freelists:
   Non-Class:  8.85 MB
       Class:  15.58 MB
        Both:  24.43 MB

MaxMetaspaceSize: unlimited
CompressedClassSpaceSize: 1.00 GB
Initial GC threshold: 21.00 MB
Current GC threshold: 21.00 MB
CDS: on
MetaspaceReclaimPolicy: balanced
 - commit_granule_bytes: 65536.
 - commit_granule_words: 8192.
 - virtual_space_node_default_size: 8388608.
 - enlarge_chunks_in_place: 1.
 - new_chunks_are_fully_committed: 0.
 - uncommit_free_chunks: 1.
 - use_allocation_guard: 0.
 - handle_deallocations: 1.


Internal statistics:

num_allocs_failed_limit: 0.
num_arena_births: 102.
num_arena_deaths: 0.
num_vsnodes_births: 2.
num_vsnodes_deaths: 0.
num_space_committed: 83.
num_space_uncommitted: 0.
num_chunks_returned_to_freelist: 0.
num_chunks_taken_from_freelist: 238.
num_chunk_merges: 0.
num_chunk_splits: 166.
num_chunks_enlarged: 119.
num_inconsistent_stats: 0.

CodeHeap 'non-profiled nmethods': size=120000Kb used=320Kb max_used=320Kb free=119680Kb
 bounds [0x0000021f8f4f0000, 0x0000021f8f760000, 0x0000021f96a20000]
CodeHeap 'profiled nmethods': size=120000Kb used=1385Kb max_used=1385Kb free=118614Kb
 bounds [0x0000021f87a20000, 0x0000021f87c90000, 0x0000021f8ef50000]
CodeHeap 'non-nmethods': size=5760Kb used=1772Kb max_used=1780Kb free=3987Kb
 bounds [0x0000021f8ef50000, 0x0000021f8f1c0000, 0x0000021f8f4f0000]
 total_blobs=2194 nmethods=952 adapters=1155
 compilation: enabled
              stopped_count=0, restarted_count=0
 full_count=0

Compilation events (20 events):
Event: 7.903 Thread 0x0000021fffec9de0  938       3       java.nio.Buffer::hasRemaining (17 bytes)
Event: 7.903 Thread 0x0000021fffec9de0 nmethod 938 0x0000021f87b78090 code [0x0000021f87b78220, 0x0000021f87b78398]
Event: 7.906 Thread 0x0000021fffec7330 nmethod 937 0x0000021f8f53e610 code [0x0000021f8f53e780, 0x0000021f8f53e838]
Event: 7.907 Thread 0x0000021fffec9de0  939       3       java.util.zip.ZipUtils::CENSIZ (9 bytes)
Event: 7.908 Thread 0x0000021fffec9de0 nmethod 939 0x0000021f87b78410 code [0x0000021f87b785c0, 0x0000021f87b78898]
Event: 7.908 Thread 0x0000021fffec9de0  940       3       java.net.URL::getDefaultPort (8 bytes)
Event: 7.909 Thread 0x0000021fffec9de0 nmethod 940 0x0000021f87b78a10 code [0x0000021f87b78ba0, 0x0000021f87b78d98]
Event: 7.912 Thread 0x0000021fffec9de0  941       1       java.util.zip.ZipEntry::getName (5 bytes)
Event: 7.912 Thread 0x0000021fffec9de0 nmethod 941 0x0000021f8f53e910 code [0x0000021f8f53eaa0, 0x0000021f8f53eb78]
Event: 7.912 Thread 0x0000021fffec9de0  942   !   3       java.util.zip.Inflater::needsInput (55 bytes)
Event: 7.912 Thread 0x0000021fffec9de0 nmethod 942 0x0000021f87b78e90 code [0x0000021f87b79040, 0x0000021f87b793f8]
Event: 7.915 Thread 0x0000021fffec9de0  944       3       java.util.ImmutableCollections$ListN::size (6 bytes)
Event: 7.915 Thread 0x0000021fffec9de0 nmethod 944 0x0000021f87b79510 code [0x0000021f87b796a0, 0x0000021f87b797b8]
Event: 7.915 Thread 0x0000021fffec9de0  947       3       java.lang.invoke.MethodType::toMethodDescriptorString (28 bytes)
Event: 7.916 Thread 0x0000021fffec9de0 nmethod 947 0x0000021f87b79890 code [0x0000021f87b79a40, 0x0000021f87b79c28]
Event: 7.916 Thread 0x0000021fffec9de0  949       3       jdk.internal.org.objectweb.asm.ByteVector::<init> (13 bytes)
Event: 7.916 Thread 0x0000021fffec9de0 nmethod 949 0x0000021f87b79d10 code [0x0000021f87b79ec0, 0x0000021f87b7a138]
Event: 7.916 Thread 0x0000021fffec9de0  950       3       jdk.internal.org.objectweb.asm.Frame::pop (44 bytes)
Event: 7.916 Thread 0x0000021fffec9de0 nmethod 950 0x0000021f87b7a210 code [0x0000021f87b7a3a0, 0x0000021f87b7a538]
Event: 7.916 Thread 0x0000021fffec9de0  951       3       jdk.internal.org.objectweb.asm.SymbolTable::addConstantMemberReference (147 bytes)

GC Heap History (0 events):
No events

Dll operation events (10 events):
Event: 0.031 Loaded shared library C:\Users\devin\AppData\Local\Programs\Eclipse Adoptium\jdk-17.0.7.7-hotspot\bin\java.dll
Event: 0.054 Loaded shared library C:\Users\devin\AppData\Local\Programs\Eclipse Adoptium\jdk-17.0.7.7-hotspot\bin\jsvml.dll
Event: 0.197 Loaded shared library C:\Users\devin\AppData\Local\Programs\Eclipse Adoptium\jdk-17.0.7.7-hotspot\bin\net.dll
Event: 0.199 Loaded shared library C:\Users\devin\AppData\Local\Programs\Eclipse Adoptium\jdk-17.0.7.7-hotspot\bin\nio.dll
Event: 0.204 Loaded shared library C:\Users\devin\AppData\Local\Programs\Eclipse Adoptium\jdk-17.0.7.7-hotspot\bin\jimage.dll
Event: 0.235 Loaded shared library C:\Users\devin\AppData\Local\Programs\Eclipse Adoptium\jdk-17.0.7.7-hotspot\bin\zip.dll
Event: 0.327 Loaded shared library C:\Users\devin\AppData\Local\Temp\lwjgl_devin\3.3.2+13\x64\lwjgl.dll
Event: 1.056 Loaded shared library C:\Users\devin\AppData\Local\Temp\lwjgl_devin\3.3.2+13\x64\lwjgl_opengl.dll
Event: 1.188 Loaded shared library C:\Users\devin\AppData\Local\Temp\imgui-java-bin_devin\imgui-java64.dll
Event: 7.872 Loaded shared library C:\Users\devin\AppData\Local\Programs\Eclipse Adoptium\jdk-17.0.7.7-hotspot\bin\verify.dll

Deoptimization events (20 events):
Event: 0.487 Thread 0x0000021ffc57e980 DEOPT PACKING pc=0x0000021f87ac8e4a sp=0x00000087ab7fe080
Event: 0.487 Thread 0x0000021ffc57e980 DEOPT UNPACKING pc=0x0000021f8efaace3 sp=0x00000087ab7fd4f8 mode 0
Event: 1.094 Thread 0x0000021ffc57e980 Uncommon trap: trap_request=0xffffff54 fr.pc=0x0000021f8f523be0 relative=0x0000000000000060
Event: 1.094 Thread 0x0000021ffc57e980 Uncommon trap: reason=speculate_null_assert action=make_not_entrant pc=0x0000021f8f523be0 method=sun.misc.Unsafe.putLong(Ljava/lang/Object;JJ)V @ 7 c2
Event: 1.094 Thread 0x0000021ffc57e980 DEOPT PACKING pc=0x0000021f8f523be0 sp=0x00000087ab7fef50
Event: 1.094 Thread 0x0000021ffc57e980 DEOPT UNPACKING pc=0x0000021f8efaa1a3 sp=0x00000087ab7feec8 mode 2
Event: 1.097 Thread 0x0000021ffc57e980 Uncommon trap: trap_request=0xffffff54 fr.pc=0x0000021f8f524c5c relative=0x000000000000005c
Event: 1.098 Thread 0x0000021ffc57e980 Uncommon trap: reason=speculate_null_assert action=make_not_entrant pc=0x0000021f8f524c5c method=sun.misc.Unsafe.getLong(Ljava/lang/Object;J)J @ 5 c2
Event: 1.098 Thread 0x0000021ffc57e980 DEOPT PACKING pc=0x0000021f8f524c5c sp=0x00000087ab7fee20
Event: 1.098 Thread 0x0000021ffc57e980 DEOPT UNPACKING pc=0x0000021f8efaa1a3 sp=0x00000087ab7feda8 mode 2
Event: 1.224 Thread 0x0000021ffc57e980 DEOPT PACKING pc=0x0000021f87a7fee5 sp=0x00000087ab7f4400
Event: 1.225 Thread 0x0000021ffc57e980 DEOPT UNPACKING pc=0x0000021f8efaace3 sp=0x00000087ab7f3850 mode 0
Event: 7.884 Thread 0x0000021ffc57e980 Uncommon trap: trap_request=0xffffff45 fr.pc=0x0000021f8f519b8c relative=0x000000000000054c
Event: 7.884 Thread 0x0000021ffc57e980 Uncommon trap: reason=unstable_if action=reinterpret pc=0x0000021f8f519b8c method=java.lang.AbstractStringBuilder.putStringAt(ILjava/lang/String;II)V @ 8 c2
Event: 7.884 Thread 0x0000021ffc57e980 DEOPT PACKING pc=0x0000021f8f519b8c sp=0x00000087ab7febe0
Event: 7.884 Thread 0x0000021ffc57e980 DEOPT UNPACKING pc=0x0000021f8efaa1a3 sp=0x00000087ab7fea68 mode 2
Event: 7.884 Thread 0x0000021ffc57e980 Uncommon trap: trap_request=0xffffff45 fr.pc=0x0000021f8f51b104 relative=0x0000000000000544
Event: 7.884 Thread 0x0000021ffc57e980 Uncommon trap: reason=unstable_if action=reinterpret pc=0x0000021f8f51b104 method=java.lang.AbstractStringBuilder.putStringAt(ILjava/lang/String;II)V @ 8 c2
Event: 7.884 Thread 0x0000021ffc57e980 DEOPT PACKING pc=0x0000021f8f51b104 sp=0x00000087ab7feb70
Event: 7.884 Thread 0x0000021ffc57e980 DEOPT UNPACKING pc=0x0000021f8efaa1a3 sp=0x00000087ab7fea60 mode 2

Classes unloaded (0 events):
No events

Classes redefined (0 events):
No events

Internal exceptions (20 events):
Event: 0.298 Thread 0x0000021ffc57e980 Exception <a 'java/lang/NoSuchMethodError'{0x000000008db3d468}: 'void java.lang.invoke.DirectMethodHandle$Holder.invokeStatic(java.lang.Object, java.lang.Object)'> (0x000000008db3d468) 
thrown [s\src\hotspot\share\interpreter\linkResolver.cpp, line 759]
Event: 0.299 Thread 0x0000021ffc57e980 Exception <a 'java/lang/NoSuchMethodError'{0x000000008db427a0}: 'void java.lang.invoke.DirectMethodHandle$Holder.invokeSpecial(java.lang.Object, java.lang.Object, java.lang.Object)'> (0x000000008db427a0) 
thrown [s\src\hotspot\share\interpreter\linkResolver.cpp, line 759]
Event: 0.301 Thread 0x0000021ffc57e980 Exception <a 'java/lang/NoSuchMethodError'{0x000000008db50e70}: 'java.lang.Object java.lang.invoke.DirectMethodHandle$Holder.invokeStatic(java.lang.Object, java.lang.Object, int)'> (0x000000008db50e70) 
thrown [s\src\hotspot\share\interpreter\linkResolver.cpp, line 759]
Event: 0.302 Thread 0x0000021ffc57e980 Exception <a 'java/lang/NoSuchMethodError'{0x000000008db5cb60}: 'void java.lang.invoke.DelegatingMethodHandle$Holder.delegate(java.lang.Object, java.lang.Object, int, java.lang.Object)'> (0x000000008db5cb60) 
thrown [s\src\hotspot\share\interpreter\linkResolver.cpp, line 759]
Event: 0.302 Thread 0x0000021ffc57e980 Exception <a 'java/lang/NoSuchMethodError'{0x000000008db60da0}: 'int java.lang.invoke.DirectMethodHandle$Holder.invokeSpecial(java.lang.Object, java.lang.Object, java.lang.Object)'> (0x000000008db60da0) 
thrown [s\src\hotspot\share\interpreter\linkResolver.cpp, line 759]
Event: 0.325 Thread 0x0000021ffc57e980 Exception <a 'sun/nio/fs/WindowsException'{0x000000008dbb6db0}> (0x000000008dbb6db0) 
thrown [s\src\hotspot\share\prims\jni.cpp, line 516]
Event: 0.325 Thread 0x0000021ffc57e980 Exception <a 'sun/nio/fs/WindowsException'{0x000000008dbb7300}> (0x000000008dbb7300) 
thrown [s\src\hotspot\share\prims\jni.cpp, line 516]
Event: 0.389 Thread 0x0000021ffc57e980 Exception <a 'java/lang/NoSuchMethodError'{0x000000008da74778}: 'int java.lang.invoke.DirectMethodHandle$Holder.invokeStaticInit(java.lang.Object, java.lang.Object, int, long)'> (0x000000008da74778) 
thrown [s\src\hotspot\share\interpreter\linkResolver.cpp, line 759]
Event: 0.391 Thread 0x0000021ffc57e980 Exception <a 'java/lang/NoSuchMethodError'{0x000000008da7a430}: 'java.lang.Object java.lang.invoke.DirectMethodHandle$Holder.newInvokeSpecial(java.lang.Object, java.lang.Object, int)'> (0x000000008da7a430) 
thrown [s\src\hotspot\share\interpreter\linkResolver.cpp, line 759]
Event: 0.397 Thread 0x0000021ffc57e980 Exception <a 'java/lang/NoSuchMethodError'{0x000000008da8a718}: 'int java.lang.invoke.DirectMethodHandle$Holder.invokeStaticInit(java.lang.Object, java.lang.Object, long, long)'> (0x000000008da8a718) 
thrown [s\src\hotspot\share\interpreter\linkResolver.cpp, line 759]
Event: 0.399 Thread 0x0000021ffc57e980 Exception <a 'java/lang/NoSuchMethodError'{0x000000008da904a0}: 'java.lang.Object java.lang.invoke.DirectMethodHandle$Holder.newInvokeSpecial(java.lang.Object, java.lang.Object, long)'> (0x000000008da904a0) 
thrown [s\src\hotspot\share\interpreter\linkResolver.cpp, line 759]
Event: 0.400 Thread 0x0000021ffc57e980 Exception <a 'java/lang/NoSuchMethodError'{0x000000008da93d68}: 'java.lang.Object java.lang.invoke.Invokers$Holder.linkToTargetMethod(java.lang.Object, long, java.lang.Object)'> (0x000000008da93d68) 
thrown [s\src\hotspot\share\interpreter\linkResolver.cpp, line 759]
Event: 0.401 Thread 0x0000021ffc57e980 Exception <a 'java/lang/NoSuchMethodError'{0x000000008da9b368}: 'int java.lang.invoke.DirectMethodHandle$Holder.invokeStaticInit(java.lang.Object, java.lang.Object, java.lang.Object, long)'> (0x000000008da9b368) 
thrown [s\src\hotspot\share\interpreter\linkResolver.cpp, line 759]
Event: 0.464 Thread 0x0000021ffc57e980 Exception <a 'sun/nio/fs/WindowsException'{0x000000008d95df48}> (0x000000008d95df48) 
thrown [s\src\hotspot\share\prims\jni.cpp, line 516]
Event: 0.464 Thread 0x0000021ffc57e980 Exception <a 'sun/nio/fs/WindowsException'{0x000000008d95e2a8}> (0x000000008d95e2a8) 
thrown [s\src\hotspot\share\prims\jni.cpp, line 516]
Event: 0.932 Thread 0x0000021ffc57e980 Exception <a 'java/lang/NoSuchMethodError'{0x000000008d9bd2d0}: 'void java.lang.invoke.DirectMethodHandle$Holder.invokeStatic(java.lang.Object, long, int, int)'> (0x000000008d9bd2d0) 
thrown [s\src\hotspot\share\interpreter\linkResolver.cpp, line 759]
Event: 1.054 Thread 0x0000021ffc57e980 Exception <a 'sun/nio/fs/WindowsException'{0x000000008d802de8}> (0x000000008d802de8) 
thrown [s\src\hotspot\share\prims\jni.cpp, line 516]
Event: 1.054 Thread 0x0000021ffc57e980 Exception <a 'sun/nio/fs/WindowsException'{0x000000008d803190}> (0x000000008d803190) 
thrown [s\src\hotspot\share\prims\jni.cpp, line 516]
Event: 1.061 Thread 0x0000021ffc57e980 Exception <a 'sun/nio/fs/WindowsException'{0x000000008d80dfd8}> (0x000000008d80dfd8) 
thrown [s\src\hotspot\share\prims\jni.cpp, line 516]
Event: 1.061 Thread 0x0000021ffc57e980 Exception <a 'sun/nio/fs/WindowsException'{0x000000008d80e2b8}> (0x000000008d80e2b8) 
thrown [s\src\hotspot\share\prims\jni.cpp, line 516]

VM Operations (10 events):
Event: 0.238 Executing VM operation: HandshakeAllThreads
Event: 0.238 Executing VM operation: HandshakeAllThreads done
Event: 0.320 Executing VM operation: HandshakeAllThreads
Event: 0.320 Executing VM operation: HandshakeAllThreads done
Event: 0.345 Executing VM operation: HandshakeAllThreads
Event: 0.345 Executing VM operation: HandshakeAllThreads done
Event: 1.350 Executing VM operation: Cleanup
Event: 1.350 Executing VM operation: Cleanup done
Event: 3.375 Executing VM operation: Cleanup
Event: 3.375 Executing VM operation: Cleanup done

Events (20 events):
Event: 0.405 loading class java/nio/InvalidMarkException done
Event: 0.405 loading class java/nio/BufferUnderflowException
Event: 0.405 loading class java/nio/BufferUnderflowException done
Event: 0.448 loading class java/util/Formatter$FixedString
Event: 0.448 loading class java/util/Formatter$FixedString done
Event: 0.465 loading class java/lang/NoSuchFieldError
Event: 0.465 loading class java/lang/NoSuchFieldError done
Event: 0.488 loading class jdk/internal/reflect/UnsafeQualifiedStaticIntegerFieldAccessorImpl
Event: 0.488 loading class jdk/internal/reflect/UnsafeQualifiedStaticIntegerFieldAccessorImpl done
Event: 0.931 Thread 0x0000021fa1189920 Thread exited: 0x0000021fa1189920
Event: 1.052 loading class jdk/internal/misc/ScopedMemoryAccess$Scope
Event: 1.053 loading class jdk/internal/misc/ScopedMemoryAccess$Scope done
Event: 1.139 loading class java/io/UncheckedIOException
Event: 1.139 loading class java/io/UncheckedIOException done
Event: 1.141 loading class java/nio/file/StandardCopyOption
Event: 1.141 loading class java/nio/file/StandardCopyOption done
Event: 7.868 loading class java/io/Externalizable
Event: 7.868 loading class java/io/Externalizable done
Event: 7.882 loading class java/lang/AssertionError
Event: 7.882 loading class java/lang/AssertionError done


Dynamic libraries:
0x00007ff764020000 - 0x00007ff76402e000 	C:\Users\devin\AppData\Local\Programs\Eclipse Adoptium\jdk-17.0.7.7-hotspot\bin\java.exe
0x00007ffa80bf0000 - 0x00007ffa80e04000 	C:\WINDOWS\SYSTEM32\ntdll.dll
0x00007ffa7ec30000 - 0x00007ffa7ecf2000 	C:\WINDOWS\System32\KERNEL32.DLL
0x00007ffa7e240000 - 0x00007ffa7e5e3000 	C:\WINDOWS\System32\KERNELBASE.dll
0x00007ffa7e830000 - 0x00007ffa7e941000 	C:\WINDOWS\System32\ucrtbase.dll
0x00007ffa61240000 - 0x00007ffa61259000 	C:\Users\devin\AppData\Local\Programs\Eclipse Adoptium\jdk-17.0.7.7-hotspot\bin\VCRUNTIME140.dll
0x00007ffa68710000 - 0x00007ffa68727000 	C:\Users\devin\AppData\Local\Programs\Eclipse Adoptium\jdk-17.0.7.7-hotspot\bin\jli.dll
0x00007ffa7f9e0000 - 0x00007ffa7fb8b000 	C:\WINDOWS\System32\USER32.dll
0x00007ffa7e5f0000 - 0x00007ffa7e616000 	C:\WINDOWS\System32\win32u.dll
0x00007ffa60600000 - 0x00007ffa6088e000 	C:\WINDOWS\WinSxS\amd64_microsoft.windows.common-controls_6595b64144ccf1df_6.0.22621.1635_none_270f70857386168e\COMCTL32.dll
0x00007ffa80320000 - 0x00007ffa80349000 	C:\WINDOWS\System32\GDI32.dll
0x00007ffa80af0000 - 0x00007ffa80b97000 	C:\WINDOWS\System32\msvcrt.dll
0x00007ffa7e6a0000 - 0x00007ffa7e7b8000 	C:\WINDOWS\System32\gdi32full.dll
0x00007ffa7e950000 - 0x00007ffa7e9ea000 	C:\WINDOWS\System32\msvcp_win.dll
0x00007ffa7eb00000 - 0x00007ffa7eb31000 	C:\WINDOWS\System32\IMM32.DLL
0x00007ffa76870000 - 0x00007ffa7687c000 	C:\Users\devin\AppData\Local\Programs\Eclipse Adoptium\jdk-17.0.7.7-hotspot\bin\vcruntime140_1.dll
0x00007ffa56bb0000 - 0x00007ffa56c41000 	C:\Users\devin\AppData\Local\Programs\Eclipse Adoptium\jdk-17.0.7.7-hotspot\bin\msvcp140.dll
0x00007ffa2e580000 - 0x00007ffa2f1c8000 	C:\Users\devin\AppData\Local\Programs\Eclipse Adoptium\jdk-17.0.7.7-hotspot\bin\server\jvm.dll
0x00007ffa80a40000 - 0x00007ffa80aee000 	C:\WINDOWS\System32\ADVAPI32.dll
0x00007ffa808a0000 - 0x00007ffa80944000 	C:\WINDOWS\System32\sechost.dll
0x00007ffa7fd30000 - 0x00007ffa7fe47000 	C:\WINDOWS\System32\RPCRT4.dll
0x00007ffa6ba00000 - 0x00007ffa6ba0a000 	C:\WINDOWS\SYSTEM32\VERSION.dll
0x00007ffa5cfb0000 - 0x00007ffa5cfb9000 	C:\WINDOWS\SYSTEM32\WSOCK32.dll
0x00007ffa75550000 - 0x00007ffa75584000 	C:\WINDOWS\SYSTEM32\WINMM.dll
0x00007ffa80820000 - 0x00007ffa80891000 	C:\WINDOWS\System32\WS2_32.dll
0x00007ffa7d020000 - 0x00007ffa7d038000 	C:\WINDOWS\SYSTEM32\kernel.appcore.dll
0x00007ffa68530000 - 0x00007ffa6853a000 	C:\Users\devin\AppData\Local\Programs\Eclipse Adoptium\jdk-17.0.7.7-hotspot\bin\jimage.dll
0x00007ffa7ba30000 - 0x00007ffa7bc5e000 	C:\WINDOWS\SYSTEM32\DBGHELP.DLL
0x00007ffa80490000 - 0x00007ffa80819000 	C:\WINDOWS\System32\combase.dll
0x00007ffa7eb50000 - 0x00007ffa7ec27000 	C:\WINDOWS\System32\OLEAUT32.dll
0x00007ffa5fd70000 - 0x00007ffa5fda2000 	C:\WINDOWS\SYSTEM32\dbgcore.DLL
0x00007ffa7e620000 - 0x00007ffa7e69b000 	C:\WINDOWS\System32\bcryptPrimitives.dll
0x00007ffa5bca0000 - 0x00007ffa5bcc5000 	C:\Users\devin\AppData\Local\Programs\Eclipse Adoptium\jdk-17.0.7.7-hotspot\bin\java.dll
0x00007ffa54c90000 - 0x00007ffa54d66000 	C:\Users\devin\AppData\Local\Programs\Eclipse Adoptium\jdk-17.0.7.7-hotspot\bin\jsvml.dll
0x00007ffa7f1e0000 - 0x00007ffa7f9da000 	C:\WINDOWS\System32\SHELL32.dll
0x00007ffa7bfc0000 - 0x00007ffa7c88e000 	C:\WINDOWS\SYSTEM32\windows.storage.dll
0x00007ffa7be80000 - 0x00007ffa7bfbe000 	C:\WINDOWS\SYSTEM32\wintypes.dll
0x00007ffa7fe50000 - 0x00007ffa7ff41000 	C:\WINDOWS\System32\SHCORE.dll
0x00007ffa7e9f0000 - 0x00007ffa7ea4e000 	C:\WINDOWS\System32\shlwapi.dll
0x00007ffa7df40000 - 0x00007ffa7df61000 	C:\WINDOWS\SYSTEM32\profapi.dll
0x00007ffa61220000 - 0x00007ffa61239000 	C:\Users\devin\AppData\Local\Programs\Eclipse Adoptium\jdk-17.0.7.7-hotspot\bin\net.dll
0x00007ffa755f0000 - 0x00007ffa75727000 	C:\WINDOWS\SYSTEM32\WINHTTP.dll
0x00007ffa7d490000 - 0x00007ffa7d4f9000 	C:\WINDOWS\system32\mswsock.dll
0x00007ffa5a690000 - 0x00007ffa5a6a5000 	C:\Users\devin\AppData\Local\Programs\Eclipse Adoptium\jdk-17.0.7.7-hotspot\bin\nio.dll
0x00007ffa5a670000 - 0x00007ffa5a688000 	C:\Users\devin\AppData\Local\Programs\Eclipse Adoptium\jdk-17.0.7.7-hotspot\bin\zip.dll
0x00007ffa5d210000 - 0x00007ffa5d28a000 	C:\Users\devin\AppData\Local\Temp\lwjgl_devin\3.3.2+13\x64\lwjgl.dll
0x00007ffa55100000 - 0x00007ffa55182000 	C:\Users\devin\AppData\Local\Temp\lwjgl_devin\3.3.2+13\x64\glfw.dll
0x00007ffa5d1c0000 - 0x00007ffa5d206000 	C:\WINDOWS\SYSTEM32\dinput8.dll
0x00007ffa68540000 - 0x00007ffa68551000 	C:\WINDOWS\SYSTEM32\xinput1_4.dll
0x00007ffa7dc10000 - 0x00007ffa7dc5e000 	C:\WINDOWS\SYSTEM32\cfgmgr32.dll
0x00007ffa7dbe0000 - 0x00007ffa7dc0c000 	C:\WINDOWS\SYSTEM32\DEVOBJ.dll
0x00007ffa7b4c0000 - 0x00007ffa7b4eb000 	C:\WINDOWS\SYSTEM32\dwmapi.dll
0x00007ffa6bb80000 - 0x00007ffa6bd81000 	C:\WINDOWS\SYSTEM32\inputhost.dll
0x00007ffa7aac0000 - 0x00007ffa7abf3000 	C:\WINDOWS\SYSTEM32\CoreMessaging.dll
0x00007ffa7b250000 - 0x00007ffa7b2fb000 	C:\WINDOWS\system32\uxtheme.dll
0x00007ffa80370000 - 0x00007ffa8048e000 	C:\WINDOWS\System32\MSCTF.dll
0x00007ffa7d6d0000 - 0x00007ffa7d6dc000 	C:\WINDOWS\SYSTEM32\CRYPTBASE.DLL
0x00007ffa66fd0000 - 0x00007ffa670d0000 	C:\WINDOWS\SYSTEM32\opengl32.dll
0x00007ffa6f730000 - 0x00007ffa6f75d000 	C:\WINDOWS\SYSTEM32\GLU32.dll
0x00007ffa7b370000 - 0x00007ffa7b3a6000 	C:\WINDOWS\SYSTEM32\dxcore.dll
0x00007ffa77bd0000 - 0x00007ffa77c18000 	C:\WINDOWS\SYSTEM32\directxdatabasehelper.dll
0x00007ffa7ea50000 - 0x00007ffa7eb00000 	C:\WINDOWS\System32\clbcatq.dll
0x00007ffa14850000 - 0x00007ffa15872000 	C:\WINDOWS\System32\DriverStore\FileRepository\iigd_dch.inf_amd64_d73f88d32ddb95d3\ig11icd64.dll
0x00007ffa7fb90000 - 0x00007ffa7fd2c000 	C:\WINDOWS\System32\ole32.dll
0x00007ffa7b3b0000 - 0x00007ffa7b4a6000 	C:\WINDOWS\system32\dxgi.dll
0x00007ffa14440000 - 0x00007ffa14849000 	C:\WINDOWS\System32\DriverStore\FileRepository\iigd_dch.inf_amd64_d73f88d32ddb95d3\igdml64.dll
0x00007ffa6ee80000 - 0x00007ffa6f1b1000 	C:\WINDOWS\System32\DriverStore\FileRepository\iigd_dch.inf_amd64_d73f88d32ddb95d3\igdgmm64.dll
0x00007ffa6c100000 - 0x00007ffa6ee78000 	C:\WINDOWS\System32\DriverStore\FileRepository\iigd_dch.inf_amd64_d73f88d32ddb95d3\igc64.dll
0x00007ffa7dee0000 - 0x00007ffa7df2d000 	C:\WINDOWS\SYSTEM32\powrprof.dll
0x00007ffa7dec0000 - 0x00007ffa7ded3000 	C:\WINDOWS\SYSTEM32\UMPDC.dll
0x00007ffa70b60000 - 0x00007ffa70c8d000 	C:\WINDOWS\SYSTEM32\textinputframework.dll
0x00007ffa76c50000 - 0x00007ffa76fbc000 	C:\WINDOWS\SYSTEM32\CoreUIComponents.dll
0x00007ffa56cf0000 - 0x00007ffa56d59000 	C:\WINDOWS\system32\Oleacc.dll
0x00007ffa54c30000 - 0x00007ffa54c8e000 	C:\Users\devin\AppData\Local\Temp\lwjgl_devin\3.3.2+13\x64\lwjgl_opengl.dll
0x000000006f6c0000 - 0x000000006f872000 	C:\Users\devin\AppData\Local\Temp\imgui-java-bin_devin\imgui-java64.dll
0x00007ffa7d6e0000 - 0x00007ffa7d6fb000 	C:\WINDOWS\SYSTEM32\CRYPTSP.dll
0x00007ffa7cf90000 - 0x00007ffa7cfc5000 	C:\WINDOWS\system32\rsaenh.dll
0x00007ffa78cf0000 - 0x00007ffa78d00000 	C:\Users\devin\AppData\Local\Programs\Eclipse Adoptium\jdk-17.0.7.7-hotspot\bin\verify.dll

dbghelp: loaded successfully - version: 4.0.5 - missing functions: none
symbol engine: initialized successfully - sym options: 0x614 - pdb path: .;C:\Users\devin\AppData\Local\Programs\Eclipse Adoptium\jdk-17.0.7.7-hotspot\bin;C:\WINDOWS\SYSTEM32;C:\WINDOWS\WinSxS\amd64_microsoft.windows.common-controls_6595b64144ccf1df_6.0.22621.1635_none_270f70857386168e;C:\Users\devin\AppData\Local\Programs\Eclipse Adoptium\jdk-17.0.7.7-hotspot\bin\server;C:\Users\devin\AppData\Local\Temp\lwjgl_devin\3.3.2+13\x64;C:\WINDOWS\System32\DriverStore\FileRepository\iigd_dch.inf_amd64_d73f88d32ddb95d3;C:\Users\devin\AppData\Local\Temp\imgui-java-bin_devin

VM Arguments:
jvm_args: -Dfile.encoding=windows-1252 -Duser.country=US -Duser.language=en -Duser.variant 
java_command: main
java_class_path (initial): C:\Users\devin\Downloads\Coding\IntelliJ\Simulation_CA\build\classes\java\main;C:\Users\devin\Downloads\Coding\IntelliJ\Simulation_CA\build\resources\main;C:\Users\devin\.gradle\caches\modules-2\files-2.1\io.imgui.java\lwjgl3\1.76-0.9\e59d2c987f7992b35f69f83e3554590de40c7e79\lwjgl3-1.76-0.9.jar;C:\Users\devin\.gradle\caches\modules-2\files-2.1\io.imgui.java\binding\1.76-0.9\26b8c5547da3642e214d9ace5a6c624e1ed315b7\binding-1.76-0.9.jar;C:\Users\devin\.gradle\caches\modules-2\files-2.1\org.lwjgl\lwjgl-assimp\3.3.2\e5238c13abef6b0fd6e1b4320d3c8cd0c10bfe61\lwjgl-assimp-3.3.2.jar;C:\Users\devin\.gradle\caches\modules-2\files-2.1\org.lwjgl\lwjgl-assimp\3.3.2\54edbc8767bde24b73187c229dbd552228230c8a\lwjgl-assimp-3.3.2-natives-windows.jar;C:\Users\devin\.gradle\caches\modules-2\files-2.1\org.lwjgl\lwjgl-glfw\3.3.2\757920418805fb90bfebb3d46b1d9e7669fca2eb\lwjgl-glfw-3.3.2.jar;C:\Users\devin\.gradle\caches\modules-2\files-2.1\org.lwjgl\lwjgl-glfw\3.3.2\1251e3cb7e5d6159334cfb9244f789ce992f03b\lwjgl-glfw-3.3.2-natives-windows.jar;C:\Users\devin\.gradle\caches\modules-2\files-2.1\org.lwjgl\lwjgl-nfd\3.3.2\ec66452fad5bf48707cbe96c573c6cc3dd8a7a82\lwjgl-nfd-3.3.2.jar;C:\Users\devin\.gradle\caches\modules-2\files-2.1\org.lwjgl\lwjgl-nfd\3.3.2\12c0041066a97f0c74d0f72db1423ac9ea124275\lwjgl-nfd-3.3.2-natives-windows.jar;C:\Users\devin\.gradle\caches\modules-2\files-2.1\org.lwjgl\lwjgl-openal\3.3.2\ae5357ed6d934546d3533993ea84c0cfb75eed95\lwjgl-openal-3.3.2.jar;C:\Users\devin\.gradle\caches\modules-2\files-2.1\org.lwjgl\lwjgl-openal\3.3.2\e74f299a602192faaf14b917632e4cbbb493c940\lwjgl-openal-3.3.2-natives-windows.jar;C:\Users\devin\.gradle\caches\modules-2\files-2.1\org.lwjgl\lwjgl-opengl\3.3.2\ee8e95be0b438602038bc1f02dc5e3d011b1b216\lwjgl-opengl-3.3.2.jar;C:\Users\devin\.gradle\caches\modules-2\files-2.1\org.lwjgl\lwjgl-opengl\3.3.2\83cd34469d4e0bc335bf74c7f62206530a9480bf\lwjgl-opengl-3.3.2-natives-windows.jar;C:\Users\devin\.gradle\caches\modules-2\fil
Launcher Type: SUN_STANDARD

[Global flags]
     intx CICompilerCount                          = 4                                         {product} {ergonomic}
     uint ConcGCThreads                            = 2                                         {product} {ergonomic}
     uint G1ConcRefinementThreads                  = 8                                         {product} {ergonomic}
   size_t G1HeapRegionSize                         = 1048576                                   {product} {ergonomic}
    uintx GCDrainStackTargetSize                   = 64                                        {product} {ergonomic}
   size_t InitialHeapSize                          = 127926272                                 {product} {ergonomic}
   size_t MarkStackSize                            = 4194304                                   {product} {ergonomic}
   size_t MaxHeapSize                              = 2040528896                                {product} {ergonomic}
   size_t MaxNewSize                               = 1223688192                                {product} {ergonomic}
   size_t MinHeapDeltaBytes                        = 1048576                                   {product} {ergonomic}
   size_t MinHeapSize                              = 8388608                                   {product} {ergonomic}
    uintx NonNMethodCodeHeapSize                   = 5839372                                {pd product} {ergonomic}
    uintx NonProfiledCodeHeapSize                  = 122909434                              {pd product} {ergonomic}
    uintx ProfiledCodeHeapSize                     = 122909434                              {pd product} {ergonomic}
    uintx ReservedCodeCacheSize                    = 251658240                              {pd product} {ergonomic}
     bool SegmentedCodeCache                       = true                                      {product} {ergonomic}
   size_t SoftMaxHeapSize                          = 2040528896                             {manageable} {ergonomic}
     bool UseCompressedClassPointers               = true                           {product lp64_product} {ergonomic}
     bool UseCompressedOops                        = true                           {product lp64_product} {ergonomic}
     bool UseG1GC                                  = true                                      {product} {ergonomic}
     bool UseLargePagesIndividualAllocation        = false                                  {pd product} {ergonomic}

Logging:
Log output configuration:
 #0: stdout all=warning uptime,level,tags
 #1: stderr all=off uptime,level,tags

Environment Variables:
JAVA_HOME=C:\Users\devin\AppData\Local\Programs\Eclipse Adoptium\jdk-17.0.7.7-hotspot\
CLASSPATH=.;.;C:\PROGRA~2\JMF21~1.1E\lib\sound.jar;C:\PROGRA~2\JMF21~1.1E\lib\jmf.jar;C:\PROGRA~2\JMF21~1.1E\lib;
PATH=C:\WINDOWS\system32;C:\WINDOWS;C:\WINDOWS\System32\Wbem;C:\WINDOWS\System32\WindowsPowerShell\v1.0\;C:\WINDOWS\System32\OpenSSH\;C:\Program Files\Microsoft SQL Server\150\Tools\Binn\;C:\ProgramData\chocolatey\bin;C:\Program Files\Python311;C:\Users\devin\AppData\Roaming\npm\node_modules;C:\Program Files\Git\cmd;C:\Program Files\Java\jdk-19\bin;C:\Program Files\FFMPEG;C:\Program Files\NodeJS\;C:\Users\devin\AppData\Local\Programs\Eclipse Adoptium\jdk-17.0.7.7-hotspot\bin;C:\Users\devin\AppData\Local\Programs\Python\Python311\Scripts\;C:\Users\devin\AppData\Local\Programs\Python\Python311\;C:\WINDOWS\system32;C:\WINDOWS;C:\WINDOWS\System32\Wbem;C:\WINDOWS\System32\WindowsPowerShell\v1.0\;C:\WINDOWS\System32\OpenSSH\;C:\Program Files\Java\jdk-18.0.2\bin;C:\Program Files\Microsoft SQL Server\150\Tools\Binn\;C:\Users\devin\AppData\Local\Microsoft\WindowsApps;C:\Users\devin\AppData\Local\Programs\Microsoft VS Code\bin;C:\msys64\mingw64\bin;C:\Users\devin\AppData\Roaming\npm\node_modules;C:\tools\dart-sdk\bin;C:\Users\devin\AppData\Roaming\Pub\Cache\bin;;C:\Users\devin\AppData\Local\Microsoft\WindowsApps;C:\Users\devin\AppData\Roaming\npm;C:\Users\devin\AppData\Local\JetBrains\IntelliJ IDEA 2023.1.1\bin;;C:\Program Files\JetBrains\IntelliJ IDEA Community Edition 2023.1.1\bin;
USERNAME=devin
OS=Windows_NT
PROCESSOR_IDENTIFIER=Intel64 Family 6 Model 126 Stepping 5, GenuineIntel
TMP=C:\Users\devin\AppData\Local\Temp
TEMP=C:\Users\devin\AppData\Local\Temp



---------------  S Y S T E M  ---------------

OS:
 Windows 11 , 64 bit Build 22621 (10.0.22621.1635)
OS uptime: 1 days 4:45 hours
Hyper-V role detected

CPU: total 8 (initial active 8) (4 cores per cpu, 2 threads per core) family 6 model 126 stepping 5 microcode 0xb0, cx8, cmov, fxsr, ht, mmx, 3dnowpref, sse, sse2, sse3, ssse3, sse4.1, sse4.2, popcnt, lzcnt, tsc, tscinvbit, avx, avx2, aes, erms, clmul, bmi1, bmi2, adx, avx512f, avx512dq, avx512cd, avx512bw, avx512vl, sha, fma, vzeroupper, avx512_vpopcntdq, avx512_vpclmulqdq, avx512_vaes, avx512_vnni, clflush, clflushopt, avx512_vbmi2, avx512_vbmi, hv

Memory: 4k page, system-wide physical 7778M (639M free)
TotalPageFile size 14327M (AvailPageFile size 2589M)
current process WorkingSet (physical memory assigned to process): 192M, peak: 192M
current process commit charge ("private bytes"): 277M, peak: 277M

vm_info: OpenJDK 64-Bit Server VM (17.0.7+7) for windows-amd64 JRE (17.0.7+7), built on Apr 18 2023 22:10:42 by "temurin" with MS VC++ 16.7 (VS2019)

END.
