#
# There is insufficient memory for the Java Runtime Environment to continue.
# Native memory allocation (malloc) failed to allocate 640000 bytes for AllocateHeap
# Possible reasons:
#   The system is out of physical RAM or swap space
#   The process is running with CompressedOops enabled, and the Java Heap may be blocking the growth of the native heap
# Possible solutions:
#   Reduce memory load on the system
#   Increase physical memory or swap space
#   Check if swap backing store is full
#   Decrease Java heap size (-Xmx/-Xms)
#   Decrease number of Java threads
#   Decrease Java thread stack sizes (-Xss)
#   Set larger code cache with -XX:ReservedCodeCacheSize=
#   JVM is running with Unscaled Compressed Oops mode in which the Java heap is
#     placed in the first 4GB address space. The Java Heap base address is the
#     maximum limit for the native heap growth. Please use -XX:HeapBaseMinAddress
#     to set the Java Heap base and to place the Java Heap above 4GB virtual address.
# This output file may be truncated or incomplete.
#
#  Out of Memory Error (allocation.cpp:44), pid=26096, tid=13448
#
# JRE version: OpenJDK Runtime Environment Temurin-17.0.7+7 (17.0.7+7) (build 17.0.7+7)
# Java VM: OpenJDK 64-Bit Server VM Temurin-17.0.7+7 (17.0.7+7, mixed mode, sharing, tiered, compressed oops, compressed class ptrs, g1 gc, windows-amd64)
# No core dump will be written. Minidumps are not enabled by default on client versions of Windows
#

---------------  S U M M A R Y ------------

Command Line: -Dfile.encoding=windows-1252 -Duser.country=US -Duser.language=en -Duser.variant main

Host: Intel(R) Core(TM) i5-1035G7 CPU @ 1.20GHz, 8 cores, 7G,  Windows 11 , 64 bit Build 22621 (10.0.22621.1635)
Time: Sun Jun 11 20:29:43 2023 Eastern Daylight Time elapsed time: 215.626539 seconds (0d 0h 3m 35s)

---------------  T H R E A D  ---------------

Current thread (0x000001d3c79bce00):  JavaThread "main" [_thread_in_vm, id=13448, stack(0x00000055a9200000,0x00000055a9300000)]

Stack: [0x00000055a9200000,0x00000055a9300000]
Native frames: (J=compiled Java code, j=interpreted, Vv=VM code, C=native code)
V  [jvm.dll+0x67754a]
V  [jvm.dll+0x834304]
V  [jvm.dll+0x835aae]
V  [jvm.dll+0x836113]
V  [jvm.dll+0x24696f]
V  [jvm.dll+0xa681f]
V  [jvm.dll+0x3e956b]
C  [lwjgl.dll+0x1c00c]

Java frames: (J=compiled Java code, j=interpreted, Vv=VM code)
J 1158  org.lwjgl.system.JNI.callPPPV(IJJ[FJ)V (0 bytes) @ 0x000001d3d6fe2692 [0x000001d3d6fe2620+0x0000000000000072]
J 1264 c2 modules.CA.RDCA.RDCA_RenderBatch.render()V (112 bytes) @ 0x000001d3d700c5e4 [0x000001d3d700c540+0x00000000000000a4]
J 1139 c1 modules.CA.RDCA.RDCA_Renderer.render()V (37 bytes) @ 0x000001d3cf6429e4 [0x000001d3cf642700+0x00000000000002e4]
J 1245 c1 modules.Window.customRender(F)V (11 bytes) @ 0x000001d3cf65aac4 [0x000001d3cf65a980+0x0000000000000144]
j  modules.Window.loop()V+60
j  modules.Window.run()V+48
j  main.main([Ljava/lang/String;)V+8
v  ~StubRoutines::call_stub

---------------  P R O C E S S  ---------------

Threads class SMR info:
_java_thread_list=0x000001d3ea25e070, length=12, elements={
0x000001d3c79bce00, 0x000001d3e5a3b5b0, 0x000001d3e5a3bf60, 0x000001d3e5a528d0,
0x000001d3e5a53280, 0x000001d3e5a53c30, 0x000001d3e5a545e0, 0x000001d3e5a552c0,
0x000001d3e5a5b270, 0x000001d3e5a85c90, 0x000001d3e5cc60d0, 0x000001d3e5ccd290
}

Java Threads: ( => current thread )
=>0x000001d3c79bce00 JavaThread "main" [_thread_in_vm, id=13448, stack(0x00000055a9200000,0x00000055a9300000)]
  0x000001d3e5a3b5b0 JavaThread "Reference Handler" daemon [_thread_blocked, id=8028, stack(0x00000055a9900000,0x00000055a9a00000)]
  0x000001d3e5a3bf60 JavaThread "Finalizer" daemon [_thread_blocked, id=13872, stack(0x00000055a9a00000,0x00000055a9b00000)]
  0x000001d3e5a528d0 JavaThread "Signal Dispatcher" daemon [_thread_blocked, id=15176, stack(0x00000055a9b00000,0x00000055a9c00000)]
  0x000001d3e5a53280 JavaThread "Attach Listener" daemon [_thread_blocked, id=19244, stack(0x00000055a9c00000,0x00000055a9d00000)]
  0x000001d3e5a53c30 JavaThread "Service Thread" daemon [_thread_blocked, id=26016, stack(0x00000055a9d00000,0x00000055a9e00000)]
  0x000001d3e5a545e0 JavaThread "Monitor Deflation Thread" daemon [_thread_blocked, id=6376, stack(0x00000055a9e00000,0x00000055a9f00000)]
  0x000001d3e5a552c0 JavaThread "C2 CompilerThread0" daemon [_thread_blocked, id=5216, stack(0x00000055a9f00000,0x00000055aa000000)]
  0x000001d3e5a5b270 JavaThread "C1 CompilerThread0" daemon [_thread_blocked, id=6572, stack(0x00000055aa000000,0x00000055aa100000)]
  0x000001d3e5a85c90 JavaThread "Sweeper thread" daemon [_thread_blocked, id=24972, stack(0x00000055aa100000,0x00000055aa200000)]
  0x000001d3e5cc60d0 JavaThread "Notification Thread" daemon [_thread_blocked, id=15652, stack(0x00000055aa200000,0x00000055aa300000)]
  0x000001d3e5ccd290 JavaThread "Common-Cleaner" daemon [_thread_blocked, id=20368, stack(0x00000055aa400000,0x00000055aa500000)]

Other Threads:
  0x000001d3e5a31be0 VMThread "VM Thread" [stack: 0x00000055a9800000,0x00000055a9900000] [id=10188]
  0x000001d3e5cc73c0 WatcherThread [stack: 0x00000055aa300000,0x00000055aa400000] [id=25232]
  0x000001d3c7a190a0 GCTaskThread "GC Thread#0" [stack: 0x00000055a9300000,0x00000055a9400000] [id=26828]
  0x000001d3e5e3c420 GCTaskThread "GC Thread#1" [stack: 0x00000055aa500000,0x00000055aa600000] [id=24308]
  0x000001d3efbfe860 GCTaskThread "GC Thread#2" [stack: 0x00000055aad00000,0x00000055aae00000] [id=2500]
  0x000001d3e5e3c6d0 GCTaskThread "GC Thread#3" [stack: 0x00000055aae00000,0x00000055aaf00000] [id=8108]
  0x000001d3f0090a10 GCTaskThread "GC Thread#4" [stack: 0x00000055aaf00000,0x00000055ab000000] [id=17012]
  0x000001d3efe397c0 GCTaskThread "GC Thread#5" [stack: 0x00000055ab000000,0x00000055ab100000] [id=19288]
  0x000001d3efe39a70 GCTaskThread "GC Thread#6" [stack: 0x00000055ab100000,0x00000055ab200000] [id=1172]
  0x000001d3efc08cf0 GCTaskThread "GC Thread#7" [stack: 0x00000055ab200000,0x00000055ab300000] [id=27180]
  0x000001d3c7a29480 ConcurrentGCThread "G1 Main Marker" [stack: 0x00000055a9400000,0x00000055a9500000] [id=9012]
  0x000001d3c7a2a630 ConcurrentGCThread "G1 Conc#0" [stack: 0x00000055a9500000,0x00000055a9600000] [id=12672]
  0x000001d3c7a7e880 ConcurrentGCThread "G1 Refine#0" [stack: 0x00000055a9600000,0x00000055a9700000] [id=18704]
  0x000001d3ea04d180 ConcurrentGCThread "G1 Refine#1" [stack: 0x00000055a8f00000,0x00000055a9000000] [id=11312]
  0x000001d3efb7a980 ConcurrentGCThread "G1 Refine#2" [stack: 0x00000055a9000000,0x00000055a9100000] [id=14620]
  0x000001d3e58e7090 ConcurrentGCThread "G1 Service" [stack: 0x00000055a9700000,0x00000055a9800000] [id=13696]

Threads with active compile tasks:

VM state: not at safepoint (normal execution)

VM Mutex/Monitor currently owned by a thread: None

Heap address: 0x0000000086600000, size: 1946 MB, Compressed Oops mode: 32-bit

CDS archive(s) mapped at: [0x0000000800000000-0x0000000800bc0000-0x0000000800bc0000), size 12320768, SharedBaseAddress: 0x0000000800000000, ArchiveRelocationMode: 0.
Compressed class space mapped at: 0x0000000801000000-0x0000000841000000, reserved size: 1073741824
Narrow klass base: 0x0000000800000000, Narrow klass shift: 0, Narrow klass range: 0x100000000

GC Precious Log:
 CPUs: 8 total, 8 available
 Memory: 7778M
 Large Page Support: Disabled
 NUMA Support: Disabled
 Compressed Oops: Enabled (32-bit)
 Heap Region Size: 1M
 Heap Min Capacity: 8M
 Heap Initial Capacity: 122M
 Heap Max Capacity: 1946M
 Pre-touch: Disabled
 Parallel Workers: 8
 Concurrent Workers: 2
 Concurrent Refinement Workers: 8
 Periodic GC: Disabled

Heap:
 garbage-first heap   total 181248K, used 84389K [0x0000000086600000, 0x0000000100000000)
  region size 1024K, 36 young (36864K), 2 survivors (2048K)
 Metaspace       used 7211K, committed 7424K, reserved 1114112K
  class space    used 354K, committed 448K, reserved 1048576K

Heap Regions: E=young(eden), S=young(survivor), O=old, HS=humongous(starts), HC=humongous(continues), CS=collection set, F=free, OA=open archive, CA=closed archive, TAMS=top-at-mark-start (previous, next)
|   0|0x0000000086600000, 0x0000000086700000, 0x0000000086700000|100%|HS|  |TAMS 0x0000000086600000, 0x0000000086600000| Complete 
|   1|0x0000000086700000, 0x0000000086800000, 0x0000000086800000|100%|HS|  |TAMS 0x0000000086700000, 0x0000000086800000| Complete 
|   2|0x0000000086800000, 0x0000000086900000, 0x0000000086900000|100%|HS|  |TAMS 0x0000000086800000, 0x0000000086800000| Complete 
|   3|0x0000000086900000, 0x0000000086a00000, 0x0000000086a00000|100%|HS|  |TAMS 0x0000000086900000, 0x0000000086900000| Complete 
|   4|0x0000000086a00000, 0x0000000086b00000, 0x0000000086b00000|100%|HS|  |TAMS 0x0000000086a00000, 0x0000000086a00000| Complete 
|   5|0x0000000086b00000, 0x0000000086c00000, 0x0000000086c00000|100%|HS|  |TAMS 0x0000000086b00000, 0x0000000086b00000| Complete 
|   6|0x0000000086c00000, 0x0000000086d00000, 0x0000000086d00000|100%|HS|  |TAMS 0x0000000086c00000, 0x0000000086d00000| Complete 
|   7|0x0000000086d00000, 0x0000000086e00000, 0x0000000086e00000|100%|HS|  |TAMS 0x0000000086d00000, 0x0000000086d00000| Complete 
|   8|0x0000000086e00000, 0x0000000086f00000, 0x0000000086f00000|100%|HS|  |TAMS 0x0000000086e00000, 0x0000000086e00000| Complete 
|   9|0x0000000086f00000, 0x0000000087000000, 0x0000000087000000|100%|HS|  |TAMS 0x0000000086f00000, 0x0000000086f00000| Complete 
|  10|0x0000000087000000, 0x0000000087100000, 0x0000000087100000|100%|HS|  |TAMS 0x0000000087000000, 0x0000000087000000| Complete 
|  11|0x0000000087100000, 0x0000000087200000, 0x0000000087200000|100%|HS|  |TAMS 0x0000000087100000, 0x0000000087100000| Complete 
|  12|0x0000000087200000, 0x0000000087300000, 0x0000000087300000|100%|HS|  |TAMS 0x0000000087200000, 0x0000000087200000| Complete 
|  13|0x0000000087300000, 0x0000000087400000, 0x0000000087400000|100%|HS|  |TAMS 0x0000000087300000, 0x0000000087300000| Complete 
|  14|0x0000000087400000, 0x0000000087500000, 0x0000000087500000|100%|HS|  |TAMS 0x0000000087400000, 0x0000000087400000| Complete 
|  15|0x0000000087500000, 0x0000000087600000, 0x0000000087600000|100%|HS|  |TAMS 0x0000000087500000, 0x0000000087500000| Complete 
|  16|0x0000000087600000, 0x0000000087700000, 0x0000000087700000|100%|HS|  |TAMS 0x0000000087600000, 0x0000000087600000| Complete 
|  17|0x0000000087700000, 0x0000000087800000, 0x0000000087800000|100%|HS|  |TAMS 0x0000000087700000, 0x0000000087700000| Complete 
|  18|0x0000000087800000, 0x0000000087900000, 0x0000000087900000|100%|HS|  |TAMS 0x0000000087800000, 0x0000000087800000| Complete 
|  19|0x0000000087900000, 0x0000000087a00000, 0x0000000087a00000|100%|HS|  |TAMS 0x0000000087900000, 0x0000000087900000| Complete 
|  20|0x0000000087a00000, 0x0000000087b00000, 0x0000000087b00000|100%|HS|  |TAMS 0x0000000087a00000, 0x0000000087a00000| Complete 
|  21|0x0000000087b00000, 0x0000000087c00000, 0x0000000087c00000|100%|HS|  |TAMS 0x0000000087b00000, 0x0000000087b00000| Complete 
|  22|0x0000000087c00000, 0x0000000087d00000, 0x0000000087d00000|100%|HS|  |TAMS 0x0000000087c00000, 0x0000000087c00000| Complete 
|  23|0x0000000087d00000, 0x0000000087e00000, 0x0000000087e00000|100%|HS|  |TAMS 0x0000000087d00000, 0x0000000087d00000| Complete 
|  24|0x0000000087e00000, 0x0000000087f00000, 0x0000000087f00000|100%|HS|  |TAMS 0x0000000087e00000, 0x0000000087e00000| Complete 
|  25|0x0000000087f00000, 0x0000000088000000, 0x0000000088000000|100%|HS|  |TAMS 0x0000000087f00000, 0x0000000087f00000| Complete 
|  26|0x0000000088000000, 0x0000000088100000, 0x0000000088100000|100%|HS|  |TAMS 0x0000000088000000, 0x0000000088000000| Complete 
|  27|0x0000000088100000, 0x0000000088200000, 0x0000000088200000|100%|HS|  |TAMS 0x0000000088100000, 0x0000000088100000| Complete 
|  28|0x0000000088200000, 0x0000000088300000, 0x0000000088300000|100%|HS|  |TAMS 0x0000000088200000, 0x0000000088200000| Complete 
|  29|0x0000000088300000, 0x0000000088400000, 0x0000000088400000|100%|HS|  |TAMS 0x0000000088300000, 0x0000000088300000| Complete 
|  30|0x0000000088400000, 0x0000000088500000, 0x0000000088500000|100%|HS|  |TAMS 0x0000000088400000, 0x0000000088400000| Complete 
|  31|0x0000000088500000, 0x0000000088600000, 0x0000000088600000|100%|HS|  |TAMS 0x0000000088500000, 0x0000000088500000| Complete 
|  32|0x0000000088600000, 0x0000000088700000, 0x0000000088700000|100%|HS|  |TAMS 0x0000000088600000, 0x0000000088600000| Complete 
|  33|0x0000000088700000, 0x0000000088800000, 0x0000000088800000|100%|HS|  |TAMS 0x0000000088700000, 0x0000000088700000| Complete 
|  34|0x0000000088800000, 0x0000000088800000, 0x0000000088900000|  0%| F|  |TAMS 0x0000000088800000, 0x0000000088800000| Untracked 
|  35|0x0000000088900000, 0x0000000088900000, 0x0000000088a00000|  0%| F|  |TAMS 0x0000000088900000, 0x0000000088900000| Untracked 
|  36|0x0000000088a00000, 0x0000000088b00000, 0x0000000088b00000|100%|HS|  |TAMS 0x0000000088a00000, 0x0000000088b00000| Complete 
|  37|0x0000000088b00000, 0x0000000088b00000, 0x0000000088c00000|  0%| F|  |TAMS 0x0000000088b00000, 0x0000000088b00000| Untracked 
|  38|0x0000000088c00000, 0x0000000088d00000, 0x0000000088d00000|100%|HS|  |TAMS 0x0000000088c00000, 0x0000000088d00000| Complete 
|  39|0x0000000088d00000, 0x0000000088e00000, 0x0000000088e00000|100%| O|  |TAMS 0x0000000088d00000, 0x0000000088e00000| Untracked 
|  40|0x0000000088e00000, 0x0000000088f00000, 0x0000000088f00000|100%| O|  |TAMS 0x0000000088e00000, 0x0000000088f00000| Untracked 
|  41|0x0000000088f00000, 0x0000000089000000, 0x0000000089000000|100%| O|  |TAMS 0x0000000088f00000, 0x0000000089000000| Untracked 
|  42|0x0000000089000000, 0x0000000089100000, 0x0000000089100000|100%|HS|  |TAMS 0x0000000089000000, 0x0000000089100000| Complete 
|  43|0x0000000089100000, 0x0000000089200000, 0x0000000089200000|100%|HS|  |TAMS 0x0000000089100000, 0x0000000089200000| Complete 
|  44|0x0000000089200000, 0x0000000089200000, 0x0000000089300000|  0%| F|  |TAMS 0x0000000089200000, 0x0000000089200000| Untracked 
|  45|0x0000000089300000, 0x0000000089300000, 0x0000000089400000|  0%| F|  |TAMS 0x0000000089300000, 0x0000000089300000| Untracked 
|  46|0x0000000089400000, 0x0000000089400000, 0x0000000089500000|  0%| F|  |TAMS 0x0000000089400000, 0x0000000089400000| Untracked 
|  47|0x0000000089500000, 0x0000000089500000, 0x0000000089600000|  0%| F|  |TAMS 0x0000000089500000, 0x0000000089500000| Untracked 
|  48|0x0000000089600000, 0x0000000089600000, 0x0000000089700000|  0%| F|  |TAMS 0x0000000089600000, 0x0000000089600000| Untracked 
|  49|0x0000000089700000, 0x0000000089700000, 0x0000000089800000|  0%| F|  |TAMS 0x0000000089700000, 0x0000000089700000| Untracked 
|  50|0x0000000089800000, 0x0000000089800000, 0x0000000089900000|  0%| F|  |TAMS 0x0000000089800000, 0x0000000089800000| Untracked 
|  51|0x0000000089900000, 0x0000000089900000, 0x0000000089a00000|  0%| F|  |TAMS 0x0000000089900000, 0x0000000089900000| Untracked 
|  52|0x0000000089a00000, 0x0000000089a00000, 0x0000000089b00000|  0%| F|  |TAMS 0x0000000089a00000, 0x0000000089a00000| Untracked 
|  53|0x0000000089b00000, 0x0000000089b00000, 0x0000000089c00000|  0%| F|  |TAMS 0x0000000089b00000, 0x0000000089b00000| Untracked 
|  54|0x0000000089c00000, 0x0000000089d00000, 0x0000000089d00000|100%| O|  |TAMS 0x0000000089c00000, 0x0000000089d00000| Untracked 
|  55|0x0000000089d00000, 0x0000000089e00000, 0x0000000089e00000|100%| O|  |TAMS 0x0000000089d00000, 0x0000000089e00000| Untracked 
|  56|0x0000000089e00000, 0x0000000089e00000, 0x0000000089f00000|  0%| F|  |TAMS 0x0000000089e00000, 0x0000000089e00000| Untracked 
|  57|0x0000000089f00000, 0x0000000089f00000, 0x000000008a000000|  0%| F|  |TAMS 0x0000000089f00000, 0x0000000089f00000| Untracked 
|  58|0x000000008a000000, 0x000000008a000000, 0x000000008a100000|  0%| F|  |TAMS 0x000000008a000000, 0x000000008a000000| Untracked 
|  59|0x000000008a100000, 0x000000008a100000, 0x000000008a200000|  0%| F|  |TAMS 0x000000008a100000, 0x000000008a100000| Untracked 
|  60|0x000000008a200000, 0x000000008a200000, 0x000000008a300000|  0%| F|  |TAMS 0x000000008a200000, 0x000000008a200000| Untracked 
|  61|0x000000008a300000, 0x000000008a300000, 0x000000008a400000|  0%| F|  |TAMS 0x000000008a300000, 0x000000008a300000| Untracked 
|  62|0x000000008a400000, 0x000000008a400000, 0x000000008a500000|  0%| F|  |TAMS 0x000000008a400000, 0x000000008a400000| Untracked 
|  63|0x000000008a500000, 0x000000008a500000, 0x000000008a600000|  0%| F|  |TAMS 0x000000008a500000, 0x000000008a500000| Untracked 
|  64|0x000000008a600000, 0x000000008a600000, 0x000000008a700000|  0%| F|  |TAMS 0x000000008a600000, 0x000000008a600000| Untracked 
|  65|0x000000008a700000, 0x000000008a700000, 0x000000008a800000|  0%| F|  |TAMS 0x000000008a700000, 0x000000008a700000| Untracked 
|  66|0x000000008a800000, 0x000000008a800000, 0x000000008a900000|  0%| F|  |TAMS 0x000000008a800000, 0x000000008a800000| Untracked 
|  67|0x000000008a900000, 0x000000008a900000, 0x000000008aa00000|  0%| F|  |TAMS 0x000000008a900000, 0x000000008a900000| Untracked 
|  68|0x000000008aa00000, 0x000000008aa00000, 0x000000008ab00000|  0%| F|  |TAMS 0x000000008aa00000, 0x000000008aa00000| Untracked 
|  69|0x000000008ab00000, 0x000000008ab00000, 0x000000008ac00000|  0%| F|  |TAMS 0x000000008ab00000, 0x000000008ab00000| Untracked 
|  70|0x000000008ac00000, 0x000000008ac00000, 0x000000008ad00000|  0%| F|  |TAMS 0x000000008ac00000, 0x000000008ac00000| Untracked 
|  71|0x000000008ad00000, 0x000000008ad00000, 0x000000008ae00000|  0%| F|  |TAMS 0x000000008ad00000, 0x000000008ad00000| Untracked 
|  72|0x000000008ae00000, 0x000000008ae00000, 0x000000008af00000|  0%| F|  |TAMS 0x000000008ae00000, 0x000000008ae00000| Untracked 
|  73|0x000000008af00000, 0x000000008af00000, 0x000000008b000000|  0%| F|  |TAMS 0x000000008af00000, 0x000000008af00000| Untracked 
|  74|0x000000008b000000, 0x000000008b100000, 0x000000008b100000|100%|HS|  |TAMS 0x000000008b000000, 0x000000008b100000| Complete 
|  75|0x000000008b100000, 0x000000008b100000, 0x000000008b200000|  0%| F|  |TAMS 0x000000008b100000, 0x000000008b100000| Untracked 
|  76|0x000000008b200000, 0x000000008b200000, 0x000000008b300000|  0%| F|  |TAMS 0x000000008b200000, 0x000000008b200000| Untracked 
|  77|0x000000008b300000, 0x000000008b300000, 0x000000008b400000|  0%| F|  |TAMS 0x000000008b300000, 0x000000008b300000| Untracked 
|  78|0x000000008b400000, 0x000000008b500000, 0x000000008b500000|100%| O|  |TAMS 0x000000008b400000, 0x000000008b500000| Untracked 
|  79|0x000000008b500000, 0x000000008b600000, 0x000000008b600000|100%| O|  |TAMS 0x000000008b500000, 0x000000008b600000| Untracked 
|  80|0x000000008b600000, 0x000000008b700000, 0x000000008b700000|100%| O|  |TAMS 0x000000008b600000, 0x000000008b700000| Untracked 
|  81|0x000000008b700000, 0x000000008b800000, 0x000000008b800000|100%| O|  |TAMS 0x000000008b700000, 0x000000008b800000| Untracked 
|  82|0x000000008b800000, 0x000000008b855c00, 0x000000008b900000| 33%| O|  |TAMS 0x000000008b800000, 0x000000008b855c00| Untracked 
|  83|0x000000008b900000, 0x000000008b900000, 0x000000008ba00000|  0%| F|  |TAMS 0x000000008b900000, 0x000000008b900000| Untracked 
|  84|0x000000008ba00000, 0x000000008ba00000, 0x000000008bb00000|  0%| F|  |TAMS 0x000000008ba00000, 0x000000008ba00000| Untracked 
|  85|0x000000008bb00000, 0x000000008bb00000, 0x000000008bc00000|  0%| F|  |TAMS 0x000000008bb00000, 0x000000008bb00000| Untracked 
|  86|0x000000008bc00000, 0x000000008bc00000, 0x000000008bd00000|  0%| F|  |TAMS 0x000000008bc00000, 0x000000008bc00000| Untracked 
|  87|0x000000008bd00000, 0x000000008bd00000, 0x000000008be00000|  0%| F|  |TAMS 0x000000008bd00000, 0x000000008bd00000| Untracked 
|  88|0x000000008be00000, 0x000000008be00000, 0x000000008bf00000|  0%| F|  |TAMS 0x000000008be00000, 0x000000008be00000| Untracked 
|  89|0x000000008bf00000, 0x000000008bf00000, 0x000000008c000000|  0%| F|  |TAMS 0x000000008bf00000, 0x000000008bf00000| Untracked 
|  90|0x000000008c000000, 0x000000008c000000, 0x000000008c100000|  0%| F|  |TAMS 0x000000008c000000, 0x000000008c000000| Untracked 
|  91|0x000000008c100000, 0x000000008c100000, 0x000000008c200000|  0%| F|  |TAMS 0x000000008c100000, 0x000000008c100000| Untracked 
|  92|0x000000008c200000, 0x000000008c200000, 0x000000008c300000|  0%| F|  |TAMS 0x000000008c200000, 0x000000008c200000| Untracked 
|  93|0x000000008c300000, 0x000000008c300000, 0x000000008c400000|  0%| F|  |TAMS 0x000000008c300000, 0x000000008c300000| Untracked 
|  94|0x000000008c400000, 0x000000008c400000, 0x000000008c500000|  0%| F|  |TAMS 0x000000008c400000, 0x000000008c400000| Untracked 
|  95|0x000000008c500000, 0x000000008c500000, 0x000000008c600000|  0%| F|  |TAMS 0x000000008c500000, 0x000000008c500000| Untracked 
|  96|0x000000008c600000, 0x000000008c600000, 0x000000008c700000|  0%| F|  |TAMS 0x000000008c600000, 0x000000008c600000| Untracked 
|  97|0x000000008c700000, 0x000000008c700000, 0x000000008c800000|  0%| F|  |TAMS 0x000000008c700000, 0x000000008c700000| Untracked 
|  98|0x000000008c800000, 0x000000008c800000, 0x000000008c900000|  0%| F|  |TAMS 0x000000008c800000, 0x000000008c800000| Untracked 
|  99|0x000000008c900000, 0x000000008c900000, 0x000000008ca00000|  0%| F|  |TAMS 0x000000008c900000, 0x000000008c900000| Untracked 
| 100|0x000000008ca00000, 0x000000008ca00000, 0x000000008cb00000|  0%| F|  |TAMS 0x000000008ca00000, 0x000000008ca00000| Untracked 
| 101|0x000000008cb00000, 0x000000008cb00000, 0x000000008cc00000|  0%| F|  |TAMS 0x000000008cb00000, 0x000000008cb00000| Untracked 
| 102|0x000000008cc00000, 0x000000008cc00000, 0x000000008cd00000|  0%| F|  |TAMS 0x000000008cc00000, 0x000000008cc00000| Untracked 
| 103|0x000000008cd00000, 0x000000008cd00000, 0x000000008ce00000|  0%| F|  |TAMS 0x000000008cd00000, 0x000000008cd00000| Untracked 
| 104|0x000000008ce00000, 0x000000008ce00000, 0x000000008cf00000|  0%| F|  |TAMS 0x000000008ce00000, 0x000000008ce00000| Untracked 
| 105|0x000000008cf00000, 0x000000008cf00000, 0x000000008d000000|  0%| F|  |TAMS 0x000000008cf00000, 0x000000008cf00000| Untracked 
| 106|0x000000008d000000, 0x000000008d0138a0, 0x000000008d100000|  7%| S|CS|TAMS 0x000000008d000000, 0x000000008d000000| Complete 
| 107|0x000000008d100000, 0x000000008d200000, 0x000000008d200000|100%| S|CS|TAMS 0x000000008d100000, 0x000000008d100000| Complete 
| 108|0x000000008d200000, 0x000000008d200000, 0x000000008d300000|  0%| F|  |TAMS 0x000000008d200000, 0x000000008d200000| Untracked 
| 109|0x000000008d300000, 0x000000008d300000, 0x000000008d400000|  0%| F|  |TAMS 0x000000008d300000, 0x000000008d300000| Untracked 
| 110|0x000000008d400000, 0x000000008d400000, 0x000000008d500000|  0%| F|  |TAMS 0x000000008d400000, 0x000000008d400000| Untracked 
| 111|0x000000008d500000, 0x000000008d500000, 0x000000008d600000|  0%| F|  |TAMS 0x000000008d500000, 0x000000008d500000| Untracked 
| 112|0x000000008d600000, 0x000000008d600000, 0x000000008d700000|  0%| F|  |TAMS 0x000000008d600000, 0x000000008d600000| Untracked 
| 113|0x000000008d700000, 0x000000008d700000, 0x000000008d800000|  0%| F|  |TAMS 0x000000008d700000, 0x000000008d700000| Untracked 
| 114|0x000000008d800000, 0x000000008d800000, 0x000000008d900000|  0%| F|  |TAMS 0x000000008d800000, 0x000000008d800000| Untracked 
| 115|0x000000008d900000, 0x000000008d900000, 0x000000008da00000|  0%| F|  |TAMS 0x000000008d900000, 0x000000008d900000| Untracked 
| 116|0x000000008da00000, 0x000000008da00000, 0x000000008db00000|  0%| F|  |TAMS 0x000000008da00000, 0x000000008da00000| Untracked 
| 117|0x000000008db00000, 0x000000008db00000, 0x000000008dc00000|  0%| F|  |TAMS 0x000000008db00000, 0x000000008db00000| Untracked 
| 118|0x000000008dc00000, 0x000000008dc00000, 0x000000008dd00000|  0%| F|  |TAMS 0x000000008dc00000, 0x000000008dc00000| Untracked 
| 119|0x000000008dd00000, 0x000000008dd00000, 0x000000008de00000|  0%| F|  |TAMS 0x000000008dd00000, 0x000000008dd00000| Untracked 
| 120|0x000000008de00000, 0x000000008de00000, 0x000000008df00000|  0%| F|  |TAMS 0x000000008de00000, 0x000000008de00000| Untracked 
| 121|0x000000008df00000, 0x000000008df00000, 0x000000008e000000|  0%| F|  |TAMS 0x000000008df00000, 0x000000008df00000| Untracked 
| 122|0x000000008e000000, 0x000000008e000000, 0x000000008e100000|  0%| F|  |TAMS 0x000000008e000000, 0x000000008e000000| Untracked 
| 123|0x000000008e100000, 0x000000008e100000, 0x000000008e200000|  0%| F|  |TAMS 0x000000008e100000, 0x000000008e100000| Untracked 
| 124|0x000000008e200000, 0x000000008e200000, 0x000000008e300000|  0%| F|  |TAMS 0x000000008e200000, 0x000000008e200000| Untracked 
| 125|0x000000008e300000, 0x000000008e300000, 0x000000008e400000|  0%| F|  |TAMS 0x000000008e300000, 0x000000008e300000| Untracked 
| 126|0x000000008e400000, 0x000000008e400000, 0x000000008e500000|  0%| F|  |TAMS 0x000000008e400000, 0x000000008e400000| Untracked 
| 127|0x000000008e500000, 0x000000008e500000, 0x000000008e600000|  0%| F|  |TAMS 0x000000008e500000, 0x000000008e500000| Untracked 
| 128|0x000000008e600000, 0x000000008e600000, 0x000000008e700000|  0%| F|  |TAMS 0x000000008e600000, 0x000000008e600000| Untracked 
| 129|0x000000008e700000, 0x000000008e700000, 0x000000008e800000|  0%| F|  |TAMS 0x000000008e700000, 0x000000008e700000| Untracked 
| 130|0x000000008e800000, 0x000000008e800000, 0x000000008e900000|  0%| F|  |TAMS 0x000000008e800000, 0x000000008e800000| Untracked 
| 131|0x000000008e900000, 0x000000008e900000, 0x000000008ea00000|  0%| F|  |TAMS 0x000000008e900000, 0x000000008e900000| Untracked 
| 132|0x000000008ea00000, 0x000000008ea00000, 0x000000008eb00000|  0%| F|  |TAMS 0x000000008ea00000, 0x000000008ea00000| Untracked 
| 133|0x000000008eb00000, 0x000000008eb00000, 0x000000008ec00000|  0%| F|  |TAMS 0x000000008eb00000, 0x000000008eb00000| Untracked 
| 134|0x000000008ec00000, 0x000000008ec00000, 0x000000008ed00000|  0%| F|  |TAMS 0x000000008ec00000, 0x000000008ec00000| Untracked 
| 135|0x000000008ed00000, 0x000000008ed00000, 0x000000008ee00000|  0%| F|  |TAMS 0x000000008ed00000, 0x000000008ed00000| Untracked 
| 136|0x000000008ee00000, 0x000000008ee00000, 0x000000008ef00000|  0%| F|  |TAMS 0x000000008ee00000, 0x000000008ee00000| Untracked 
| 137|0x000000008ef00000, 0x000000008ef00000, 0x000000008f000000|  0%| F|  |TAMS 0x000000008ef00000, 0x000000008ef00000| Untracked 
| 138|0x000000008f000000, 0x000000008f000000, 0x000000008f100000|  0%| F|  |TAMS 0x000000008f000000, 0x000000008f000000| Untracked 
| 139|0x000000008f100000, 0x000000008f100000, 0x000000008f200000|  0%| F|  |TAMS 0x000000008f100000, 0x000000008f100000| Untracked 
| 140|0x000000008f200000, 0x000000008f200000, 0x000000008f300000|  0%| F|  |TAMS 0x000000008f200000, 0x000000008f200000| Untracked 
| 141|0x000000008f300000, 0x000000008f300000, 0x000000008f400000|  0%| F|  |TAMS 0x000000008f300000, 0x000000008f300000| Untracked 
| 142|0x000000008f400000, 0x000000008f400000, 0x000000008f500000|  0%| F|  |TAMS 0x000000008f400000, 0x000000008f400000| Untracked 
| 143|0x000000008f500000, 0x000000008f53a990, 0x000000008f600000| 22%| E|  |TAMS 0x000000008f500000, 0x000000008f500000| Complete 
| 144|0x000000008f600000, 0x000000008f700000, 0x000000008f700000|100%| E|CS|TAMS 0x000000008f600000, 0x000000008f600000| Complete 
| 145|0x000000008f700000, 0x000000008f800000, 0x000000008f800000|100%| E|CS|TAMS 0x000000008f700000, 0x000000008f700000| Complete 
| 146|0x000000008f800000, 0x000000008f900000, 0x000000008f900000|100%| E|CS|TAMS 0x000000008f800000, 0x000000008f800000| Complete 
| 147|0x000000008f900000, 0x000000008fa00000, 0x000000008fa00000|100%| E|CS|TAMS 0x000000008f900000, 0x000000008f900000| Complete 
| 148|0x000000008fa00000, 0x000000008fb00000, 0x000000008fb00000|100%| E|CS|TAMS 0x000000008fa00000, 0x000000008fa00000| Complete 
| 149|0x000000008fb00000, 0x000000008fc00000, 0x000000008fc00000|100%| E|CS|TAMS 0x000000008fb00000, 0x000000008fb00000| Complete 
| 150|0x000000008fc00000, 0x000000008fd00000, 0x000000008fd00000|100%| E|CS|TAMS 0x000000008fc00000, 0x000000008fc00000| Complete 
| 151|0x000000008fd00000, 0x000000008fe00000, 0x000000008fe00000|100%| E|CS|TAMS 0x000000008fd00000, 0x000000008fd00000| Complete 
| 152|0x000000008fe00000, 0x000000008ff00000, 0x000000008ff00000|100%| E|CS|TAMS 0x000000008fe00000, 0x000000008fe00000| Complete 
| 153|0x000000008ff00000, 0x0000000090000000, 0x0000000090000000|100%| E|CS|TAMS 0x000000008ff00000, 0x000000008ff00000| Complete 
| 154|0x0000000090000000, 0x0000000090100000, 0x0000000090100000|100%| E|CS|TAMS 0x0000000090000000, 0x0000000090000000| Complete 
| 155|0x0000000090100000, 0x0000000090200000, 0x0000000090200000|100%| E|CS|TAMS 0x0000000090100000, 0x0000000090100000| Complete 
| 156|0x0000000090200000, 0x0000000090300000, 0x0000000090300000|100%| E|CS|TAMS 0x0000000090200000, 0x0000000090200000| Complete 
| 157|0x0000000090300000, 0x0000000090400000, 0x0000000090400000|100%| E|CS|TAMS 0x0000000090300000, 0x0000000090300000| Complete 
| 158|0x0000000090400000, 0x0000000090500000, 0x0000000090500000|100%| E|CS|TAMS 0x0000000090400000, 0x0000000090400000| Complete 
| 159|0x0000000090500000, 0x0000000090600000, 0x0000000090600000|100%| E|CS|TAMS 0x0000000090500000, 0x0000000090500000| Complete 
| 160|0x0000000090600000, 0x0000000090700000, 0x0000000090700000|100%| E|CS|TAMS 0x0000000090600000, 0x0000000090600000| Complete 
| 161|0x0000000090700000, 0x0000000090800000, 0x0000000090800000|100%| E|CS|TAMS 0x0000000090700000, 0x0000000090700000| Complete 
| 162|0x0000000090800000, 0x0000000090900000, 0x0000000090900000|100%| E|CS|TAMS 0x0000000090800000, 0x0000000090800000| Complete 
| 163|0x0000000090900000, 0x0000000090a00000, 0x0000000090a00000|100%| E|CS|TAMS 0x0000000090900000, 0x0000000090900000| Complete 
| 164|0x0000000090a00000, 0x0000000090b00000, 0x0000000090b00000|100%| E|CS|TAMS 0x0000000090a00000, 0x0000000090a00000| Complete 
| 165|0x0000000090b00000, 0x0000000090c00000, 0x0000000090c00000|100%| E|CS|TAMS 0x0000000090b00000, 0x0000000090b00000| Complete 
| 166|0x0000000090c00000, 0x0000000090d00000, 0x0000000090d00000|100%| E|CS|TAMS 0x0000000090c00000, 0x0000000090c00000| Complete 
| 167|0x0000000090d00000, 0x0000000090e00000, 0x0000000090e00000|100%| E|CS|TAMS 0x0000000090d00000, 0x0000000090d00000| Complete 
| 168|0x0000000090e00000, 0x0000000090f00000, 0x0000000090f00000|100%| E|CS|TAMS 0x0000000090e00000, 0x0000000090e00000| Complete 
| 169|0x0000000090f00000, 0x0000000091000000, 0x0000000091000000|100%| E|CS|TAMS 0x0000000090f00000, 0x0000000090f00000| Complete 
| 170|0x0000000091000000, 0x0000000091100000, 0x0000000091100000|100%| E|CS|TAMS 0x0000000091000000, 0x0000000091000000| Complete 
| 171|0x0000000091100000, 0x0000000091200000, 0x0000000091200000|100%| E|CS|TAMS 0x0000000091100000, 0x0000000091100000| Complete 
| 172|0x0000000091200000, 0x0000000091300000, 0x0000000091300000|100%| E|CS|TAMS 0x0000000091200000, 0x0000000091200000| Complete 
| 173|0x0000000091300000, 0x0000000091400000, 0x0000000091400000|100%| E|CS|TAMS 0x0000000091300000, 0x0000000091300000| Complete 
| 174|0x0000000091400000, 0x0000000091500000, 0x0000000091500000|100%| E|CS|TAMS 0x0000000091400000, 0x0000000091400000| Complete 
| 175|0x0000000091500000, 0x0000000091600000, 0x0000000091600000|100%| E|CS|TAMS 0x0000000091500000, 0x0000000091500000| Complete 
| 176|0x0000000091600000, 0x0000000091700000, 0x0000000091700000|100%| E|CS|TAMS 0x0000000091600000, 0x0000000091600000| Complete 

Card table byte_map: [0x000001d3deba0000,0x000001d3def70000] _byte_map_base: 0x000001d3de76d000

Marking Bits (Prev, Next): (CMBitMap*) 0x000001d3c7a196b0, (CMBitMap*) 0x000001d3c7a196f0
 Prev Bits: [0x000001d3df340000, 0x000001d3e11a8000)
 Next Bits: [0x000001d3e11b0000, 0x000001d3e3018000)

Polling page: 0x000001d3c58e0000

Metaspace:

Usage:
  Non-class:      6.70 MB used.
      Class:    354.16 KB used.
       Both:      7.04 MB used.

Virtual space:
  Non-class space:       64.00 MB reserved,       6.81 MB ( 11%) committed,  1 nodes.
      Class space:        1.00 GB reserved,     448.00 KB ( <1%) committed,  1 nodes.
             Both:        1.06 GB reserved,       7.25 MB ( <1%) committed. 

Chunk freelists:
   Non-Class:  7.14 MB
       Class:  15.52 MB
        Both:  22.66 MB

MaxMetaspaceSize: unlimited
CompressedClassSpaceSize: 1.00 GB
Initial GC threshold: 21.00 MB
Current GC threshold: 21.00 MB
CDS: on
MetaspaceReclaimPolicy: balanced
 - commit_granule_bytes: 65536.
 - commit_granule_words: 8192.
 - virtual_space_node_default_size: 8388608.
 - enlarge_chunks_in_place: 1.
 - new_chunks_are_fully_committed: 0.
 - uncommit_free_chunks: 1.
 - use_allocation_guard: 0.
 - handle_deallocations: 1.


Internal statistics:

num_allocs_failed_limit: 0.
num_arena_births: 110.
num_arena_deaths: 0.
num_vsnodes_births: 2.
num_vsnodes_deaths: 0.
num_space_committed: 114.
num_space_uncommitted: 0.
num_chunks_returned_to_freelist: 0.
num_chunks_taken_from_freelist: 307.
num_chunk_merges: 0.
num_chunk_splits: 227.
num_chunks_enlarged: 176.
num_inconsistent_stats: 0.

CodeHeap 'non-profiled nmethods': size=120000Kb used=638Kb max_used=638Kb free=119361Kb
 bounds [0x000001d3d6f70000, 0x000001d3d71e0000, 0x000001d3de4a0000]
CodeHeap 'profiled nmethods': size=120000Kb used=1837Kb max_used=1837Kb free=118162Kb
 bounds [0x000001d3cf4a0000, 0x000001d3cf710000, 0x000001d3d69d0000]
CodeHeap 'non-nmethods': size=5760Kb used=1807Kb max_used=1827Kb free=3952Kb
 bounds [0x000001d3d69d0000, 0x000001d3d6c40000, 0x000001d3d6f70000]
 total_blobs=2553 nmethods=1265 adapters=1201
 compilation: enabled
              stopped_count=0, restarted_count=0
 full_count=0

Compilation events (20 events):
Event: 191.764 Thread 0x000001d3e5a5b270 1256       3       jdk.internal.math.FloatingDecimal$BinaryToASCIIBuffer::getChars (502 bytes)
Event: 191.767 Thread 0x000001d3e5a5b270 nmethod 1256 0x000001d3cf665d90 code [0x000001d3cf666020, 0x000001d3cf667098]
Event: 191.798 Thread 0x000001d3e5a5b270 1257       3       jdk.internal.math.FloatingDecimal$BinaryToASCIIBuffer::estimateDecExp (182 bytes)
Event: 191.799 Thread 0x000001d3e5a5b270 nmethod 1257 0x000001d3cf667710 code [0x000001d3cf667920, 0x000001d3cf667e78]
Event: 194.504 Thread 0x000001d3e5a5b270 1258       3       jdk.internal.math.FloatingDecimal$BinaryToASCIIBuffer::roundup (104 bytes)
Event: 194.505 Thread 0x000001d3e5a5b270 nmethod 1258 0x000001d3cf667f10 code [0x000001d3cf6680c0, 0x000001d3cf668418]
Event: 199.590 Thread 0x000001d3e5a5b270 1259 %     3       modules.CA.RDCA.RDCA::initGen @ 19 (210 bytes)
Event: 199.592 Thread 0x000001d3e5a5b270 nmethod 1259% 0x000001d3cf668590 code [0x000001d3cf668800, 0x000001d3cf6698f8]
Event: 199.592 Thread 0x000001d3e5a5b270 1260       3       modules.CA.RDCA.RDCA::initGen (210 bytes)
Event: 199.593 Thread 0x000001d3e5a5b270 nmethod 1260 0x000001d3cf669f10 code [0x000001d3cf66a180, 0x000001d3cf66b178]
Event: 199.697 Thread 0x000001d3e5a552c0 1261       4       org.lwjgl.opengl.GL11::glDrawElements (8 bytes)
Event: 199.700 Thread 0x000001d3e5a552c0 nmethod 1261 0x000001d3d700ab10 code [0x000001d3d700aca0, 0x000001d3d700ad28]
Event: 201.389 Thread 0x000001d3e5a552c0 1262       4       java.nio.DirectIntBufferU::<init> (51 bytes)
Event: 201.405 Thread 0x000001d3e5a552c0 nmethod 1262 0x000001d3d700ae10 code [0x000001d3d700afa0, 0x000001d3d700b418]
Event: 201.406 Thread 0x000001d3e5a552c0 1263       4       java.nio.DirectByteBuffer::asIntBuffer (179 bytes)
Event: 201.416 Thread 0x000001d3e5a552c0 nmethod 1263 0x000001d3d700b810 code [0x000001d3d700b9a0, 0x000001d3d700bdd8]
Event: 201.427 Thread 0x000001d3e5a552c0 1264       4       modules.CA.RDCA.RDCA_RenderBatch::render (112 bytes)
Event: 201.568 Thread 0x000001d3e5a552c0 nmethod 1264 0x000001d3d700c190 code [0x000001d3d700c540, 0x000001d3d700da98]
Event: 201.568 Thread 0x000001d3e5a552c0 1265       4       org.joml.MemUtil$MemUtilUnsafe::put (39 bytes)
Event: 201.570 Thread 0x000001d3e5a552c0 nmethod 1265 0x000001d3d700f610 code [0x000001d3d700f780, 0x000001d3d700f818]

GC Heap History (20 events):
Event: 208.925 GC heap before
{Heap before GC invocations=218 (full 0):
 garbage-first heap   total 181248K, used 149983K [0x0000000086600000, 0x0000000100000000)
  region size 1024K, 69 young (70656K), 2 survivors (2048K)
 Metaspace       used 7211K, committed 7424K, reserved 1114112K
  class space    used 354K, committed 448K, reserved 1048576K
}
Event: 208.928 GC heap after
{Heap after GC invocations=219 (full 0):
 garbage-first heap   total 181248K, used 17877K [0x0000000086600000, 0x0000000100000000)
  region size 1024K, 2 young (2048K), 2 survivors (2048K)
 Metaspace       used 7211K, committed 7424K, reserved 1114112K
  class space    used 354K, committed 448K, reserved 1048576K
}
Event: 209.355 GC heap before
{Heap before GC invocations=219 (full 0):
 garbage-first heap   total 181248K, used 149973K [0x0000000086600000, 0x0000000100000000)
  region size 1024K, 69 young (70656K), 2 survivors (2048K)
 Metaspace       used 7211K, committed 7424K, reserved 1114112K
  class space    used 354K, committed 448K, reserved 1048576K
}
Event: 209.358 GC heap after
{Heap after GC invocations=220 (full 0):
 garbage-first heap   total 181248K, used 17885K [0x0000000086600000, 0x0000000100000000)
  region size 1024K, 2 young (2048K), 2 survivors (2048K)
 Metaspace       used 7211K, committed 7424K, reserved 1114112K
  class space    used 354K, committed 448K, reserved 1048576K
}
Event: 209.971 GC heap before
{Heap before GC invocations=220 (full 0):
 garbage-first heap   total 181248K, used 149981K [0x0000000086600000, 0x0000000100000000)
  region size 1024K, 69 young (70656K), 2 survivors (2048K)
 Metaspace       used 7211K, committed 7424K, reserved 1114112K
  class space    used 354K, committed 448K, reserved 1048576K
}
Event: 209.976 GC heap after
{Heap after GC invocations=221 (full 0):
 garbage-first heap   total 181248K, used 17836K [0x0000000086600000, 0x0000000100000000)
  region size 1024K, 2 young (2048K), 2 survivors (2048K)
 Metaspace       used 7211K, committed 7424K, reserved 1114112K
  class space    used 354K, committed 448K, reserved 1048576K
}
Event: 210.829 GC heap before
{Heap before GC invocations=221 (full 0):
 garbage-first heap   total 181248K, used 149932K [0x0000000086600000, 0x0000000100000000)
  region size 1024K, 69 young (70656K), 2 survivors (2048K)
 Metaspace       used 7211K, committed 7424K, reserved 1114112K
  class space    used 354K, committed 448K, reserved 1048576K
}
Event: 210.833 GC heap after
{Heap after GC invocations=222 (full 0):
 garbage-first heap   total 181248K, used 17839K [0x0000000086600000, 0x0000000100000000)
  region size 1024K, 2 young (2048K), 2 survivors (2048K)
 Metaspace       used 7211K, committed 7424K, reserved 1114112K
  class space    used 354K, committed 448K, reserved 1048576K
}
Event: 211.402 GC heap before
{Heap before GC invocations=222 (full 0):
 garbage-first heap   total 181248K, used 149935K [0x0000000086600000, 0x0000000100000000)
  region size 1024K, 69 young (70656K), 2 survivors (2048K)
 Metaspace       used 7211K, committed 7424K, reserved 1114112K
  class space    used 354K, committed 448K, reserved 1048576K
}
Event: 211.405 GC heap after
{Heap after GC invocations=223 (full 0):
 garbage-first heap   total 181248K, used 17839K [0x0000000086600000, 0x0000000100000000)
  region size 1024K, 2 young (2048K), 2 survivors (2048K)
 Metaspace       used 7211K, committed 7424K, reserved 1114112K
  class space    used 354K, committed 448K, reserved 1048576K
}
Event: 212.078 GC heap before
{Heap before GC invocations=223 (full 0):
 garbage-first heap   total 181248K, used 149935K [0x0000000086600000, 0x0000000100000000)
  region size 1024K, 69 young (70656K), 2 survivors (2048K)
 Metaspace       used 7211K, committed 7424K, reserved 1114112K
  class space    used 354K, committed 448K, reserved 1048576K
}
Event: 212.081 GC heap after
{Heap after GC invocations=224 (full 0):
 garbage-first heap   total 181248K, used 17886K [0x0000000086600000, 0x0000000100000000)
  region size 1024K, 2 young (2048K), 2 survivors (2048K)
 Metaspace       used 7211K, committed 7424K, reserved 1114112K
  class space    used 354K, committed 448K, reserved 1048576K
}
Event: 212.595 GC heap before
{Heap before GC invocations=224 (full 0):
 garbage-first heap   total 181248K, used 149982K [0x0000000086600000, 0x0000000100000000)
  region size 1024K, 69 young (70656K), 2 survivors (2048K)
 Metaspace       used 7211K, committed 7424K, reserved 1114112K
  class space    used 354K, committed 448K, reserved 1048576K
}
Event: 212.601 GC heap after
{Heap after GC invocations=225 (full 0):
 garbage-first heap   total 181248K, used 17829K [0x0000000086600000, 0x0000000100000000)
  region size 1024K, 2 young (2048K), 2 survivors (2048K)
 Metaspace       used 7211K, committed 7424K, reserved 1114112K
  class space    used 354K, committed 448K, reserved 1048576K
}
Event: 213.198 GC heap before
{Heap before GC invocations=225 (full 0):
 garbage-first heap   total 181248K, used 149925K [0x0000000086600000, 0x0000000100000000)
  region size 1024K, 69 young (70656K), 2 survivors (2048K)
 Metaspace       used 7211K, committed 7424K, reserved 1114112K
  class space    used 354K, committed 448K, reserved 1048576K
}
Event: 213.212 GC heap after
{Heap after GC invocations=226 (full 0):
 garbage-first heap   total 181248K, used 17838K [0x0000000086600000, 0x0000000100000000)
  region size 1024K, 2 young (2048K), 2 survivors (2048K)
 Metaspace       used 7211K, committed 7424K, reserved 1114112K
  class space    used 354K, committed 448K, reserved 1048576K
}
Event: 214.906 GC heap before
{Heap before GC invocations=226 (full 0):
 garbage-first heap   total 181248K, used 149934K [0x0000000086600000, 0x0000000100000000)
  region size 1024K, 69 young (70656K), 2 survivors (2048K)
 Metaspace       used 7211K, committed 7424K, reserved 1114112K
  class space    used 354K, committed 448K, reserved 1048576K
}
Event: 214.909 GC heap after
{Heap after GC invocations=227 (full 0):
 garbage-first heap   total 181248K, used 17886K [0x0000000086600000, 0x0000000100000000)
  region size 1024K, 2 young (2048K), 2 survivors (2048K)
 Metaspace       used 7211K, committed 7424K, reserved 1114112K
  class space    used 354K, committed 448K, reserved 1048576K
}
Event: 215.339 GC heap before
{Heap before GC invocations=227 (full 0):
 garbage-first heap   total 181248K, used 149982K [0x0000000086600000, 0x0000000100000000)
  region size 1024K, 69 young (70656K), 2 survivors (2048K)
 Metaspace       used 7211K, committed 7424K, reserved 1114112K
  class space    used 354K, committed 448K, reserved 1048576K
}
Event: 215.342 GC heap after
{Heap after GC invocations=228 (full 0):
 garbage-first heap   total 181248K, used 17829K [0x0000000086600000, 0x0000000100000000)
  region size 1024K, 2 young (2048K), 2 survivors (2048K)
 Metaspace       used 7211K, committed 7424K, reserved 1114112K
  class space    used 354K, committed 448K, reserved 1048576K
}

Dll operation events (10 events):
Event: 0.010 Loaded shared library C:\Users\devin\AppData\Local\Programs\Eclipse Adoptium\jdk-17.0.7.7-hotspot\bin\java.dll
Event: 0.023 Loaded shared library C:\Users\devin\AppData\Local\Programs\Eclipse Adoptium\jdk-17.0.7.7-hotspot\bin\jsvml.dll
Event: 0.113 Loaded shared library C:\Users\devin\AppData\Local\Programs\Eclipse Adoptium\jdk-17.0.7.7-hotspot\bin\net.dll
Event: 0.115 Loaded shared library C:\Users\devin\AppData\Local\Programs\Eclipse Adoptium\jdk-17.0.7.7-hotspot\bin\nio.dll
Event: 0.122 Loaded shared library C:\Users\devin\AppData\Local\Programs\Eclipse Adoptium\jdk-17.0.7.7-hotspot\bin\jimage.dll
Event: 0.168 Loaded shared library C:\Users\devin\AppData\Local\Programs\Eclipse Adoptium\jdk-17.0.7.7-hotspot\bin\zip.dll
Event: 0.306 Loaded shared library C:\Users\devin\AppData\Local\Temp\lwjgl_devin\3.3.2+13\x64\lwjgl.dll
Event: 0.863 Loaded shared library C:\Users\devin\AppData\Local\Temp\lwjgl_devin\3.3.2+13\x64\lwjgl_opengl.dll
Event: 1.010 Loaded shared library C:\Users\devin\AppData\Local\Temp\imgui-java-bin_devin\imgui-java64.dll
Event: 42.790 Loaded shared library C:\Users\devin\AppData\Local\Programs\Eclipse Adoptium\jdk-17.0.7.7-hotspot\bin\verify.dll

Deoptimization events (20 events):
Event: 43.338 Thread 0x000001d3c79bce00 DEOPT PACKING pc=0x000001d3cf61a6c4 sp=0x00000055a92ff0f0
Event: 43.338 Thread 0x000001d3c79bce00 DEOPT UNPACKING pc=0x000001d3d6a2ace3 sp=0x00000055a92fe5a0 mode 0
Event: 43.351 Thread 0x000001d3c79bce00 DEOPT PACKING pc=0x000001d3cf61c5c3 sp=0x00000055a92ff0c0
Event: 43.351 Thread 0x000001d3c79bce00 DEOPT UNPACKING pc=0x000001d3d6a2ace3 sp=0x00000055a92fe580 mode 0
Event: 182.469 Thread 0x000001d3c79bce00 Uncommon trap: trap_request=0xffffff45 fr.pc=0x000001d3d6fd1e20 relative=0x0000000000000a80
Event: 182.472 Thread 0x000001d3c79bce00 Uncommon trap: reason=unstable_if action=reinterpret pc=0x000001d3d6fd1e20 method=modules.CA.RDCA.RDCA_RenderBatch.addCell(Lmodules/CA/Cells/RDCA_Cell;)V @ 34 c2
Event: 182.473 Thread 0x000001d3c79bce00 DEOPT PACKING pc=0x000001d3d6fd1e20 sp=0x00000055a92fefa0
Event: 182.474 Thread 0x000001d3c79bce00 DEOPT UNPACKING pc=0x000001d3d6a2a1a3 sp=0x00000055a92feef8 mode 2
Event: 182.487 Thread 0x000001d3c79bce00 Uncommon trap: trap_request=0xffffff45 fr.pc=0x000001d3d6fd3170 relative=0x0000000000000450
Event: 182.488 Thread 0x000001d3c79bce00 Uncommon trap: reason=unstable_if action=reinterpret pc=0x000001d3d6fd3170 method=modules.CA.RDCA.RDCA_RenderBatch.addCell(Lmodules/CA/Cells/RDCA_Cell;)V @ 34 c2
Event: 182.488 Thread 0x000001d3c79bce00 DEOPT PACKING pc=0x000001d3d6fd3170 sp=0x00000055a92ff030
Event: 182.488 Thread 0x000001d3c79bce00 DEOPT UNPACKING pc=0x000001d3d6a2a1a3 sp=0x00000055a92ff008 mode 2
Event: 182.987 Thread 0x000001d3c79bce00 Uncommon trap: trap_request=0xffffff45 fr.pc=0x000001d3d6ff2740 relative=0x0000000000001f80
Event: 182.987 Thread 0x000001d3c79bce00 Uncommon trap: reason=unstable_if action=reinterpret pc=0x000001d3d6ff2740 method=modules.GUI.KeyToggle.updateP_Open()V @ 22 c2
Event: 182.987 Thread 0x000001d3c79bce00 DEOPT PACKING pc=0x000001d3d6ff2740 sp=0x00000055a92ff150
Event: 182.988 Thread 0x000001d3c79bce00 DEOPT UNPACKING pc=0x000001d3d6a2a1a3 sp=0x00000055a92fefd8 mode 2
Event: 183.080 Thread 0x000001d3c79bce00 Uncommon trap: trap_request=0xffffff45 fr.pc=0x000001d3d6fca11c relative=0x000000000000007c
Event: 183.080 Thread 0x000001d3c79bce00 Uncommon trap: reason=unstable_if action=reinterpret pc=0x000001d3d6fca11c method=modules.GUI.KeyToggle.updateP_Open()V @ 22 c2
Event: 183.080 Thread 0x000001d3c79bce00 DEOPT PACKING pc=0x000001d3d6fca11c sp=0x00000055a92ff0a0
Event: 183.080 Thread 0x000001d3c79bce00 DEOPT UNPACKING pc=0x000001d3d6a2a1a3 sp=0x00000055a92ff030 mode 2

Classes unloaded (0 events):
No events

Classes redefined (0 events):
No events

Internal exceptions (20 events):
Event: 0.259 Thread 0x000001d3c79bce00 Exception <a 'java/lang/NoSuchMethodError'{0x000000008db3eb18}: 'void java.lang.invoke.DirectMethodHandle$Holder.invokeStatic(java.lang.Object, java.lang.Object)'> (0x000000008db3eb18) 
thrown [s\src\hotspot\share\interpreter\linkResolver.cpp, line 759]
Event: 0.260 Thread 0x000001d3c79bce00 Exception <a 'java/lang/NoSuchMethodError'{0x000000008db43e50}: 'void java.lang.invoke.DirectMethodHandle$Holder.invokeSpecial(java.lang.Object, java.lang.Object, java.lang.Object)'> (0x000000008db43e50) 
thrown [s\src\hotspot\share\interpreter\linkResolver.cpp, line 759]
Event: 0.261 Thread 0x000001d3c79bce00 Exception <a 'java/lang/NoSuchMethodError'{0x000000008db52520}: 'java.lang.Object java.lang.invoke.DirectMethodHandle$Holder.invokeStatic(java.lang.Object, java.lang.Object, int)'> (0x000000008db52520) 
thrown [s\src\hotspot\share\interpreter\linkResolver.cpp, line 759]
Event: 0.263 Thread 0x000001d3c79bce00 Exception <a 'java/lang/NoSuchMethodError'{0x000000008db5e210}: 'void java.lang.invoke.DelegatingMethodHandle$Holder.delegate(java.lang.Object, java.lang.Object, int, java.lang.Object)'> (0x000000008db5e210) 
thrown [s\src\hotspot\share\interpreter\linkResolver.cpp, line 759]
Event: 0.263 Thread 0x000001d3c79bce00 Exception <a 'java/lang/NoSuchMethodError'{0x000000008db62450}: 'int java.lang.invoke.DirectMethodHandle$Holder.invokeSpecial(java.lang.Object, java.lang.Object, java.lang.Object)'> (0x000000008db62450) 
thrown [s\src\hotspot\share\interpreter\linkResolver.cpp, line 759]
Event: 0.303 Thread 0x000001d3c79bce00 Exception <a 'sun/nio/fs/WindowsException'{0x000000008dbb8638}> (0x000000008dbb8638) 
thrown [s\src\hotspot\share\prims\jni.cpp, line 516]
Event: 0.304 Thread 0x000001d3c79bce00 Exception <a 'sun/nio/fs/WindowsException'{0x000000008dbb8b88}> (0x000000008dbb8b88) 
thrown [s\src\hotspot\share\prims\jni.cpp, line 516]
Event: 0.376 Thread 0x000001d3c79bce00 Exception <a 'java/lang/NoSuchMethodError'{0x000000008da76950}: 'int java.lang.invoke.DirectMethodHandle$Holder.invokeStaticInit(java.lang.Object, java.lang.Object, int, long)'> (0x000000008da76950) 
thrown [s\src\hotspot\share\interpreter\linkResolver.cpp, line 759]
Event: 0.377 Thread 0x000001d3c79bce00 Exception <a 'java/lang/NoSuchMethodError'{0x000000008da7c218}: 'java.lang.Object java.lang.invoke.DirectMethodHandle$Holder.newInvokeSpecial(java.lang.Object, java.lang.Object, int)'> (0x000000008da7c218) 
thrown [s\src\hotspot\share\interpreter\linkResolver.cpp, line 759]
Event: 0.381 Thread 0x000001d3c79bce00 Exception <a 'java/lang/NoSuchMethodError'{0x000000008da8c570}: 'int java.lang.invoke.DirectMethodHandle$Holder.invokeStaticInit(java.lang.Object, java.lang.Object, long, long)'> (0x000000008da8c570) 
thrown [s\src\hotspot\share\interpreter\linkResolver.cpp, line 759]
Event: 0.382 Thread 0x000001d3c79bce00 Exception <a 'java/lang/NoSuchMethodError'{0x000000008da922f8}: 'java.lang.Object java.lang.invoke.DirectMethodHandle$Holder.newInvokeSpecial(java.lang.Object, java.lang.Object, long)'> (0x000000008da922f8) 
thrown [s\src\hotspot\share\interpreter\linkResolver.cpp, line 759]
Event: 0.382 Thread 0x000001d3c79bce00 Exception <a 'java/lang/NoSuchMethodError'{0x000000008da95bc0}: 'java.lang.Object java.lang.invoke.Invokers$Holder.linkToTargetMethod(java.lang.Object, long, java.lang.Object)'> (0x000000008da95bc0) 
thrown [s\src\hotspot\share\interpreter\linkResolver.cpp, line 759]
Event: 0.383 Thread 0x000001d3c79bce00 Exception <a 'java/lang/NoSuchMethodError'{0x000000008da9d1c0}: 'int java.lang.invoke.DirectMethodHandle$Holder.invokeStaticInit(java.lang.Object, java.lang.Object, java.lang.Object, long)'> (0x000000008da9d1c0) 
thrown [s\src\hotspot\share\interpreter\linkResolver.cpp, line 759]
Event: 0.418 Thread 0x000001d3c79bce00 Exception <a 'sun/nio/fs/WindowsException'{0x000000008d961128}> (0x000000008d961128) 
thrown [s\src\hotspot\share\prims\jni.cpp, line 516]
Event: 0.418 Thread 0x000001d3c79bce00 Exception <a 'sun/nio/fs/WindowsException'{0x000000008d961488}> (0x000000008d961488) 
thrown [s\src\hotspot\share\prims\jni.cpp, line 516]
Event: 0.753 Thread 0x000001d3c79bce00 Exception <a 'java/lang/NoSuchMethodError'{0x000000008d9c0ea0}: 'void java.lang.invoke.DirectMethodHandle$Holder.invokeStatic(java.lang.Object, long, int, int)'> (0x000000008d9c0ea0) 
thrown [s\src\hotspot\share\interpreter\linkResolver.cpp, line 759]
Event: 0.862 Thread 0x000001d3c79bce00 Exception <a 'sun/nio/fs/WindowsException'{0x000000008d807120}> (0x000000008d807120) 
thrown [s\src\hotspot\share\prims\jni.cpp, line 516]
Event: 0.862 Thread 0x000001d3c79bce00 Exception <a 'sun/nio/fs/WindowsException'{0x000000008d8074c8}> (0x000000008d8074c8) 
thrown [s\src\hotspot\share\prims\jni.cpp, line 516]
Event: 0.868 Thread 0x000001d3c79bce00 Exception <a 'sun/nio/fs/WindowsException'{0x000000008d812458}> (0x000000008d812458) 
thrown [s\src\hotspot\share\prims\jni.cpp, line 516]
Event: 0.868 Thread 0x000001d3c79bce00 Exception <a 'sun/nio/fs/WindowsException'{0x000000008d812738}> (0x000000008d812738) 
thrown [s\src\hotspot\share\prims\jni.cpp, line 516]

VM Operations (20 events):
Event: 208.925 Executing VM operation: G1TryInitiateConcMark
Event: 208.928 Executing VM operation: G1TryInitiateConcMark done
Event: 209.355 Executing VM operation: G1TryInitiateConcMark
Event: 209.358 Executing VM operation: G1TryInitiateConcMark done
Event: 209.971 Executing VM operation: G1TryInitiateConcMark
Event: 209.976 Executing VM operation: G1TryInitiateConcMark done
Event: 210.829 Executing VM operation: G1TryInitiateConcMark
Event: 210.833 Executing VM operation: G1TryInitiateConcMark done
Event: 211.402 Executing VM operation: G1TryInitiateConcMark
Event: 211.405 Executing VM operation: G1TryInitiateConcMark done
Event: 212.078 Executing VM operation: G1TryInitiateConcMark
Event: 212.081 Executing VM operation: G1TryInitiateConcMark done
Event: 212.595 Executing VM operation: G1TryInitiateConcMark
Event: 212.601 Executing VM operation: G1TryInitiateConcMark done
Event: 213.198 Executing VM operation: G1TryInitiateConcMark
Event: 213.212 Executing VM operation: G1TryInitiateConcMark done
Event: 214.906 Executing VM operation: G1TryInitiateConcMark
Event: 214.909 Executing VM operation: G1TryInitiateConcMark done
Event: 215.339 Executing VM operation: G1TryInitiateConcMark
Event: 215.342 Executing VM operation: G1TryInitiateConcMark done

Events (20 events):
Event: 0.426 Thread 0x000001d3ea2183a0 Thread added: 0x000001d3ea2183a0
Event: 0.431 loading class jdk/internal/reflect/UnsafeQualifiedStaticIntegerFieldAccessorImpl
Event: 0.431 loading class jdk/internal/reflect/UnsafeQualifiedStaticIntegerFieldAccessorImpl done
Event: 0.753 Thread 0x000001d3ea2183a0 Thread exited: 0x000001d3ea2183a0
Event: 0.861 loading class jdk/internal/misc/ScopedMemoryAccess$Scope
Event: 0.861 loading class jdk/internal/misc/ScopedMemoryAccess$Scope done
Event: 0.946 loading class java/io/UncheckedIOException
Event: 0.946 loading class java/io/UncheckedIOException done
Event: 0.948 loading class java/nio/file/StandardCopyOption
Event: 0.948 loading class java/nio/file/StandardCopyOption done
Event: 42.783 loading class java/io/Externalizable
Event: 42.783 loading class java/io/Externalizable done
Event: 42.804 loading class java/lang/StrictMath
Event: 42.805 loading class java/lang/StrictMath done
Event: 42.820 loading class java/lang/SecurityException
Event: 42.820 loading class java/lang/SecurityException done
Event: 42.938 loading class java/lang/AssertionError
Event: 42.938 loading class java/lang/AssertionError done
Event: 184.753 loading class jdk/internal/math/FDBigInteger
Event: 184.766 loading class jdk/internal/math/FDBigInteger done


Dynamic libraries:
0x00007ff7aae40000 - 0x00007ff7aae4e000 	C:\Users\devin\AppData\Local\Programs\Eclipse Adoptium\jdk-17.0.7.7-hotspot\bin\java.exe
0x00007ffa566b0000 - 0x00007ffa568c4000 	C:\WINDOWS\SYSTEM32\ntdll.dll
0x00007ffa54e50000 - 0x00007ffa54f12000 	C:\WINDOWS\System32\KERNEL32.DLL
0x00007ffa53f30000 - 0x00007ffa542d3000 	C:\WINDOWS\System32\KERNELBASE.dll
0x00007ffa53c00000 - 0x00007ffa53d11000 	C:\WINDOWS\System32\ucrtbase.dll
0x00007ffa505d0000 - 0x00007ffa505e9000 	C:\Users\devin\AppData\Local\Programs\Eclipse Adoptium\jdk-17.0.7.7-hotspot\bin\VCRUNTIME140.dll
0x00007ffa4cf40000 - 0x00007ffa4cf57000 	C:\Users\devin\AppData\Local\Programs\Eclipse Adoptium\jdk-17.0.7.7-hotspot\bin\jli.dll
0x00007ffa55540000 - 0x00007ffa556eb000 	C:\WINDOWS\System32\USER32.dll
0x00007ffa542e0000 - 0x00007ffa54306000 	C:\WINDOWS\System32\win32u.dll
0x00007ffa39b40000 - 0x00007ffa39dce000 	C:\WINDOWS\WinSxS\amd64_microsoft.windows.common-controls_6595b64144ccf1df_6.0.22621.1635_none_270f70857386168e\COMCTL32.dll
0x00007ffa55490000 - 0x00007ffa55537000 	C:\WINDOWS\System32\msvcrt.dll
0x00007ffa56460000 - 0x00007ffa56489000 	C:\WINDOWS\System32\GDI32.dll
0x00007ffa54310000 - 0x00007ffa54428000 	C:\WINDOWS\System32\gdi32full.dll
0x00007ffa53e90000 - 0x00007ffa53f2a000 	C:\WINDOWS\System32\msvcp_win.dll
0x00007ffa54f70000 - 0x00007ffa54fa1000 	C:\WINDOWS\System32\IMM32.DLL
0x00007ffa50560000 - 0x00007ffa5056c000 	C:\Users\devin\AppData\Local\Programs\Eclipse Adoptium\jdk-17.0.7.7-hotspot\bin\vcruntime140_1.dll
0x00007ffa30e80000 - 0x00007ffa30f11000 	C:\Users\devin\AppData\Local\Programs\Eclipse Adoptium\jdk-17.0.7.7-hotspot\bin\msvcp140.dll
0x00007ffa02760000 - 0x00007ffa033a8000 	C:\Users\devin\AppData\Local\Programs\Eclipse Adoptium\jdk-17.0.7.7-hotspot\bin\server\jvm.dll
0x00007ffa54d10000 - 0x00007ffa54dbe000 	C:\WINDOWS\System32\ADVAPI32.dll
0x00007ffa54c60000 - 0x00007ffa54d04000 	C:\WINDOWS\System32\sechost.dll
0x00007ffa55880000 - 0x00007ffa55997000 	C:\WINDOWS\System32\RPCRT4.dll
0x00007ffa2e750000 - 0x00007ffa2e759000 	C:\WINDOWS\SYSTEM32\WSOCK32.dll
0x00007ffa4b140000 - 0x00007ffa4b174000 	C:\WINDOWS\SYSTEM32\WINMM.dll
0x00007ffa41570000 - 0x00007ffa4157a000 	C:\WINDOWS\SYSTEM32\VERSION.dll
0x00007ffa544b0000 - 0x00007ffa54521000 	C:\WINDOWS\System32\WS2_32.dll
0x00007ffa52af0000 - 0x00007ffa52b08000 	C:\WINDOWS\SYSTEM32\kernel.appcore.dll
0x00007ffa4e600000 - 0x00007ffa4e60a000 	C:\Users\devin\AppData\Local\Programs\Eclipse Adoptium\jdk-17.0.7.7-hotspot\bin\jimage.dll
0x00007ffa51540000 - 0x00007ffa5176e000 	C:\WINDOWS\SYSTEM32\DBGHELP.DLL
0x00007ffa54600000 - 0x00007ffa54989000 	C:\WINDOWS\System32\combase.dll
0x00007ffa56590000 - 0x00007ffa56667000 	C:\WINDOWS\System32\OLEAUT32.dll
0x00007ffa38ae0000 - 0x00007ffa38b12000 	C:\WINDOWS\SYSTEM32\dbgcore.DLL
0x00007ffa54430000 - 0x00007ffa544ab000 	C:\WINDOWS\System32\bcryptPrimitives.dll
0x00007ffa45030000 - 0x00007ffa45055000 	C:\Users\devin\AppData\Local\Programs\Eclipse Adoptium\jdk-17.0.7.7-hotspot\bin\java.dll
0x00007ffa20410000 - 0x00007ffa204e6000 	C:\Users\devin\AppData\Local\Programs\Eclipse Adoptium\jdk-17.0.7.7-hotspot\bin\jsvml.dll
0x00007ffa55aa0000 - 0x00007ffa5629a000 	C:\WINDOWS\System32\SHELL32.dll
0x00007ffa51a80000 - 0x00007ffa5234e000 	C:\WINDOWS\SYSTEM32\windows.storage.dll
0x00007ffa51940000 - 0x00007ffa51a7e000 	C:\WINDOWS\SYSTEM32\wintypes.dll
0x00007ffa55780000 - 0x00007ffa55871000 	C:\WINDOWS\System32\SHCORE.dll
0x00007ffa55430000 - 0x00007ffa5548e000 	C:\WINDOWS\System32\shlwapi.dll
0x00007ffa53a00000 - 0x00007ffa53a21000 	C:\WINDOWS\SYSTEM32\profapi.dll
0x00007ffa46ca0000 - 0x00007ffa46cb9000 	C:\Users\devin\AppData\Local\Programs\Eclipse Adoptium\jdk-17.0.7.7-hotspot\bin\net.dll
0x00007ffa4d560000 - 0x00007ffa4d697000 	C:\WINDOWS\SYSTEM32\WINHTTP.dll
0x00007ffa52f70000 - 0x00007ffa52fd9000 	C:\WINDOWS\system32\mswsock.dll
0x00007ffa45150000 - 0x00007ffa45165000 	C:\Users\devin\AppData\Local\Programs\Eclipse Adoptium\jdk-17.0.7.7-hotspot\bin\nio.dll
0x00007ffa41380000 - 0x00007ffa41398000 	C:\Users\devin\AppData\Local\Programs\Eclipse Adoptium\jdk-17.0.7.7-hotspot\bin\zip.dll
0x00007ffa31140000 - 0x00007ffa311ba000 	C:\Users\devin\AppData\Local\Temp\lwjgl_devin\3.3.2+13\x64\lwjgl.dll
0x00007ffa2bb70000 - 0x00007ffa2bbf2000 	C:\Users\devin\AppData\Local\Temp\lwjgl_devin\3.3.2+13\x64\glfw.dll
0x00007ffa31d90000 - 0x00007ffa31dd6000 	C:\WINDOWS\SYSTEM32\dinput8.dll
0x00007ffa412a0000 - 0x00007ffa412b1000 	C:\WINDOWS\SYSTEM32\xinput1_4.dll
0x00007ffa536d0000 - 0x00007ffa5371e000 	C:\WINDOWS\SYSTEM32\cfgmgr32.dll
0x00007ffa536a0000 - 0x00007ffa536cc000 	C:\WINDOWS\SYSTEM32\DEVOBJ.dll
0x00007ffa50f60000 - 0x00007ffa50f8b000 	C:\WINDOWS\SYSTEM32\dwmapi.dll
0x00007ffa455e0000 - 0x00007ffa457e1000 	C:\WINDOWS\SYSTEM32\inputhost.dll
0x00007ffa50230000 - 0x00007ffa50363000 	C:\WINDOWS\SYSTEM32\CoreMessaging.dll
0x00007ffa53210000 - 0x00007ffa5321c000 	C:\WINDOWS\SYSTEM32\CRYPTBASE.DLL
0x00007ffa50ce0000 - 0x00007ffa50d8b000 	C:\WINDOWS\system32\uxtheme.dll
0x00007ffa54b40000 - 0x00007ffa54c5e000 	C:\WINDOWS\System32\MSCTF.dll
0x00007ffa352e0000 - 0x00007ffa353e0000 	C:\WINDOWS\SYSTEM32\opengl32.dll
0x00007ffa3e460000 - 0x00007ffa3e48d000 	C:\WINDOWS\SYSTEM32\GLU32.dll
0x00007ffa50e10000 - 0x00007ffa50e46000 	C:\WINDOWS\SYSTEM32\dxcore.dll
0x00007ffa4d080000 - 0x00007ffa4d0c8000 	C:\WINDOWS\SYSTEM32\directxdatabasehelper.dll
0x00007ffa54530000 - 0x00007ffa545e0000 	C:\WINDOWS\System32\clbcatq.dll
0x00007ffa00ac0000 - 0x00007ffa01ae2000 	C:\WINDOWS\System32\DriverStore\FileRepository\iigd_dch.inf_amd64_d73f88d32ddb95d3\ig11icd64.dll
0x00007ffa54990000 - 0x00007ffa54b2c000 	C:\WINDOWS\System32\ole32.dll
0x00007ffa50e50000 - 0x00007ffa50f46000 	C:\WINDOWS\system32\dxgi.dll
0x00007ffa09060000 - 0x00007ffa09469000 	C:\WINDOWS\System32\DriverStore\FileRepository\iigd_dch.inf_amd64_d73f88d32ddb95d3\igdml64.dll
0x00007ffa44cc0000 - 0x00007ffa44ff1000 	C:\WINDOWS\System32\DriverStore\FileRepository\iigd_dch.inf_amd64_d73f88d32ddb95d3\igdgmm64.dll
0x00007ffa41f40000 - 0x00007ffa44cb8000 	C:\WINDOWS\System32\DriverStore\FileRepository\iigd_dch.inf_amd64_d73f88d32ddb95d3\igc64.dll
0x00007ffa539a0000 - 0x00007ffa539ed000 	C:\WINDOWS\SYSTEM32\powrprof.dll
0x00007ffa53980000 - 0x00007ffa53993000 	C:\WINDOWS\SYSTEM32\UMPDC.dll
0x00007ffa45950000 - 0x00007ffa45a7d000 	C:\WINDOWS\SYSTEM32\textinputframework.dll
0x00007ffa4c310000 - 0x00007ffa4c67c000 	C:\WINDOWS\SYSTEM32\CoreUIComponents.dll
0x00007ffa338b0000 - 0x00007ffa33919000 	C:\WINDOWS\system32\Oleacc.dll
0x00007ffa30d00000 - 0x00007ffa30d5e000 	C:\Users\devin\AppData\Local\Temp\lwjgl_devin\3.3.2+13\x64\lwjgl_opengl.dll
0x000000006f6c0000 - 0x000000006f872000 	C:\Users\devin\AppData\Local\Temp\imgui-java-bin_devin\imgui-java64.dll
0x00007ffa531f0000 - 0x00007ffa5320b000 	C:\WINDOWS\SYSTEM32\CRYPTSP.dll
0x00007ffa52a60000 - 0x00007ffa52a95000 	C:\WINDOWS\system32\rsaenh.dll
0x00007ffa4e5e0000 - 0x00007ffa4e5f0000 	C:\Users\devin\AppData\Local\Programs\Eclipse Adoptium\jdk-17.0.7.7-hotspot\bin\verify.dll

dbghelp: loaded successfully - version: 4.0.5 - missing functions: none
symbol engine: initialized successfully - sym options: 0x614 - pdb path: .;C:\Users\devin\AppData\Local\Programs\Eclipse Adoptium\jdk-17.0.7.7-hotspot\bin;C:\WINDOWS\SYSTEM32;C:\WINDOWS\WinSxS\amd64_microsoft.windows.common-controls_6595b64144ccf1df_6.0.22621.1635_none_270f70857386168e;C:\Users\devin\AppData\Local\Programs\Eclipse Adoptium\jdk-17.0.7.7-hotspot\bin\server;C:\Users\devin\AppData\Local\Temp\lwjgl_devin\3.3.2+13\x64;C:\WINDOWS\System32\DriverStore\FileRepository\iigd_dch.inf_amd64_d73f88d32ddb95d3;C:\Users\devin\AppData\Local\Temp\imgui-java-bin_devin

VM Arguments:
jvm_args: -Dfile.encoding=windows-1252 -Duser.country=US -Duser.language=en -Duser.variant 
java_command: main
java_class_path (initial): C:\Users\devin\Downloads\Coding\IntelliJ\Simulation_CA - CPU\build\classes\java\main;C:\Users\devin\Downloads\Coding\IntelliJ\Simulation_CA - CPU\build\resources\main;C:\Users\devin\.gradle\caches\modules-2\files-2.1\io.imgui.java\lwjgl3\1.76-0.9\e59d2c987f7992b35f69f83e3554590de40c7e79\lwjgl3-1.76-0.9.jar;C:\Users\devin\.gradle\caches\modules-2\files-2.1\io.imgui.java\binding\1.76-0.9\26b8c5547da3642e214d9ace5a6c624e1ed315b7\binding-1.76-0.9.jar;C:\Users\devin\.gradle\caches\modules-2\files-2.1\org.lwjgl\lwjgl-assimp\3.3.2\e5238c13abef6b0fd6e1b4320d3c8cd0c10bfe61\lwjgl-assimp-3.3.2.jar;C:\Users\devin\.gradle\caches\modules-2\files-2.1\org.lwjgl\lwjgl-assimp\3.3.2\54edbc8767bde24b73187c229dbd552228230c8a\lwjgl-assimp-3.3.2-natives-windows.jar;C:\Users\devin\.gradle\caches\modules-2\files-2.1\org.lwjgl\lwjgl-glfw\3.3.2\757920418805fb90bfebb3d46b1d9e7669fca2eb\lwjgl-glfw-3.3.2.jar;C:\Users\devin\.gradle\caches\modules-2\files-2.1\org.lwjgl\lwjgl-glfw\3.3.2\1251e3cb7e5d6159334cfb9244f789ce992f03b\lwjgl-glfw-3.3.2-natives-windows.jar;C:\Users\devin\.gradle\caches\modules-2\files-2.1\org.lwjgl\lwjgl-nfd\3.3.2\ec66452fad5bf48707cbe96c573c6cc3dd8a7a82\lwjgl-nfd-3.3.2.jar;C:\Users\devin\.gradle\caches\modules-2\files-2.1\org.lwjgl\lwjgl-nfd\3.3.2\12c0041066a97f0c74d0f72db1423ac9ea124275\lwjgl-nfd-3.3.2-natives-windows.jar;C:\Users\devin\.gradle\caches\modules-2\files-2.1\org.lwjgl\lwjgl-openal\3.3.2\ae5357ed6d934546d3533993ea84c0cfb75eed95\lwjgl-openal-3.3.2.jar;C:\Users\devin\.gradle\caches\modules-2\files-2.1\org.lwjgl\lwjgl-openal\3.3.2\e74f299a602192faaf14b917632e4cbbb493c940\lwjgl-openal-3.3.2-natives-windows.jar;C:\Users\devin\.gradle\caches\modules-2\files-2.1\org.lwjgl\lwjgl-opengl\3.3.2\ee8e95be0b438602038bc1f02dc5e3d011b1b216\lwjgl-opengl-3.3.2.jar;C:\Users\devin\.gradle\caches\modules-2\files-2.1\org.lwjgl\lwjgl-opengl\3.3.2\83cd34469d4e0bc335bf74c7f62206530a9480bf\lwjgl-opengl-3.3.2-natives-windows.jar;C:\Users\devin\.gradle\caches\m
Launcher Type: SUN_STANDARD

[Global flags]
     intx CICompilerCount                          = 4                                         {product} {ergonomic}
     uint ConcGCThreads                            = 2                                         {product} {ergonomic}
     uint G1ConcRefinementThreads                  = 8                                         {product} {ergonomic}
   size_t G1HeapRegionSize                         = 1048576                                   {product} {ergonomic}
    uintx GCDrainStackTargetSize                   = 64                                        {product} {ergonomic}
   size_t InitialHeapSize                          = 127926272                                 {product} {ergonomic}
   size_t MarkStackSize                            = 4194304                                   {product} {ergonomic}
   size_t MaxHeapSize                              = 2040528896                                {product} {ergonomic}
   size_t MaxNewSize                               = 1223688192                                {product} {ergonomic}
   size_t MinHeapDeltaBytes                        = 1048576                                   {product} {ergonomic}
   size_t MinHeapSize                              = 8388608                                   {product} {ergonomic}
    uintx NonNMethodCodeHeapSize                   = 5839372                                {pd product} {ergonomic}
    uintx NonProfiledCodeHeapSize                  = 122909434                              {pd product} {ergonomic}
    uintx ProfiledCodeHeapSize                     = 122909434                              {pd product} {ergonomic}
    uintx ReservedCodeCacheSize                    = 251658240                              {pd product} {ergonomic}
     bool SegmentedCodeCache                       = true                                      {product} {ergonomic}
   size_t SoftMaxHeapSize                          = 2040528896                             {manageable} {ergonomic}
     bool UseCompressedClassPointers               = true                           {product lp64_product} {ergonomic}
     bool UseCompressedOops                        = true                           {product lp64_product} {ergonomic}
     bool UseG1GC                                  = true                                      {product} {ergonomic}
     bool UseLargePagesIndividualAllocation        = false                                  {pd product} {ergonomic}

Logging:
Log output configuration:
 #0: stdout all=warning uptime,level,tags
 #1: stderr all=off uptime,level,tags

Environment Variables:
JAVA_HOME=C:\Users\devin\AppData\Local\Programs\Eclipse Adoptium\jdk-17.0.7.7-hotspot\
CLASSPATH=.;.;C:\PROGRA~2\JMF21~1.1E\lib\sound.jar;C:\PROGRA~2\JMF21~1.1E\lib\jmf.jar;C:\PROGRA~2\JMF21~1.1E\lib;
PATH=C:\WINDOWS\system32;C:\WINDOWS;C:\WINDOWS\System32\Wbem;C:\WINDOWS\System32\WindowsPowerShell\v1.0\;C:\WINDOWS\System32\OpenSSH\;C:\Program Files\Microsoft SQL Server\150\Tools\Binn\;C:\ProgramData\chocolatey\bin;C:\Program Files\Python311;C:\Users\devin\AppData\Roaming\npm\node_modules;C:\Program Files\Git\cmd;C:\Program Files\Java\jdk-19\bin;C:\Program Files\FFMPEG;C:\Program Files\NodeJS\;C:\Users\devin\AppData\Local\Programs\Eclipse Adoptium\jdk-17.0.7.7-hotspot\bin;C:\Users\devin\AppData\Local\Programs\Python\Python311\Scripts\;C:\Users\devin\AppData\Local\Programs\Python\Python311\;C:\WINDOWS\system32;C:\WINDOWS;C:\WINDOWS\System32\Wbem;C:\WINDOWS\System32\WindowsPowerShell\v1.0\;C:\WINDOWS\System32\OpenSSH\;C:\Program Files\Java\jdk-18.0.2\bin;C:\Program Files\Microsoft SQL Server\150\Tools\Binn\;C:\Users\devin\AppData\Local\Microsoft\WindowsApps;C:\Users\devin\AppData\Local\Programs\Microsoft VS Code\bin;C:\msys64\mingw64\bin;C:\Users\devin\AppData\Roaming\npm\node_modules;C:\tools\dart-sdk\bin;C:\Users\devin\AppData\Roaming\Pub\Cache\bin;;C:\Users\devin\AppData\Local\Microsoft\WindowsApps;C:\Users\devin\AppData\Roaming\npm;C:\Users\devin\AppData\Local\JetBrains\IntelliJ IDEA 2023.1.1\bin;;C:\Program Files\JetBrains\IntelliJ IDEA Community Edition 2023.1.1\bin;
USERNAME=devin
OS=Windows_NT
PROCESSOR_IDENTIFIER=Intel64 Family 6 Model 126 Stepping 5, GenuineIntel
TMP=C:\Users\devin\AppData\Local\Temp
TEMP=C:\Users\devin\AppData\Local\Temp



---------------  S Y S T E M  ---------------

OS:
 Windows 11 , 64 bit Build 22621 (10.0.22621.1635)
OS uptime: 5 days 0:48 hours
Hyper-V role detected

CPU: total 8 (initial active 8) (4 cores per cpu, 2 threads per core) family 6 model 126 stepping 5 microcode 0xb0, cx8, cmov, fxsr, ht, mmx, 3dnowpref, sse, sse2, sse3, ssse3, sse4.1, sse4.2, popcnt, lzcnt, tsc, tscinvbit, avx, avx2, aes, erms, clmul, bmi1, bmi2, adx, avx512f, avx512dq, avx512cd, avx512bw, avx512vl, sha, fma, vzeroupper, avx512_vpopcntdq, avx512_vpclmulqdq, avx512_vaes, avx512_vnni, clflush, clflushopt, avx512_vbmi2, avx512_vbmi, hv

Memory: 4k page, system-wide physical 7778M (627M free)
TotalPageFile size 22905M (AvailPageFile size 1M)
current process WorkingSet (physical memory assigned to process): 608M, peak: 3665M
current process commit charge ("private bytes"): 11273M, peak: 11274M

vm_info: OpenJDK 64-Bit Server VM (17.0.7+7) for windows-amd64 JRE (17.0.7+7), built on Apr 18 2023 22:10:42 by "temurin" with MS VC++ 16.7 (VS2019)

END.
