#
# There is insufficient memory for the Java Runtime Environment to continue.
# Native memory allocation (malloc) failed to allocate 640000 bytes for AllocateHeap
# Possible reasons:
#   The system is out of physical RAM or swap space
#   The process is running with CompressedOops enabled, and the Java Heap may be blocking the growth of the native heap
# Possible solutions:
#   Reduce memory load on the system
#   Increase physical memory or swap space
#   Check if swap backing store is full
#   Decrease Java heap size (-Xmx/-Xms)
#   Decrease number of Java threads
#   Decrease Java thread stack sizes (-Xss)
#   Set larger code cache with -XX:ReservedCodeCacheSize=
#   JVM is running with Unscaled Compressed Oops mode in which the Java heap is
#     placed in the first 4GB address space. The Java Heap base address is the
#     maximum limit for the native heap growth. Please use -XX:HeapBaseMinAddress
#     to set the Java Heap base and to place the Java Heap above 4GB virtual address.
# This output file may be truncated or incomplete.
#
#  Out of Memory Error (allocation.cpp:44), pid=8996, tid=22580
#
# JRE version: OpenJDK Runtime Environment Temurin-17.0.7+7 (17.0.7+7) (build 17.0.7+7)
# Java VM: OpenJDK 64-Bit Server VM Temurin-17.0.7+7 (17.0.7+7, mixed mode, sharing, tiered, compressed oops, compressed class ptrs, g1 gc, windows-amd64)
# No core dump will be written. Minidumps are not enabled by default on client versions of Windows
#

---------------  S U M M A R Y ------------

Command Line: -Dfile.encoding=windows-1252 -Duser.country=US -Duser.language=en -Duser.variant main

Host: Intel(R) Core(TM) i5-1035G7 CPU @ 1.20GHz, 8 cores, 7G,  Windows 11 , 64 bit Build 22621 (10.0.22621.1635)
Time: Sun Jun 11 19:51:43 2023 Eastern Daylight Time elapsed time: 232.393329 seconds (0d 0h 3m 52s)

---------------  T H R E A D  ---------------

Current thread (0x000002313956f900):  JavaThread "main" [_thread_in_vm, id=22580, stack(0x0000005881400000,0x0000005881500000)]

Stack: [0x0000005881400000,0x0000005881500000]
Native frames: (J=compiled Java code, j=interpreted, Vv=VM code, C=native code)
V  [jvm.dll+0x67754a]
V  [jvm.dll+0x834304]
V  [jvm.dll+0x835aae]
V  [jvm.dll+0x836113]
V  [jvm.dll+0x24696f]
V  [jvm.dll+0xa681f]
V  [jvm.dll+0x3e956b]
C  [lwjgl.dll+0x1c00c]

Java frames: (J=compiled Java code, j=interpreted, Vv=VM code)
J 1136  org.lwjgl.system.JNI.callPPPV(IJJ[FJ)V (0 bytes) @ 0x0000023148b89b12 [0x0000023148b89aa0+0x0000000000000072]
J 1189 c2 modules.CA.RDCA.RDCA_Renderer.render()V (37 bytes) @ 0x0000023148baeea0 [0x0000023148baed40+0x0000000000000160]
J 1223 c1 modules.Window.customRender(F)V (11 bytes) @ 0x0000023141204d6c [0x0000023141204c00+0x000000000000016c]
j  modules.Window.loop()V+60
j  modules.Window.run()V+48
j  main.main([Ljava/lang/String;)V+8
v  ~StubRoutines::call_stub

---------------  P R O C E S S  ---------------

Threads class SMR info:
_java_thread_list=0x000002315c0033f0, length=12, elements={
0x000002313956f900, 0x00000231575e5450, 0x00000231575e5e00, 0x00000231575fc8e0,
0x00000231575fd1a0, 0x00000231575fdb50, 0x00000231575fe500, 0x00000231575ff290,
0x00000231575ffd30, 0x000002315760ab50, 0x00000231578475d0, 0x000002315784dac0
}

Java Threads: ( => current thread )
=>0x000002313956f900 JavaThread "main" [_thread_in_vm, id=22580, stack(0x0000005881400000,0x0000005881500000)]
  0x00000231575e5450 JavaThread "Reference Handler" daemon [_thread_blocked, id=7176, stack(0x0000005881b00000,0x0000005881c00000)]
  0x00000231575e5e00 JavaThread "Finalizer" daemon [_thread_blocked, id=17628, stack(0x0000005881c00000,0x0000005881d00000)]
  0x00000231575fc8e0 JavaThread "Signal Dispatcher" daemon [_thread_blocked, id=26284, stack(0x0000005881d00000,0x0000005881e00000)]
  0x00000231575fd1a0 JavaThread "Attach Listener" daemon [_thread_blocked, id=13896, stack(0x0000005881e00000,0x0000005881f00000)]
  0x00000231575fdb50 JavaThread "Service Thread" daemon [_thread_blocked, id=14932, stack(0x0000005881f00000,0x0000005882000000)]
  0x00000231575fe500 JavaThread "Monitor Deflation Thread" daemon [_thread_blocked, id=24760, stack(0x0000005882000000,0x0000005882100000)]
  0x00000231575ff290 JavaThread "C2 CompilerThread0" daemon [_thread_blocked, id=18372, stack(0x0000005882100000,0x0000005882200000)]
  0x00000231575ffd30 JavaThread "C1 CompilerThread0" daemon [_thread_blocked, id=22868, stack(0x0000005882200000,0x0000005882300000)]
  0x000002315760ab50 JavaThread "Sweeper thread" daemon [_thread_blocked, id=12236, stack(0x0000005882300000,0x0000005882400000)]
  0x00000231578475d0 JavaThread "Notification Thread" daemon [_thread_blocked, id=20752, stack(0x0000005882400000,0x0000005882500000)]
  0x000002315784dac0 JavaThread "Common-Cleaner" daemon [_thread_blocked, id=21492, stack(0x0000005882600000,0x0000005882700000)]

Other Threads:
  0x00000231575dd490 VMThread "VM Thread" [stack: 0x0000005881a00000,0x0000005881b00000] [id=10856]
  0x00000231395f0750 WatcherThread [stack: 0x0000005882500000,0x0000005882600000] [id=19600]
  0x00000231395c7b60 GCTaskThread "GC Thread#0" [stack: 0x0000005881500000,0x0000005881600000] [id=4764]
  0x0000023161c807f0 GCTaskThread "GC Thread#1" [stack: 0x0000005882f00000,0x0000005883000000] [id=8648]
  0x000002315c1060a0 GCTaskThread "GC Thread#2" [stack: 0x0000005883000000,0x0000005883100000] [id=23848]
  0x0000023157939630 GCTaskThread "GC Thread#3" [stack: 0x0000005883100000,0x0000005883200000] [id=15316]
  0x0000023161bd3850 GCTaskThread "GC Thread#4" [stack: 0x0000005883200000,0x0000005883300000] [id=6556]
  0x0000023161bd3b00 GCTaskThread "GC Thread#5" [stack: 0x0000005883300000,0x0000005883400000] [id=6788]
  0x0000023157967d80 GCTaskThread "GC Thread#6" [stack: 0x0000005883400000,0x0000005883500000] [id=8928]
  0x00000231579d8f80 GCTaskThread "GC Thread#7" [stack: 0x0000005883500000,0x0000005883600000] [id=17924]
  0x00000231395d7f40 ConcurrentGCThread "G1 Main Marker" [stack: 0x0000005881600000,0x0000005881700000] [id=10412]
  0x00000231395d8950 ConcurrentGCThread "G1 Conc#0" [stack: 0x0000005881700000,0x0000005881800000] [id=8764]
  0x000002313962e4c0 ConcurrentGCThread "G1 Refine#0" [stack: 0x0000005881800000,0x0000005881900000] [id=26512]
  0x000002315c226560 ConcurrentGCThread "G1 Refine#1" [stack: 0x0000005881100000,0x0000005881200000] [id=11132]
  0x000002315c0ea6b0 ConcurrentGCThread "G1 Refine#2" [stack: 0x0000005881200000,0x0000005881300000] [id=360]
  0x000002315780bd90 ConcurrentGCThread "G1 Refine#3" [stack: 0x0000005881300000,0x0000005881400000] [id=10232]
  0x0000023204b10970 ConcurrentGCThread "G1 Refine#4" [stack: 0x0000005882700000,0x0000005882800000] [id=10184]
  0x000002315c2074e0 ConcurrentGCThread "G1 Refine#5" [stack: 0x0000005882800000,0x0000005882900000] [id=11616]
  0x0000023323973ad0 ConcurrentGCThread "G1 Refine#6" [stack: 0x0000005882900000,0x0000005882a00000] [id=23164]
  0x00000231961fe860 ConcurrentGCThread "G1 Refine#7" [stack: 0x0000005883600000,0x0000005883700000] [id=10176]
  0x00000231574980e0 ConcurrentGCThread "G1 Service" [stack: 0x0000005881900000,0x0000005881a00000] [id=25004]

Threads with active compile tasks:

VM state: not at safepoint (normal execution)

VM Mutex/Monitor currently owned by a thread: None

Heap address: 0x0000000086600000, size: 1946 MB, Compressed Oops mode: 32-bit

CDS archive(s) mapped at: [0x0000000800000000-0x0000000800bc0000-0x0000000800bc0000), size 12320768, SharedBaseAddress: 0x0000000800000000, ArchiveRelocationMode: 0.
Compressed class space mapped at: 0x0000000801000000-0x0000000841000000, reserved size: 1073741824
Narrow klass base: 0x0000000800000000, Narrow klass shift: 0, Narrow klass range: 0x100000000

GC Precious Log:
 CPUs: 8 total, 8 available
 Memory: 7778M
 Large Page Support: Disabled
 NUMA Support: Disabled
 Compressed Oops: Enabled (32-bit)
 Heap Region Size: 1M
 Heap Min Capacity: 8M
 Heap Initial Capacity: 122M
 Heap Max Capacity: 1946M
 Pre-touch: Disabled
 Parallel Workers: 8
 Concurrent Workers: 2
 Concurrent Refinement Workers: 8
 Periodic GC: Disabled

Heap:
 garbage-first heap   total 232448K, used 53291K [0x0000000086600000, 0x0000000100000000)
  region size 1024K, 16 young (16384K), 8 survivors (8192K)
 Metaspace       used 7207K, committed 7424K, reserved 1114112K
  class space    used 354K, committed 448K, reserved 1048576K

Heap Regions: E=young(eden), S=young(survivor), O=old, HS=humongous(starts), HC=humongous(continues), CS=collection set, F=free, OA=open archive, CA=closed archive, TAMS=top-at-mark-start (previous, next)
|   0|0x0000000086600000, 0x0000000086700000, 0x0000000086700000|100%|HS|  |TAMS 0x0000000086600000, 0x0000000086700000| Complete 
|   1|0x0000000086700000, 0x0000000086800000, 0x0000000086800000|100%|HS|  |TAMS 0x0000000086700000, 0x0000000086800000| Complete 
|   2|0x0000000086800000, 0x0000000086900000, 0x0000000086900000|100%|HS|  |TAMS 0x0000000086800000, 0x0000000086900000| Complete 
|   3|0x0000000086900000, 0x0000000086a00000, 0x0000000086a00000|100%|HS|  |TAMS 0x0000000086900000, 0x0000000086a00000| Complete 
|   4|0x0000000086a00000, 0x0000000086b00000, 0x0000000086b00000|100%|HS|  |TAMS 0x0000000086a00000, 0x0000000086b00000| Complete 
|   5|0x0000000086b00000, 0x0000000086c00000, 0x0000000086c00000|100%|HS|  |TAMS 0x0000000086b00000, 0x0000000086c00000| Complete 
|   6|0x0000000086c00000, 0x0000000086d00000, 0x0000000086d00000|100%|HS|  |TAMS 0x0000000086c00000, 0x0000000086d00000| Complete 
|   7|0x0000000086d00000, 0x0000000086e00000, 0x0000000086e00000|100%|HS|  |TAMS 0x0000000086d00000, 0x0000000086e00000| Complete 
|   8|0x0000000086e00000, 0x0000000086f00000, 0x0000000086f00000|100%|HS|  |TAMS 0x0000000086e00000, 0x0000000086e00000| Complete 
|   9|0x0000000086f00000, 0x0000000087000000, 0x0000000087000000|100%|HS|  |TAMS 0x0000000086f00000, 0x0000000087000000| Complete 
|  10|0x0000000087000000, 0x0000000087100000, 0x0000000087100000|100%|HS|  |TAMS 0x0000000087000000, 0x0000000087000000| Complete 
|  11|0x0000000087100000, 0x0000000087200000, 0x0000000087200000|100%|HS|  |TAMS 0x0000000087100000, 0x0000000087100000| Complete 
|  12|0x0000000087200000, 0x0000000087300000, 0x0000000087300000|100%|HS|  |TAMS 0x0000000087200000, 0x0000000087200000| Complete 
|  13|0x0000000087300000, 0x0000000087400000, 0x0000000087400000|100%|HS|  |TAMS 0x0000000087300000, 0x0000000087300000| Complete 
|  14|0x0000000087400000, 0x0000000087500000, 0x0000000087500000|100%|HS|  |TAMS 0x0000000087400000, 0x0000000087400000| Complete 
|  15|0x0000000087500000, 0x0000000087600000, 0x0000000087600000|100%|HS|  |TAMS 0x0000000087500000, 0x0000000087500000| Complete 
|  16|0x0000000087600000, 0x0000000087700000, 0x0000000087700000|100%|HS|  |TAMS 0x0000000087600000, 0x0000000087600000| Complete 
|  17|0x0000000087700000, 0x0000000087700000, 0x0000000087800000|  0%| F|  |TAMS 0x0000000087700000, 0x0000000087700000| Untracked 
|  18|0x0000000087800000, 0x0000000087800000, 0x0000000087900000|  0%| F|  |TAMS 0x0000000087800000, 0x0000000087800000| Untracked 
|  19|0x0000000087900000, 0x0000000087900000, 0x0000000087a00000|  0%| F|  |TAMS 0x0000000087900000, 0x0000000087900000| Untracked 
|  20|0x0000000087a00000, 0x0000000087a00000, 0x0000000087b00000|  0%| F|  |TAMS 0x0000000087a00000, 0x0000000087a00000| Untracked 
|  21|0x0000000087b00000, 0x0000000087b00000, 0x0000000087c00000|  0%| F|  |TAMS 0x0000000087b00000, 0x0000000087b00000| Untracked 
|  22|0x0000000087c00000, 0x0000000087c00000, 0x0000000087d00000|  0%| F|  |TAMS 0x0000000087c00000, 0x0000000087c00000| Untracked 
|  23|0x0000000087d00000, 0x0000000087d00000, 0x0000000087e00000|  0%| F|  |TAMS 0x0000000087d00000, 0x0000000087d00000| Untracked 
|  24|0x0000000087e00000, 0x0000000087e00000, 0x0000000087f00000|  0%| F|  |TAMS 0x0000000087e00000, 0x0000000087e00000| Untracked 
|  25|0x0000000087f00000, 0x0000000087f00000, 0x0000000088000000|  0%| F|  |TAMS 0x0000000087f00000, 0x0000000087f00000| Untracked 
|  26|0x0000000088000000, 0x0000000088000000, 0x0000000088100000|  0%| F|  |TAMS 0x0000000088000000, 0x0000000088000000| Untracked 
|  27|0x0000000088100000, 0x0000000088100000, 0x0000000088200000|  0%| F|  |TAMS 0x0000000088100000, 0x0000000088100000| Untracked 
|  28|0x0000000088200000, 0x0000000088300000, 0x0000000088300000|100%|HS|  |TAMS 0x0000000088200000, 0x0000000088300000| Complete 
|  29|0x0000000088300000, 0x0000000088300000, 0x0000000088400000|  0%| F|  |TAMS 0x0000000088300000, 0x0000000088300000| Untracked 
|  30|0x0000000088400000, 0x0000000088400000, 0x0000000088500000|  0%| F|  |TAMS 0x0000000088400000, 0x0000000088400000| Untracked 
|  31|0x0000000088500000, 0x0000000088500000, 0x0000000088600000|  0%| F|  |TAMS 0x0000000088500000, 0x0000000088500000| Untracked 
|  32|0x0000000088600000, 0x0000000088600000, 0x0000000088700000|  0%| F|  |TAMS 0x0000000088600000, 0x0000000088600000| Untracked 
|  33|0x0000000088700000, 0x0000000088700000, 0x0000000088800000|  0%| F|  |TAMS 0x0000000088700000, 0x0000000088700000| Untracked 
|  34|0x0000000088800000, 0x0000000088800000, 0x0000000088900000|  0%| F|  |TAMS 0x0000000088800000, 0x0000000088800000| Untracked 
|  35|0x0000000088900000, 0x0000000088900000, 0x0000000088a00000|  0%| F|  |TAMS 0x0000000088900000, 0x0000000088900000| Untracked 
|  36|0x0000000088a00000, 0x0000000088a00000, 0x0000000088b00000|  0%| F|  |TAMS 0x0000000088a00000, 0x0000000088a00000| Untracked 
|  37|0x0000000088b00000, 0x0000000088b00000, 0x0000000088c00000|  0%| F|  |TAMS 0x0000000088b00000, 0x0000000088b00000| Untracked 
|  38|0x0000000088c00000, 0x0000000088d00000, 0x0000000088d00000|100%| O|  |TAMS 0x0000000088c00000, 0x0000000088d00000| Untracked 
|  39|0x0000000088d00000, 0x0000000088e00000, 0x0000000088e00000|100%| O|  |TAMS 0x0000000088d00000, 0x0000000088e00000| Untracked 
|  40|0x0000000088e00000, 0x0000000088f00000, 0x0000000088f00000|100%| O|  |TAMS 0x0000000088e00000, 0x0000000088f00000| Untracked 
|  41|0x0000000088f00000, 0x0000000088f00000, 0x0000000089000000|  0%| F|  |TAMS 0x0000000088f00000, 0x0000000088f00000| Untracked 
|  42|0x0000000089000000, 0x0000000089000000, 0x0000000089100000|  0%| F|  |TAMS 0x0000000089000000, 0x0000000089000000| Untracked 
|  43|0x0000000089100000, 0x0000000089200000, 0x0000000089200000|100%|HS|  |TAMS 0x0000000089100000, 0x0000000089200000| Complete 
|  44|0x0000000089200000, 0x0000000089200000, 0x0000000089300000|  0%| F|  |TAMS 0x0000000089200000, 0x0000000089200000| Untracked 
|  45|0x0000000089300000, 0x0000000089300000, 0x0000000089400000|  0%| F|  |TAMS 0x0000000089300000, 0x0000000089300000| Untracked 
|  46|0x0000000089400000, 0x0000000089500000, 0x0000000089500000|100%|HS|  |TAMS 0x0000000089400000, 0x0000000089500000| Complete 
|  47|0x0000000089500000, 0x0000000089500000, 0x0000000089600000|  0%| F|  |TAMS 0x0000000089500000, 0x0000000089500000| Untracked 
|  48|0x0000000089600000, 0x0000000089600000, 0x0000000089700000|  0%| F|  |TAMS 0x0000000089600000, 0x0000000089600000| Untracked 
|  49|0x0000000089700000, 0x0000000089700000, 0x0000000089800000|  0%| F|  |TAMS 0x0000000089700000, 0x0000000089700000| Untracked 
|  50|0x0000000089800000, 0x0000000089900000, 0x0000000089900000|100%|HS|  |TAMS 0x0000000089800000, 0x0000000089900000| Complete 
|  51|0x0000000089900000, 0x0000000089900000, 0x0000000089a00000|  0%| F|  |TAMS 0x0000000089900000, 0x0000000089900000| Untracked 
|  52|0x0000000089a00000, 0x0000000089a00000, 0x0000000089b00000|  0%| F|  |TAMS 0x0000000089a00000, 0x0000000089a00000| Untracked 
|  53|0x0000000089b00000, 0x0000000089c00000, 0x0000000089c00000|100%| O|  |TAMS 0x0000000089b00000, 0x0000000089c00000| Untracked 
|  54|0x0000000089c00000, 0x0000000089d00000, 0x0000000089d00000|100%| O|  |TAMS 0x0000000089c00000, 0x0000000089d00000| Untracked 
|  55|0x0000000089d00000, 0x0000000089e00000, 0x0000000089e00000|100%| O|  |TAMS 0x0000000089d00000, 0x0000000089e00000| Untracked 
|  56|0x0000000089e00000, 0x0000000089e00000, 0x0000000089f00000|  0%| F|  |TAMS 0x0000000089e00000, 0x0000000089e00000| Untracked 
|  57|0x0000000089f00000, 0x0000000089f00000, 0x000000008a000000|  0%| F|  |TAMS 0x0000000089f00000, 0x0000000089f00000| Untracked 
|  58|0x000000008a000000, 0x000000008a000000, 0x000000008a100000|  0%| F|  |TAMS 0x000000008a000000, 0x000000008a000000| Untracked 
|  59|0x000000008a100000, 0x000000008a100000, 0x000000008a200000|  0%| F|  |TAMS 0x000000008a100000, 0x000000008a100000| Untracked 
|  60|0x000000008a200000, 0x000000008a200000, 0x000000008a300000|  0%| F|  |TAMS 0x000000008a200000, 0x000000008a200000| Untracked 
|  61|0x000000008a300000, 0x000000008a300000, 0x000000008a400000|  0%| F|  |TAMS 0x000000008a300000, 0x000000008a300000| Untracked 
|  62|0x000000008a400000, 0x000000008a400000, 0x000000008a500000|  0%| F|  |TAMS 0x000000008a400000, 0x000000008a400000| Untracked 
|  63|0x000000008a500000, 0x000000008a600000, 0x000000008a600000|100%| O|  |TAMS 0x000000008a500000, 0x000000008a600000| Untracked 
|  64|0x000000008a600000, 0x000000008a700000, 0x000000008a700000|100%| O|  |TAMS 0x000000008a600000, 0x000000008a700000| Untracked 
|  65|0x000000008a700000, 0x000000008a800000, 0x000000008a800000|100%| O|  |TAMS 0x000000008a700000, 0x000000008a800000| Untracked 
|  66|0x000000008a800000, 0x000000008a900000, 0x000000008a900000|100%| O|  |TAMS 0x000000008a800000, 0x000000008a900000| Untracked 
|  67|0x000000008a900000, 0x000000008aa00000, 0x000000008aa00000|100%| O|  |TAMS 0x000000008a900000, 0x000000008aa00000| Untracked 
|  68|0x000000008aa00000, 0x000000008ab00000, 0x000000008ab00000|100%| O|  |TAMS 0x000000008aa00000, 0x000000008ab00000| Untracked 
|  69|0x000000008ab00000, 0x000000008ab00000, 0x000000008ac00000|  0%| F|  |TAMS 0x000000008ab00000, 0x000000008ab00000| Untracked 
|  70|0x000000008ac00000, 0x000000008ac00000, 0x000000008ad00000|  0%| F|  |TAMS 0x000000008ac00000, 0x000000008ac00000| Untracked 
|  71|0x000000008ad00000, 0x000000008ad00000, 0x000000008ae00000|  0%| F|  |TAMS 0x000000008ad00000, 0x000000008ad00000| Untracked 
|  72|0x000000008ae00000, 0x000000008ae00000, 0x000000008af00000|  0%| F|  |TAMS 0x000000008ae00000, 0x000000008ae00000| Untracked 
|  73|0x000000008af00000, 0x000000008af00000, 0x000000008b000000|  0%| F|  |TAMS 0x000000008af00000, 0x000000008af00000| Untracked 
|  74|0x000000008b000000, 0x000000008b000000, 0x000000008b100000|  0%| F|  |TAMS 0x000000008b000000, 0x000000008b000000| Untracked 
|  75|0x000000008b100000, 0x000000008b100000, 0x000000008b200000|  0%| F|  |TAMS 0x000000008b100000, 0x000000008b100000| Untracked 
|  76|0x000000008b200000, 0x000000008b200000, 0x000000008b300000|  0%| F|  |TAMS 0x000000008b200000, 0x000000008b200000| Untracked 
|  77|0x000000008b300000, 0x000000008b300000, 0x000000008b400000|  0%| F|  |TAMS 0x000000008b300000, 0x000000008b300000| Untracked 
|  78|0x000000008b400000, 0x000000008b400000, 0x000000008b500000|  0%| F|  |TAMS 0x000000008b400000, 0x000000008b400000| Untracked 
|  79|0x000000008b500000, 0x000000008b500000, 0x000000008b600000|  0%| F|  |TAMS 0x000000008b500000, 0x000000008b500000| Untracked 
|  80|0x000000008b600000, 0x000000008b600000, 0x000000008b700000|  0%| F|  |TAMS 0x000000008b600000, 0x000000008b600000| Untracked 
|  81|0x000000008b700000, 0x000000008b700000, 0x000000008b800000|  0%| F|  |TAMS 0x000000008b700000, 0x000000008b700000| Untracked 
|  82|0x000000008b800000, 0x000000008b800000, 0x000000008b900000|  0%| F|  |TAMS 0x000000008b800000, 0x000000008b800000| Untracked 
|  83|0x000000008b900000, 0x000000008b900000, 0x000000008ba00000|  0%| F|  |TAMS 0x000000008b900000, 0x000000008b900000| Untracked 
|  84|0x000000008ba00000, 0x000000008ba00000, 0x000000008bb00000|  0%| F|  |TAMS 0x000000008ba00000, 0x000000008ba00000| Untracked 
|  85|0x000000008bb00000, 0x000000008bb00000, 0x000000008bc00000|  0%| F|  |TAMS 0x000000008bb00000, 0x000000008bb00000| Untracked 
|  86|0x000000008bc00000, 0x000000008bc00000, 0x000000008bd00000|  0%| F|  |TAMS 0x000000008bc00000, 0x000000008bc00000| Untracked 
|  87|0x000000008bd00000, 0x000000008bd00000, 0x000000008be00000|  0%| F|  |TAMS 0x000000008bd00000, 0x000000008bd00000| Untracked 
|  88|0x000000008be00000, 0x000000008be00000, 0x000000008bf00000|  0%| F|  |TAMS 0x000000008be00000, 0x000000008be00000| Untracked 
|  89|0x000000008bf00000, 0x000000008bf00000, 0x000000008c000000|  0%| F|  |TAMS 0x000000008bf00000, 0x000000008bf00000| Untracked 
|  90|0x000000008c000000, 0x000000008c000000, 0x000000008c100000|  0%| F|  |TAMS 0x000000008c000000, 0x000000008c000000| Untracked 
|  91|0x000000008c100000, 0x000000008c100000, 0x000000008c200000|  0%| F|  |TAMS 0x000000008c100000, 0x000000008c100000| Untracked 
|  92|0x000000008c200000, 0x000000008c200000, 0x000000008c300000|  0%| F|  |TAMS 0x000000008c200000, 0x000000008c200000| Untracked 
|  93|0x000000008c300000, 0x000000008c300000, 0x000000008c400000|  0%| F|  |TAMS 0x000000008c300000, 0x000000008c300000| Untracked 
|  94|0x000000008c400000, 0x000000008c400000, 0x000000008c500000|  0%| F|  |TAMS 0x000000008c400000, 0x000000008c400000| Untracked 
|  95|0x000000008c500000, 0x000000008c500000, 0x000000008c600000|  0%| F|  |TAMS 0x000000008c500000, 0x000000008c500000| Untracked 
|  96|0x000000008c600000, 0x000000008c600000, 0x000000008c700000|  0%| F|  |TAMS 0x000000008c600000, 0x000000008c600000| Untracked 
|  97|0x000000008c700000, 0x000000008c800000, 0x000000008c800000|100%|HS|  |TAMS 0x000000008c700000, 0x000000008c800000| Complete 
|  98|0x000000008c800000, 0x000000008c900000, 0x000000008c900000|100%|HS|  |TAMS 0x000000008c800000, 0x000000008c900000| Complete 
|  99|0x000000008c900000, 0x000000008c900000, 0x000000008ca00000|  0%| F|  |TAMS 0x000000008c900000, 0x000000008c900000| Untracked 
| 100|0x000000008ca00000, 0x000000008ca00000, 0x000000008cb00000|  0%| F|  |TAMS 0x000000008ca00000, 0x000000008ca00000| Untracked 
| 101|0x000000008cb00000, 0x000000008cb00000, 0x000000008cc00000|  0%| F|  |TAMS 0x000000008cb00000, 0x000000008cb00000| Untracked 
| 102|0x000000008cc00000, 0x000000008cc00000, 0x000000008cd00000|  0%| F|  |TAMS 0x000000008cc00000, 0x000000008cc00000| Untracked 
| 103|0x000000008cd00000, 0x000000008cd00000, 0x000000008ce00000|  0%| F|  |TAMS 0x000000008cd00000, 0x000000008cd00000| Untracked 
| 104|0x000000008ce00000, 0x000000008ce00000, 0x000000008cf00000|  0%| F|  |TAMS 0x000000008ce00000, 0x000000008ce00000| Untracked 
| 105|0x000000008cf00000, 0x000000008cf00000, 0x000000008d000000|  0%| F|  |TAMS 0x000000008cf00000, 0x000000008cf00000| Untracked 
| 106|0x000000008d000000, 0x000000008d000000, 0x000000008d100000|  0%| F|  |TAMS 0x000000008d000000, 0x000000008d000000| Untracked 
| 107|0x000000008d100000, 0x000000008d100000, 0x000000008d200000|  0%| F|  |TAMS 0x000000008d100000, 0x000000008d100000| Untracked 
| 108|0x000000008d200000, 0x000000008d200000, 0x000000008d300000|  0%| F|  |TAMS 0x000000008d200000, 0x000000008d200000| Untracked 
| 109|0x000000008d300000, 0x000000008d300000, 0x000000008d400000|  0%| F|  |TAMS 0x000000008d300000, 0x000000008d300000| Untracked 
| 110|0x000000008d400000, 0x000000008d400000, 0x000000008d500000|  0%| F|  |TAMS 0x000000008d400000, 0x000000008d400000| Untracked 
| 111|0x000000008d500000, 0x000000008d500000, 0x000000008d600000|  0%| F|  |TAMS 0x000000008d500000, 0x000000008d500000| Untracked 
| 112|0x000000008d600000, 0x000000008d600000, 0x000000008d700000|  0%| F|  |TAMS 0x000000008d600000, 0x000000008d600000| Untracked 
| 113|0x000000008d700000, 0x000000008d700000, 0x000000008d800000|  0%| F|  |TAMS 0x000000008d700000, 0x000000008d700000| Untracked 
| 114|0x000000008d800000, 0x000000008d800000, 0x000000008d900000|  0%| F|  |TAMS 0x000000008d800000, 0x000000008d800000| Untracked 
| 115|0x000000008d900000, 0x000000008d900000, 0x000000008da00000|  0%| F|  |TAMS 0x000000008d900000, 0x000000008d900000| Untracked 
| 116|0x000000008da00000, 0x000000008da00000, 0x000000008db00000|  0%| F|  |TAMS 0x000000008da00000, 0x000000008da00000| Untracked 
| 117|0x000000008db00000, 0x000000008db00000, 0x000000008dc00000|  0%| F|  |TAMS 0x000000008db00000, 0x000000008db00000| Untracked 
| 118|0x000000008dc00000, 0x000000008dc00000, 0x000000008dd00000|  0%| F|  |TAMS 0x000000008dc00000, 0x000000008dc00000| Untracked 
| 119|0x000000008dd00000, 0x000000008dd00000, 0x000000008de00000|  0%| F|  |TAMS 0x000000008dd00000, 0x000000008dd00000| Untracked 
| 120|0x000000008de00000, 0x000000008de00000, 0x000000008df00000|  0%| F|  |TAMS 0x000000008de00000, 0x000000008de00000| Untracked 
| 121|0x000000008df00000, 0x000000008df00000, 0x000000008e000000|  0%| F|  |TAMS 0x000000008df00000, 0x000000008df00000| Untracked 
| 122|0x000000008e000000, 0x000000008e000000, 0x000000008e100000|  0%| F|  |TAMS 0x000000008e000000, 0x000000008e000000| Untracked 
| 123|0x000000008e100000, 0x000000008e100000, 0x000000008e200000|  0%| F|  |TAMS 0x000000008e100000, 0x000000008e100000| Untracked 
| 124|0x000000008e200000, 0x000000008e200000, 0x000000008e300000|  0%| F|  |TAMS 0x000000008e200000, 0x000000008e200000| Untracked 
| 125|0x000000008e300000, 0x000000008e300000, 0x000000008e400000|  0%| F|  |TAMS 0x000000008e300000, 0x000000008e300000| Untracked 
| 126|0x000000008e400000, 0x000000008e400000, 0x000000008e500000|  0%| F|  |TAMS 0x000000008e400000, 0x000000008e400000| Untracked 
| 127|0x000000008e500000, 0x000000008e500000, 0x000000008e600000|  0%| F|  |TAMS 0x000000008e500000, 0x000000008e500000| Untracked 
| 128|0x000000008e600000, 0x000000008e600000, 0x000000008e700000|  0%| F|  |TAMS 0x000000008e600000, 0x000000008e600000| Untracked 
| 129|0x000000008e700000, 0x000000008e700000, 0x000000008e800000|  0%| F|  |TAMS 0x000000008e700000, 0x000000008e700000| Untracked 
| 130|0x000000008e800000, 0x000000008e800000, 0x000000008e900000|  0%| F|  |TAMS 0x000000008e800000, 0x000000008e800000| Untracked 
| 131|0x000000008e900000, 0x000000008e989210, 0x000000008ea00000| 53%| S|CS|TAMS 0x000000008e900000, 0x000000008e900000| Complete 
| 132|0x000000008ea00000, 0x000000008eb00000, 0x000000008eb00000|100%| S|CS|TAMS 0x000000008ea00000, 0x000000008ea00000| Complete 
| 133|0x000000008eb00000, 0x000000008ec00000, 0x000000008ec00000|100%| S|CS|TAMS 0x000000008eb00000, 0x000000008eb00000| Complete 
| 134|0x000000008ec00000, 0x000000008ed00000, 0x000000008ed00000|100%| S|CS|TAMS 0x000000008ec00000, 0x000000008ec00000| Complete 
| 135|0x000000008ed00000, 0x000000008ee00000, 0x000000008ee00000|100%| S|CS|TAMS 0x000000008ed00000, 0x000000008ed00000| Complete 
| 136|0x000000008ee00000, 0x000000008ef00000, 0x000000008ef00000|100%| S|CS|TAMS 0x000000008ee00000, 0x000000008ee00000| Complete 
| 137|0x000000008ef00000, 0x000000008f000000, 0x000000008f000000|100%| S|CS|TAMS 0x000000008ef00000, 0x000000008ef00000| Complete 
| 138|0x000000008f000000, 0x000000008f100000, 0x000000008f100000|100%| S|CS|TAMS 0x000000008f000000, 0x000000008f000000| Complete 
| 139|0x000000008f100000, 0x000000008f100000, 0x000000008f200000|  0%| F|  |TAMS 0x000000008f100000, 0x000000008f100000| Untracked 
| 140|0x000000008f200000, 0x000000008f200000, 0x000000008f300000|  0%| F|  |TAMS 0x000000008f200000, 0x000000008f200000| Untracked 
| 141|0x000000008f300000, 0x000000008f300000, 0x000000008f400000|  0%| F|  |TAMS 0x000000008f300000, 0x000000008f300000| Untracked 
| 142|0x000000008f400000, 0x000000008f400000, 0x000000008f500000|  0%| F|  |TAMS 0x000000008f400000, 0x000000008f400000| Untracked 
| 143|0x000000008f500000, 0x000000008f500000, 0x000000008f600000|  0%| F|  |TAMS 0x000000008f500000, 0x000000008f500000| Untracked 
| 144|0x000000008f600000, 0x000000008f600000, 0x000000008f700000|  0%| F|  |TAMS 0x000000008f600000, 0x000000008f600000| Untracked 
| 145|0x000000008f700000, 0x000000008f700000, 0x000000008f800000|  0%| F|  |TAMS 0x000000008f700000, 0x000000008f700000| Untracked 
| 146|0x000000008f800000, 0x000000008f800000, 0x000000008f900000|  0%| F|  |TAMS 0x000000008f800000, 0x000000008f800000| Untracked 
| 147|0x000000008f900000, 0x000000008f900000, 0x000000008fa00000|  0%| F|  |TAMS 0x000000008f900000, 0x000000008f900000| Untracked 
| 148|0x000000008fa00000, 0x000000008fa00000, 0x000000008fb00000|  0%| F|  |TAMS 0x000000008fa00000, 0x000000008fa00000| Untracked 
| 149|0x000000008fb00000, 0x000000008fb00000, 0x000000008fc00000|  0%| F|  |TAMS 0x000000008fb00000, 0x000000008fb00000| Untracked 
| 150|0x000000008fc00000, 0x000000008fc00000, 0x000000008fd00000|  0%| F|  |TAMS 0x000000008fc00000, 0x000000008fc00000| Untracked 
| 151|0x000000008fd00000, 0x000000008fd00000, 0x000000008fe00000|  0%| F|  |TAMS 0x000000008fd00000, 0x000000008fd00000| Untracked 
| 152|0x000000008fe00000, 0x000000008fe00000, 0x000000008ff00000|  0%| F|  |TAMS 0x000000008fe00000, 0x000000008fe00000| Untracked 
| 153|0x000000008ff00000, 0x000000008ff00000, 0x0000000090000000|  0%| F|  |TAMS 0x000000008ff00000, 0x000000008ff00000| Untracked 
| 154|0x0000000090000000, 0x0000000090000000, 0x0000000090100000|  0%| F|  |TAMS 0x0000000090000000, 0x0000000090000000| Untracked 
| 155|0x0000000090100000, 0x0000000090100000, 0x0000000090200000|  0%| F|  |TAMS 0x0000000090100000, 0x0000000090100000| Untracked 
| 156|0x0000000090200000, 0x0000000090200000, 0x0000000090300000|  0%| F|  |TAMS 0x0000000090200000, 0x0000000090200000| Untracked 
| 157|0x0000000090300000, 0x0000000090300000, 0x0000000090400000|  0%| F|  |TAMS 0x0000000090300000, 0x0000000090300000| Untracked 
| 158|0x0000000090400000, 0x0000000090400000, 0x0000000090500000|  0%| F|  |TAMS 0x0000000090400000, 0x0000000090400000| Untracked 
| 159|0x0000000090500000, 0x0000000090500000, 0x0000000090600000|  0%| F|  |TAMS 0x0000000090500000, 0x0000000090500000| Untracked 
| 160|0x0000000090600000, 0x0000000090600000, 0x0000000090700000|  0%| F|  |TAMS 0x0000000090600000, 0x0000000090600000| Untracked 
| 161|0x0000000090700000, 0x0000000090700000, 0x0000000090800000|  0%| F|  |TAMS 0x0000000090700000, 0x0000000090700000| Untracked 
| 162|0x0000000090800000, 0x0000000090800000, 0x0000000090900000|  0%| F|  |TAMS 0x0000000090800000, 0x0000000090800000| Untracked 
| 163|0x0000000090900000, 0x0000000090900000, 0x0000000090a00000|  0%| F|  |TAMS 0x0000000090900000, 0x0000000090900000| Untracked 
| 164|0x0000000090a00000, 0x0000000090a00000, 0x0000000090b00000|  0%| F|  |TAMS 0x0000000090a00000, 0x0000000090a00000| Untracked 
| 165|0x0000000090b00000, 0x0000000090b00000, 0x0000000090c00000|  0%| F|  |TAMS 0x0000000090b00000, 0x0000000090b00000| Untracked 
| 166|0x0000000090c00000, 0x0000000090c00000, 0x0000000090d00000|  0%| F|  |TAMS 0x0000000090c00000, 0x0000000090c00000| Untracked 
| 167|0x0000000090d00000, 0x0000000090d00000, 0x0000000090e00000|  0%| F|  |TAMS 0x0000000090d00000, 0x0000000090d00000| Untracked 
| 168|0x0000000090e00000, 0x0000000090e00000, 0x0000000090f00000|  0%| F|  |TAMS 0x0000000090e00000, 0x0000000090e00000| Untracked 
| 169|0x0000000090f00000, 0x0000000090f00000, 0x0000000091000000|  0%| F|  |TAMS 0x0000000090f00000, 0x0000000090f00000| Untracked 
| 170|0x0000000091000000, 0x0000000091000000, 0x0000000091100000|  0%| F|  |TAMS 0x0000000091000000, 0x0000000091000000| Untracked 
| 171|0x0000000091100000, 0x0000000091100000, 0x0000000091200000|  0%| F|  |TAMS 0x0000000091100000, 0x0000000091100000| Untracked 
| 172|0x0000000091200000, 0x0000000091200000, 0x0000000091300000|  0%| F|  |TAMS 0x0000000091200000, 0x0000000091200000| Untracked 
| 173|0x0000000091300000, 0x0000000091300000, 0x0000000091400000|  0%| F|  |TAMS 0x0000000091300000, 0x0000000091300000| Untracked 
| 174|0x0000000091400000, 0x0000000091400000, 0x0000000091500000|  0%| F|  |TAMS 0x0000000091400000, 0x0000000091400000| Untracked 
| 175|0x0000000091500000, 0x0000000091500000, 0x0000000091600000|  0%| F|  |TAMS 0x0000000091500000, 0x0000000091500000| Untracked 
| 176|0x0000000091600000, 0x0000000091600000, 0x0000000091700000|  0%| F|  |TAMS 0x0000000091600000, 0x0000000091600000| Untracked 
| 177|0x0000000091700000, 0x0000000091700000, 0x0000000091800000|  0%| F|  |TAMS 0x0000000091700000, 0x0000000091700000| Untracked 
| 178|0x0000000091800000, 0x0000000091800000, 0x0000000091900000|  0%| F|  |TAMS 0x0000000091800000, 0x0000000091800000| Untracked 
| 179|0x0000000091900000, 0x0000000091900000, 0x0000000091a00000|  0%| F|  |TAMS 0x0000000091900000, 0x0000000091900000| Untracked 
| 180|0x0000000091a00000, 0x0000000091a00000, 0x0000000091b00000|  0%| F|  |TAMS 0x0000000091a00000, 0x0000000091a00000| Untracked 
| 181|0x0000000091b00000, 0x0000000091b00000, 0x0000000091c00000|  0%| F|  |TAMS 0x0000000091b00000, 0x0000000091b00000| Untracked 
| 182|0x0000000091c00000, 0x0000000091c00000, 0x0000000091d00000|  0%| F|  |TAMS 0x0000000091c00000, 0x0000000091c00000| Untracked 
| 183|0x0000000091d00000, 0x0000000091d00000, 0x0000000091e00000|  0%| F|  |TAMS 0x0000000091d00000, 0x0000000091d00000| Untracked 
| 184|0x0000000091e00000, 0x0000000091e00000, 0x0000000091f00000|  0%| F|  |TAMS 0x0000000091e00000, 0x0000000091e00000| Untracked 
| 185|0x0000000091f00000, 0x0000000091f00000, 0x0000000092000000|  0%| F|  |TAMS 0x0000000091f00000, 0x0000000091f00000| Untracked 
| 186|0x0000000092000000, 0x0000000092000000, 0x0000000092100000|  0%| F|  |TAMS 0x0000000092000000, 0x0000000092000000| Untracked 
| 187|0x0000000092100000, 0x0000000092100000, 0x0000000092200000|  0%| F|  |TAMS 0x0000000092100000, 0x0000000092100000| Untracked 
| 188|0x0000000092200000, 0x0000000092200000, 0x0000000092300000|  0%| F|  |TAMS 0x0000000092200000, 0x0000000092200000| Untracked 
| 189|0x0000000092300000, 0x0000000092300000, 0x0000000092400000|  0%| F|  |TAMS 0x0000000092300000, 0x0000000092300000| Untracked 
| 190|0x0000000092400000, 0x0000000092400000, 0x0000000092500000|  0%| F|  |TAMS 0x0000000092400000, 0x0000000092400000| Untracked 
| 191|0x0000000092500000, 0x0000000092500000, 0x0000000092600000|  0%| F|  |TAMS 0x0000000092500000, 0x0000000092500000| Untracked 
| 192|0x0000000092600000, 0x0000000092600000, 0x0000000092700000|  0%| F|  |TAMS 0x0000000092600000, 0x0000000092600000| Untracked 
| 193|0x0000000092700000, 0x0000000092700000, 0x0000000092800000|  0%| F|  |TAMS 0x0000000092700000, 0x0000000092700000| Untracked 
| 194|0x0000000092800000, 0x0000000092800000, 0x0000000092900000|  0%| F|  |TAMS 0x0000000092800000, 0x0000000092800000| Untracked 
| 195|0x0000000092900000, 0x0000000092900000, 0x0000000092a00000|  0%| F|  |TAMS 0x0000000092900000, 0x0000000092900000| Untracked 
| 196|0x0000000092a00000, 0x0000000092a00000, 0x0000000092b00000|  0%| F|  |TAMS 0x0000000092a00000, 0x0000000092a00000| Untracked 
| 197|0x0000000092b00000, 0x0000000092b00000, 0x0000000092c00000|  0%| F|  |TAMS 0x0000000092b00000, 0x0000000092b00000| Untracked 
| 198|0x0000000092c00000, 0x0000000092c00000, 0x0000000092d00000|  0%| F|  |TAMS 0x0000000092c00000, 0x0000000092c00000| Untracked 
| 199|0x0000000092d00000, 0x0000000092d00000, 0x0000000092e00000|  0%| F|  |TAMS 0x0000000092d00000, 0x0000000092d00000| Untracked 
| 200|0x0000000092e00000, 0x0000000092e00000, 0x0000000092f00000|  0%| F|  |TAMS 0x0000000092e00000, 0x0000000092e00000| Untracked 
| 201|0x0000000092f00000, 0x0000000092f00000, 0x0000000093000000|  0%| F|  |TAMS 0x0000000092f00000, 0x0000000092f00000| Untracked 
| 202|0x0000000093000000, 0x0000000093000000, 0x0000000093100000|  0%| F|  |TAMS 0x0000000093000000, 0x0000000093000000| Untracked 
| 203|0x0000000093100000, 0x0000000093100000, 0x0000000093200000|  0%| F|  |TAMS 0x0000000093100000, 0x0000000093100000| Untracked 
| 204|0x0000000093200000, 0x0000000093200000, 0x0000000093300000|  0%| F|  |TAMS 0x0000000093200000, 0x0000000093200000| Untracked 
| 205|0x0000000093300000, 0x0000000093300000, 0x0000000093400000|  0%| F|  |TAMS 0x0000000093300000, 0x0000000093300000| Untracked 
| 206|0x0000000093400000, 0x0000000093400000, 0x0000000093500000|  0%| F|  |TAMS 0x0000000093400000, 0x0000000093400000| Untracked 
| 207|0x0000000093500000, 0x0000000093500000, 0x0000000093600000|  0%| F|  |TAMS 0x0000000093500000, 0x0000000093500000| Untracked 
| 208|0x0000000093600000, 0x0000000093600000, 0x0000000093700000|  0%| F|  |TAMS 0x0000000093600000, 0x0000000093600000| Untracked 
| 209|0x0000000093700000, 0x0000000093700000, 0x0000000093800000|  0%| F|  |TAMS 0x0000000093700000, 0x0000000093700000| Untracked 
| 210|0x0000000093800000, 0x0000000093800000, 0x0000000093900000|  0%| F|  |TAMS 0x0000000093800000, 0x0000000093800000| Untracked 
| 211|0x0000000093900000, 0x0000000093900000, 0x0000000093a00000|  0%| F|  |TAMS 0x0000000093900000, 0x0000000093900000| Untracked 
| 212|0x0000000093a00000, 0x0000000093a00000, 0x0000000093b00000|  0%| F|  |TAMS 0x0000000093a00000, 0x0000000093a00000| Untracked 
| 213|0x0000000093b00000, 0x0000000093b00000, 0x0000000093c00000|  0%| F|  |TAMS 0x0000000093b00000, 0x0000000093b00000| Untracked 
| 214|0x0000000093c00000, 0x0000000093c00000, 0x0000000093d00000|  0%| F|  |TAMS 0x0000000093c00000, 0x0000000093c00000| Untracked 
| 215|0x0000000093d00000, 0x0000000093d00000, 0x0000000093e00000|  0%| F|  |TAMS 0x0000000093d00000, 0x0000000093d00000| Untracked 
| 216|0x0000000093e00000, 0x0000000093f00000, 0x0000000093f00000|100%| E|  |TAMS 0x0000000093e00000, 0x0000000093e00000| Complete 
| 217|0x0000000093f00000, 0x0000000094000000, 0x0000000094000000|100%| E|CS|TAMS 0x0000000093f00000, 0x0000000093f00000| Complete 
| 218|0x0000000094000000, 0x0000000094100000, 0x0000000094100000|100%| E|CS|TAMS 0x0000000094000000, 0x0000000094000000| Complete 
| 219|0x0000000094100000, 0x0000000094200000, 0x0000000094200000|100%| E|CS|TAMS 0x0000000094100000, 0x0000000094100000| Complete 
| 220|0x0000000094200000, 0x0000000094300000, 0x0000000094300000|100%| E|CS|TAMS 0x0000000094200000, 0x0000000094200000| Complete 
| 221|0x0000000094300000, 0x0000000094400000, 0x0000000094400000|100%| E|CS|TAMS 0x0000000094300000, 0x0000000094300000| Complete 
| 222|0x0000000094400000, 0x0000000094500000, 0x0000000094500000|100%| E|CS|TAMS 0x0000000094400000, 0x0000000094400000| Complete 
| 223|0x0000000094500000, 0x0000000094600000, 0x0000000094600000|100%| E|CS|TAMS 0x0000000094500000, 0x0000000094500000| Complete 
|1943|0x00000000ffd00000, 0x00000000ffd81a00, 0x00000000ffe00000| 50%| O|  |TAMS 0x00000000ffd00000, 0x00000000ffd81a00| Untracked 
|1944|0x00000000ffe00000, 0x00000000fff00000, 0x00000000fff00000|100%| O|  |TAMS 0x00000000ffe00000, 0x00000000fff00000| Untracked 
|1945|0x00000000fff00000, 0x0000000100000000, 0x0000000100000000|100%| O|  |TAMS 0x00000000fff00000, 0x0000000100000000| Untracked 

Card table byte_map: [0x0000023150750000,0x0000023150b20000] _byte_map_base: 0x000002315031d000

Marking Bits (Prev, Next): (CMBitMap*) 0x00000231395c8170, (CMBitMap*) 0x00000231395c81b0
 Prev Bits: [0x0000023150ef0000, 0x0000023152d58000)
 Next Bits: [0x0000023152d60000, 0x0000023154bc8000)

Polling page: 0x0000023137540000

Metaspace:

Usage:
  Non-class:      6.69 MB used.
      Class:    354.05 KB used.
       Both:      7.04 MB used.

Virtual space:
  Non-class space:       64.00 MB reserved,       6.81 MB ( 11%) committed,  1 nodes.
      Class space:        1.00 GB reserved,     448.00 KB ( <1%) committed,  1 nodes.
             Both:        1.06 GB reserved,       7.25 MB ( <1%) committed. 

Chunk freelists:
   Non-Class:  7.15 MB
       Class:  15.52 MB
        Both:  22.68 MB

MaxMetaspaceSize: unlimited
CompressedClassSpaceSize: 1.00 GB
Initial GC threshold: 21.00 MB
Current GC threshold: 21.00 MB
CDS: on
MetaspaceReclaimPolicy: balanced
 - commit_granule_bytes: 65536.
 - commit_granule_words: 8192.
 - virtual_space_node_default_size: 8388608.
 - enlarge_chunks_in_place: 1.
 - new_chunks_are_fully_committed: 0.
 - uncommit_free_chunks: 1.
 - use_allocation_guard: 0.
 - handle_deallocations: 1.


Internal statistics:

num_allocs_failed_limit: 0.
num_arena_births: 110.
num_arena_deaths: 0.
num_vsnodes_births: 2.
num_vsnodes_deaths: 0.
num_space_committed: 114.
num_space_uncommitted: 0.
num_chunks_returned_to_freelist: 0.
num_chunks_taken_from_freelist: 308.
num_chunk_merges: 0.
num_chunk_splits: 227.
num_chunks_enlarged: 174.
num_inconsistent_stats: 0.

CodeHeap 'non-profiled nmethods': size=120000Kb used=649Kb max_used=649Kb free=119350Kb
 bounds [0x0000023148b20000, 0x0000023148d90000, 0x0000023150050000]
CodeHeap 'profiled nmethods': size=120000Kb used=1823Kb max_used=1823Kb free=118177Kb
 bounds [0x0000023141050000, 0x00000231412c0000, 0x0000023148580000]
CodeHeap 'non-nmethods': size=5760Kb used=1805Kb max_used=1829Kb free=3954Kb
 bounds [0x0000023148580000, 0x00000231487f0000, 0x0000023148b20000]
 total_blobs=2540 nmethods=1252 adapters=1201
 compilation: enabled
              stopped_count=0, restarted_count=0
 full_count=0

Compilation events (20 events):
Event: 220.471 Thread 0x00000231575ff290 1243       4       modules.CA.RDCA.RDCA_RenderBatch::addCell (43 bytes)
Event: 220.486 Thread 0x00000231575ff290 nmethod 1243 0x0000023148bc0d10 code [0x0000023148bc0ea0, 0x0000023148bc1358]
Event: 226.213 Thread 0x00000231575ffd30 1244       3       jdk.internal.math.FloatingDecimal::getBinaryToASCIIConverter (163 bytes)
Event: 226.319 Thread 0x00000231575ffd30 nmethod 1244 0x0000023141213c10 code [0x0000023141213e20, 0x0000023141214548]
Event: 226.319 Thread 0x00000231575ffd30 1245       3       java.lang.StringConcatHelper::prepend (22 bytes)
Event: 226.320 Thread 0x00000231575ffd30 nmethod 1245 0x0000023141214710 code [0x00000231412148c0, 0x0000023141214a58]
Event: 228.059 Thread 0x00000231575ff290 1246       4       modules.CA.RDCA.RDCA::initGen (210 bytes)
Event: 228.074 Thread 0x00000231575ff290 nmethod 1246 0x0000023148bc1710 code [0x0000023148bc18c0, 0x0000023148bc20f8]
Event: 229.768 Thread 0x00000231575ffd30 1247       3       modules.GUI.SubGUI.CA_Console::CASettingTabItem (10 bytes)
Event: 229.769 Thread 0x00000231575ffd30 nmethod 1247 0x0000023141214b10 code [0x0000023141214cc0, 0x0000023141214de8]
Event: 229.769 Thread 0x00000231575ffd30 1248       3       imgui.ImGui::inputInt (13 bytes)
Event: 229.769 Thread 0x00000231575ffd30 nmethod 1248 0x0000023141214e90 code [0x0000023141215020, 0x0000023141215148]
Event: 229.808 Thread 0x00000231575ffd30 1249       3       java.lang.Long::numberOfTrailingZeros (26 bytes)
Event: 229.809 Thread 0x00000231575ffd30 nmethod 1249 0x0000023141215210 code [0x00000231412153c0, 0x0000023141215578]
Event: 229.809 Thread 0x00000231575ffd30 1250       3       jdk.internal.math.FloatingDecimal$BinaryToASCIIBuffer::toJavaFormatString (23 bytes)
Event: 229.809 Thread 0x00000231575ffd30 nmethod 1250 0x0000023141215610 code [0x00000231412157c0, 0x00000231412159b8]
Event: 229.809 Thread 0x00000231575ffd30 1251       3       jdk.internal.math.FloatingDecimal$BinaryToASCIIBuffer::getChars (502 bytes)
Event: 229.813 Thread 0x00000231575ffd30 nmethod 1251 0x0000023141215a90 code [0x0000023141215d20, 0x0000023141216d98]
Event: 229.856 Thread 0x00000231575ffd30 1252       3       jdk.internal.math.FloatingDecimal$BinaryToASCIIBuffer::estimateDecExp (182 bytes)
Event: 229.857 Thread 0x00000231575ffd30 nmethod 1252 0x0000023141217410 code [0x0000023141217620, 0x0000023141217b78]

GC Heap History (20 events):
Event: 224.444 GC heap before
{Heap before GC invocations=232 (full 0):
 garbage-first heap   total 193536K, used 175661K [0x0000000086600000, 0x0000000100000000)
  region size 1024K, 89 young (91136K), 5 survivors (5120K)
 Metaspace       used 7204K, committed 7424K, reserved 1114112K
  class space    used 354K, committed 448K, reserved 1048576K
}
Event: 224.454 GC heap after
{Heap after GC invocations=233 (full 0):
 garbage-first heap   total 232448K, used 26310K [0x0000000086600000, 0x0000000100000000)
  region size 1024K, 5 young (5120K), 5 survivors (5120K)
 Metaspace       used 7204K, committed 7424K, reserved 1114112K
  class space    used 354K, committed 448K, reserved 1048576K
}
Event: 225.360 GC heap before
{Heap before GC invocations=233 (full 0):
 garbage-first heap   total 232448K, used 215750K [0x0000000086600000, 0x0000000100000000)
  region size 1024K, 111 young (113664K), 5 survivors (5120K)
 Metaspace       used 7204K, committed 7424K, reserved 1114112K
  class space    used 354K, committed 448K, reserved 1048576K
}
Event: 225.388 GC heap after
{Heap after GC invocations=234 (full 0):
 garbage-first heap   total 232448K, used 25249K [0x0000000086600000, 0x0000000100000000)
  region size 1024K, 5 young (5120K), 5 survivors (5120K)
 Metaspace       used 7204K, committed 7424K, reserved 1114112K
  class space    used 354K, committed 448K, reserved 1048576K
}
Event: 226.241 GC heap before
{Heap before GC invocations=234 (full 0):
 garbage-first heap   total 232448K, used 217761K [0x0000000086600000, 0x0000000100000000)
  region size 1024K, 113 young (115712K), 5 survivors (5120K)
 Metaspace       used 7204K, committed 7424K, reserved 1114112K
  class space    used 354K, committed 448K, reserved 1048576K
}
Event: 226.288 GC heap after
{Heap after GC invocations=235 (full 0):
 garbage-first heap   total 232448K, used 25250K [0x0000000086600000, 0x0000000100000000)
  region size 1024K, 5 young (5120K), 5 survivors (5120K)
 Metaspace       used 7204K, committed 7424K, reserved 1114112K
  class space    used 354K, committed 448K, reserved 1048576K
}
Event: 227.329 GC heap before
{Heap before GC invocations=235 (full 0):
 garbage-first heap   total 232448K, used 217762K [0x0000000086600000, 0x0000000100000000)
  region size 1024K, 113 young (115712K), 5 survivors (5120K)
 Metaspace       used 7204K, committed 7424K, reserved 1114112K
  class space    used 354K, committed 448K, reserved 1048576K
}
Event: 227.337 GC heap after
{Heap after GC invocations=236 (full 0):
 garbage-first heap   total 232448K, used 25290K [0x0000000086600000, 0x0000000100000000)
  region size 1024K, 5 young (5120K), 5 survivors (5120K)
 Metaspace       used 7204K, committed 7424K, reserved 1114112K
  class space    used 354K, committed 448K, reserved 1048576K
}
Event: 227.948 GC heap before
{Heap before GC invocations=236 (full 0):
 garbage-first heap   total 232448K, used 217802K [0x0000000086600000, 0x0000000100000000)
  region size 1024K, 113 young (115712K), 5 survivors (5120K)
 Metaspace       used 7204K, committed 7424K, reserved 1114112K
  class space    used 354K, committed 448K, reserved 1048576K
}
Event: 227.955 GC heap after
{Heap after GC invocations=237 (full 0):
 garbage-first heap   total 232448K, used 25249K [0x0000000086600000, 0x0000000100000000)
  region size 1024K, 5 young (5120K), 5 survivors (5120K)
 Metaspace       used 7204K, committed 7424K, reserved 1114112K
  class space    used 354K, committed 448K, reserved 1048576K
}
Event: 228.924 GC heap before
{Heap before GC invocations=237 (full 0):
 garbage-first heap   total 232448K, used 200353K [0x0000000086600000, 0x0000000100000000)
  region size 1024K, 96 young (98304K), 5 survivors (5120K)
 Metaspace       used 7204K, committed 7424K, reserved 1114112K
  class space    used 354K, committed 448K, reserved 1048576K
}
Event: 228.943 GC heap after
{Heap after GC invocations=238 (full 0):
 garbage-first heap   total 232448K, used 37851K [0x0000000086600000, 0x0000000100000000)
  region size 1024K, 8 young (8192K), 8 survivors (8192K)
 Metaspace       used 7204K, committed 7424K, reserved 1114112K
  class space    used 354K, committed 448K, reserved 1048576K
}
Event: 229.951 GC heap before
{Heap before GC invocations=238 (full 0):
 garbage-first heap   total 232448K, used 189403K [0x0000000086600000, 0x0000000100000000)
  region size 1024K, 85 young (87040K), 8 survivors (8192K)
 Metaspace       used 7207K, committed 7424K, reserved 1114112K
  class space    used 354K, committed 448K, reserved 1048576K
}
Event: 229.963 GC heap after
{Heap after GC invocations=239 (full 0):
 garbage-first heap   total 232448K, used 38113K [0x0000000086600000, 0x0000000100000000)
  region size 1024K, 8 young (8192K), 8 survivors (8192K)
 Metaspace       used 7207K, committed 7424K, reserved 1114112K
  class space    used 354K, committed 448K, reserved 1048576K
}
Event: 230.657 GC heap before
{Heap before GC invocations=239 (full 0):
 garbage-first heap   total 232448K, used 189665K [0x0000000086600000, 0x0000000100000000)
  region size 1024K, 85 young (87040K), 8 survivors (8192K)
 Metaspace       used 7207K, committed 7424K, reserved 1114112K
  class space    used 354K, committed 448K, reserved 1048576K
}
Event: 230.665 GC heap after
{Heap after GC invocations=240 (full 0):
 garbage-first heap   total 232448K, used 38196K [0x0000000086600000, 0x0000000100000000)
  region size 1024K, 8 young (8192K), 8 survivors (8192K)
 Metaspace       used 7207K, committed 7424K, reserved 1114112K
  class space    used 354K, committed 448K, reserved 1048576K
}
Event: 231.497 GC heap before
{Heap before GC invocations=240 (full 0):
 garbage-first heap   total 232448K, used 189748K [0x0000000086600000, 0x0000000100000000)
  region size 1024K, 85 young (87040K), 8 survivors (8192K)
 Metaspace       used 7207K, committed 7424K, reserved 1114112K
  class space    used 354K, committed 448K, reserved 1048576K
}
Event: 231.507 GC heap after
{Heap after GC invocations=241 (full 0):
 garbage-first heap   total 232448K, used 37929K [0x0000000086600000, 0x0000000100000000)
  region size 1024K, 8 young (8192K), 8 survivors (8192K)
 Metaspace       used 7207K, committed 7424K, reserved 1114112K
  class space    used 354K, committed 448K, reserved 1048576K
}
Event: 232.286 GC heap before
{Heap before GC invocations=241 (full 0):
 garbage-first heap   total 232448K, used 189481K [0x0000000086600000, 0x0000000100000000)
  region size 1024K, 85 young (87040K), 8 survivors (8192K)
 Metaspace       used 7207K, committed 7424K, reserved 1114112K
  class space    used 354K, committed 448K, reserved 1048576K
}
Event: 232.296 GC heap after
{Heap after GC invocations=242 (full 0):
 garbage-first heap   total 232448K, used 37931K [0x0000000086600000, 0x0000000100000000)
  region size 1024K, 8 young (8192K), 8 survivors (8192K)
 Metaspace       used 7207K, committed 7424K, reserved 1114112K
  class space    used 354K, committed 448K, reserved 1048576K
}

Dll operation events (10 events):
Event: 0.020 Loaded shared library C:\Users\devin\AppData\Local\Programs\Eclipse Adoptium\jdk-17.0.7.7-hotspot\bin\java.dll
Event: 0.039 Loaded shared library C:\Users\devin\AppData\Local\Programs\Eclipse Adoptium\jdk-17.0.7.7-hotspot\bin\jsvml.dll
Event: 0.145 Loaded shared library C:\Users\devin\AppData\Local\Programs\Eclipse Adoptium\jdk-17.0.7.7-hotspot\bin\net.dll
Event: 0.147 Loaded shared library C:\Users\devin\AppData\Local\Programs\Eclipse Adoptium\jdk-17.0.7.7-hotspot\bin\nio.dll
Event: 0.156 Loaded shared library C:\Users\devin\AppData\Local\Programs\Eclipse Adoptium\jdk-17.0.7.7-hotspot\bin\jimage.dll
Event: 0.200 Loaded shared library C:\Users\devin\AppData\Local\Programs\Eclipse Adoptium\jdk-17.0.7.7-hotspot\bin\zip.dll
Event: 0.317 Loaded shared library C:\Users\devin\AppData\Local\Temp\lwjgl_devin\3.3.2+13\x64\lwjgl.dll
Event: 0.856 Loaded shared library C:\Users\devin\AppData\Local\Temp\lwjgl_devin\3.3.2+13\x64\lwjgl_opengl.dll
Event: 0.993 Loaded shared library C:\Users\devin\AppData\Local\Temp\imgui-java-bin_devin\imgui-java64.dll
Event: 23.232 Loaded shared library C:\Users\devin\AppData\Local\Programs\Eclipse Adoptium\jdk-17.0.7.7-hotspot\bin\verify.dll

Deoptimization events (20 events):
Event: 194.657 Thread 0x000002313956f900 DEOPT PACKING pc=0x0000023148bb4010 sp=0x00000058814ff630
Event: 194.657 Thread 0x000002313956f900 DEOPT UNPACKING pc=0x00000231485da1a3 sp=0x00000058814ff500 mode 2
Event: 194.852 Thread 0x000002313956f900 Uncommon trap: trap_request=0xffffff45 fr.pc=0x0000023148bb7c98 relative=0x0000000000000c18
Event: 194.852 Thread 0x000002313956f900 Uncommon trap: reason=unstable_if action=reinterpret pc=0x0000023148bb7c98 method=modules.GUI.MainGUI.handleToggles()V @ 57 c2
Event: 194.852 Thread 0x000002313956f900 DEOPT PACKING pc=0x0000023148bb7c98 sp=0x00000058814ff580
Event: 194.852 Thread 0x000002313956f900 DEOPT UNPACKING pc=0x00000231485da1a3 sp=0x00000058814ff4d8 mode 2
Event: 220.407 Thread 0x000002313956f900 Uncommon trap: trap_request=0xffffff45 fr.pc=0x0000023148b7a2a0 relative=0x0000000000000a80
Event: 220.407 Thread 0x000002313956f900 Uncommon trap: reason=unstable_if action=reinterpret pc=0x0000023148b7a2a0 method=modules.CA.RDCA.RDCA_RenderBatch.addCell(Lmodules/CA/Cells/RDCA_Cell;)V @ 34 c2
Event: 220.407 Thread 0x000002313956f900 DEOPT PACKING pc=0x0000023148b7a2a0 sp=0x00000058814ff540
Event: 220.407 Thread 0x000002313956f900 DEOPT UNPACKING pc=0x00000231485da1a3 sp=0x00000058814ff498 mode 2
Event: 220.412 Thread 0x000002313956f900 Uncommon trap: trap_request=0xffffff45 fr.pc=0x0000023148b786f0 relative=0x0000000000000450
Event: 220.412 Thread 0x000002313956f900 Uncommon trap: reason=unstable_if action=reinterpret pc=0x0000023148b786f0 method=modules.CA.RDCA.RDCA_RenderBatch.addCell(Lmodules/CA/Cells/RDCA_Cell;)V @ 34 c2
Event: 220.412 Thread 0x000002313956f900 DEOPT PACKING pc=0x0000023148b786f0 sp=0x00000058814ff4e0
Event: 220.412 Thread 0x000002313956f900 DEOPT UNPACKING pc=0x00000231485da1a3 sp=0x00000058814ff4a8 mode 2
Event: 228.059 Thread 0x000002313956f900 DEOPT PACKING pc=0x0000023141211e4d sp=0x00000058814ff3a0
Event: 228.059 Thread 0x000002313956f900 DEOPT UNPACKING pc=0x00000231485dace3 sp=0x00000058814fe878 mode 0
Event: 228.060 Thread 0x000002313956f900 Uncommon trap: trap_request=0xffffff45 fr.pc=0x0000023148bbeb70 relative=0x0000000000000630
Event: 228.060 Thread 0x000002313956f900 Uncommon trap: reason=unstable_if action=reinterpret pc=0x0000023148bbeb70 method=modules.CA.RDCA.RDCA.initGen()V @ 13 c2
Event: 228.060 Thread 0x000002313956f900 DEOPT PACKING pc=0x0000023148bbeb70 sp=0x00000058814ff3b0
Event: 228.060 Thread 0x000002313956f900 DEOPT UNPACKING pc=0x00000231485da1a3 sp=0x00000058814ff378 mode 2

Classes unloaded (0 events):
No events

Classes redefined (0 events):
No events

Internal exceptions (20 events):
Event: 0.270 Thread 0x000002313956f900 Exception <a 'java/lang/NoSuchMethodError'{0x000000008db3ea28}: 'void java.lang.invoke.DirectMethodHandle$Holder.invokeStatic(java.lang.Object, java.lang.Object)'> (0x000000008db3ea28) 
thrown [s\src\hotspot\share\interpreter\linkResolver.cpp, line 759]
Event: 0.271 Thread 0x000002313956f900 Exception <a 'java/lang/NoSuchMethodError'{0x000000008db43d60}: 'void java.lang.invoke.DirectMethodHandle$Holder.invokeSpecial(java.lang.Object, java.lang.Object, java.lang.Object)'> (0x000000008db43d60) 
thrown [s\src\hotspot\share\interpreter\linkResolver.cpp, line 759]
Event: 0.274 Thread 0x000002313956f900 Exception <a 'java/lang/NoSuchMethodError'{0x000000008db52430}: 'java.lang.Object java.lang.invoke.DirectMethodHandle$Holder.invokeStatic(java.lang.Object, java.lang.Object, int)'> (0x000000008db52430) 
thrown [s\src\hotspot\share\interpreter\linkResolver.cpp, line 759]
Event: 0.276 Thread 0x000002313956f900 Exception <a 'java/lang/NoSuchMethodError'{0x000000008db5e120}: 'void java.lang.invoke.DelegatingMethodHandle$Holder.delegate(java.lang.Object, java.lang.Object, int, java.lang.Object)'> (0x000000008db5e120) 
thrown [s\src\hotspot\share\interpreter\linkResolver.cpp, line 759]
Event: 0.277 Thread 0x000002313956f900 Exception <a 'java/lang/NoSuchMethodError'{0x000000008db62360}: 'int java.lang.invoke.DirectMethodHandle$Holder.invokeSpecial(java.lang.Object, java.lang.Object, java.lang.Object)'> (0x000000008db62360) 
thrown [s\src\hotspot\share\interpreter\linkResolver.cpp, line 759]
Event: 0.315 Thread 0x000002313956f900 Exception <a 'sun/nio/fs/WindowsException'{0x000000008dbb8638}> (0x000000008dbb8638) 
thrown [s\src\hotspot\share\prims\jni.cpp, line 516]
Event: 0.315 Thread 0x000002313956f900 Exception <a 'sun/nio/fs/WindowsException'{0x000000008dbb8b88}> (0x000000008dbb8b88) 
thrown [s\src\hotspot\share\prims\jni.cpp, line 516]
Event: 0.386 Thread 0x000002313956f900 Exception <a 'java/lang/NoSuchMethodError'{0x000000008da767d8}: 'int java.lang.invoke.DirectMethodHandle$Holder.invokeStaticInit(java.lang.Object, java.lang.Object, int, long)'> (0x000000008da767d8) 
thrown [s\src\hotspot\share\interpreter\linkResolver.cpp, line 759]
Event: 0.387 Thread 0x000002313956f900 Exception <a 'java/lang/NoSuchMethodError'{0x000000008da7c0a0}: 'java.lang.Object java.lang.invoke.DirectMethodHandle$Holder.newInvokeSpecial(java.lang.Object, java.lang.Object, int)'> (0x000000008da7c0a0) 
thrown [s\src\hotspot\share\interpreter\linkResolver.cpp, line 759]
Event: 0.396 Thread 0x000002313956f900 Exception <a 'java/lang/NoSuchMethodError'{0x000000008da8c3f8}: 'int java.lang.invoke.DirectMethodHandle$Holder.invokeStaticInit(java.lang.Object, java.lang.Object, long, long)'> (0x000000008da8c3f8) 
thrown [s\src\hotspot\share\interpreter\linkResolver.cpp, line 759]
Event: 0.397 Thread 0x000002313956f900 Exception <a 'java/lang/NoSuchMethodError'{0x000000008da92180}: 'java.lang.Object java.lang.invoke.DirectMethodHandle$Holder.newInvokeSpecial(java.lang.Object, java.lang.Object, long)'> (0x000000008da92180) 
thrown [s\src\hotspot\share\interpreter\linkResolver.cpp, line 759]
Event: 0.397 Thread 0x000002313956f900 Exception <a 'java/lang/NoSuchMethodError'{0x000000008da95a48}: 'java.lang.Object java.lang.invoke.Invokers$Holder.linkToTargetMethod(java.lang.Object, long, java.lang.Object)'> (0x000000008da95a48) 
thrown [s\src\hotspot\share\interpreter\linkResolver.cpp, line 759]
Event: 0.398 Thread 0x000002313956f900 Exception <a 'java/lang/NoSuchMethodError'{0x000000008da9d048}: 'int java.lang.invoke.DirectMethodHandle$Holder.invokeStaticInit(java.lang.Object, java.lang.Object, java.lang.Object, long)'> (0x000000008da9d048) 
thrown [s\src\hotspot\share\interpreter\linkResolver.cpp, line 759]
Event: 0.449 Thread 0x000002313956f900 Exception <a 'sun/nio/fs/WindowsException'{0x000000008d961280}> (0x000000008d961280) 
thrown [s\src\hotspot\share\prims\jni.cpp, line 516]
Event: 0.449 Thread 0x000002313956f900 Exception <a 'sun/nio/fs/WindowsException'{0x000000008d9615e0}> (0x000000008d9615e0) 
thrown [s\src\hotspot\share\prims\jni.cpp, line 516]
Event: 0.763 Thread 0x000002313956f900 Exception <a 'java/lang/NoSuchMethodError'{0x000000008d9c0bf8}: 'void java.lang.invoke.DirectMethodHandle$Holder.invokeStatic(java.lang.Object, long, int, int)'> (0x000000008d9c0bf8) 
thrown [s\src\hotspot\share\interpreter\linkResolver.cpp, line 759]
Event: 0.854 Thread 0x000002313956f900 Exception <a 'sun/nio/fs/WindowsException'{0x000000008d807258}> (0x000000008d807258) 
thrown [s\src\hotspot\share\prims\jni.cpp, line 516]
Event: 0.855 Thread 0x000002313956f900 Exception <a 'sun/nio/fs/WindowsException'{0x000000008d807600}> (0x000000008d807600) 
thrown [s\src\hotspot\share\prims\jni.cpp, line 516]
Event: 0.860 Thread 0x000002313956f900 Exception <a 'sun/nio/fs/WindowsException'{0x000000008d812590}> (0x000000008d812590) 
thrown [s\src\hotspot\share\prims\jni.cpp, line 516]
Event: 0.860 Thread 0x000002313956f900 Exception <a 'sun/nio/fs/WindowsException'{0x000000008d812870}> (0x000000008d812870) 
thrown [s\src\hotspot\share\prims\jni.cpp, line 516]

VM Operations (20 events):
Event: 224.444 Executing VM operation: G1TryInitiateConcMark
Event: 224.455 Executing VM operation: G1TryInitiateConcMark done
Event: 225.360 Executing VM operation: G1TryInitiateConcMark
Event: 225.389 Executing VM operation: G1TryInitiateConcMark done
Event: 226.219 Executing VM operation: G1TryInitiateConcMark
Event: 226.288 Executing VM operation: G1TryInitiateConcMark done
Event: 227.329 Executing VM operation: G1TryInitiateConcMark
Event: 227.337 Executing VM operation: G1TryInitiateConcMark done
Event: 227.948 Executing VM operation: G1TryInitiateConcMark
Event: 227.955 Executing VM operation: G1TryInitiateConcMark done
Event: 228.924 Executing VM operation: G1TryInitiateConcMark
Event: 228.943 Executing VM operation: G1TryInitiateConcMark done
Event: 229.951 Executing VM operation: G1TryInitiateConcMark
Event: 229.963 Executing VM operation: G1TryInitiateConcMark done
Event: 230.657 Executing VM operation: G1TryInitiateConcMark
Event: 230.665 Executing VM operation: G1TryInitiateConcMark done
Event: 231.496 Executing VM operation: G1TryInitiateConcMark
Event: 231.507 Executing VM operation: G1TryInitiateConcMark done
Event: 232.286 Executing VM operation: G1TryInitiateConcMark
Event: 232.296 Executing VM operation: G1TryInitiateConcMark done

Events (20 events):
Event: 0.853 loading class jdk/internal/misc/ScopedMemoryAccess$Scope
Event: 0.853 loading class jdk/internal/misc/ScopedMemoryAccess$Scope done
Event: 0.867 Thread 0x000002316194e9b0 Thread added: 0x000002316194e9b0
Event: 0.945 loading class java/io/UncheckedIOException
Event: 0.945 loading class java/io/UncheckedIOException done
Event: 0.948 loading class java/nio/file/StandardCopyOption
Event: 0.949 loading class java/nio/file/StandardCopyOption done
Event: 1.052 Thread 0x000002316194e9b0 Thread exited: 0x000002316194e9b0
Event: 23.229 loading class java/io/Externalizable
Event: 23.229 loading class java/io/Externalizable done
Event: 23.241 loading class java/lang/StrictMath
Event: 23.242 loading class java/lang/StrictMath done
Event: 23.260 loading class java/lang/SecurityException
Event: 23.260 loading class java/lang/SecurityException done
Event: 23.387 loading class java/lang/AssertionError
Event: 23.387 loading class java/lang/AssertionError done
Event: 23.457 Thread 0x0000023161a22810 Thread added: 0x0000023161a22810
Event: 23.753 Thread 0x0000023161a22810 Thread exited: 0x0000023161a22810
Event: 195.988 loading class jdk/internal/math/FDBigInteger
Event: 196.005 loading class jdk/internal/math/FDBigInteger done


Dynamic libraries:
0x00007ff7aae40000 - 0x00007ff7aae4e000 	C:\Users\devin\AppData\Local\Programs\Eclipse Adoptium\jdk-17.0.7.7-hotspot\bin\java.exe
0x00007ffa566b0000 - 0x00007ffa568c4000 	C:\WINDOWS\SYSTEM32\ntdll.dll
0x00007ffa54e50000 - 0x00007ffa54f12000 	C:\WINDOWS\System32\KERNEL32.DLL
0x00007ffa53f30000 - 0x00007ffa542d3000 	C:\WINDOWS\System32\KERNELBASE.dll
0x00007ffa53c00000 - 0x00007ffa53d11000 	C:\WINDOWS\System32\ucrtbase.dll
0x00007ffa505d0000 - 0x00007ffa505e9000 	C:\Users\devin\AppData\Local\Programs\Eclipse Adoptium\jdk-17.0.7.7-hotspot\bin\VCRUNTIME140.dll
0x00007ffa4cf40000 - 0x00007ffa4cf57000 	C:\Users\devin\AppData\Local\Programs\Eclipse Adoptium\jdk-17.0.7.7-hotspot\bin\jli.dll
0x00007ffa55540000 - 0x00007ffa556eb000 	C:\WINDOWS\System32\USER32.dll
0x00007ffa542e0000 - 0x00007ffa54306000 	C:\WINDOWS\System32\win32u.dll
0x00007ffa39b40000 - 0x00007ffa39dce000 	C:\WINDOWS\WinSxS\amd64_microsoft.windows.common-controls_6595b64144ccf1df_6.0.22621.1635_none_270f70857386168e\COMCTL32.dll
0x00007ffa56460000 - 0x00007ffa56489000 	C:\WINDOWS\System32\GDI32.dll
0x00007ffa55490000 - 0x00007ffa55537000 	C:\WINDOWS\System32\msvcrt.dll
0x00007ffa54310000 - 0x00007ffa54428000 	C:\WINDOWS\System32\gdi32full.dll
0x00007ffa53e90000 - 0x00007ffa53f2a000 	C:\WINDOWS\System32\msvcp_win.dll
0x00007ffa54f70000 - 0x00007ffa54fa1000 	C:\WINDOWS\System32\IMM32.DLL
0x00007ffa50560000 - 0x00007ffa5056c000 	C:\Users\devin\AppData\Local\Programs\Eclipse Adoptium\jdk-17.0.7.7-hotspot\bin\vcruntime140_1.dll
0x00007ffa30e80000 - 0x00007ffa30f11000 	C:\Users\devin\AppData\Local\Programs\Eclipse Adoptium\jdk-17.0.7.7-hotspot\bin\msvcp140.dll
0x00007ffa02760000 - 0x00007ffa033a8000 	C:\Users\devin\AppData\Local\Programs\Eclipse Adoptium\jdk-17.0.7.7-hotspot\bin\server\jvm.dll
0x00007ffa54d10000 - 0x00007ffa54dbe000 	C:\WINDOWS\System32\ADVAPI32.dll
0x00007ffa54c60000 - 0x00007ffa54d04000 	C:\WINDOWS\System32\sechost.dll
0x00007ffa55880000 - 0x00007ffa55997000 	C:\WINDOWS\System32\RPCRT4.dll
0x00007ffa2e750000 - 0x00007ffa2e759000 	C:\WINDOWS\SYSTEM32\WSOCK32.dll
0x00007ffa4b140000 - 0x00007ffa4b174000 	C:\WINDOWS\SYSTEM32\WINMM.dll
0x00007ffa41570000 - 0x00007ffa4157a000 	C:\WINDOWS\SYSTEM32\VERSION.dll
0x00007ffa544b0000 - 0x00007ffa54521000 	C:\WINDOWS\System32\WS2_32.dll
0x00007ffa52af0000 - 0x00007ffa52b08000 	C:\WINDOWS\SYSTEM32\kernel.appcore.dll
0x00007ffa4e600000 - 0x00007ffa4e60a000 	C:\Users\devin\AppData\Local\Programs\Eclipse Adoptium\jdk-17.0.7.7-hotspot\bin\jimage.dll
0x00007ffa51540000 - 0x00007ffa5176e000 	C:\WINDOWS\SYSTEM32\DBGHELP.DLL
0x00007ffa54600000 - 0x00007ffa54989000 	C:\WINDOWS\System32\combase.dll
0x00007ffa56590000 - 0x00007ffa56667000 	C:\WINDOWS\System32\OLEAUT32.dll
0x00007ffa38ae0000 - 0x00007ffa38b12000 	C:\WINDOWS\SYSTEM32\dbgcore.DLL
0x00007ffa54430000 - 0x00007ffa544ab000 	C:\WINDOWS\System32\bcryptPrimitives.dll
0x00007ffa45030000 - 0x00007ffa45055000 	C:\Users\devin\AppData\Local\Programs\Eclipse Adoptium\jdk-17.0.7.7-hotspot\bin\java.dll
0x00007ffa20410000 - 0x00007ffa204e6000 	C:\Users\devin\AppData\Local\Programs\Eclipse Adoptium\jdk-17.0.7.7-hotspot\bin\jsvml.dll
0x00007ffa55aa0000 - 0x00007ffa5629a000 	C:\WINDOWS\System32\SHELL32.dll
0x00007ffa51a80000 - 0x00007ffa5234e000 	C:\WINDOWS\SYSTEM32\windows.storage.dll
0x00007ffa51940000 - 0x00007ffa51a7e000 	C:\WINDOWS\SYSTEM32\wintypes.dll
0x00007ffa55780000 - 0x00007ffa55871000 	C:\WINDOWS\System32\SHCORE.dll
0x00007ffa55430000 - 0x00007ffa5548e000 	C:\WINDOWS\System32\shlwapi.dll
0x00007ffa53a00000 - 0x00007ffa53a21000 	C:\WINDOWS\SYSTEM32\profapi.dll
0x00007ffa46ca0000 - 0x00007ffa46cb9000 	C:\Users\devin\AppData\Local\Programs\Eclipse Adoptium\jdk-17.0.7.7-hotspot\bin\net.dll
0x00007ffa4d560000 - 0x00007ffa4d697000 	C:\WINDOWS\SYSTEM32\WINHTTP.dll
0x00007ffa52f70000 - 0x00007ffa52fd9000 	C:\WINDOWS\system32\mswsock.dll
0x00007ffa45150000 - 0x00007ffa45165000 	C:\Users\devin\AppData\Local\Programs\Eclipse Adoptium\jdk-17.0.7.7-hotspot\bin\nio.dll
0x00007ffa41380000 - 0x00007ffa41398000 	C:\Users\devin\AppData\Local\Programs\Eclipse Adoptium\jdk-17.0.7.7-hotspot\bin\zip.dll
0x00007ffa17610000 - 0x00007ffa1768a000 	C:\Users\devin\AppData\Local\Temp\lwjgl_devin\3.3.2+13\x64\lwjgl.dll
0x00007ffa17580000 - 0x00007ffa17602000 	C:\Users\devin\AppData\Local\Temp\lwjgl_devin\3.3.2+13\x64\glfw.dll
0x00007ffa17530000 - 0x00007ffa17576000 	C:\WINDOWS\SYSTEM32\dinput8.dll
0x00007ffa37710000 - 0x00007ffa37721000 	C:\WINDOWS\SYSTEM32\xinput1_4.dll
0x00007ffa536d0000 - 0x00007ffa5371e000 	C:\WINDOWS\SYSTEM32\cfgmgr32.dll
0x00007ffa536a0000 - 0x00007ffa536cc000 	C:\WINDOWS\SYSTEM32\DEVOBJ.dll
0x00007ffa50f60000 - 0x00007ffa50f8b000 	C:\WINDOWS\SYSTEM32\dwmapi.dll
0x00007ffa455e0000 - 0x00007ffa457e1000 	C:\WINDOWS\SYSTEM32\inputhost.dll
0x00007ffa50230000 - 0x00007ffa50363000 	C:\WINDOWS\SYSTEM32\CoreMessaging.dll
0x00007ffa53210000 - 0x00007ffa5321c000 	C:\WINDOWS\SYSTEM32\CRYPTBASE.DLL
0x00007ffa50ce0000 - 0x00007ffa50d8b000 	C:\WINDOWS\system32\uxtheme.dll
0x00007ffa54b40000 - 0x00007ffa54c5e000 	C:\WINDOWS\System32\MSCTF.dll
0x00007ffa352e0000 - 0x00007ffa353e0000 	C:\WINDOWS\SYSTEM32\opengl32.dll
0x00007ffa3e460000 - 0x00007ffa3e48d000 	C:\WINDOWS\SYSTEM32\GLU32.dll
0x00007ffa50e10000 - 0x00007ffa50e46000 	C:\WINDOWS\SYSTEM32\dxcore.dll
0x00007ffa4d080000 - 0x00007ffa4d0c8000 	C:\WINDOWS\SYSTEM32\directxdatabasehelper.dll
0x00007ffa54530000 - 0x00007ffa545e0000 	C:\WINDOWS\System32\clbcatq.dll
0x00007ffa004f0000 - 0x00007ffa01512000 	C:\WINDOWS\System32\DriverStore\FileRepository\iigd_dch.inf_amd64_d73f88d32ddb95d3\ig11icd64.dll
0x00007ffa54990000 - 0x00007ffa54b2c000 	C:\WINDOWS\System32\ole32.dll
0x00007ffa50e50000 - 0x00007ffa50f46000 	C:\WINDOWS\system32\dxgi.dll
0x00007ffa056b0000 - 0x00007ffa05ab9000 	C:\WINDOWS\System32\DriverStore\FileRepository\iigd_dch.inf_amd64_d73f88d32ddb95d3\igdml64.dll
0x00007ffa44cc0000 - 0x00007ffa44ff1000 	C:\WINDOWS\System32\DriverStore\FileRepository\iigd_dch.inf_amd64_d73f88d32ddb95d3\igdgmm64.dll
0x00007ffa41f40000 - 0x00007ffa44cb8000 	C:\WINDOWS\System32\DriverStore\FileRepository\iigd_dch.inf_amd64_d73f88d32ddb95d3\igc64.dll
0x00007ffa539a0000 - 0x00007ffa539ed000 	C:\WINDOWS\SYSTEM32\powrprof.dll
0x00007ffa53980000 - 0x00007ffa53993000 	C:\WINDOWS\SYSTEM32\UMPDC.dll
0x00007ffa45950000 - 0x00007ffa45a7d000 	C:\WINDOWS\SYSTEM32\textinputframework.dll
0x00007ffa4c310000 - 0x00007ffa4c67c000 	C:\WINDOWS\SYSTEM32\CoreUIComponents.dll
0x00007ffa338b0000 - 0x00007ffa33919000 	C:\WINDOWS\system32\Oleacc.dll
0x00007ffa174d0000 - 0x00007ffa1752e000 	C:\Users\devin\AppData\Local\Temp\lwjgl_devin\3.3.2+13\x64\lwjgl_opengl.dll
0x000000006f6c0000 - 0x000000006f872000 	C:\Users\devin\AppData\Local\Temp\imgui-java-bin_devin\imgui-java64.dll
0x00007ffa531f0000 - 0x00007ffa5320b000 	C:\WINDOWS\SYSTEM32\CRYPTSP.dll
0x00007ffa52a60000 - 0x00007ffa52a95000 	C:\WINDOWS\system32\rsaenh.dll
0x00007ffa4e5e0000 - 0x00007ffa4e5f0000 	C:\Users\devin\AppData\Local\Programs\Eclipse Adoptium\jdk-17.0.7.7-hotspot\bin\verify.dll

dbghelp: loaded successfully - version: 4.0.5 - missing functions: none
symbol engine: initialized successfully - sym options: 0x614 - pdb path: .;C:\Users\devin\AppData\Local\Programs\Eclipse Adoptium\jdk-17.0.7.7-hotspot\bin;C:\WINDOWS\SYSTEM32;C:\WINDOWS\WinSxS\amd64_microsoft.windows.common-controls_6595b64144ccf1df_6.0.22621.1635_none_270f70857386168e;C:\Users\devin\AppData\Local\Programs\Eclipse Adoptium\jdk-17.0.7.7-hotspot\bin\server;C:\Users\devin\AppData\Local\Temp\lwjgl_devin\3.3.2+13\x64;C:\WINDOWS\System32\DriverStore\FileRepository\iigd_dch.inf_amd64_d73f88d32ddb95d3;C:\Users\devin\AppData\Local\Temp\imgui-java-bin_devin

VM Arguments:
jvm_args: -Dfile.encoding=windows-1252 -Duser.country=US -Duser.language=en -Duser.variant 
java_command: main
java_class_path (initial): C:\Users\devin\Downloads\Coding\IntelliJ\Simulation_CA - CPU\build\classes\java\main;C:\Users\devin\Downloads\Coding\IntelliJ\Simulation_CA - CPU\build\resources\main;C:\Users\devin\.gradle\caches\modules-2\files-2.1\io.imgui.java\lwjgl3\1.76-0.9\e59d2c987f7992b35f69f83e3554590de40c7e79\lwjgl3-1.76-0.9.jar;C:\Users\devin\.gradle\caches\modules-2\files-2.1\io.imgui.java\binding\1.76-0.9\26b8c5547da3642e214d9ace5a6c624e1ed315b7\binding-1.76-0.9.jar;C:\Users\devin\.gradle\caches\modules-2\files-2.1\org.lwjgl\lwjgl-assimp\3.3.2\e5238c13abef6b0fd6e1b4320d3c8cd0c10bfe61\lwjgl-assimp-3.3.2.jar;C:\Users\devin\.gradle\caches\modules-2\files-2.1\org.lwjgl\lwjgl-assimp\3.3.2\54edbc8767bde24b73187c229dbd552228230c8a\lwjgl-assimp-3.3.2-natives-windows.jar;C:\Users\devin\.gradle\caches\modules-2\files-2.1\org.lwjgl\lwjgl-glfw\3.3.2\757920418805fb90bfebb3d46b1d9e7669fca2eb\lwjgl-glfw-3.3.2.jar;C:\Users\devin\.gradle\caches\modules-2\files-2.1\org.lwjgl\lwjgl-glfw\3.3.2\1251e3cb7e5d6159334cfb9244f789ce992f03b\lwjgl-glfw-3.3.2-natives-windows.jar;C:\Users\devin\.gradle\caches\modules-2\files-2.1\org.lwjgl\lwjgl-nfd\3.3.2\ec66452fad5bf48707cbe96c573c6cc3dd8a7a82\lwjgl-nfd-3.3.2.jar;C:\Users\devin\.gradle\caches\modules-2\files-2.1\org.lwjgl\lwjgl-nfd\3.3.2\12c0041066a97f0c74d0f72db1423ac9ea124275\lwjgl-nfd-3.3.2-natives-windows.jar;C:\Users\devin\.gradle\caches\modules-2\files-2.1\org.lwjgl\lwjgl-openal\3.3.2\ae5357ed6d934546d3533993ea84c0cfb75eed95\lwjgl-openal-3.3.2.jar;C:\Users\devin\.gradle\caches\modules-2\files-2.1\org.lwjgl\lwjgl-openal\3.3.2\e74f299a602192faaf14b917632e4cbbb493c940\lwjgl-openal-3.3.2-natives-windows.jar;C:\Users\devin\.gradle\caches\modules-2\files-2.1\org.lwjgl\lwjgl-opengl\3.3.2\ee8e95be0b438602038bc1f02dc5e3d011b1b216\lwjgl-opengl-3.3.2.jar;C:\Users\devin\.gradle\caches\modules-2\files-2.1\org.lwjgl\lwjgl-opengl\3.3.2\83cd34469d4e0bc335bf74c7f62206530a9480bf\lwjgl-opengl-3.3.2-natives-windows.jar;C:\Users\devin\.gradle\caches\m
Launcher Type: SUN_STANDARD

[Global flags]
     intx CICompilerCount                          = 4                                         {product} {ergonomic}
     uint ConcGCThreads                            = 2                                         {product} {ergonomic}
     uint G1ConcRefinementThreads                  = 8                                         {product} {ergonomic}
   size_t G1HeapRegionSize                         = 1048576                                   {product} {ergonomic}
    uintx GCDrainStackTargetSize                   = 64                                        {product} {ergonomic}
   size_t InitialHeapSize                          = 127926272                                 {product} {ergonomic}
   size_t MarkStackSize                            = 4194304                                   {product} {ergonomic}
   size_t MaxHeapSize                              = 2040528896                                {product} {ergonomic}
   size_t MaxNewSize                               = 1223688192                                {product} {ergonomic}
   size_t MinHeapDeltaBytes                        = 1048576                                   {product} {ergonomic}
   size_t MinHeapSize                              = 8388608                                   {product} {ergonomic}
    uintx NonNMethodCodeHeapSize                   = 5839372                                {pd product} {ergonomic}
    uintx NonProfiledCodeHeapSize                  = 122909434                              {pd product} {ergonomic}
    uintx ProfiledCodeHeapSize                     = 122909434                              {pd product} {ergonomic}
    uintx ReservedCodeCacheSize                    = 251658240                              {pd product} {ergonomic}
     bool SegmentedCodeCache                       = true                                      {product} {ergonomic}
   size_t SoftMaxHeapSize                          = 2040528896                             {manageable} {ergonomic}
     bool UseCompressedClassPointers               = true                           {product lp64_product} {ergonomic}
     bool UseCompressedOops                        = true                           {product lp64_product} {ergonomic}
     bool UseG1GC                                  = true                                      {product} {ergonomic}
     bool UseLargePagesIndividualAllocation        = false                                  {pd product} {ergonomic}

Logging:
Log output configuration:
 #0: stdout all=warning uptime,level,tags
 #1: stderr all=off uptime,level,tags

Environment Variables:
JAVA_HOME=C:\Users\devin\AppData\Local\Programs\Eclipse Adoptium\jdk-17.0.7.7-hotspot\
CLASSPATH=.;.;C:\PROGRA~2\JMF21~1.1E\lib\sound.jar;C:\PROGRA~2\JMF21~1.1E\lib\jmf.jar;C:\PROGRA~2\JMF21~1.1E\lib;
PATH=C:\WINDOWS\system32;C:\WINDOWS;C:\WINDOWS\System32\Wbem;C:\WINDOWS\System32\WindowsPowerShell\v1.0\;C:\WINDOWS\System32\OpenSSH\;C:\Program Files\Microsoft SQL Server\150\Tools\Binn\;C:\ProgramData\chocolatey\bin;C:\Program Files\Python311;C:\Users\devin\AppData\Roaming\npm\node_modules;C:\Program Files\Git\cmd;C:\Program Files\Java\jdk-19\bin;C:\Program Files\FFMPEG;C:\Program Files\NodeJS\;C:\Users\devin\AppData\Local\Programs\Eclipse Adoptium\jdk-17.0.7.7-hotspot\bin;C:\Users\devin\AppData\Local\Programs\Python\Python311\Scripts\;C:\Users\devin\AppData\Local\Programs\Python\Python311\;C:\WINDOWS\system32;C:\WINDOWS;C:\WINDOWS\System32\Wbem;C:\WINDOWS\System32\WindowsPowerShell\v1.0\;C:\WINDOWS\System32\OpenSSH\;C:\Program Files\Java\jdk-18.0.2\bin;C:\Program Files\Microsoft SQL Server\150\Tools\Binn\;C:\Users\devin\AppData\Local\Microsoft\WindowsApps;C:\Users\devin\AppData\Local\Programs\Microsoft VS Code\bin;C:\msys64\mingw64\bin;C:\Users\devin\AppData\Roaming\npm\node_modules;C:\tools\dart-sdk\bin;C:\Users\devin\AppData\Roaming\Pub\Cache\bin;;C:\Users\devin\AppData\Local\Microsoft\WindowsApps;C:\Users\devin\AppData\Roaming\npm;C:\Users\devin\AppData\Local\JetBrains\IntelliJ IDEA 2023.1.1\bin;;C:\Program Files\JetBrains\IntelliJ IDEA Community Edition 2023.1.1\bin;
USERNAME=devin
OS=Windows_NT
PROCESSOR_IDENTIFIER=Intel64 Family 6 Model 126 Stepping 5, GenuineIntel
TMP=C:\Users\devin\AppData\Local\Temp
TEMP=C:\Users\devin\AppData\Local\Temp



---------------  S Y S T E M  ---------------

OS:
 Windows 11 , 64 bit Build 22621 (10.0.22621.1635)
OS uptime: 5 days 0:10 hours
Hyper-V role detected

CPU: total 8 (initial active 8) (4 cores per cpu, 2 threads per core) family 6 model 126 stepping 5 microcode 0xb0, cx8, cmov, fxsr, ht, mmx, 3dnowpref, sse, sse2, sse3, ssse3, sse4.1, sse4.2, popcnt, lzcnt, tsc, tscinvbit, avx, avx2, aes, erms, clmul, bmi1, bmi2, adx, avx512f, avx512dq, avx512cd, avx512bw, avx512vl, sha, fma, vzeroupper, avx512_vpopcntdq, avx512_vpclmulqdq, avx512_vaes, avx512_vnni, clflush, clflushopt, avx512_vbmi2, avx512_vbmi, hv

Memory: 4k page, system-wide physical 7778M (49M free)
TotalPageFile size 22905M (AvailPageFile size 0M)
current process WorkingSet (physical memory assigned to process): 2032M, peak: 3268M
current process commit charge ("private bytes"): 11079M, peak: 11080M

vm_info: OpenJDK 64-Bit Server VM (17.0.7+7) for windows-amd64 JRE (17.0.7+7), built on Apr 18 2023 22:10:42 by "temurin" with MS VC++ 16.7 (VS2019)

END.
