#
# There is insufficient memory for the Java Runtime Environment to continue.
# Native memory allocation (malloc) failed to allocate 640000 bytes for AllocateHeap
# Possible reasons:
#   The system is out of physical RAM or swap space
#   The process is running with CompressedOops enabled, and the Java Heap may be blocking the growth of the native heap
# Possible solutions:
#   Reduce memory load on the system
#   Increase physical memory or swap space
#   Check if swap backing store is full
#   Decrease Java heap size (-Xmx/-Xms)
#   Decrease number of Java threads
#   Decrease Java thread stack sizes (-Xss)
#   Set larger code cache with -XX:ReservedCodeCacheSize=
#   JVM is running with Unscaled Compressed Oops mode in which the Java heap is
#     placed in the first 4GB address space. The Java Heap base address is the
#     maximum limit for the native heap growth. Please use -XX:HeapBaseMinAddress
#     to set the Java Heap base and to place the Java Heap above 4GB virtual address.
# This output file may be truncated or incomplete.
#
#  Out of Memory Error (allocation.cpp:44), pid=12512, tid=13636
#
# JRE version: OpenJDK Runtime Environment Temurin-17.0.7+7 (17.0.7+7) (build 17.0.7+7)
# Java VM: OpenJDK 64-Bit Server VM Temurin-17.0.7+7 (17.0.7+7, mixed mode, sharing, tiered, compressed oops, compressed class ptrs, g1 gc, windows-amd64)
# No core dump will be written. Minidumps are not enabled by default on client versions of Windows
#

---------------  S U M M A R Y ------------

Command Line: -Dfile.encoding=windows-1252 -Duser.country=US -Duser.language=en -Duser.variant main

Host: Intel(R) Core(TM) i5-1035G7 CPU @ 1.20GHz, 8 cores, 7G,  Windows 11 , 64 bit Build 22621 (10.0.22621.1635)
Time: Sun Jun 11 22:46:27 2023 Eastern Daylight Time elapsed time: 293.544931 seconds (0d 0h 4m 53s)

---------------  T H R E A D  ---------------

Current thread (0x000002497368e0f0):  JavaThread "main" [_thread_in_vm, id=13636, stack(0x000000ada4d00000,0x000000ada4e00000)]

Stack: [0x000000ada4d00000,0x000000ada4e00000]
Native frames: (J=compiled Java code, j=interpreted, Vv=VM code, C=native code)
V  [jvm.dll+0x67754a]
V  [jvm.dll+0x834304]
V  [jvm.dll+0x835aae]
V  [jvm.dll+0x836113]
V  [jvm.dll+0x24696f]
V  [jvm.dll+0xa681f]
V  [jvm.dll+0x3e956b]
C  [lwjgl.dll+0x1c00c]

Java frames: (J=compiled Java code, j=interpreted, Vv=VM code)
J 1448  org.lwjgl.system.JNI.callPPPV(IJJ[FJ)V (0 bytes) @ 0x0000024907b67292 [0x0000024907b67220+0x0000000000000072]
J 1529 c2 modules.CA.RDCA.RDCA_RenderBatch.render()V (112 bytes) @ 0x0000024907b86864 [0x0000024907b867c0+0x00000000000000a4]
J 1553 c2 modules.CA.RDCA.RDCA_Renderer.render()V (37 bytes) @ 0x0000024907b8f690 [0x0000024907b8f5c0+0x00000000000000d0]
J 1533 c1 modules.Window.customRender(F)V (11 bytes) @ 0x000002490025d3c4 [0x000002490025d280+0x0000000000000144]
j  modules.Window.loop()V+60
j  modules.Window.run()V+48
j  main.main([Ljava/lang/String;)V+8
v  ~StubRoutines::call_stub

---------------  P R O C E S S  ---------------

Threads class SMR info:
_java_thread_list=0x000002491dc96bf0, length=12, elements={
0x000002497368e0f0, 0x0000024913878500, 0x0000024913878eb0, 0x000002491388da10,
0x000002491388e2d0, 0x000002491388ec80, 0x000002491388f630, 0x00000249138983d0,
0x00000249138a4b30, 0x00000249138a8450, 0x0000024913b00770, 0x0000024913b03a50
}

Java Threads: ( => current thread )
=>0x000002497368e0f0 JavaThread "main" [_thread_in_vm, id=13636, stack(0x000000ada4d00000,0x000000ada4e00000)]
  0x0000024913878500 JavaThread "Reference Handler" daemon [_thread_blocked, id=24484, stack(0x000000ada5400000,0x000000ada5500000)]
  0x0000024913878eb0 JavaThread "Finalizer" daemon [_thread_blocked, id=1340, stack(0x000000ada5500000,0x000000ada5600000)]
  0x000002491388da10 JavaThread "Signal Dispatcher" daemon [_thread_blocked, id=24668, stack(0x000000ada5600000,0x000000ada5700000)]
  0x000002491388e2d0 JavaThread "Attach Listener" daemon [_thread_blocked, id=18540, stack(0x000000ada5700000,0x000000ada5800000)]
  0x000002491388ec80 JavaThread "Service Thread" daemon [_thread_blocked, id=26952, stack(0x000000ada5800000,0x000000ada5900000)]
  0x000002491388f630 JavaThread "Monitor Deflation Thread" daemon [_thread_blocked, id=10796, stack(0x000000ada5900000,0x000000ada5a00000)]
  0x00000249138983d0 JavaThread "C2 CompilerThread0" daemon [_thread_blocked, id=9540, stack(0x000000ada5a00000,0x000000ada5b00000)]
  0x00000249138a4b30 JavaThread "C1 CompilerThread0" daemon [_thread_blocked, id=8036, stack(0x000000ada5b00000,0x000000ada5c00000)]
  0x00000249138a8450 JavaThread "Sweeper thread" daemon [_thread_blocked, id=27556, stack(0x000000ada5c00000,0x000000ada5d00000)]
  0x0000024913b00770 JavaThread "Notification Thread" daemon [_thread_blocked, id=21180, stack(0x000000ada5d00000,0x000000ada5e00000)]
  0x0000024913b03a50 JavaThread "Common-Cleaner" daemon [_thread_blocked, id=8416, stack(0x000000ada5f00000,0x000000ada6000000)]

Other Threads:
  0x0000024913870b40 VMThread "VM Thread" [stack: 0x000000ada5300000,0x000000ada5400000] [id=10284]
  0x00000249737f7770 WatcherThread [stack: 0x000000ada5e00000,0x000000ada5f00000] [id=12500]
  0x00000249737dbd30 GCTaskThread "GC Thread#0" [stack: 0x000000ada4e00000,0x000000ada4f00000] [id=6152]
  0x000002491819a410 GCTaskThread "GC Thread#1" [stack: 0x000000ada6800000,0x000000ada6900000] [id=15336]
  0x000002491dd89080 GCTaskThread "GC Thread#2" [stack: 0x000000ada6900000,0x000000ada6a00000] [id=18132]
  0x000002491dd89330 GCTaskThread "GC Thread#3" [stack: 0x000000ada6a00000,0x000000ada6b00000] [id=15860]
  0x00000249180cfb90 GCTaskThread "GC Thread#4" [stack: 0x000000ada6b00000,0x000000ada6c00000] [id=24028]
  0x000002491df922f0 GCTaskThread "GC Thread#5" [stack: 0x000000ada6c00000,0x000000ada6d00000] [id=11104]
  0x000002491dfa0cc0 GCTaskThread "GC Thread#6" [stack: 0x000000ada6d00000,0x000000ada6e00000] [id=19000]
  0x000002491dfa04b0 GCTaskThread "GC Thread#7" [stack: 0x000000ada6e00000,0x000000ada6f00000] [id=24956]
  0x00000249737ec110 ConcurrentGCThread "G1 Main Marker" [stack: 0x000000ada4f00000,0x000000ada5000000] [id=6436]
  0x00000249737ecb20 ConcurrentGCThread "G1 Conc#0" [stack: 0x000000ada5000000,0x000000ada5100000] [id=20692]
  0x000002497383e880 ConcurrentGCThread "G1 Refine#0" [stack: 0x000000ada5100000,0x000000ada5200000] [id=21912]
  0x000002491372b2f0 ConcurrentGCThread "G1 Service" [stack: 0x000000ada5200000,0x000000ada5300000] [id=15912]

Threads with active compile tasks:

VM state: not at safepoint (normal execution)

VM Mutex/Monitor currently owned by a thread: None

Heap address: 0x0000000086600000, size: 1946 MB, Compressed Oops mode: 32-bit

CDS archive(s) mapped at: [0x0000000800000000-0x0000000800bc0000-0x0000000800bc0000), size 12320768, SharedBaseAddress: 0x0000000800000000, ArchiveRelocationMode: 0.
Compressed class space mapped at: 0x0000000801000000-0x0000000841000000, reserved size: 1073741824
Narrow klass base: 0x0000000800000000, Narrow klass shift: 0, Narrow klass range: 0x100000000

GC Precious Log:
 CPUs: 8 total, 8 available
 Memory: 7778M
 Large Page Support: Disabled
 NUMA Support: Disabled
 Compressed Oops: Enabled (32-bit)
 Heap Region Size: 1M
 Heap Min Capacity: 8M
 Heap Initial Capacity: 122M
 Heap Max Capacity: 1946M
 Pre-touch: Disabled
 Parallel Workers: 8
 Concurrent Workers: 2
 Concurrent Refinement Workers: 8
 Periodic GC: Disabled

Heap:
 garbage-first heap   total 262144K, used 184020K [0x0000000086600000, 0x0000000100000000)
  region size 1024K, 84 young (86016K), 1 survivors (1024K)
 Metaspace       used 11596K, committed 11776K, reserved 1114112K
  class space    used 837K, committed 896K, reserved 1048576K

Heap Regions: E=young(eden), S=young(survivor), O=old, HS=humongous(starts), HC=humongous(continues), CS=collection set, F=free, OA=open archive, CA=closed archive, TAMS=top-at-mark-start (previous, next)
|   0|0x0000000086600000, 0x0000000086700000, 0x0000000086700000|100%|HS|  |TAMS 0x0000000086600000, 0x0000000086600000| Complete 
|   1|0x0000000086700000, 0x0000000086800000, 0x0000000086800000|100%|HS|  |TAMS 0x0000000086700000, 0x0000000086700000| Complete 
|   2|0x0000000086800000, 0x0000000086900000, 0x0000000086900000|100%|HS|  |TAMS 0x0000000086800000, 0x0000000086800000| Complete 
|   3|0x0000000086900000, 0x0000000086a00000, 0x0000000086a00000|100%|HS|  |TAMS 0x0000000086900000, 0x0000000086900000| Complete 
|   4|0x0000000086a00000, 0x0000000086b00000, 0x0000000086b00000|100%|HS|  |TAMS 0x0000000086a00000, 0x0000000086a00000| Complete 
|   5|0x0000000086b00000, 0x0000000086c00000, 0x0000000086c00000|100%|HS|  |TAMS 0x0000000086b00000, 0x0000000086b00000| Complete 
|   6|0x0000000086c00000, 0x0000000086d00000, 0x0000000086d00000|100%|HS|  |TAMS 0x0000000086c00000, 0x0000000086c00000| Complete 
|   7|0x0000000086d00000, 0x0000000086e00000, 0x0000000086e00000|100%|HS|  |TAMS 0x0000000086d00000, 0x0000000086d00000| Complete 
|   8|0x0000000086e00000, 0x0000000086f00000, 0x0000000086f00000|100%|HS|  |TAMS 0x0000000086e00000, 0x0000000086e00000| Complete 
|   9|0x0000000086f00000, 0x0000000087000000, 0x0000000087000000|100%|HS|  |TAMS 0x0000000086f00000, 0x0000000086f00000| Complete 
|  10|0x0000000087000000, 0x0000000087100000, 0x0000000087100000|100%|HS|  |TAMS 0x0000000087000000, 0x0000000087000000| Complete 
|  11|0x0000000087100000, 0x0000000087200000, 0x0000000087200000|100%|HS|  |TAMS 0x0000000087100000, 0x0000000087100000| Complete 
|  12|0x0000000087200000, 0x0000000087300000, 0x0000000087300000|100%|HS|  |TAMS 0x0000000087200000, 0x0000000087200000| Complete 
|  13|0x0000000087300000, 0x0000000087400000, 0x0000000087400000|100%|HS|  |TAMS 0x0000000087300000, 0x0000000087300000| Complete 
|  14|0x0000000087400000, 0x0000000087500000, 0x0000000087500000|100%|HS|  |TAMS 0x0000000087400000, 0x0000000087400000| Complete 
|  15|0x0000000087500000, 0x0000000087600000, 0x0000000087600000|100%| O|  |TAMS 0x0000000087500000, 0x0000000087600000| Untracked 
|  16|0x0000000087600000, 0x0000000087700000, 0x0000000087700000|100%| O|  |TAMS 0x0000000087600000, 0x0000000087700000| Untracked 
|  17|0x0000000087700000, 0x0000000087800000, 0x0000000087800000|100%| O|  |TAMS 0x0000000087700000, 0x0000000087800000| Untracked 
|  18|0x0000000087800000, 0x0000000087900000, 0x0000000087900000|100%|HS|  |TAMS 0x0000000087800000, 0x0000000087800000| Complete 
|  19|0x0000000087900000, 0x0000000087a00000, 0x0000000087a00000|100%|HS|  |TAMS 0x0000000087900000, 0x0000000087900000| Complete 
|  20|0x0000000087a00000, 0x0000000087b00000, 0x0000000087b00000|100%|HS|  |TAMS 0x0000000087a00000, 0x0000000087a00000| Complete 
|  21|0x0000000087b00000, 0x0000000087c00000, 0x0000000087c00000|100%|HS|  |TAMS 0x0000000087b00000, 0x0000000087b00000| Complete 
|  22|0x0000000087c00000, 0x0000000087d00000, 0x0000000087d00000|100%|HS|  |TAMS 0x0000000087c00000, 0x0000000087c00000| Complete 
|  23|0x0000000087d00000, 0x0000000087e00000, 0x0000000087e00000|100%|HS|  |TAMS 0x0000000087d00000, 0x0000000087d00000| Complete 
|  24|0x0000000087e00000, 0x0000000087f00000, 0x0000000087f00000|100%|HS|  |TAMS 0x0000000087e00000, 0x0000000087e00000| Complete 
|  25|0x0000000087f00000, 0x0000000088000000, 0x0000000088000000|100%|HS|  |TAMS 0x0000000087f00000, 0x0000000087f00000| Complete 
|  26|0x0000000088000000, 0x0000000088100000, 0x0000000088100000|100%|HS|  |TAMS 0x0000000088000000, 0x0000000088000000| Complete 
|  27|0x0000000088100000, 0x0000000088200000, 0x0000000088200000|100%|HS|  |TAMS 0x0000000088100000, 0x0000000088100000| Complete 
|  28|0x0000000088200000, 0x0000000088300000, 0x0000000088300000|100%|HS|  |TAMS 0x0000000088200000, 0x0000000088200000| Complete 
|  29|0x0000000088300000, 0x0000000088400000, 0x0000000088400000|100%|HS|  |TAMS 0x0000000088300000, 0x0000000088300000| Complete 
|  30|0x0000000088400000, 0x0000000088500000, 0x0000000088500000|100%|HS|  |TAMS 0x0000000088400000, 0x0000000088400000| Complete 
|  31|0x0000000088500000, 0x0000000088600000, 0x0000000088600000|100%|HS|  |TAMS 0x0000000088500000, 0x0000000088500000| Complete 
|  32|0x0000000088600000, 0x0000000088700000, 0x0000000088700000|100%|HS|  |TAMS 0x0000000088600000, 0x0000000088600000| Complete 
|  33|0x0000000088700000, 0x0000000088800000, 0x0000000088800000|100%|HS|  |TAMS 0x0000000088700000, 0x0000000088700000| Complete 
|  34|0x0000000088800000, 0x0000000088900000, 0x0000000088900000|100%|HS|  |TAMS 0x0000000088800000, 0x0000000088800000| Complete 
|  35|0x0000000088900000, 0x0000000088a00000, 0x0000000088a00000|100%|HS|  |TAMS 0x0000000088900000, 0x0000000088900000| Complete 
|  36|0x0000000088a00000, 0x0000000088b00000, 0x0000000088b00000|100%|HS|  |TAMS 0x0000000088a00000, 0x0000000088a00000| Complete 
|  37|0x0000000088b00000, 0x0000000088c00000, 0x0000000088c00000|100%|HS|  |TAMS 0x0000000088b00000, 0x0000000088b00000| Complete 
|  38|0x0000000088c00000, 0x0000000088d00000, 0x0000000088d00000|100%|HS|  |TAMS 0x0000000088c00000, 0x0000000088c00000| Complete 
|  39|0x0000000088d00000, 0x0000000088e00000, 0x0000000088e00000|100%|HS|  |TAMS 0x0000000088d00000, 0x0000000088d00000| Complete 
|  40|0x0000000088e00000, 0x0000000088f00000, 0x0000000088f00000|100%|HS|  |TAMS 0x0000000088e00000, 0x0000000088e00000| Complete 
|  41|0x0000000088f00000, 0x0000000089000000, 0x0000000089000000|100%|HS|  |TAMS 0x0000000088f00000, 0x0000000088f00000| Complete 
|  42|0x0000000089000000, 0x0000000089100000, 0x0000000089100000|100%|HS|  |TAMS 0x0000000089000000, 0x0000000089000000| Complete 
|  43|0x0000000089100000, 0x0000000089200000, 0x0000000089200000|100%|HS|  |TAMS 0x0000000089100000, 0x0000000089100000| Complete 
|  44|0x0000000089200000, 0x0000000089300000, 0x0000000089300000|100%|HS|  |TAMS 0x0000000089200000, 0x0000000089200000| Complete 
|  45|0x0000000089300000, 0x0000000089400000, 0x0000000089400000|100%|HS|  |TAMS 0x0000000089300000, 0x0000000089300000| Complete 
|  46|0x0000000089400000, 0x0000000089500000, 0x0000000089500000|100%|HS|  |TAMS 0x0000000089400000, 0x0000000089400000| Complete 
|  47|0x0000000089500000, 0x0000000089600000, 0x0000000089600000|100%|HS|  |TAMS 0x0000000089500000, 0x0000000089500000| Complete 
|  48|0x0000000089600000, 0x0000000089700000, 0x0000000089700000|100%|HS|  |TAMS 0x0000000089600000, 0x0000000089600000| Complete 
|  49|0x0000000089700000, 0x0000000089800000, 0x0000000089800000|100%|HS|  |TAMS 0x0000000089700000, 0x0000000089700000| Complete 
|  50|0x0000000089800000, 0x0000000089900000, 0x0000000089900000|100%|HS|  |TAMS 0x0000000089800000, 0x0000000089800000| Complete 
|  51|0x0000000089900000, 0x0000000089a00000, 0x0000000089a00000|100%|HS|  |TAMS 0x0000000089900000, 0x0000000089900000| Complete 
|  52|0x0000000089a00000, 0x0000000089b00000, 0x0000000089b00000|100%|HS|  |TAMS 0x0000000089a00000, 0x0000000089a00000| Complete 
|  53|0x0000000089b00000, 0x0000000089c00000, 0x0000000089c00000|100%|HS|  |TAMS 0x0000000089b00000, 0x0000000089b00000| Complete 
|  54|0x0000000089c00000, 0x0000000089d00000, 0x0000000089d00000|100%|HS|  |TAMS 0x0000000089c00000, 0x0000000089c00000| Complete 
|  55|0x0000000089d00000, 0x0000000089e00000, 0x0000000089e00000|100%|HS|  |TAMS 0x0000000089d00000, 0x0000000089d00000| Complete 
|  56|0x0000000089e00000, 0x0000000089f00000, 0x0000000089f00000|100%|HS|  |TAMS 0x0000000089e00000, 0x0000000089e00000| Complete 
|  57|0x0000000089f00000, 0x000000008a000000, 0x000000008a000000|100%|HS|  |TAMS 0x0000000089f00000, 0x0000000089f00000| Complete 
|  58|0x000000008a000000, 0x000000008a100000, 0x000000008a100000|100%|HS|  |TAMS 0x000000008a000000, 0x000000008a000000| Complete 
|  59|0x000000008a100000, 0x000000008a200000, 0x000000008a200000|100%|HS|  |TAMS 0x000000008a100000, 0x000000008a100000| Complete 
|  60|0x000000008a200000, 0x000000008a300000, 0x000000008a300000|100%|HS|  |TAMS 0x000000008a200000, 0x000000008a300000| Complete 
|  61|0x000000008a300000, 0x000000008a400000, 0x000000008a400000|100%|HS|  |TAMS 0x000000008a300000, 0x000000008a400000| Complete 
|  62|0x000000008a400000, 0x000000008a500000, 0x000000008a500000|100%|HS|  |TAMS 0x000000008a400000, 0x000000008a400000| Complete 
|  63|0x000000008a500000, 0x000000008a600000, 0x000000008a600000|100%|HS|  |TAMS 0x000000008a500000, 0x000000008a500000| Complete 
|  64|0x000000008a600000, 0x000000008a700000, 0x000000008a700000|100%|HS|  |TAMS 0x000000008a600000, 0x000000008a600000| Complete 
|  65|0x000000008a700000, 0x000000008a800000, 0x000000008a800000|100%|HS|  |TAMS 0x000000008a700000, 0x000000008a700000| Complete 
|  66|0x000000008a800000, 0x000000008a900000, 0x000000008a900000|100%| O|  |TAMS 0x000000008a800000, 0x000000008a900000| Untracked 
|  67|0x000000008a900000, 0x000000008aa00000, 0x000000008aa00000|100%| O|  |TAMS 0x000000008a900000, 0x000000008aa00000| Untracked 
|  68|0x000000008aa00000, 0x000000008ab00000, 0x000000008ab00000|100%|HS|  |TAMS 0x000000008aa00000, 0x000000008aa00000| Complete 
|  69|0x000000008ab00000, 0x000000008ac00000, 0x000000008ac00000|100%|HS|  |TAMS 0x000000008ab00000, 0x000000008ab00000| Complete 
|  70|0x000000008ac00000, 0x000000008ad00000, 0x000000008ad00000|100%|HS|  |TAMS 0x000000008ac00000, 0x000000008ac00000| Complete 
|  71|0x000000008ad00000, 0x000000008ae00000, 0x000000008ae00000|100%|HS|  |TAMS 0x000000008ad00000, 0x000000008ad00000| Complete 
|  72|0x000000008ae00000, 0x000000008af00000, 0x000000008af00000|100%|HS|  |TAMS 0x000000008ae00000, 0x000000008ae00000| Complete 
|  73|0x000000008af00000, 0x000000008b000000, 0x000000008b000000|100%|HS|  |TAMS 0x000000008af00000, 0x000000008b000000| Complete 
|  74|0x000000008b000000, 0x000000008b100000, 0x000000008b100000|100%|HS|  |TAMS 0x000000008b000000, 0x000000008b100000| Complete 
|  75|0x000000008b100000, 0x000000008b200000, 0x000000008b200000|100%|HS|  |TAMS 0x000000008b100000, 0x000000008b100000| Complete 
|  76|0x000000008b200000, 0x000000008b300000, 0x000000008b300000|100%|HS|  |TAMS 0x000000008b200000, 0x000000008b200000| Complete 
|  77|0x000000008b300000, 0x000000008b400000, 0x000000008b400000|100%|HS|  |TAMS 0x000000008b300000, 0x000000008b300000| Complete 
|  78|0x000000008b400000, 0x000000008b500000, 0x000000008b500000|100%|HS|  |TAMS 0x000000008b400000, 0x000000008b400000| Complete 
|  79|0x000000008b500000, 0x000000008b600000, 0x000000008b600000|100%|HS|  |TAMS 0x000000008b500000, 0x000000008b500000| Complete 
|  80|0x000000008b600000, 0x000000008b700000, 0x000000008b700000|100%| O|  |TAMS 0x000000008b600000, 0x000000008b700000| Untracked 
|  81|0x000000008b700000, 0x000000008b800000, 0x000000008b800000|100%| O|  |TAMS 0x000000008b700000, 0x000000008b800000| Untracked 
|  82|0x000000008b800000, 0x000000008b900000, 0x000000008b900000|100%|HS|  |TAMS 0x000000008b800000, 0x000000008b800000| Complete 
|  83|0x000000008b900000, 0x000000008ba00000, 0x000000008ba00000|100%|HS|  |TAMS 0x000000008b900000, 0x000000008b900000| Complete 
|  84|0x000000008ba00000, 0x000000008bb00000, 0x000000008bb00000|100%|HS|  |TAMS 0x000000008ba00000, 0x000000008ba00000| Complete 
|  85|0x000000008bb00000, 0x000000008bc00000, 0x000000008bc00000|100%|HS|  |TAMS 0x000000008bb00000, 0x000000008bb00000| Complete 
|  86|0x000000008bc00000, 0x000000008bd00000, 0x000000008bd00000|100%|HS|  |TAMS 0x000000008bc00000, 0x000000008bc00000| Complete 
|  87|0x000000008bd00000, 0x000000008be00000, 0x000000008be00000|100%|HS|  |TAMS 0x000000008bd00000, 0x000000008bd00000| Complete 
|  88|0x000000008be00000, 0x000000008bf00000, 0x000000008bf00000|100%|HS|  |TAMS 0x000000008be00000, 0x000000008be00000| Complete 
|  89|0x000000008bf00000, 0x000000008c000000, 0x000000008c000000|100%|HS|  |TAMS 0x000000008bf00000, 0x000000008bf00000| Complete 
|  90|0x000000008c000000, 0x000000008c100000, 0x000000008c100000|100%|HS|  |TAMS 0x000000008c000000, 0x000000008c000000| Complete 
|  91|0x000000008c100000, 0x000000008c200000, 0x000000008c200000|100%|HS|  |TAMS 0x000000008c100000, 0x000000008c100000| Complete 
|  92|0x000000008c200000, 0x000000008c300000, 0x000000008c300000|100%|HS|  |TAMS 0x000000008c200000, 0x000000008c200000| Complete 
|  93|0x000000008c300000, 0x000000008c400000, 0x000000008c400000|100%|HS|  |TAMS 0x000000008c300000, 0x000000008c300000| Complete 
|  94|0x000000008c400000, 0x000000008c500000, 0x000000008c500000|100%|HS|  |TAMS 0x000000008c400000, 0x000000008c400000| Complete 
|  95|0x000000008c500000, 0x000000008c600000, 0x000000008c600000|100%|HS|  |TAMS 0x000000008c500000, 0x000000008c500000| Complete 
|  96|0x000000008c600000, 0x000000008c600000, 0x000000008c700000|  0%| F|  |TAMS 0x000000008c600000, 0x000000008c600000| Untracked 
|  97|0x000000008c700000, 0x000000008c700000, 0x000000008c800000|  0%| F|  |TAMS 0x000000008c700000, 0x000000008c700000| Untracked 
|  98|0x000000008c800000, 0x000000008c800000, 0x000000008c900000|  0%| F|  |TAMS 0x000000008c800000, 0x000000008c800000| Untracked 
|  99|0x000000008c900000, 0x000000008c900000, 0x000000008ca00000|  0%| F|  |TAMS 0x000000008c900000, 0x000000008c900000| Untracked 
| 100|0x000000008ca00000, 0x000000008ca00000, 0x000000008cb00000|  0%| F|  |TAMS 0x000000008ca00000, 0x000000008ca00000| Untracked 
| 101|0x000000008cb00000, 0x000000008cb00000, 0x000000008cc00000|  0%| F|  |TAMS 0x000000008cb00000, 0x000000008cb00000| Untracked 
| 102|0x000000008cc00000, 0x000000008cc00000, 0x000000008cd00000|  0%| F|  |TAMS 0x000000008cc00000, 0x000000008cc00000| Untracked 
| 103|0x000000008cd00000, 0x000000008cd00000, 0x000000008ce00000|  0%| F|  |TAMS 0x000000008cd00000, 0x000000008cd00000| Untracked 
| 104|0x000000008ce00000, 0x000000008ce00000, 0x000000008cf00000|  0%| F|  |TAMS 0x000000008ce00000, 0x000000008ce00000| Untracked 
| 105|0x000000008cf00000, 0x000000008cf00000, 0x000000008d000000|  0%| F|  |TAMS 0x000000008cf00000, 0x000000008cf00000| Untracked 
| 106|0x000000008d000000, 0x000000008d000000, 0x000000008d100000|  0%| F|  |TAMS 0x000000008d000000, 0x000000008d000000| Untracked 
| 107|0x000000008d100000, 0x000000008d100000, 0x000000008d200000|  0%| F|  |TAMS 0x000000008d100000, 0x000000008d100000| Untracked 
| 108|0x000000008d200000, 0x000000008d200000, 0x000000008d300000|  0%| F|  |TAMS 0x000000008d200000, 0x000000008d200000| Untracked 
| 109|0x000000008d300000, 0x000000008d300000, 0x000000008d400000|  0%| F|  |TAMS 0x000000008d300000, 0x000000008d300000| Untracked 
| 110|0x000000008d400000, 0x000000008d400000, 0x000000008d500000|  0%| F|  |TAMS 0x000000008d400000, 0x000000008d400000| Untracked 
| 111|0x000000008d500000, 0x000000008d500000, 0x000000008d600000|  0%| F|  |TAMS 0x000000008d500000, 0x000000008d500000| Untracked 
| 112|0x000000008d600000, 0x000000008d700000, 0x000000008d700000|100%|HS|  |TAMS 0x000000008d600000, 0x000000008d700000| Complete 
| 113|0x000000008d700000, 0x000000008d700000, 0x000000008d800000|  0%| F|  |TAMS 0x000000008d700000, 0x000000008d700000| Untracked 
| 114|0x000000008d800000, 0x000000008d800000, 0x000000008d900000|  0%| F|  |TAMS 0x000000008d800000, 0x000000008d800000| Untracked 
| 115|0x000000008d900000, 0x000000008da00000, 0x000000008da00000|100%| O|  |TAMS 0x000000008d900000, 0x000000008da00000| Untracked 
| 116|0x000000008da00000, 0x000000008da00000, 0x000000008db00000|  0%| F|  |TAMS 0x000000008da00000, 0x000000008da00000| Untracked 
| 117|0x000000008db00000, 0x000000008db00000, 0x000000008dc00000|  0%| F|  |TAMS 0x000000008db00000, 0x000000008db00000| Untracked 
| 118|0x000000008dc00000, 0x000000008dc00000, 0x000000008dd00000|  0%| F|  |TAMS 0x000000008dc00000, 0x000000008dc00000| Untracked 
| 119|0x000000008dd00000, 0x000000008dd00000, 0x000000008de00000|  0%| F|  |TAMS 0x000000008dd00000, 0x000000008dd00000| Untracked 
| 120|0x000000008de00000, 0x000000008de00000, 0x000000008df00000|  0%| F|  |TAMS 0x000000008de00000, 0x000000008de00000| Untracked 
| 121|0x000000008df00000, 0x000000008df00000, 0x000000008e000000|  0%| F|  |TAMS 0x000000008df00000, 0x000000008df00000| Untracked 
| 122|0x000000008e000000, 0x000000008e000000, 0x000000008e100000|  0%| F|  |TAMS 0x000000008e000000, 0x000000008e000000| Untracked 
| 123|0x000000008e100000, 0x000000008e100000, 0x000000008e200000|  0%| F|  |TAMS 0x000000008e100000, 0x000000008e100000| Untracked 
| 124|0x000000008e200000, 0x000000008e200000, 0x000000008e300000|  0%| F|  |TAMS 0x000000008e200000, 0x000000008e200000| Untracked 
| 125|0x000000008e300000, 0x000000008e300000, 0x000000008e400000|  0%| F|  |TAMS 0x000000008e300000, 0x000000008e300000| Untracked 
| 126|0x000000008e400000, 0x000000008e400000, 0x000000008e500000|  0%| F|  |TAMS 0x000000008e400000, 0x000000008e400000| Untracked 
| 127|0x000000008e500000, 0x000000008e500000, 0x000000008e600000|  0%| F|  |TAMS 0x000000008e500000, 0x000000008e500000| Untracked 
| 128|0x000000008e600000, 0x000000008e600000, 0x000000008e700000|  0%| F|  |TAMS 0x000000008e600000, 0x000000008e600000| Untracked 
| 129|0x000000008e700000, 0x000000008e700000, 0x000000008e800000|  0%| F|  |TAMS 0x000000008e700000, 0x000000008e700000| Untracked 
| 130|0x000000008e800000, 0x000000008e800000, 0x000000008e900000|  0%| F|  |TAMS 0x000000008e800000, 0x000000008e800000| Untracked 
| 131|0x000000008e900000, 0x000000008e900000, 0x000000008ea00000|  0%| F|  |TAMS 0x000000008e900000, 0x000000008e900000| Untracked 
| 132|0x000000008ea00000, 0x000000008ea00000, 0x000000008eb00000|  0%| F|  |TAMS 0x000000008ea00000, 0x000000008ea00000| Untracked 
| 133|0x000000008eb00000, 0x000000008eb00000, 0x000000008ec00000|  0%| F|  |TAMS 0x000000008eb00000, 0x000000008eb00000| Untracked 
| 134|0x000000008ec00000, 0x000000008ec00000, 0x000000008ed00000|  0%| F|  |TAMS 0x000000008ec00000, 0x000000008ec00000| Untracked 
| 135|0x000000008ed00000, 0x000000008ed00000, 0x000000008ee00000|  0%| F|  |TAMS 0x000000008ed00000, 0x000000008ed00000| Untracked 
| 136|0x000000008ee00000, 0x000000008ee00000, 0x000000008ef00000|  0%| F|  |TAMS 0x000000008ee00000, 0x000000008ee00000| Untracked 
| 137|0x000000008ef00000, 0x000000008ef00000, 0x000000008f000000|  0%| F|  |TAMS 0x000000008ef00000, 0x000000008ef00000| Untracked 
| 138|0x000000008f000000, 0x000000008f000000, 0x000000008f100000|  0%| F|  |TAMS 0x000000008f000000, 0x000000008f000000| Untracked 
| 139|0x000000008f100000, 0x000000008f100000, 0x000000008f200000|  0%| F|  |TAMS 0x000000008f100000, 0x000000008f100000| Untracked 
| 140|0x000000008f200000, 0x000000008f200000, 0x000000008f300000|  0%| F|  |TAMS 0x000000008f200000, 0x000000008f200000| Untracked 
| 141|0x000000008f300000, 0x000000008f300000, 0x000000008f400000|  0%| F|  |TAMS 0x000000008f300000, 0x000000008f300000| Untracked 
| 142|0x000000008f400000, 0x000000008f400000, 0x000000008f500000|  0%| F|  |TAMS 0x000000008f400000, 0x000000008f400000| Untracked 
| 143|0x000000008f500000, 0x000000008f500000, 0x000000008f600000|  0%| F|  |TAMS 0x000000008f500000, 0x000000008f500000| Untracked 
| 144|0x000000008f600000, 0x000000008f600000, 0x000000008f700000|  0%| F|  |TAMS 0x000000008f600000, 0x000000008f600000| Untracked 
| 145|0x000000008f700000, 0x000000008f700000, 0x000000008f800000|  0%| F|  |TAMS 0x000000008f700000, 0x000000008f700000| Untracked 
| 146|0x000000008f800000, 0x000000008f800000, 0x000000008f900000|  0%| F|  |TAMS 0x000000008f800000, 0x000000008f800000| Untracked 
| 147|0x000000008f900000, 0x000000008f900000, 0x000000008fa00000|  0%| F|  |TAMS 0x000000008f900000, 0x000000008f900000| Untracked 
| 148|0x000000008fa00000, 0x000000008fa00000, 0x000000008fb00000|  0%| F|  |TAMS 0x000000008fa00000, 0x000000008fa00000| Untracked 
| 149|0x000000008fb00000, 0x000000008fb00000, 0x000000008fc00000|  0%| F|  |TAMS 0x000000008fb00000, 0x000000008fb00000| Untracked 
| 150|0x000000008fc00000, 0x000000008fc00000, 0x000000008fd00000|  0%| F|  |TAMS 0x000000008fc00000, 0x000000008fc00000| Untracked 
| 151|0x000000008fd00000, 0x000000008fd00000, 0x000000008fe00000|  0%| F|  |TAMS 0x000000008fd00000, 0x000000008fd00000| Untracked 
| 152|0x000000008fe00000, 0x000000008fe00000, 0x000000008ff00000|  0%| F|  |TAMS 0x000000008fe00000, 0x000000008fe00000| Untracked 
| 153|0x000000008ff00000, 0x000000008ff00000, 0x0000000090000000|  0%| F|  |TAMS 0x000000008ff00000, 0x000000008ff00000| Untracked 
| 154|0x0000000090000000, 0x0000000090000000, 0x0000000090100000|  0%| F|  |TAMS 0x0000000090000000, 0x0000000090000000| Untracked 
| 155|0x0000000090100000, 0x00000000901b51f8, 0x0000000090200000| 70%| S|CS|TAMS 0x0000000090100000, 0x0000000090100000| Complete 
| 156|0x0000000090200000, 0x0000000090200000, 0x0000000090300000|  0%| F|  |TAMS 0x0000000090200000, 0x0000000090200000| Untracked 
| 157|0x0000000090300000, 0x0000000090300000, 0x0000000090400000|  0%| F|  |TAMS 0x0000000090300000, 0x0000000090300000| Untracked 
| 158|0x0000000090400000, 0x0000000090400000, 0x0000000090500000|  0%| F|  |TAMS 0x0000000090400000, 0x0000000090400000| Untracked 
| 159|0x0000000090500000, 0x0000000090500000, 0x0000000090600000|  0%| F|  |TAMS 0x0000000090500000, 0x0000000090500000| Untracked 
| 160|0x0000000090600000, 0x0000000090600000, 0x0000000090700000|  0%| F|  |TAMS 0x0000000090600000, 0x0000000090600000| Untracked 
| 161|0x0000000090700000, 0x0000000090700000, 0x0000000090800000|  0%| F|  |TAMS 0x0000000090700000, 0x0000000090700000| Untracked 
| 162|0x0000000090800000, 0x0000000090800000, 0x0000000090900000|  0%| F|  |TAMS 0x0000000090800000, 0x0000000090800000| Untracked 
| 163|0x0000000090900000, 0x0000000090900000, 0x0000000090a00000|  0%| F|  |TAMS 0x0000000090900000, 0x0000000090900000| Untracked 
| 164|0x0000000090a00000, 0x0000000090a00000, 0x0000000090b00000|  0%| F|  |TAMS 0x0000000090a00000, 0x0000000090a00000| Untracked 
| 165|0x0000000090b00000, 0x0000000090b00000, 0x0000000090c00000|  0%| F|  |TAMS 0x0000000090b00000, 0x0000000090b00000| Untracked 
| 166|0x0000000090c00000, 0x0000000090c00000, 0x0000000090d00000|  0%| F|  |TAMS 0x0000000090c00000, 0x0000000090c00000| Untracked 
| 167|0x0000000090d00000, 0x0000000090d00000, 0x0000000090e00000|  0%| F|  |TAMS 0x0000000090d00000, 0x0000000090d00000| Untracked 
| 168|0x0000000090e00000, 0x0000000090e00000, 0x0000000090f00000|  0%| F|  |TAMS 0x0000000090e00000, 0x0000000090e00000| Untracked 
| 169|0x0000000090f00000, 0x0000000090f00000, 0x0000000091000000|  0%| F|  |TAMS 0x0000000090f00000, 0x0000000090f00000| Untracked 
| 170|0x0000000091000000, 0x0000000091000000, 0x0000000091100000|  0%| F|  |TAMS 0x0000000091000000, 0x0000000091000000| Untracked 
| 171|0x0000000091100000, 0x0000000091100000, 0x0000000091200000|  0%| F|  |TAMS 0x0000000091100000, 0x0000000091100000| Untracked 
| 172|0x0000000091200000, 0x0000000091200000, 0x0000000091300000|  0%| F|  |TAMS 0x0000000091200000, 0x0000000091200000| Untracked 
| 173|0x0000000091300000, 0x00000000913c45e0, 0x0000000091400000| 76%| E|  |TAMS 0x0000000091300000, 0x0000000091300000| Complete 
| 174|0x0000000091400000, 0x0000000091500000, 0x0000000091500000|100%| E|CS|TAMS 0x0000000091400000, 0x0000000091400000| Complete 
| 175|0x0000000091500000, 0x0000000091600000, 0x0000000091600000|100%| E|CS|TAMS 0x0000000091500000, 0x0000000091500000| Complete 
| 176|0x0000000091600000, 0x0000000091700000, 0x0000000091700000|100%| E|CS|TAMS 0x0000000091600000, 0x0000000091600000| Complete 
| 177|0x0000000091700000, 0x0000000091800000, 0x0000000091800000|100%| E|CS|TAMS 0x0000000091700000, 0x0000000091700000| Complete 
| 178|0x0000000091800000, 0x0000000091900000, 0x0000000091900000|100%| E|CS|TAMS 0x0000000091800000, 0x0000000091800000| Complete 
| 179|0x0000000091900000, 0x0000000091a00000, 0x0000000091a00000|100%| E|CS|TAMS 0x0000000091900000, 0x0000000091900000| Complete 
| 180|0x0000000091a00000, 0x0000000091b00000, 0x0000000091b00000|100%| E|CS|TAMS 0x0000000091a00000, 0x0000000091a00000| Complete 
| 181|0x0000000091b00000, 0x0000000091c00000, 0x0000000091c00000|100%| E|CS|TAMS 0x0000000091b00000, 0x0000000091b00000| Complete 
| 182|0x0000000091c00000, 0x0000000091d00000, 0x0000000091d00000|100%| E|CS|TAMS 0x0000000091c00000, 0x0000000091c00000| Complete 
| 183|0x0000000091d00000, 0x0000000091e00000, 0x0000000091e00000|100%| E|CS|TAMS 0x0000000091d00000, 0x0000000091d00000| Complete 
| 184|0x0000000091e00000, 0x0000000091f00000, 0x0000000091f00000|100%| E|CS|TAMS 0x0000000091e00000, 0x0000000091e00000| Complete 
| 185|0x0000000091f00000, 0x0000000092000000, 0x0000000092000000|100%| E|CS|TAMS 0x0000000091f00000, 0x0000000091f00000| Complete 
| 186|0x0000000092000000, 0x0000000092100000, 0x0000000092100000|100%| E|CS|TAMS 0x0000000092000000, 0x0000000092000000| Complete 
| 187|0x0000000092100000, 0x0000000092200000, 0x0000000092200000|100%| E|CS|TAMS 0x0000000092100000, 0x0000000092100000| Complete 
| 188|0x0000000092200000, 0x0000000092300000, 0x0000000092300000|100%| E|CS|TAMS 0x0000000092200000, 0x0000000092200000| Complete 
| 189|0x0000000092300000, 0x0000000092400000, 0x0000000092400000|100%| E|CS|TAMS 0x0000000092300000, 0x0000000092300000| Complete 
| 190|0x0000000092400000, 0x0000000092500000, 0x0000000092500000|100%| E|CS|TAMS 0x0000000092400000, 0x0000000092400000| Complete 
| 191|0x0000000092500000, 0x0000000092600000, 0x0000000092600000|100%| E|CS|TAMS 0x0000000092500000, 0x0000000092500000| Complete 
| 192|0x0000000092600000, 0x0000000092700000, 0x0000000092700000|100%| E|CS|TAMS 0x0000000092600000, 0x0000000092600000| Complete 
| 193|0x0000000092700000, 0x0000000092800000, 0x0000000092800000|100%| E|CS|TAMS 0x0000000092700000, 0x0000000092700000| Complete 
| 194|0x0000000092800000, 0x0000000092900000, 0x0000000092900000|100%| E|CS|TAMS 0x0000000092800000, 0x0000000092800000| Complete 
| 195|0x0000000092900000, 0x0000000092a00000, 0x0000000092a00000|100%| E|CS|TAMS 0x0000000092900000, 0x0000000092900000| Complete 
| 196|0x0000000092a00000, 0x0000000092b00000, 0x0000000092b00000|100%| E|CS|TAMS 0x0000000092a00000, 0x0000000092a00000| Complete 
| 197|0x0000000092b00000, 0x0000000092c00000, 0x0000000092c00000|100%| E|CS|TAMS 0x0000000092b00000, 0x0000000092b00000| Complete 
| 198|0x0000000092c00000, 0x0000000092d00000, 0x0000000092d00000|100%| E|CS|TAMS 0x0000000092c00000, 0x0000000092c00000| Complete 
| 199|0x0000000092d00000, 0x0000000092e00000, 0x0000000092e00000|100%| E|CS|TAMS 0x0000000092d00000, 0x0000000092d00000| Complete 
| 200|0x0000000092e00000, 0x0000000092f00000, 0x0000000092f00000|100%| E|CS|TAMS 0x0000000092e00000, 0x0000000092e00000| Complete 
| 201|0x0000000092f00000, 0x0000000093000000, 0x0000000093000000|100%| E|CS|TAMS 0x0000000092f00000, 0x0000000092f00000| Complete 
| 202|0x0000000093000000, 0x0000000093100000, 0x0000000093100000|100%| E|CS|TAMS 0x0000000093000000, 0x0000000093000000| Complete 
| 203|0x0000000093100000, 0x0000000093200000, 0x0000000093200000|100%| E|CS|TAMS 0x0000000093100000, 0x0000000093100000| Complete 
| 204|0x0000000093200000, 0x0000000093300000, 0x0000000093300000|100%| E|CS|TAMS 0x0000000093200000, 0x0000000093200000| Complete 
| 205|0x0000000093300000, 0x0000000093400000, 0x0000000093400000|100%| E|CS|TAMS 0x0000000093300000, 0x0000000093300000| Complete 
| 206|0x0000000093400000, 0x0000000093500000, 0x0000000093500000|100%| E|CS|TAMS 0x0000000093400000, 0x0000000093400000| Complete 
| 207|0x0000000093500000, 0x0000000093600000, 0x0000000093600000|100%| E|CS|TAMS 0x0000000093500000, 0x0000000093500000| Complete 
| 208|0x0000000093600000, 0x0000000093700000, 0x0000000093700000|100%| E|CS|TAMS 0x0000000093600000, 0x0000000093600000| Complete 
| 209|0x0000000093700000, 0x0000000093800000, 0x0000000093800000|100%| E|CS|TAMS 0x0000000093700000, 0x0000000093700000| Complete 
| 210|0x0000000093800000, 0x0000000093900000, 0x0000000093900000|100%| E|CS|TAMS 0x0000000093800000, 0x0000000093800000| Complete 
| 211|0x0000000093900000, 0x0000000093a00000, 0x0000000093a00000|100%| E|CS|TAMS 0x0000000093900000, 0x0000000093900000| Complete 
| 212|0x0000000093a00000, 0x0000000093b00000, 0x0000000093b00000|100%| E|CS|TAMS 0x0000000093a00000, 0x0000000093a00000| Complete 
| 213|0x0000000093b00000, 0x0000000093c00000, 0x0000000093c00000|100%| E|CS|TAMS 0x0000000093b00000, 0x0000000093b00000| Complete 
| 214|0x0000000093c00000, 0x0000000093d00000, 0x0000000093d00000|100%| E|  |TAMS 0x0000000093c00000, 0x0000000093c00000| Complete 
| 215|0x0000000093d00000, 0x0000000093e00000, 0x0000000093e00000|100%| E|CS|TAMS 0x0000000093d00000, 0x0000000093d00000| Complete 
| 216|0x0000000093e00000, 0x0000000093f00000, 0x0000000093f00000|100%| E|CS|TAMS 0x0000000093e00000, 0x0000000093e00000| Complete 
| 217|0x0000000093f00000, 0x0000000094000000, 0x0000000094000000|100%| E|CS|TAMS 0x0000000093f00000, 0x0000000093f00000| Complete 
| 218|0x0000000094000000, 0x0000000094100000, 0x0000000094100000|100%| E|CS|TAMS 0x0000000094000000, 0x0000000094000000| Complete 
| 219|0x0000000094100000, 0x0000000094200000, 0x0000000094200000|100%| E|CS|TAMS 0x0000000094100000, 0x0000000094100000| Complete 
| 220|0x0000000094200000, 0x0000000094300000, 0x0000000094300000|100%| E|CS|TAMS 0x0000000094200000, 0x0000000094200000| Complete 
| 221|0x0000000094300000, 0x0000000094400000, 0x0000000094400000|100%| E|CS|TAMS 0x0000000094300000, 0x0000000094300000| Complete 
| 222|0x0000000094400000, 0x0000000094500000, 0x0000000094500000|100%| E|CS|TAMS 0x0000000094400000, 0x0000000094400000| Complete 
| 223|0x0000000094500000, 0x0000000094600000, 0x0000000094600000|100%| E|CS|TAMS 0x0000000094500000, 0x0000000094500000| Complete 
| 224|0x0000000094600000, 0x0000000094700000, 0x0000000094700000|100%| E|CS|TAMS 0x0000000094600000, 0x0000000094600000| Complete 
| 225|0x0000000094700000, 0x0000000094800000, 0x0000000094800000|100%| E|CS|TAMS 0x0000000094700000, 0x0000000094700000| Complete 
| 226|0x0000000094800000, 0x0000000094900000, 0x0000000094900000|100%| E|CS|TAMS 0x0000000094800000, 0x0000000094800000| Complete 
| 227|0x0000000094900000, 0x0000000094a00000, 0x0000000094a00000|100%| E|CS|TAMS 0x0000000094900000, 0x0000000094900000| Complete 
| 228|0x0000000094a00000, 0x0000000094b00000, 0x0000000094b00000|100%| E|CS|TAMS 0x0000000094a00000, 0x0000000094a00000| Complete 
| 229|0x0000000094b00000, 0x0000000094c00000, 0x0000000094c00000|100%| E|CS|TAMS 0x0000000094b00000, 0x0000000094b00000| Complete 
| 230|0x0000000094c00000, 0x0000000094d00000, 0x0000000094d00000|100%| E|CS|TAMS 0x0000000094c00000, 0x0000000094c00000| Complete 
| 231|0x0000000094d00000, 0x0000000094e00000, 0x0000000094e00000|100%| E|CS|TAMS 0x0000000094d00000, 0x0000000094d00000| Complete 
| 232|0x0000000094e00000, 0x0000000094f00000, 0x0000000094f00000|100%| E|CS|TAMS 0x0000000094e00000, 0x0000000094e00000| Complete 
| 233|0x0000000094f00000, 0x0000000095000000, 0x0000000095000000|100%| E|CS|TAMS 0x0000000094f00000, 0x0000000094f00000| Complete 
| 234|0x0000000095000000, 0x0000000095100000, 0x0000000095100000|100%| E|CS|TAMS 0x0000000095000000, 0x0000000095000000| Complete 
| 235|0x0000000095100000, 0x0000000095200000, 0x0000000095200000|100%| E|CS|TAMS 0x0000000095100000, 0x0000000095100000| Complete 
| 236|0x0000000095200000, 0x0000000095300000, 0x0000000095300000|100%| E|CS|TAMS 0x0000000095200000, 0x0000000095200000| Complete 
| 237|0x0000000095300000, 0x0000000095400000, 0x0000000095400000|100%| E|CS|TAMS 0x0000000095300000, 0x0000000095300000| Complete 
| 238|0x0000000095400000, 0x0000000095500000, 0x0000000095500000|100%| E|CS|TAMS 0x0000000095400000, 0x0000000095400000| Complete 
| 239|0x0000000095500000, 0x0000000095600000, 0x0000000095600000|100%| E|CS|TAMS 0x0000000095500000, 0x0000000095500000| Complete 
| 240|0x0000000095600000, 0x0000000095700000, 0x0000000095700000|100%| E|CS|TAMS 0x0000000095600000, 0x0000000095600000| Complete 
| 241|0x0000000095700000, 0x0000000095800000, 0x0000000095800000|100%| E|CS|TAMS 0x0000000095700000, 0x0000000095700000| Complete 
| 242|0x0000000095800000, 0x0000000095900000, 0x0000000095900000|100%| E|CS|TAMS 0x0000000095800000, 0x0000000095800000| Complete 
| 243|0x0000000095900000, 0x0000000095a00000, 0x0000000095a00000|100%| E|CS|TAMS 0x0000000095900000, 0x0000000095900000| Complete 
| 244|0x0000000095a00000, 0x0000000095b00000, 0x0000000095b00000|100%| E|CS|TAMS 0x0000000095a00000, 0x0000000095a00000| Complete 
| 245|0x0000000095b00000, 0x0000000095c00000, 0x0000000095c00000|100%| E|CS|TAMS 0x0000000095b00000, 0x0000000095b00000| Complete 
| 246|0x0000000095c00000, 0x0000000095d00000, 0x0000000095d00000|100%| E|CS|TAMS 0x0000000095c00000, 0x0000000095c00000| Complete 
| 247|0x0000000095d00000, 0x0000000095e00000, 0x0000000095e00000|100%| E|CS|TAMS 0x0000000095d00000, 0x0000000095d00000| Complete 
| 248|0x0000000095e00000, 0x0000000095f00000, 0x0000000095f00000|100%| E|CS|TAMS 0x0000000095e00000, 0x0000000095e00000| Complete 
| 249|0x0000000095f00000, 0x0000000096000000, 0x0000000096000000|100%| E|CS|TAMS 0x0000000095f00000, 0x0000000095f00000| Complete 
| 250|0x0000000096000000, 0x0000000096100000, 0x0000000096100000|100%| E|CS|TAMS 0x0000000096000000, 0x0000000096000000| Complete 
| 251|0x0000000096100000, 0x0000000096200000, 0x0000000096200000|100%| E|CS|TAMS 0x0000000096100000, 0x0000000096100000| Complete 
| 252|0x0000000096200000, 0x0000000096300000, 0x0000000096300000|100%| E|CS|TAMS 0x0000000096200000, 0x0000000096200000| Complete 
| 253|0x0000000096300000, 0x0000000096400000, 0x0000000096400000|100%| E|CS|TAMS 0x0000000096300000, 0x0000000096300000| Complete 
| 254|0x0000000096400000, 0x0000000096500000, 0x0000000096500000|100%| E|CS|TAMS 0x0000000096400000, 0x0000000096400000| Complete 
| 255|0x0000000096500000, 0x0000000096600000, 0x0000000096600000|100%| E|CS|TAMS 0x0000000096500000, 0x0000000096500000| Complete 

Card table byte_map: [0x000002497d880000,0x000002497dc50000] _byte_map_base: 0x000002497d44d000

Marking Bits (Prev, Next): (CMBitMap*) 0x00000249737dc340, (CMBitMap*) 0x00000249737dc380
 Prev Bits: [0x000002497e020000, 0x000002497fe88000)
 Next Bits: [0x000002490f000000, 0x0000024910e68000)

Polling page: 0x0000024973840000

Metaspace:

Usage:
  Non-class:     10.51 MB used.
      Class:    837.82 KB used.
       Both:     11.32 MB used.

Virtual space:
  Non-class space:       64.00 MB reserved,      10.62 MB ( 17%) committed,  1 nodes.
      Class space:        1.00 GB reserved,     896.00 KB ( <1%) committed,  1 nodes.
             Both:        1.06 GB reserved,      11.50 MB (  1%) committed. 

Chunk freelists:
   Non-Class:  3.64 MB
       Class:  15.08 MB
        Both:  18.72 MB

MaxMetaspaceSize: unlimited
CompressedClassSpaceSize: 1.00 GB
Initial GC threshold: 21.00 MB
Current GC threshold: 21.00 MB
CDS: on
MetaspaceReclaimPolicy: balanced
 - commit_granule_bytes: 65536.
 - commit_granule_words: 8192.
 - virtual_space_node_default_size: 8388608.
 - enlarge_chunks_in_place: 1.
 - new_chunks_are_fully_committed: 0.
 - uncommit_free_chunks: 1.
 - use_allocation_guard: 0.
 - handle_deallocations: 1.


Internal statistics:

num_allocs_failed_limit: 0.
num_arena_births: 110.
num_arena_deaths: 0.
num_vsnodes_births: 2.
num_vsnodes_deaths: 0.
num_space_committed: 182.
num_space_uncommitted: 0.
num_chunks_returned_to_freelist: 0.
num_chunks_taken_from_freelist: 432.
num_chunk_merges: 0.
num_chunk_splits: 354.
num_chunks_enlarged: 302.
num_inconsistent_stats: 0.

CodeHeap 'non-profiled nmethods': size=120000Kb used=774Kb max_used=774Kb free=119226Kb
 bounds [0x0000024907ad0000, 0x0000024907d40000, 0x000002490f000000]
CodeHeap 'profiled nmethods': size=120000Kb used=2445Kb max_used=2445Kb free=117554Kb
 bounds [0x0000024900000000, 0x0000024900270000, 0x0000024907530000]
CodeHeap 'non-nmethods': size=5760Kb used=1831Kb max_used=1857Kb free=3928Kb
 bounds [0x0000024907530000, 0x00000249077a0000, 0x0000024907ad0000]
 total_blobs=2881 nmethods=1559 adapters=1235
 compilation: enabled
              stopped_count=0, restarted_count=0
 full_count=0

Compilation events (20 events):
Event: 246.772 Thread 0x00000249138983d0 1551       4       modules.CA.RDCA.RDCA::swapGens (19 bytes)
Event: 246.782 Thread 0x00000249138983d0 nmethod 1551 0x0000024907b8f010 code [0x0000024907b8f180, 0x0000024907b8f398]
Event: 263.823 Thread 0x00000249138a4b30 1552       3       modules.CA.RDCA.RDCA::initGen (210 bytes)
Event: 263.827 Thread 0x00000249138a4b30 nmethod 1552 0x0000024900261e90 code [0x0000024900262100, 0x00000249002630f8]
Event: 267.363 Thread 0x00000249138983d0 1553       4       modules.CA.RDCA.RDCA_Renderer::render (37 bytes)
Event: 267.425 Thread 0x00000249138983d0 nmethod 1553 0x0000024907b8f410 code [0x0000024907b8f5c0, 0x0000024907b8f808]
Event: 268.944 Thread 0x00000249138983d0 1554       4       java.util.ArrayList::clear (43 bytes)
Event: 268.960 Thread 0x00000249138983d0 nmethod 1554 0x0000024907b8fb10 code [0x0000024907b8fc80, 0x0000024907b8fdd8]
Event: 272.573 Thread 0x00000249138983d0 1555       4       java.lang.String::checkBoundsOffCount (64 bytes)
Event: 272.577 Thread 0x00000249138983d0 nmethod 1555 0x0000024907b8fe90 code [0x0000024907b90000, 0x0000024907b900b8]
Event: 281.712 Thread 0x00000249138983d0 1556       4       jdk.internal.misc.Unsafe::allocateUninitializedArray (55 bytes)
Event: 281.775 Thread 0x00000249138983d0 nmethod 1556 0x0000024907b90190 code [0x0000024907b90320, 0x0000024907b904f8]
Event: 283.534 Thread 0x00000249138983d0 1557       4       java.lang.String::getBytes (44 bytes)
Event: 283.549 Thread 0x00000249138983d0 nmethod 1557 0x0000024907b90690 code [0x0000024907b90800, 0x0000024907b90958]
Event: 284.099 Thread 0x00000249138983d0 1558       4       java.lang.StringConcatHelper::prepend (37 bytes)
Event: 284.110 Thread 0x00000249138983d0 nmethod 1558 0x0000024907b90a90 code [0x0000024907b90c20, 0x0000024907b90db8]
Event: 285.304 Thread 0x00000249138983d0 1559       4       jdk.internal.misc.Unsafe::allocateUninitializedArray0 (90 bytes)
Event: 285.319 Thread 0x00000249138983d0 nmethod 1559 0x0000024907b90f90 code [0x0000024907b91120, 0x0000024907b912d8]
Event: 285.333 Thread 0x00000249138983d0 1560       4       jdk.internal.misc.Unsafe::allocateUninitializedArray (55 bytes)
Event: 285.341 Thread 0x00000249138983d0 nmethod 1560 0x0000024907b91390 code [0x0000024907b91520, 0x0000024907b916d8]

GC Heap History (20 events):
Event: 278.702 GC heap before
{Heap before GC invocations=149 (full 0):
 garbage-first heap   total 262144K, used 222030K [0x0000000086600000, 0x0000000100000000)
  region size 1024K, 104 young (106496K), 2 survivors (2048K)
 Metaspace       used 11596K, committed 11776K, reserved 1114112K
  class space    used 837K, committed 896K, reserved 1048576K
}
Event: 278.708 GC heap after
{Heap after GC invocations=150 (full 0):
 garbage-first heap   total 262144K, used 13014K [0x0000000086600000, 0x0000000100000000)
  region size 1024K, 2 young (2048K), 2 survivors (2048K)
 Metaspace       used 11596K, committed 11776K, reserved 1114112K
  class space    used 837K, committed 896K, reserved 1048576K
}
Event: 280.322 GC heap before
{Heap before GC invocations=150 (full 0):
 garbage-first heap   total 262144K, used 221910K [0x0000000086600000, 0x0000000100000000)
  region size 1024K, 104 young (106496K), 2 survivors (2048K)
 Metaspace       used 11596K, committed 11776K, reserved 1114112K
  class space    used 837K, committed 896K, reserved 1048576K
}
Event: 280.326 GC heap after
{Heap after GC invocations=151 (full 0):
 garbage-first heap   total 262144K, used 13074K [0x0000000086600000, 0x0000000100000000)
  region size 1024K, 2 young (2048K), 2 survivors (2048K)
 Metaspace       used 11596K, committed 11776K, reserved 1114112K
  class space    used 837K, committed 896K, reserved 1048576K
}
Event: 282.175 GC heap before
{Heap before GC invocations=151 (full 0):
 garbage-first heap   total 262144K, used 221970K [0x0000000086600000, 0x0000000100000000)
  region size 1024K, 104 young (106496K), 2 survivors (2048K)
 Metaspace       used 11596K, committed 11776K, reserved 1114112K
  class space    used 837K, committed 896K, reserved 1048576K
}
Event: 282.178 GC heap after
{Heap after GC invocations=152 (full 0):
 garbage-first heap   total 262144K, used 13074K [0x0000000086600000, 0x0000000100000000)
  region size 1024K, 2 young (2048K), 2 survivors (2048K)
 Metaspace       used 11596K, committed 11776K, reserved 1114112K
  class space    used 837K, committed 896K, reserved 1048576K
}
Event: 283.416 GC heap before
{Heap before GC invocations=152 (full 0):
 garbage-first heap   total 262144K, used 221970K [0x0000000086600000, 0x0000000100000000)
  region size 1024K, 104 young (106496K), 2 survivors (2048K)
 Metaspace       used 11596K, committed 11776K, reserved 1114112K
  class space    used 837K, committed 896K, reserved 1048576K
}
Event: 283.419 GC heap after
{Heap after GC invocations=153 (full 0):
 garbage-first heap   total 262144K, used 13074K [0x0000000086600000, 0x0000000100000000)
  region size 1024K, 2 young (2048K), 2 survivors (2048K)
 Metaspace       used 11596K, committed 11776K, reserved 1114112K
  class space    used 837K, committed 896K, reserved 1048576K
}
Event: 284.833 GC heap before
{Heap before GC invocations=153 (full 0):
 garbage-first heap   total 262144K, used 221970K [0x0000000086600000, 0x0000000100000000)
  region size 1024K, 104 young (106496K), 2 survivors (2048K)
 Metaspace       used 11596K, committed 11776K, reserved 1114112K
  class space    used 837K, committed 896K, reserved 1048576K
}
Event: 284.843 GC heap after
{Heap after GC invocations=154 (full 0):
 garbage-first heap   total 262144K, used 13014K [0x0000000086600000, 0x0000000100000000)
  region size 1024K, 2 young (2048K), 2 survivors (2048K)
 Metaspace       used 11596K, committed 11776K, reserved 1114112K
  class space    used 837K, committed 896K, reserved 1048576K
}
Event: 286.437 GC heap before
{Heap before GC invocations=154 (full 0):
 garbage-first heap   total 262144K, used 221910K [0x0000000086600000, 0x0000000100000000)
  region size 1024K, 104 young (106496K), 2 survivors (2048K)
 Metaspace       used 11596K, committed 11776K, reserved 1114112K
  class space    used 837K, committed 896K, reserved 1048576K
}
Event: 286.461 GC heap after
{Heap after GC invocations=155 (full 0):
 garbage-first heap   total 262144K, used 13047K [0x0000000086600000, 0x0000000100000000)
  region size 1024K, 1 young (1024K), 1 survivors (1024K)
 Metaspace       used 11596K, committed 11776K, reserved 1114112K
  class space    used 837K, committed 896K, reserved 1048576K
}
Event: 287.936 GC heap before
{Heap before GC invocations=155 (full 0):
 garbage-first heap   total 262144K, used 219895K [0x0000000086600000, 0x0000000100000000)
  region size 1024K, 102 young (104448K), 1 survivors (1024K)
 Metaspace       used 11596K, committed 11776K, reserved 1114112K
  class space    used 837K, committed 896K, reserved 1048576K
}
Event: 287.942 GC heap after
{Heap after GC invocations=156 (full 0):
 garbage-first heap   total 262144K, used 14041K [0x0000000086600000, 0x0000000100000000)
  region size 1024K, 1 young (1024K), 1 survivors (1024K)
 Metaspace       used 11596K, committed 11776K, reserved 1114112K
  class space    used 837K, committed 896K, reserved 1048576K
}
Event: 289.334 GC heap before
{Heap before GC invocations=156 (full 0):
 garbage-first heap   total 262144K, used 218841K [0x0000000086600000, 0x0000000100000000)
  region size 1024K, 101 young (103424K), 1 survivors (1024K)
 Metaspace       used 11596K, committed 11776K, reserved 1114112K
  class space    used 837K, committed 896K, reserved 1048576K
}
Event: 289.339 GC heap after
{Heap after GC invocations=157 (full 0):
 garbage-first heap   total 262144K, used 14027K [0x0000000086600000, 0x0000000100000000)
  region size 1024K, 1 young (1024K), 1 survivors (1024K)
 Metaspace       used 11596K, committed 11776K, reserved 1114112K
  class space    used 837K, committed 896K, reserved 1048576K
}
Event: 290.767 GC heap before
{Heap before GC invocations=157 (full 0):
 garbage-first heap   total 262144K, used 218827K [0x0000000086600000, 0x0000000100000000)
  region size 1024K, 101 young (103424K), 1 survivors (1024K)
 Metaspace       used 11596K, committed 11776K, reserved 1114112K
  class space    used 837K, committed 896K, reserved 1048576K
}
Event: 290.773 GC heap after
{Heap after GC invocations=158 (full 0):
 garbage-first heap   total 262144K, used 14012K [0x0000000086600000, 0x0000000100000000)
  region size 1024K, 1 young (1024K), 1 survivors (1024K)
 Metaspace       used 11596K, committed 11776K, reserved 1114112K
  class space    used 837K, committed 896K, reserved 1048576K
}
Event: 292.241 GC heap before
{Heap before GC invocations=158 (full 0):
 garbage-first heap   total 262144K, used 218812K [0x0000000086600000, 0x0000000100000000)
  region size 1024K, 101 young (103424K), 1 survivors (1024K)
 Metaspace       used 11596K, committed 11776K, reserved 1114112K
  class space    used 837K, committed 896K, reserved 1048576K
}
Event: 292.247 GC heap after
{Heap after GC invocations=159 (full 0):
 garbage-first heap   total 262144K, used 14036K [0x0000000086600000, 0x0000000100000000)
  region size 1024K, 1 young (1024K), 1 survivors (1024K)
 Metaspace       used 11596K, committed 11776K, reserved 1114112K
  class space    used 837K, committed 896K, reserved 1048576K
}

Dll operation events (10 events):
Event: 0.016 Loaded shared library C:\Users\devin\AppData\Local\Programs\Eclipse Adoptium\jdk-17.0.7.7-hotspot\bin\java.dll
Event: 0.040 Loaded shared library C:\Users\devin\AppData\Local\Programs\Eclipse Adoptium\jdk-17.0.7.7-hotspot\bin\jsvml.dll
Event: 0.202 Loaded shared library C:\Users\devin\AppData\Local\Programs\Eclipse Adoptium\jdk-17.0.7.7-hotspot\bin\net.dll
Event: 0.205 Loaded shared library C:\Users\devin\AppData\Local\Programs\Eclipse Adoptium\jdk-17.0.7.7-hotspot\bin\nio.dll
Event: 0.219 Loaded shared library C:\Users\devin\AppData\Local\Programs\Eclipse Adoptium\jdk-17.0.7.7-hotspot\bin\jimage.dll
Event: 0.326 Loaded shared library C:\Users\devin\AppData\Local\Programs\Eclipse Adoptium\jdk-17.0.7.7-hotspot\bin\zip.dll
Event: 0.532 Loaded shared library C:\Users\devin\AppData\Local\Temp\lwjgl_devin\3.3.2+13\x64\lwjgl.dll
Event: 1.458 Loaded shared library C:\Users\devin\AppData\Local\Temp\lwjgl_devin\3.3.2+13\x64\lwjgl_opengl.dll
Event: 1.847 Loaded shared library C:\Users\devin\AppData\Local\Temp\imgui-java-bin_devin\imgui-java64.dll
Event: 101.086 Loaded shared library C:\Users\devin\AppData\Local\Programs\Eclipse Adoptium\jdk-17.0.7.7-hotspot\bin\verify.dll

Deoptimization events (20 events):
Event: 229.788 Thread 0x000002497368e0f0 DEOPT PACKING pc=0x000002490025ffc3 sp=0x000000ada4dff0f0
Event: 229.788 Thread 0x000002497368e0f0 DEOPT UNPACKING pc=0x000002490758ace3 sp=0x000000ada4dfe5b0 mode 0
Event: 229.816 Thread 0x000002497368e0f0 DEOPT PACKING pc=0x000002490025ffc3 sp=0x000000ada4dff0f0
Event: 229.816 Thread 0x000002497368e0f0 DEOPT UNPACKING pc=0x000002490758ace3 sp=0x000000ada4dfe5b0 mode 0
Event: 281.804 Thread 0x000002497368e0f0 Uncommon trap: trap_request=0xffffffde fr.pc=0x0000024907b90434 relative=0x0000000000000114
Event: 281.804 Thread 0x000002497368e0f0 Uncommon trap: reason=class_check action=maybe_recompile pc=0x0000024907b90434 method=jdk.internal.misc.Unsafe.allocateUninitializedArray(Ljava/lang/Class;I)Ljava/lang/Object; @ 51 c2
Event: 281.804 Thread 0x000002497368e0f0 DEOPT PACKING pc=0x0000024907b90434 sp=0x000000ada4dfef40
Event: 281.804 Thread 0x000002497368e0f0 DEOPT UNPACKING pc=0x000002490758a1a3 sp=0x000000ada4dfeec8 mode 2
Event: 281.832 Thread 0x000002497368e0f0 Uncommon trap: trap_request=0xffffffde fr.pc=0x0000024907b90434 relative=0x0000000000000114
Event: 281.832 Thread 0x000002497368e0f0 Uncommon trap: reason=class_check action=maybe_recompile pc=0x0000024907b90434 method=jdk.internal.misc.Unsafe.allocateUninitializedArray(Ljava/lang/Class;I)Ljava/lang/Object; @ 51 c2
Event: 281.832 Thread 0x000002497368e0f0 DEOPT PACKING pc=0x0000024907b90434 sp=0x000000ada4dfef40
Event: 281.838 Thread 0x000002497368e0f0 DEOPT UNPACKING pc=0x000002490758a1a3 sp=0x000000ada4dfeec8 mode 2
Event: 281.853 Thread 0x000002497368e0f0 Uncommon trap: trap_request=0xffffffde fr.pc=0x0000024907b90434 relative=0x0000000000000114
Event: 281.853 Thread 0x000002497368e0f0 Uncommon trap: reason=class_check action=maybe_recompile pc=0x0000024907b90434 method=jdk.internal.misc.Unsafe.allocateUninitializedArray(Ljava/lang/Class;I)Ljava/lang/Object; @ 51 c2
Event: 281.853 Thread 0x000002497368e0f0 DEOPT PACKING pc=0x0000024907b90434 sp=0x000000ada4dfef40
Event: 281.853 Thread 0x000002497368e0f0 DEOPT UNPACKING pc=0x000002490758a1a3 sp=0x000000ada4dfeec8 mode 2
Event: 281.882 Thread 0x000002497368e0f0 Uncommon trap: trap_request=0xffffffde fr.pc=0x0000024907b90434 relative=0x0000000000000114
Event: 281.882 Thread 0x000002497368e0f0 Uncommon trap: reason=class_check action=maybe_recompile pc=0x0000024907b90434 method=jdk.internal.misc.Unsafe.allocateUninitializedArray(Ljava/lang/Class;I)Ljava/lang/Object; @ 51 c2
Event: 281.882 Thread 0x000002497368e0f0 DEOPT PACKING pc=0x0000024907b90434 sp=0x000000ada4dfef40
Event: 281.882 Thread 0x000002497368e0f0 DEOPT UNPACKING pc=0x000002490758a1a3 sp=0x000000ada4dfeec8 mode 2

Classes unloaded (0 events):
No events

Classes redefined (0 events):
No events

Internal exceptions (20 events):
Event: 0.459 Thread 0x000002497368e0f0 Exception <a 'java/lang/NoSuchMethodError'{0x000000008db40300}: 'void java.lang.invoke.DirectMethodHandle$Holder.invokeStatic(java.lang.Object, java.lang.Object)'> (0x000000008db40300) 
thrown [s\src\hotspot\share\interpreter\linkResolver.cpp, line 759]
Event: 0.462 Thread 0x000002497368e0f0 Exception <a 'java/lang/NoSuchMethodError'{0x000000008db45638}: 'void java.lang.invoke.DirectMethodHandle$Holder.invokeSpecial(java.lang.Object, java.lang.Object, java.lang.Object)'> (0x000000008db45638) 
thrown [s\src\hotspot\share\interpreter\linkResolver.cpp, line 759]
Event: 0.465 Thread 0x000002497368e0f0 Exception <a 'java/lang/NoSuchMethodError'{0x000000008db53d08}: 'java.lang.Object java.lang.invoke.DirectMethodHandle$Holder.invokeStatic(java.lang.Object, java.lang.Object, int)'> (0x000000008db53d08) 
thrown [s\src\hotspot\share\interpreter\linkResolver.cpp, line 759]
Event: 0.469 Thread 0x000002497368e0f0 Exception <a 'java/lang/NoSuchMethodError'{0x000000008db5f9f8}: 'void java.lang.invoke.DelegatingMethodHandle$Holder.delegate(java.lang.Object, java.lang.Object, int, java.lang.Object)'> (0x000000008db5f9f8) 
thrown [s\src\hotspot\share\interpreter\linkResolver.cpp, line 759]
Event: 0.472 Thread 0x000002497368e0f0 Exception <a 'java/lang/NoSuchMethodError'{0x000000008db63c38}: 'int java.lang.invoke.DirectMethodHandle$Holder.invokeSpecial(java.lang.Object, java.lang.Object, java.lang.Object)'> (0x000000008db63c38) 
thrown [s\src\hotspot\share\interpreter\linkResolver.cpp, line 759]
Event: 0.529 Thread 0x000002497368e0f0 Exception <a 'sun/nio/fs/WindowsException'{0x000000008dbba128}> (0x000000008dbba128) 
thrown [s\src\hotspot\share\prims\jni.cpp, line 516]
Event: 0.529 Thread 0x000002497368e0f0 Exception <a 'sun/nio/fs/WindowsException'{0x000000008dbba678}> (0x000000008dbba678) 
thrown [s\src\hotspot\share\prims\jni.cpp, line 516]
Event: 0.673 Thread 0x000002497368e0f0 Exception <a 'java/lang/NoSuchMethodError'{0x000000008dab8cf8}: 'int java.lang.invoke.DirectMethodHandle$Holder.invokeStaticInit(java.lang.Object, java.lang.Object, int, long)'> (0x000000008dab8cf8) 
thrown [s\src\hotspot\share\interpreter\linkResolver.cpp, line 759]
Event: 0.675 Thread 0x000002497368e0f0 Exception <a 'java/lang/NoSuchMethodError'{0x000000008dabe5c0}: 'java.lang.Object java.lang.invoke.DirectMethodHandle$Holder.newInvokeSpecial(java.lang.Object, java.lang.Object, int)'> (0x000000008dabe5c0) 
thrown [s\src\hotspot\share\interpreter\linkResolver.cpp, line 759]
Event: 0.680 Thread 0x000002497368e0f0 Exception <a 'java/lang/NoSuchMethodError'{0x000000008dace918}: 'int java.lang.invoke.DirectMethodHandle$Holder.invokeStaticInit(java.lang.Object, java.lang.Object, long, long)'> (0x000000008dace918) 
thrown [s\src\hotspot\share\interpreter\linkResolver.cpp, line 759]
Event: 0.682 Thread 0x000002497368e0f0 Exception <a 'java/lang/NoSuchMethodError'{0x000000008dad46a0}: 'java.lang.Object java.lang.invoke.DirectMethodHandle$Holder.newInvokeSpecial(java.lang.Object, java.lang.Object, long)'> (0x000000008dad46a0) 
thrown [s\src\hotspot\share\interpreter\linkResolver.cpp, line 759]
Event: 0.683 Thread 0x000002497368e0f0 Exception <a 'java/lang/NoSuchMethodError'{0x000000008dad7f68}: 'java.lang.Object java.lang.invoke.Invokers$Holder.linkToTargetMethod(java.lang.Object, long, java.lang.Object)'> (0x000000008dad7f68) 
thrown [s\src\hotspot\share\interpreter\linkResolver.cpp, line 759]
Event: 0.685 Thread 0x000002497368e0f0 Exception <a 'java/lang/NoSuchMethodError'{0x000000008dadf568}: 'int java.lang.invoke.DirectMethodHandle$Holder.invokeStaticInit(java.lang.Object, java.lang.Object, java.lang.Object, long)'> (0x000000008dadf568) 
thrown [s\src\hotspot\share\interpreter\linkResolver.cpp, line 759]
Event: 0.746 Thread 0x000002497368e0f0 Exception <a 'sun/nio/fs/WindowsException'{0x000000008d9a2fb0}> (0x000000008d9a2fb0) 
thrown [s\src\hotspot\share\prims\jni.cpp, line 516]
Event: 0.746 Thread 0x000002497368e0f0 Exception <a 'sun/nio/fs/WindowsException'{0x000000008d9a3310}> (0x000000008d9a3310) 
thrown [s\src\hotspot\share\prims\jni.cpp, line 516]
Event: 1.251 Thread 0x000002497368e0f0 Exception <a 'java/lang/NoSuchMethodError'{0x000000008d9f74f8}: 'void java.lang.invoke.DirectMethodHandle$Holder.invokeStatic(java.lang.Object, long, int, int)'> (0x000000008d9f74f8) 
thrown [s\src\hotspot\share\interpreter\linkResolver.cpp, line 759]
Event: 1.453 Thread 0x000002497368e0f0 Exception <a 'sun/nio/fs/WindowsException'{0x000000008d846c10}> (0x000000008d846c10) 
thrown [s\src\hotspot\share\prims\jni.cpp, line 516]
Event: 1.454 Thread 0x000002497368e0f0 Exception <a 'sun/nio/fs/WindowsException'{0x000000008d846fb8}> (0x000000008d846fb8) 
thrown [s\src\hotspot\share\prims\jni.cpp, line 516]
Event: 1.471 Thread 0x000002497368e0f0 Exception <a 'sun/nio/fs/WindowsException'{0x000000008d8520b8}> (0x000000008d8520b8) 
thrown [s\src\hotspot\share\prims\jni.cpp, line 516]
Event: 1.471 Thread 0x000002497368e0f0 Exception <a 'sun/nio/fs/WindowsException'{0x000000008d852398}> (0x000000008d852398) 
thrown [s\src\hotspot\share\prims\jni.cpp, line 516]

VM Operations (20 events):
Event: 278.702 Executing VM operation: G1TryInitiateConcMark
Event: 278.708 Executing VM operation: G1TryInitiateConcMark done
Event: 280.322 Executing VM operation: G1TryInitiateConcMark
Event: 280.326 Executing VM operation: G1TryInitiateConcMark done
Event: 282.175 Executing VM operation: G1TryInitiateConcMark
Event: 282.178 Executing VM operation: G1TryInitiateConcMark done
Event: 283.416 Executing VM operation: G1TryInitiateConcMark
Event: 283.419 Executing VM operation: G1TryInitiateConcMark done
Event: 284.833 Executing VM operation: G1TryInitiateConcMark
Event: 284.843 Executing VM operation: G1TryInitiateConcMark done
Event: 286.437 Executing VM operation: G1TryInitiateConcMark
Event: 286.462 Executing VM operation: G1TryInitiateConcMark done
Event: 287.936 Executing VM operation: G1TryInitiateConcMark
Event: 287.942 Executing VM operation: G1TryInitiateConcMark done
Event: 289.334 Executing VM operation: G1TryInitiateConcMark
Event: 289.339 Executing VM operation: G1TryInitiateConcMark done
Event: 290.767 Executing VM operation: G1TryInitiateConcMark
Event: 290.773 Executing VM operation: G1TryInitiateConcMark done
Event: 292.241 Executing VM operation: G1TryInitiateConcMark
Event: 292.247 Executing VM operation: G1TryInitiateConcMark done

Events (20 events):
Event: 54.549 loading class java/net/InetSocketAddress done
Event: 54.587 loading class java/util/LinkedHashMap$LinkedValues
Event: 54.588 loading class java/util/LinkedHashMap$LinkedValues done
Event: 54.588 loading class java/util/LinkedHashMap$LinkedValueIterator
Event: 54.588 loading class java/util/LinkedHashMap$LinkedValueIterator done
Event: 54.622 loading class java/lang/reflect/InvocationTargetException
Event: 54.622 loading class java/lang/reflect/InvocationTargetException done
Event: 56.251 Thread 0x000002491de4ecc0 Thread exited: 0x000002491de4ecc0
Event: 101.081 loading class java/io/Externalizable
Event: 101.082 loading class java/io/Externalizable done
Event: 101.115 loading class java/lang/StrictMath
Event: 101.115 loading class java/lang/StrictMath done
Event: 101.370 loading class java/lang/AssertionError
Event: 101.370 loading class java/lang/AssertionError done
Event: 101.433 Thread 0x000002491dc5e1e0 Thread added: 0x000002491dc5e1e0
Event: 102.043 Thread 0x000002491dc5e1e0 Thread exited: 0x000002491dc5e1e0
Event: 146.655 loading class java/io/FileWriter
Event: 146.658 loading class java/io/FileWriter done
Event: 146.672 loading class java/io/FileOutputStream$1
Event: 146.674 loading class java/io/FileOutputStream$1 done


Dynamic libraries:
0x00007ff7aae40000 - 0x00007ff7aae4e000 	C:\Users\devin\AppData\Local\Programs\Eclipse Adoptium\jdk-17.0.7.7-hotspot\bin\java.exe
0x00007ffa566b0000 - 0x00007ffa568c4000 	C:\WINDOWS\SYSTEM32\ntdll.dll
0x00007ffa54e50000 - 0x00007ffa54f12000 	C:\WINDOWS\System32\KERNEL32.DLL
0x00007ffa53f30000 - 0x00007ffa542d3000 	C:\WINDOWS\System32\KERNELBASE.dll
0x00007ffa53c00000 - 0x00007ffa53d11000 	C:\WINDOWS\System32\ucrtbase.dll
0x00007ffa4cf40000 - 0x00007ffa4cf57000 	C:\Users\devin\AppData\Local\Programs\Eclipse Adoptium\jdk-17.0.7.7-hotspot\bin\jli.dll
0x00007ffa505d0000 - 0x00007ffa505e9000 	C:\Users\devin\AppData\Local\Programs\Eclipse Adoptium\jdk-17.0.7.7-hotspot\bin\VCRUNTIME140.dll
0x00007ffa55540000 - 0x00007ffa556eb000 	C:\WINDOWS\System32\USER32.dll
0x00007ffa39b40000 - 0x00007ffa39dce000 	C:\WINDOWS\WinSxS\amd64_microsoft.windows.common-controls_6595b64144ccf1df_6.0.22621.1635_none_270f70857386168e\COMCTL32.dll
0x00007ffa542e0000 - 0x00007ffa54306000 	C:\WINDOWS\System32\win32u.dll
0x00007ffa55490000 - 0x00007ffa55537000 	C:\WINDOWS\System32\msvcrt.dll
0x00007ffa56460000 - 0x00007ffa56489000 	C:\WINDOWS\System32\GDI32.dll
0x00007ffa54310000 - 0x00007ffa54428000 	C:\WINDOWS\System32\gdi32full.dll
0x00007ffa53e90000 - 0x00007ffa53f2a000 	C:\WINDOWS\System32\msvcp_win.dll
0x00007ffa54f70000 - 0x00007ffa54fa1000 	C:\WINDOWS\System32\IMM32.DLL
0x00007ffa50560000 - 0x00007ffa5056c000 	C:\Users\devin\AppData\Local\Programs\Eclipse Adoptium\jdk-17.0.7.7-hotspot\bin\vcruntime140_1.dll
0x00007ffa30e80000 - 0x00007ffa30f11000 	C:\Users\devin\AppData\Local\Programs\Eclipse Adoptium\jdk-17.0.7.7-hotspot\bin\msvcp140.dll
0x00007ffa02760000 - 0x00007ffa033a8000 	C:\Users\devin\AppData\Local\Programs\Eclipse Adoptium\jdk-17.0.7.7-hotspot\bin\server\jvm.dll
0x00007ffa54d10000 - 0x00007ffa54dbe000 	C:\WINDOWS\System32\ADVAPI32.dll
0x00007ffa54c60000 - 0x00007ffa54d04000 	C:\WINDOWS\System32\sechost.dll
0x00007ffa55880000 - 0x00007ffa55997000 	C:\WINDOWS\System32\RPCRT4.dll
0x00007ffa4b140000 - 0x00007ffa4b174000 	C:\WINDOWS\SYSTEM32\WINMM.dll
0x00007ffa2e750000 - 0x00007ffa2e759000 	C:\WINDOWS\SYSTEM32\WSOCK32.dll
0x00007ffa41570000 - 0x00007ffa4157a000 	C:\WINDOWS\SYSTEM32\VERSION.dll
0x00007ffa544b0000 - 0x00007ffa54521000 	C:\WINDOWS\System32\WS2_32.dll
0x00007ffa52af0000 - 0x00007ffa52b08000 	C:\WINDOWS\SYSTEM32\kernel.appcore.dll
0x00007ffa4e600000 - 0x00007ffa4e60a000 	C:\Users\devin\AppData\Local\Programs\Eclipse Adoptium\jdk-17.0.7.7-hotspot\bin\jimage.dll
0x00007ffa51540000 - 0x00007ffa5176e000 	C:\WINDOWS\SYSTEM32\DBGHELP.DLL
0x00007ffa54600000 - 0x00007ffa54989000 	C:\WINDOWS\System32\combase.dll
0x00007ffa56590000 - 0x00007ffa56667000 	C:\WINDOWS\System32\OLEAUT32.dll
0x00007ffa38ae0000 - 0x00007ffa38b12000 	C:\WINDOWS\SYSTEM32\dbgcore.DLL
0x00007ffa54430000 - 0x00007ffa544ab000 	C:\WINDOWS\System32\bcryptPrimitives.dll
0x00007ffa45030000 - 0x00007ffa45055000 	C:\Users\devin\AppData\Local\Programs\Eclipse Adoptium\jdk-17.0.7.7-hotspot\bin\java.dll
0x00007ffa20410000 - 0x00007ffa204e6000 	C:\Users\devin\AppData\Local\Programs\Eclipse Adoptium\jdk-17.0.7.7-hotspot\bin\jsvml.dll
0x00007ffa55aa0000 - 0x00007ffa5629a000 	C:\WINDOWS\System32\SHELL32.dll
0x00007ffa51a80000 - 0x00007ffa5234e000 	C:\WINDOWS\SYSTEM32\windows.storage.dll
0x00007ffa51940000 - 0x00007ffa51a7e000 	C:\WINDOWS\SYSTEM32\wintypes.dll
0x00007ffa55780000 - 0x00007ffa55871000 	C:\WINDOWS\System32\SHCORE.dll
0x00007ffa55430000 - 0x00007ffa5548e000 	C:\WINDOWS\System32\shlwapi.dll
0x00007ffa53a00000 - 0x00007ffa53a21000 	C:\WINDOWS\SYSTEM32\profapi.dll
0x00007ffa46ca0000 - 0x00007ffa46cb9000 	C:\Users\devin\AppData\Local\Programs\Eclipse Adoptium\jdk-17.0.7.7-hotspot\bin\net.dll
0x00007ffa4d560000 - 0x00007ffa4d697000 	C:\WINDOWS\SYSTEM32\WINHTTP.dll
0x00007ffa52f70000 - 0x00007ffa52fd9000 	C:\WINDOWS\system32\mswsock.dll
0x00007ffa45150000 - 0x00007ffa45165000 	C:\Users\devin\AppData\Local\Programs\Eclipse Adoptium\jdk-17.0.7.7-hotspot\bin\nio.dll
0x00007ffa41380000 - 0x00007ffa41398000 	C:\Users\devin\AppData\Local\Programs\Eclipse Adoptium\jdk-17.0.7.7-hotspot\bin\zip.dll
0x00007ffa3ce60000 - 0x00007ffa3ceda000 	C:\Users\devin\AppData\Local\Temp\lwjgl_devin\3.3.2+13\x64\lwjgl.dll
0x00007ffa3cdd0000 - 0x00007ffa3ce52000 	C:\Users\devin\AppData\Local\Temp\lwjgl_devin\3.3.2+13\x64\glfw.dll
0x00007ffa3e650000 - 0x00007ffa3e696000 	C:\WINDOWS\SYSTEM32\dinput8.dll
0x00007ffa4c7a0000 - 0x00007ffa4c7b1000 	C:\WINDOWS\SYSTEM32\xinput1_4.dll
0x00007ffa536a0000 - 0x00007ffa536cc000 	C:\WINDOWS\SYSTEM32\DEVOBJ.dll
0x00007ffa536d0000 - 0x00007ffa5371e000 	C:\WINDOWS\SYSTEM32\cfgmgr32.dll
0x00007ffa50f60000 - 0x00007ffa50f8b000 	C:\WINDOWS\SYSTEM32\dwmapi.dll
0x00007ffa455e0000 - 0x00007ffa457e1000 	C:\WINDOWS\SYSTEM32\inputhost.dll
0x00007ffa50230000 - 0x00007ffa50363000 	C:\WINDOWS\SYSTEM32\CoreMessaging.dll
0x00007ffa50ce0000 - 0x00007ffa50d8b000 	C:\WINDOWS\system32\uxtheme.dll
0x00007ffa54b40000 - 0x00007ffa54c5e000 	C:\WINDOWS\System32\MSCTF.dll
0x00007ffa53210000 - 0x00007ffa5321c000 	C:\WINDOWS\SYSTEM32\CRYPTBASE.DLL
0x00007ffa352e0000 - 0x00007ffa353e0000 	C:\WINDOWS\SYSTEM32\opengl32.dll
0x00007ffa3e460000 - 0x00007ffa3e48d000 	C:\WINDOWS\SYSTEM32\GLU32.dll
0x00007ffa50e10000 - 0x00007ffa50e46000 	C:\WINDOWS\SYSTEM32\dxcore.dll
0x00007ffa4d080000 - 0x00007ffa4d0c8000 	C:\WINDOWS\SYSTEM32\directxdatabasehelper.dll
0x00007ffa54530000 - 0x00007ffa545e0000 	C:\WINDOWS\System32\clbcatq.dll
0x00007ffa10740000 - 0x00007ffa11762000 	C:\WINDOWS\System32\DriverStore\FileRepository\iigd_dch.inf_amd64_d73f88d32ddb95d3\ig11icd64.dll
0x00007ffa54990000 - 0x00007ffa54b2c000 	C:\WINDOWS\System32\ole32.dll
0x00007ffa50e50000 - 0x00007ffa50f46000 	C:\WINDOWS\system32\dxgi.dll
0x00007ffa149b0000 - 0x00007ffa14db9000 	C:\WINDOWS\System32\DriverStore\FileRepository\iigd_dch.inf_amd64_d73f88d32ddb95d3\igdml64.dll
0x00007ffa44cc0000 - 0x00007ffa44ff1000 	C:\WINDOWS\System32\DriverStore\FileRepository\iigd_dch.inf_amd64_d73f88d32ddb95d3\igdgmm64.dll
0x00007ffa41f40000 - 0x00007ffa44cb8000 	C:\WINDOWS\System32\DriverStore\FileRepository\iigd_dch.inf_amd64_d73f88d32ddb95d3\igc64.dll
0x00007ffa539a0000 - 0x00007ffa539ed000 	C:\WINDOWS\SYSTEM32\powrprof.dll
0x00007ffa53980000 - 0x00007ffa53993000 	C:\WINDOWS\SYSTEM32\UMPDC.dll
0x00007ffa45950000 - 0x00007ffa45a7d000 	C:\WINDOWS\SYSTEM32\textinputframework.dll
0x00007ffa4c310000 - 0x00007ffa4c67c000 	C:\WINDOWS\SYSTEM32\CoreUIComponents.dll
0x00007ffa338b0000 - 0x00007ffa33919000 	C:\WINDOWS\system32\Oleacc.dll
0x00007ffa3ccd0000 - 0x00007ffa3cd2e000 	C:\Users\devin\AppData\Local\Temp\lwjgl_devin\3.3.2+13\x64\lwjgl_opengl.dll
0x000000006f6c0000 - 0x000000006f872000 	C:\Users\devin\AppData\Local\Temp\imgui-java-bin_devin\imgui-java64.dll
0x00007ffa531f0000 - 0x00007ffa5320b000 	C:\WINDOWS\SYSTEM32\CRYPTSP.dll
0x00007ffa52a60000 - 0x00007ffa52a95000 	C:\WINDOWS\system32\rsaenh.dll
0x00007ffa4e5e0000 - 0x00007ffa4e5f0000 	C:\Users\devin\AppData\Local\Programs\Eclipse Adoptium\jdk-17.0.7.7-hotspot\bin\verify.dll

dbghelp: loaded successfully - version: 4.0.5 - missing functions: none
symbol engine: initialized successfully - sym options: 0x614 - pdb path: .;C:\Users\devin\AppData\Local\Programs\Eclipse Adoptium\jdk-17.0.7.7-hotspot\bin;C:\WINDOWS\SYSTEM32;C:\WINDOWS\WinSxS\amd64_microsoft.windows.common-controls_6595b64144ccf1df_6.0.22621.1635_none_270f70857386168e;C:\Users\devin\AppData\Local\Programs\Eclipse Adoptium\jdk-17.0.7.7-hotspot\bin\server;C:\Users\devin\AppData\Local\Temp\lwjgl_devin\3.3.2+13\x64;C:\WINDOWS\System32\DriverStore\FileRepository\iigd_dch.inf_amd64_d73f88d32ddb95d3;C:\Users\devin\AppData\Local\Temp\imgui-java-bin_devin

VM Arguments:
jvm_args: -Dfile.encoding=windows-1252 -Duser.country=US -Duser.language=en -Duser.variant 
java_command: main
java_class_path (initial): C:\Users\devin\Downloads\Coding\IntelliJ\Simulation_CA - CPU\build\classes\java\main;C:\Users\devin\Downloads\Coding\IntelliJ\Simulation_CA - CPU\build\resources\main;C:\Users\devin\.gradle\caches\modules-2\files-2.1\io.imgui.java\lwjgl3\1.76-0.9\e59d2c987f7992b35f69f83e3554590de40c7e79\lwjgl3-1.76-0.9.jar;C:\Users\devin\.gradle\caches\modules-2\files-2.1\io.imgui.java\binding\1.76-0.9\26b8c5547da3642e214d9ace5a6c624e1ed315b7\binding-1.76-0.9.jar;C:\Users\devin\.gradle\caches\modules-2\files-2.1\org.lwjgl\lwjgl-assimp\3.3.2\e5238c13abef6b0fd6e1b4320d3c8cd0c10bfe61\lwjgl-assimp-3.3.2.jar;C:\Users\devin\.gradle\caches\modules-2\files-2.1\org.lwjgl\lwjgl-assimp\3.3.2\54edbc8767bde24b73187c229dbd552228230c8a\lwjgl-assimp-3.3.2-natives-windows.jar;C:\Users\devin\.gradle\caches\modules-2\files-2.1\org.lwjgl\lwjgl-glfw\3.3.2\757920418805fb90bfebb3d46b1d9e7669fca2eb\lwjgl-glfw-3.3.2.jar;C:\Users\devin\.gradle\caches\modules-2\files-2.1\org.lwjgl\lwjgl-glfw\3.3.2\1251e3cb7e5d6159334cfb9244f789ce992f03b\lwjgl-glfw-3.3.2-natives-windows.jar;C:\Users\devin\.gradle\caches\modules-2\files-2.1\org.lwjgl\lwjgl-nfd\3.3.2\ec66452fad5bf48707cbe96c573c6cc3dd8a7a82\lwjgl-nfd-3.3.2.jar;C:\Users\devin\.gradle\caches\modules-2\files-2.1\org.lwjgl\lwjgl-nfd\3.3.2\12c0041066a97f0c74d0f72db1423ac9ea124275\lwjgl-nfd-3.3.2-natives-windows.jar;C:\Users\devin\.gradle\caches\modules-2\files-2.1\org.lwjgl\lwjgl-openal\3.3.2\ae5357ed6d934546d3533993ea84c0cfb75eed95\lwjgl-openal-3.3.2.jar;C:\Users\devin\.gradle\caches\modules-2\files-2.1\org.lwjgl\lwjgl-openal\3.3.2\e74f299a602192faaf14b917632e4cbbb493c940\lwjgl-openal-3.3.2-natives-windows.jar;C:\Users\devin\.gradle\caches\modules-2\files-2.1\org.lwjgl\lwjgl-opengl\3.3.2\ee8e95be0b438602038bc1f02dc5e3d011b1b216\lwjgl-opengl-3.3.2.jar;C:\Users\devin\.gradle\caches\modules-2\files-2.1\org.lwjgl\lwjgl-opengl\3.3.2\83cd34469d4e0bc335bf74c7f62206530a9480bf\lwjgl-opengl-3.3.2-natives-windows.jar;C:\Users\devin\.gradle\caches\m
Launcher Type: SUN_STANDARD

[Global flags]
     intx CICompilerCount                          = 4                                         {product} {ergonomic}
     uint ConcGCThreads                            = 2                                         {product} {ergonomic}
     uint G1ConcRefinementThreads                  = 8                                         {product} {ergonomic}
   size_t G1HeapRegionSize                         = 1048576                                   {product} {ergonomic}
    uintx GCDrainStackTargetSize                   = 64                                        {product} {ergonomic}
   size_t InitialHeapSize                          = 127926272                                 {product} {ergonomic}
   size_t MarkStackSize                            = 4194304                                   {product} {ergonomic}
   size_t MaxHeapSize                              = 2040528896                                {product} {ergonomic}
   size_t MaxNewSize                               = 1223688192                                {product} {ergonomic}
   size_t MinHeapDeltaBytes                        = 1048576                                   {product} {ergonomic}
   size_t MinHeapSize                              = 8388608                                   {product} {ergonomic}
    uintx NonNMethodCodeHeapSize                   = 5839372                                {pd product} {ergonomic}
    uintx NonProfiledCodeHeapSize                  = 122909434                              {pd product} {ergonomic}
    uintx ProfiledCodeHeapSize                     = 122909434                              {pd product} {ergonomic}
    uintx ReservedCodeCacheSize                    = 251658240                              {pd product} {ergonomic}
     bool SegmentedCodeCache                       = true                                      {product} {ergonomic}
   size_t SoftMaxHeapSize                          = 2040528896                             {manageable} {ergonomic}
     bool UseCompressedClassPointers               = true                           {product lp64_product} {ergonomic}
     bool UseCompressedOops                        = true                           {product lp64_product} {ergonomic}
     bool UseG1GC                                  = true                                      {product} {ergonomic}
     bool UseLargePagesIndividualAllocation        = false                                  {pd product} {ergonomic}

Logging:
Log output configuration:
 #0: stdout all=warning uptime,level,tags
 #1: stderr all=off uptime,level,tags

Environment Variables:
JAVA_HOME=C:\Users\devin\AppData\Local\Programs\Eclipse Adoptium\jdk-17.0.7.7-hotspot\
CLASSPATH=.;.;C:\PROGRA~2\JMF21~1.1E\lib\sound.jar;C:\PROGRA~2\JMF21~1.1E\lib\jmf.jar;C:\PROGRA~2\JMF21~1.1E\lib;
PATH=C:\WINDOWS\system32;C:\WINDOWS;C:\WINDOWS\System32\Wbem;C:\WINDOWS\System32\WindowsPowerShell\v1.0\;C:\WINDOWS\System32\OpenSSH\;C:\Program Files\Microsoft SQL Server\150\Tools\Binn\;C:\ProgramData\chocolatey\bin;C:\Program Files\Python311;C:\Users\devin\AppData\Roaming\npm\node_modules;C:\Program Files\Git\cmd;C:\Program Files\Java\jdk-19\bin;C:\Program Files\FFMPEG;C:\Program Files\NodeJS\;C:\Users\devin\AppData\Local\Programs\Eclipse Adoptium\jdk-17.0.7.7-hotspot\bin;C:\Users\devin\AppData\Local\Programs\Python\Python311\Scripts\;C:\Users\devin\AppData\Local\Programs\Python\Python311\;C:\WINDOWS\system32;C:\WINDOWS;C:\WINDOWS\System32\Wbem;C:\WINDOWS\System32\WindowsPowerShell\v1.0\;C:\WINDOWS\System32\OpenSSH\;C:\Program Files\Java\jdk-18.0.2\bin;C:\Program Files\Microsoft SQL Server\150\Tools\Binn\;C:\Users\devin\AppData\Local\Microsoft\WindowsApps;C:\Users\devin\AppData\Local\Programs\Microsoft VS Code\bin;C:\msys64\mingw64\bin;C:\Users\devin\AppData\Roaming\npm\node_modules;C:\tools\dart-sdk\bin;C:\Users\devin\AppData\Roaming\Pub\Cache\bin;;C:\Users\devin\AppData\Local\Microsoft\WindowsApps;C:\Users\devin\AppData\Roaming\npm;C:\Users\devin\AppData\Local\JetBrains\IntelliJ IDEA 2023.1.1\bin;;C:\Program Files\JetBrains\IntelliJ IDEA Community Edition 2023.1.1\bin;
USERNAME=devin
OS=Windows_NT
PROCESSOR_IDENTIFIER=Intel64 Family 6 Model 126 Stepping 5, GenuineIntel
TMP=C:\Users\devin\AppData\Local\Temp
TEMP=C:\Users\devin\AppData\Local\Temp



---------------  S Y S T E M  ---------------

OS:
 Windows 11 , 64 bit Build 22621 (10.0.22621.1635)
OS uptime: 5 days 3:05 hours
Hyper-V role detected

CPU: total 8 (initial active 8) (4 cores per cpu, 2 threads per core) family 6 model 126 stepping 5 microcode 0xb0, cx8, cmov, fxsr, ht, mmx, 3dnowpref, sse, sse2, sse3, ssse3, sse4.1, sse4.2, popcnt, lzcnt, tsc, tscinvbit, avx, avx2, aes, erms, clmul, bmi1, bmi2, adx, avx512f, avx512dq, avx512cd, avx512bw, avx512vl, sha, fma, vzeroupper, avx512_vpopcntdq, avx512_vpclmulqdq, avx512_vaes, avx512_vnni, clflush, clflushopt, avx512_vbmi2, avx512_vbmi, hv

Memory: 4k page, system-wide physical 7778M (189M free)
TotalPageFile size 22905M (AvailPageFile size 1M)
current process WorkingSet (physical memory assigned to process): 2344M, peak: 4222M
current process commit charge ("private bytes"): 11609M, peak: 11610M

vm_info: OpenJDK 64-Bit Server VM (17.0.7+7) for windows-amd64 JRE (17.0.7+7), built on Apr 18 2023 22:10:42 by "temurin" with MS VC++ 16.7 (VS2019)

END.
